2024-05-13 10:15:07,804 [INFO] Activator:176 - 


2024-05-13 10:15:07,810 [INFO] Activator:177 - !SESSION log4j initialized
2024-05-13 10:15:16,580 [INFO] LogOutputStream:77 - [STDOUT_REDIRECT] 
2024-05-13 10:15:18,828 [INFO] ApplicationProperties:184 - Using Application install path: C:\ST\STM32CubeIDE_1.14.1\STM32CubeIDE\plugins\com.st.stm32cube.common.mx_6.10.0.202311202037
2024-05-13 10:15:18,860 [INFO] DbMcusXml:78 - Set database path to: C:\ST\STM32CubeIDE_1.14.1\STM32CubeIDE\plugins\com.st.stm32cube.common.mx_6.10.0.202311202037\\db\/mcu/
2024-05-13 10:15:18,860 [INFO] ApiDb:274 - Set plugin database path to: C:\ST\STM32CubeIDE_1.14.1\STM32CubeIDE\plugins\com.st.stm32cube.common.mx_6.10.0.202311202037\\db\/plugins/boardmanager/
2024-05-13 10:15:18,860 [WARN] ApiDb:259 - Overriding images path with different value:  => C:\ST\STM32CubeIDE_1.14.1\STM32CubeIDE\plugins\com.st.stm32cube.common.mx_6.10.0.202311202037\\db\/plugins/mcufinder/images/
2024-05-13 10:15:18,874 [INFO] ApiDb:250 - Set database path to: C:\Users\anton\.stmcufinder\plugins\mcufinder//mcu/
2024-05-13 10:15:18,879 [INFO] DbMcusAds:125 - Set database path to: C:\Users\anton\.stmcufinder\plugins\mcufinder//mcu/
2024-05-13 10:15:18,883 [INFO] CrossReferenceDbSqlite:203 - Set database path to: C:\Users\anton\.stmcufinder\plugins\mcufinder//mcu/cs/
2024-05-13 10:15:19,029 [INFO] RulesReader:64 - Compatibility file has been processed (297 Rules)
2024-05-13 10:15:19,127 [INFO] DbMcusXml:78 - Set database path to: C:\ST\STM32CubeIDE_1.14.1\STM32CubeIDE\plugins\com.st.stm32cube.common.mx_6.10.0.202311202037\\db\/mcu/
2024-05-13 10:15:19,127 [INFO] ApiDb:274 - Set plugin database path to: C:\ST\STM32CubeIDE_1.14.1\STM32CubeIDE\plugins\com.st.stm32cube.common.mx_6.10.0.202311202037\\db\/plugins/boardmanager/
2024-05-13 10:15:19,128 [INFO] ApiDb:261 - Set plugin images path to: C:\ST\STM32CubeIDE_1.14.1\STM32CubeIDE\plugins\com.st.stm32cube.common.mx_6.10.0.202311202037\\db\/plugins/mcufinder/images/
2024-05-13 10:15:19,128 [WARN] DbFile:41 - Overriding database path with different value: C:\Users\anton\.stmcufinder\plugins\mcufinder/ => C:\Users\anton\.stmcufinder\plugins\mcufinder
2024-05-13 10:15:19,128 [INFO] ApiDb:250 - Set database path to: C:\Users\anton\.stmcufinder\plugins\mcufinder//mcu/
2024-05-13 10:15:19,129 [WARN] DbFile:41 - Overriding database path with different value: C:\Users\anton\.stmcufinder\plugins\mcufinder/ => C:\Users\anton\.stmcufinder\plugins\mcufinder
2024-05-13 10:15:19,129 [INFO] DbMcusAds:125 - Set database path to: C:\Users\anton\.stmcufinder\plugins\mcufinder//mcu/
2024-05-13 10:15:19,129 [WARN] DbFile:41 - Overriding database path with different value: C:\Users\anton\.stmcufinder\plugins\mcufinder/ => C:\Users\anton\.stmcufinder\plugins\mcufinder
2024-05-13 10:15:19,129 [WARN] DbFile:41 - Overriding database path with different value: C:\Users\anton\.stmcufinder\plugins\mcufinder/ => C:\Users\anton\.stmcufinder\plugins\mcufinder
2024-05-13 10:15:19,129 [INFO] CrossReferenceDbSqlite:203 - Set database path to: C:\Users\anton\.stmcufinder\plugins\mcufinder//mcu/cs/
2024-05-13 10:15:19,211 [INFO] MainPanel:264 - HeapMemory: 268435456
2024-05-13 10:15:19,297 [INFO] DbMcusXml:78 - Set database path to: C:\ST\STM32CubeIDE_1.14.1\STM32CubeIDE\plugins\com.st.stm32cube.common.mx_6.10.0.202311202037\\db\/mcu/
2024-05-13 10:15:19,297 [INFO] ApiDb:274 - Set plugin database path to: C:\ST\STM32CubeIDE_1.14.1\STM32CubeIDE\plugins\com.st.stm32cube.common.mx_6.10.0.202311202037\\db\/plugins/boardmanager/
2024-05-13 10:15:19,297 [INFO] ApiDb:261 - Set plugin images path to: C:\ST\STM32CubeIDE_1.14.1\STM32CubeIDE\plugins\com.st.stm32cube.common.mx_6.10.0.202311202037\\db\/plugins/mcufinder/images/
2024-05-13 10:15:19,297 [WARN] DbFile:41 - Overriding database path with different value: C:\Users\anton\.stmcufinder\plugins\mcufinder/ => C:\Users\anton\.stmcufinder\plugins\mcufinder
2024-05-13 10:15:19,298 [INFO] ApiDb:250 - Set database path to: C:\Users\anton\.stmcufinder\plugins\mcufinder//mcu/
2024-05-13 10:15:19,298 [WARN] DbFile:41 - Overriding database path with different value: C:\Users\anton\.stmcufinder\plugins\mcufinder/ => C:\Users\anton\.stmcufinder\plugins\mcufinder
2024-05-13 10:15:19,298 [INFO] DbMcusAds:125 - Set database path to: C:\Users\anton\.stmcufinder\plugins\mcufinder//mcu/
2024-05-13 10:15:19,298 [WARN] DbFile:41 - Overriding database path with different value: C:\Users\anton\.stmcufinder\plugins\mcufinder/ => C:\Users\anton\.stmcufinder\plugins\mcufinder
2024-05-13 10:15:19,298 [WARN] DbFile:41 - Overriding database path with different value: C:\Users\anton\.stmcufinder\plugins\mcufinder/ => C:\Users\anton\.stmcufinder\plugins\mcufinder
2024-05-13 10:15:19,298 [INFO] CrossReferenceDbSqlite:203 - Set database path to: C:\Users\anton\.stmcufinder\plugins\mcufinder//mcu/cs/
2024-05-13 10:15:19,318 [INFO] ApplicationProperties:184 - Using Application install path: C:\ST\STM32CubeIDE_1.14.1\STM32CubeIDE\plugins\com.st.stm32cube.common.mx_6.10.0.202311202037
2024-05-13 10:15:19,320 [INFO] PluginManage:196 - Search for loadable plugins [exclusion list=, ]
2024-05-13 10:15:19,322 [INFO] PluginManage:310 - Check plugin analytics
2024-05-13 10:15:19,556 [INFO] AnalyticsPlugin:253 - Accepted Software Licenses: 
2024-05-13 10:15:19,557 [INFO] AnalyticsPlugin:255 - Accepted CMSIS Pack Licenses: 
2024-05-13 10:15:19,557 [INFO] AnalyticsPlugin:257 - Accepted Firmware Licenses: FW.F4.1.28.0
2024-05-13 10:15:19,563 [INFO] PluginManage:359 - Loaded plugin analytics (category:tool,tabindex:-1)
2024-05-13 10:15:19,564 [INFO] PluginManage:310 - Check plugin cadmodel
2024-05-13 10:15:19,585 [INFO] CADModel:105 - Init CAD model plugin
2024-05-13 10:15:19,585 [INFO] PluginManage:359 - Loaded plugin cadmodel (category:power,tabindex:5)
2024-05-13 10:15:19,585 [INFO] PluginManage:310 - Check plugin clock
2024-05-13 10:15:19,616 [INFO] PluginManage:359 - Loaded plugin clock (category:base,tabindex:2)
2024-05-13 10:15:19,617 [INFO] PluginManage:310 - Check plugin ddr
2024-05-13 10:15:19,619 [INFO] PluginManage:359 - Loaded plugin ddr (category:tool,tabindex:6)
2024-05-13 10:15:19,619 [INFO] PluginManage:310 - Check plugin filemanager
2024-05-13 10:15:19,821 [INFO] PluginManage:359 - Loaded plugin filemanager (category:base,tabindex:10)
2024-05-13 10:15:19,822 [INFO] PluginManage:310 - Check plugin ipmanager
2024-05-13 10:15:19,832 [INFO] PluginManage:359 - Loaded plugin ipmanager (category:base,tabindex:5)
2024-05-13 10:15:19,833 [INFO] PluginManage:310 - Check plugin lpbam
2024-05-13 10:15:19,859 [INFO] PluginManage:359 - Loaded plugin lpbam (category:base,tabindex:0)
2024-05-13 10:15:19,861 [INFO] PluginManage:310 - Check plugin memorymap
2024-05-13 10:15:19,892 [INFO] PluginManage:359 - Loaded plugin memorymap (category:base,tabindex:4)
2024-05-13 10:15:19,892 [INFO] PluginManage:310 - Check plugin pinoutandconfiguration
2024-05-13 10:15:19,913 [INFO] PluginManage:359 - Loaded plugin pinoutandconfiguration (category:base,tabindex:1)
2024-05-13 10:15:19,913 [INFO] PluginManage:310 - Check plugin pinoutconfig
2024-05-13 10:15:20,055 [WARN] SupportedApi:132 - Cannot load RTOS API schema: s4s-elt-must-match.1: The content of 'definitions' must match (annotation?, (simpleType | complexType)?, (unique | key | keyref)*)). A problem was found starting at: attribute.
2024-05-13 10:15:20,210 [INFO] PluginManage:359 - Loaded plugin pinoutconfig (category:base,tabindex:0)
2024-05-13 10:15:20,211 [INFO] PluginManage:310 - Check plugin power
2024-05-13 10:15:20,232 [INFO] PluginManage:359 - Loaded plugin power (category:power,tabindex:4)
2024-05-13 10:15:20,232 [INFO] PluginManage:310 - Check plugin projectmanager
2024-05-13 10:15:20,254 [INFO] PluginManage:359 - Loaded plugin projectmanager (category:projectmanager,tabindex:3)
2024-05-13 10:15:20,255 [INFO] PluginManage:310 - Check plugin thirdparty
2024-05-13 10:15:20,592 [INFO] PluginManage:359 - Loaded plugin thirdparty (category:base,tabindex:-1)
2024-05-13 10:15:20,592 [WARN] IntegrityCheckThread:84 - waiting for thirdparty lock release [integrity check]
2024-05-13 10:15:20,593 [INFO] IntegrityCheckThread:86 - entering critical section [integrity check]
2024-05-13 10:15:20,593 [INFO] PluginManage:310 - Check plugin tools
2024-05-13 10:15:20,593 [INFO] ThirdPartyUpdaterWithRetryManager:70 - Updater plugin not ready yet. [1/15]
2024-05-13 10:15:20,669 [INFO] PluginManage:359 - Loaded plugin tools (category:base,tabindex:7)
2024-05-13 10:15:20,669 [INFO] PluginManage:310 - Check plugin tutovideos
2024-05-13 10:15:20,895 [INFO] PluginManage:359 - Loaded plugin tutovideos (category:base,tabindex:-1)
2024-05-13 10:15:20,895 [INFO] PluginManage:310 - Check plugin updater
2024-05-13 10:15:20,908 [INFO] PluginManage:359 - Loaded plugin updater (category:base,tabindex:12)
2024-05-13 10:15:20,908 [INFO] PluginManage:310 - Check plugin userauth
2024-05-13 10:15:20,914 [INFO] UserAuth:114 - Init User Auth plugin
2024-05-13 10:15:20,914 [INFO] PluginManage:359 - Loaded plugin userauth (category:base,tabindex:14)
2024-05-13 10:15:20,914 [INFO] PluginManage:283 - PluginManage : Loaded plugins [17]
2024-05-13 10:15:21,193 [INFO] PinOutPanel:1499 - setPackage(No Configuration,No Configuration)
2024-05-13 10:15:21,286 [INFO] CADModel:165 - CPN selected for project level
2024-05-13 10:15:21,286 [INFO] CADModel:114 - Register for checkConnection events
2024-05-13 10:15:21,323 [INFO] IPUIPlugin:80 - create IPUIPlugin
2024-05-13 10:15:21,324 [INFO] PluginManager:220 - loadIPPluginJar : add adc
2024-05-13 10:15:21,371 [INFO] IPUIPlugin:80 - create IPUIPlugin
2024-05-13 10:15:21,372 [INFO] PluginManager:220 - loadIPPluginJar : add aes
2024-05-13 10:15:21,416 [INFO] IPUIPlugin:80 - create IPUIPlugin
2024-05-13 10:15:21,416 [INFO] PluginManager:220 - loadIPPluginJar : add can
2024-05-13 10:15:21,434 [INFO] IPUIPlugin:80 - create IPUIPlugin
2024-05-13 10:15:21,435 [INFO] PluginManager:220 - loadIPPluginJar : add comp
2024-05-13 10:15:21,461 [INFO] IPUIPlugin:80 - create IPUIPlugin
2024-05-13 10:15:21,461 [INFO] PluginManager:220 - loadIPPluginJar : add cryp
2024-05-13 10:15:21,488 [INFO] IPUIPlugin:80 - create IPUIPlugin
2024-05-13 10:15:21,488 [INFO] PluginManager:220 - loadIPPluginJar : add dfsdm
2024-05-13 10:15:21,500 [INFO] IPUIPlugin:80 - create IPUIPlugin
2024-05-13 10:15:21,501 [INFO] PluginManager:220 - loadIPPluginJar : add dma
2024-05-13 10:15:21,543 [INFO] IPUIPlugin:80 - create IPUIPlugin
2024-05-13 10:15:21,543 [INFO] PluginManager:220 - loadIPPluginJar : add dma3
2024-05-13 10:15:21,559 [INFO] IPUIPlugin:80 - create IPUIPlugin
2024-05-13 10:15:21,560 [INFO] PluginManager:220 - loadIPPluginJar : add fatfs
2024-05-13 10:15:21,600 [INFO] IPUIPlugin:80 - create IPUIPlugin
2024-05-13 10:15:21,601 [INFO] PluginManager:220 - loadIPPluginJar : add fmc
2024-05-13 10:15:21,612 [INFO] IPUIPlugin:80 - create IPUIPlugin
2024-05-13 10:15:21,612 [INFO] PluginManager:220 - loadIPPluginJar : add freertos
2024-05-13 10:15:21,628 [INFO] IPUIPlugin:80 - create IPUIPlugin
2024-05-13 10:15:21,628 [INFO] PluginManager:220 - loadIPPluginJar : add genericplugin
2024-05-13 10:15:21,776 [INFO] IPUIPlugin:80 - create IPUIPlugin
2024-05-13 10:15:21,776 [INFO] PluginManager:220 - loadIPPluginJar : add gfxmmu
2024-05-13 10:15:22,052 [INFO] IPUIPlugin:80 - create IPUIPlugin
2024-05-13 10:15:22,053 [INFO] PluginManager:220 - loadIPPluginJar : add gic
2024-05-13 10:15:22,087 [INFO] IPUIPlugin:80 - create IPUIPlugin
2024-05-13 10:15:22,088 [INFO] PluginManager:220 - loadIPPluginJar : add gpio
2024-05-13 10:15:22,279 [INFO] IPUIPlugin:80 - create IPUIPlugin
2024-05-13 10:15:22,280 [INFO] PluginManager:220 - loadIPPluginJar : add gtzc
2024-05-13 10:15:22,353 [INFO] IPUIPlugin:80 - create IPUIPlugin
2024-05-13 10:15:22,353 [INFO] PluginManager:220 - loadIPPluginJar : add hash
2024-05-13 10:15:22,457 [INFO] IPUIPlugin:80 - create IPUIPlugin
2024-05-13 10:15:22,457 [INFO] PluginManager:220 - loadIPPluginJar : add i2c
2024-05-13 10:15:22,537 [INFO] IPUIPlugin:80 - create IPUIPlugin
2024-05-13 10:15:22,537 [INFO] PluginManager:220 - loadIPPluginJar : add i2s
2024-05-13 10:15:22,638 [INFO] IPUIPlugin:80 - create IPUIPlugin
2024-05-13 10:15:22,638 [INFO] PluginManager:220 - loadIPPluginJar : add i3c
2024-05-13 10:15:22,877 [INFO] IPUIPlugin:80 - create IPUIPlugin
2024-05-13 10:15:22,877 [INFO] PluginManager:220 - loadIPPluginJar : add ipddr
2024-05-13 10:15:23,066 [INFO] IPUIPlugin:80 - create IPUIPlugin
2024-05-13 10:15:23,067 [INFO] PluginManager:220 - loadIPPluginJar : add linkedlist
2024-05-13 10:15:23,133 [INFO] IPUIPlugin:80 - create IPUIPlugin
2024-05-13 10:15:23,134 [INFO] PluginManager:220 - loadIPPluginJar : add lorawan
2024-05-13 10:15:23,205 [INFO] IPUIPlugin:80 - create IPUIPlugin
2024-05-13 10:15:23,206 [INFO] PluginManager:220 - loadIPPluginJar : add ltdc
2024-05-13 10:15:23,237 [INFO] IPUIPlugin:80 - create IPUIPlugin
2024-05-13 10:15:23,237 [INFO] PluginManager:220 - loadIPPluginJar : add mdma
2024-05-13 10:15:23,258 [INFO] IPUIPlugin:80 - create IPUIPlugin
2024-05-13 10:15:23,259 [INFO] PluginManager:220 - loadIPPluginJar : add nvic
2024-05-13 10:15:23,328 [INFO] IPUIPlugin:80 - create IPUIPlugin
2024-05-13 10:15:23,328 [INFO] PluginManager:220 - loadIPPluginJar : add opamp
2024-05-13 10:15:23,450 [INFO] IPUIPlugin:80 - create IPUIPlugin
2024-05-13 10:15:23,451 [INFO] PluginManager:220 - loadIPPluginJar : add openamp
2024-05-13 10:15:23,547 [INFO] IPUIPlugin:80 - create IPUIPlugin
2024-05-13 10:15:23,547 [INFO] PluginManager:220 - loadIPPluginJar : add pdm2pcm
2024-05-13 10:15:23,574 [INFO] IPUIPlugin:80 - create IPUIPlugin
2024-05-13 10:15:23,579 [INFO] PluginManager:220 - loadIPPluginJar : add plateformsettings
2024-05-13 10:15:23,594 [INFO] ThirdPartyUpdaterWithRetryManager:70 - Updater plugin not ready yet. [2/15]
2024-05-13 10:15:23,618 [INFO] IPUIPlugin:80 - create IPUIPlugin
2024-05-13 10:15:23,619 [INFO] PluginManager:220 - loadIPPluginJar : add quadspi
2024-05-13 10:15:23,646 [INFO] IPUIPlugin:80 - create IPUIPlugin
2024-05-13 10:15:23,646 [INFO] PluginManager:220 - loadIPPluginJar : add resmgrutility
2024-05-13 10:15:23,748 [INFO] IPUIPlugin:80 - create IPUIPlugin
2024-05-13 10:15:23,748 [INFO] PluginManager:220 - loadIPPluginJar : add sai
2024-05-13 10:15:23,811 [INFO] IPUIPlugin:80 - create IPUIPlugin
2024-05-13 10:15:23,811 [INFO] PluginManager:220 - loadIPPluginJar : add spi
2024-05-13 10:15:23,962 [INFO] IPUIPlugin:80 - create IPUIPlugin
2024-05-13 10:15:23,962 [INFO] PluginManager:220 - loadIPPluginJar : add stm32_wpan
2024-05-13 10:15:24,023 [INFO] IPUIPlugin:80 - create IPUIPlugin
2024-05-13 10:15:24,023 [INFO] PluginManager:220 - loadIPPluginJar : add tim
2024-05-13 10:15:24,146 [INFO] IPUIPlugin:80 - create IPUIPlugin
2024-05-13 10:15:24,147 [INFO] PluginManager:220 - loadIPPluginJar : add touchsensing
2024-05-13 10:15:24,186 [INFO] IPUIPlugin:80 - create IPUIPlugin
2024-05-13 10:15:24,186 [INFO] PluginManager:220 - loadIPPluginJar : add tracer_emb
2024-05-13 10:15:24,231 [INFO] IPUIPlugin:80 - create IPUIPlugin
2024-05-13 10:15:24,231 [INFO] PluginManager:220 - loadIPPluginJar : add ts
2024-05-13 10:15:24,282 [INFO] IPUIPlugin:80 - create IPUIPlugin
2024-05-13 10:15:24,282 [INFO] PluginManager:220 - loadIPPluginJar : add tsc
2024-05-13 10:15:24,327 [INFO] IPUIPlugin:80 - create IPUIPlugin
2024-05-13 10:15:24,328 [INFO] PluginManager:220 - loadIPPluginJar : add ucpd
2024-05-13 10:15:24,425 [INFO] IPUIPlugin:80 - create IPUIPlugin
2024-05-13 10:15:24,425 [INFO] PluginManager:220 - loadIPPluginJar : add usart
2024-05-13 10:15:24,528 [INFO] IPUIPlugin:80 - create IPUIPlugin
2024-05-13 10:15:24,529 [INFO] PluginManager:220 - loadIPPluginJar : add usbx
2024-05-13 10:15:24,752 [INFO] CADModel:165 - CPN selected for project level
2024-05-13 10:15:24,752 [INFO] CADModel:114 - Register for checkConnection events
2024-05-13 10:15:24,753 [FATAL] Updater:308 - Updater called before beeing initialized
2024-05-13 10:15:24,753 [ERROR] CADModel:125 - Updater not yet initialized, retry later 
2024-05-13 10:15:25,035 [INFO] CADModel:165 - CPN selected for project level
2024-05-13 10:15:25,035 [INFO] CADModel:114 - Register for checkConnection events
2024-05-13 10:15:25,035 [FATAL] Updater:308 - Updater called before beeing initialized
2024-05-13 10:15:25,035 [ERROR] CADModel:125 - Updater not yet initialized, retry later 
2024-05-13 10:15:25,042 [FATAL] Updater:308 - Updater called before beeing initialized
2024-05-13 10:15:25,400 [FATAL] Updater:308 - Updater called before beeing initialized
2024-05-13 10:15:25,418 [INFO] DbMcusAds:53 - JSON generation date=Thu May 02 10:37:29 CEST 2024 (1714639049318)
2024-05-13 10:15:25,418 [FATAL] Updater:308 - Updater called before beeing initialized
2024-05-13 10:15:25,553 [WARN] DetailPanel:346 - Failed to get advertising image, set to default
2024-05-13 10:15:25,812 [FATAL] Updater:308 - Updater called before beeing initialized
2024-05-13 10:15:25,816 [FATAL] Updater:308 - Updater called before beeing initialized
2024-05-13 10:15:25,816 [FATAL] Updater:308 - Updater called before beeing initialized
2024-05-13 10:15:25,817 [WARN] DetailPanel:346 - Failed to get advertising image, set to default
2024-05-13 10:15:25,818 [FATAL] Updater:308 - Updater called before beeing initialized
2024-05-13 10:15:25,933 [ERROR] Updater:1120 - MainUpdater not yet initialized. External WinMGr cannot be set.
2024-05-13 10:15:25,943 [INFO] Updater:1056 - Updater Version found : 6.10.0
2024-05-13 10:15:25,986 [INFO] ApplicationProperties:184 - Using Application install path: C:\ST\STM32CubeIDE_1.14.1\STM32CubeIDE\plugins\com.st.stm32cube.common.mx_6.10.0.202311202037
2024-05-13 10:15:26,599 [INFO] ThirdPartyUpdaterWithRetryManager:70 - Updater plugin not ready yet. [3/15]
2024-05-13 10:15:27,626 [ERROR] LogOutputStream:75 - [STDERR_REDIRECT] May 13, 2024 10:15:27 AM java.util.prefs.WindowsPreferences <init>
2024-05-13 10:15:27,628 [ERROR] LogOutputStream:75 - [STDERR_REDIRECT] WARNING: Could not open/create prefs root node Software\JavaSoft\Prefs at root 0xffffffff80000002. Windows RegCreateKeyEx(...) returned error code 5.
2024-05-13 10:15:27,628 [ERROR] LogOutputStream:75 - [STDERR_REDIRECT] 
2024-05-13 10:15:28,178 [INFO] MainUpdater:2873 - connection check result : 10
2024-05-13 10:15:28,179 [INFO] MainUpdater:290 - Updater Check For Update Now.
2024-05-13 10:15:28,180 [INFO] MicroXplorer:498 - Change Database Version : DB.6.0.100
2024-05-13 10:15:28,223 [INFO] McuFinderGlobals:63 - Set McuFinder mode to 2 (CubeIDE integrated)
2024-05-13 10:15:28,474 [INFO] CheckServerUpdateThread:120 - End of CheckServer Thread
2024-05-13 10:15:28,640 [INFO] UserAuth:404 - Internet connection configuration mode: 1
2024-05-13 10:15:28,688 [INFO] JxBrowserEngine:152 - Initiate JxBrowser Engine with user profile folder
2024-05-13 10:15:29,956 [WARN] PackLoader:240 - Cannot read IP mode file for STMicroelectronics.FP-SNS-MOTENVWB1.1.4.0
2024-05-13 10:15:29,984 [WARN] PackLoader:240 - Cannot read IP mode file for STMicroelectronics.X-CUBE-SMBUS.2.1.0
2024-05-13 10:15:30,001 [WARN] PackLoader:240 - Cannot read IP mode file for STMicroelectronics.X-CUBE-TOUCHGFX.4.23.1
2024-05-13 10:15:30,012 [WARN] PackLoader:240 - Cannot read IP mode file for STMicroelectronics.X-CUBE-TOUCHGFX.4.23.0
2024-05-13 10:15:30,037 [WARN] PackLoader:240 - Cannot read IP mode file for STMicroelectronics.X-CUBE-TOUCHGFX.4.23.2
2024-05-13 10:15:30,106 [WARN] PackLoader:240 - Cannot read IP mode file for STMicroelectronics.X-CUBE-AZRTOS-F7.1.1.0
2024-05-13 10:15:30,145 [WARN] PackLoader:240 - Cannot read IP mode file for STMicroelectronics.FP-SNS-MOTENV1.4.3.2
2024-05-13 10:15:30,165 [WARN] PackLoader:240 - Cannot read IP mode file for STMicroelectronics.FP-SNS-FLIGHT1.5.0.2
2024-05-13 10:15:30,186 [WARN] PackLoader:240 - Cannot read IP mode file for STMicroelectronics.X-CUBE-DISPLAY.3.0.0
2024-05-13 10:15:30,221 [WARN] PackLoader:240 - Cannot read IP mode file for STMicroelectronics.X-CUBE-BLE1.7.0.0
2024-05-13 10:15:30,240 [WARN] PackLoader:240 - Cannot read IP mode file for emotas.I-CUBE-CANOPEN.1.3.0
2024-05-13 10:15:30,280 [WARN] PackLoader:240 - Cannot read IP mode file for STMicroelectronics.X-CUBE-BLEMGR.3.1.0
2024-05-13 10:15:30,307 [WARN] PackLoader:240 - Cannot read IP mode file for STMicroelectronics.FP-SNS-SMARTAG2.1.2.0
2024-05-13 10:15:30,347 [INFO] LogOutputStream:77 - [STDOUT_REDIRECT] 1 : Invalid condition id : UX_CORESTACK_Condition cause : null
2024-05-13 10:15:30,348 [INFO] LogOutputStream:77 - [STDOUT_REDIRECT] 1 : Invalid condition id : UX_CORESTACK_Condition cause : null
2024-05-13 10:15:30,349 [INFO] LogOutputStream:77 - [STDOUT_REDIRECT] 1 : Invalid condition id : UX_CORESTACK_Condition cause : null
2024-05-13 10:15:30,350 [INFO] LogOutputStream:77 - [STDOUT_REDIRECT] 1 : Invalid condition id : UX_CORESTACK_Condition cause : null
2024-05-13 10:15:30,352 [INFO] LogOutputStream:77 - [STDOUT_REDIRECT] 1 : Invalid condition id : UX_CORESTACK_Condition cause : null
2024-05-13 10:15:30,356 [WARN] PackLoader:240 - Cannot read IP mode file for STMicroelectronics.X-CUBE-AZRTOS-WL.2.0.0
2024-05-13 10:15:30,375 [WARN] PackLoader:240 - Cannot read IP mode file for STMicroelectronics.FP-SNS-MOTENV1.5.0.0
2024-05-13 10:15:30,399 [WARN] PackLoader:240 - Cannot read IP mode file for WES.I-CUBE-Cesium.1.3.0
2024-05-13 10:15:30,418 [WARN] PackLoader:240 - Cannot read IP mode file for STMicroelectronics.X-CUBE-BLE2.3.3.0
2024-05-13 10:15:30,447 [WARN] PackLoader:240 - Cannot read IP mode file for STMicroelectronics.X-CUBE-TCPP.4.1.0
2024-05-13 10:15:30,474 [WARN] PackLoader:240 - Cannot read IP mode file for STMicroelectronics.X-CUBE-ALGOBUILD.1.3.0
2024-05-13 10:15:30,526 [WARN] PackLoader:240 - Cannot read IP mode file for STMicroelectronics.X-CUBE-AZRTOS-G0.1.1.0
2024-05-13 10:15:30,544 [WARN] PackLoader:240 - Cannot read IP mode file for STMicroelectronics.X-CUBE-SAFEA1.1.2.2
2024-05-13 10:15:30,573 [WARN] PackLoader:240 - Cannot read IP mode file for STMicroelectronics.X-CUBE-NFC4.3.0.0
2024-05-13 10:15:30,596 [WARN] PackLoader:240 - Cannot read IP mode file for STMicroelectronics.FP-ATR-SIGFOX1.3.2.0
2024-05-13 10:15:30,621 [WARN] PackLoader:240 - Cannot read IP mode file for STMicroelectronics.X-CUBE-EEPRMA1.5.1.0
2024-05-13 10:15:30,704 [WARN] PackLoader:240 - Cannot read IP mode file for SEGGER.I-CUBE-embOS.1.3.1
2024-05-13 10:15:30,832 [WARN] PackLoader:240 - Cannot read IP mode file for STMicroelectronics.X-CUBE-ALGOBUILD.1.4.0
2024-05-13 10:15:30,861 [WARN] PackLoader:240 - Cannot read IP mode file for STMicroelectronics.X-CUBE-GNSS1.6.0.0
2024-05-13 10:15:30,922 [WARN] PackLoader:240 - Cannot read IP mode file for STMicroelectronics.X-CUBE-AZRTOS-F4.1.1.0
2024-05-13 10:15:30,970 [WARN] PackLoader:240 - Cannot read IP mode file for STMicroelectronics.X-CUBE-FREERTOS.1.2.0
2024-05-13 10:15:31,214 [WARN] PackLoader:240 - Cannot read IP mode file for wolfSSL.I-CUBE-wolfSSL.5.6.6
2024-05-13 10:15:31,319 [WARN] PackLoader:240 - Cannot read IP mode file for STMicroelectronics.X-CUBE-AZRTOS-L5.2.0.0
2024-05-13 10:15:31,357 [WARN] PackLoader:240 - Cannot read IP mode file for STMicroelectronics.X-CUBE-NFC6.3.1.0
2024-05-13 10:15:31,387 [WARN] PackLoader:240 - Cannot read IP mode file for ITTIA_DB.I-CUBE-ITTIADB.8.8.0
2024-05-13 10:15:31,414 [WARN] PackLoader:240 - Cannot read IP mode file for STMicroelectronics.X-CUBE-AI.9.0.0
2024-05-13 10:15:31,445 [WARN] PackLoader:240 - Cannot read IP mode file for STMicroelectronics.X-CUBE-NFC7.1.0.1
2024-05-13 10:15:31,502 [WARN] PackLoader:240 - Cannot read IP mode file for STMicroelectronics.X-CUBE-NFC6.3.0.0
2024-05-13 10:15:31,742 [WARN] PackLoader:240 - Cannot read IP mode file for STMicroelectronics.X-CUBE-AI.8.1.0
2024-05-13 10:15:32,035 [WARN] ConditionMgr:438 - getConditionDescription Invalid condition id : LAN8742 Phy interface Condition cause : null
2024-05-13 10:15:32,037 [WARN] PackLoader:240 - Cannot read IP mode file for STMicroelectronics.X-CUBE-AZRTOS-L4.2.0.0
2024-05-13 10:15:32,039 [WARN] ConditionMgr:1039 - genDependencies : Invalid condition id : LAN8742 Phy interface Condition cause : null
2024-05-13 10:15:32,039 [WARN] ConditionMgr:1039 - genDependencies : Invalid condition id : LAN8742 Phy interface Condition cause : null
2024-05-13 10:15:32,040 [WARN] ConditionMgr:1039 - genDependencies : Invalid condition id : LAN8742 Phy interface Condition cause : null
2024-05-13 10:15:32,087 [WARN] PackLoader:240 - Cannot read IP mode file for STMicroelectronics.X-CUBE-SFXS2LP1.4.0.0
2024-05-13 10:15:32,332 [WARN] ConditionMgr:438 - getConditionDescription Invalid condition id : UX DEVICE CLASS RTOS Condition cause : null
2024-05-13 10:15:32,333 [WARN] ConditionMgr:438 - getConditionDescription Invalid condition id : UX DEVICE CLASS RTOS Condition cause : null
2024-05-13 10:15:32,336 [WARN] PackLoader:240 - Cannot read IP mode file for STMicroelectronics.X-CUBE-AZRTOS-WB.2.0.0
2024-05-13 10:15:32,336 [WARN] ConditionMgr:1039 - genDependencies : Invalid condition id : UX DEVICE CLASS RTOS Condition cause : null
2024-05-13 10:15:32,337 [WARN] ConditionMgr:1039 - genDependencies : Invalid condition id : UX DEVICE CLASS RTOS Condition cause : null
2024-05-13 10:15:32,337 [WARN] ConditionMgr:1039 - genDependencies : Invalid condition id : UX DEVICE CLASS RTOS Condition cause : null
2024-05-13 10:15:32,338 [WARN] ConditionMgr:1039 - genDependencies : Invalid condition id : UX DEVICE CLASS RTOS Condition cause : null
2024-05-13 10:15:32,338 [WARN] ConditionMgr:1039 - genDependencies : Invalid condition id : UX DEVICE CLASS RTOS Condition cause : null
2024-05-13 10:15:32,474 [WARN] PackLoader:240 - Cannot read IP mode file for STMicroelectronics.X-CUBE-SUBG2.5.0.0
2024-05-13 10:15:33,141 [WARN] PackLoader:240 - Cannot read IP mode file for STMicroelectronics.X-CUBE-AZRTOS-G4.2.0.0
2024-05-13 10:15:33,484 [WARN] PackLoader:240 - Cannot read IP mode file for Infineon.AIROC-Wi-Fi-Bluetooth-STM32.1.5.1
2024-05-13 10:15:33,671 [WARN] PackLoader:240 - Cannot read IP mode file for STMicroelectronics.FP-SNS-MOTENVWB1.1.3.1
2024-05-13 10:15:34,018 [WARN] PackLoader:240 - Cannot read IP mode file for STMicroelectronics.X-CUBE-ISPU.2.0.0
2024-05-13 10:15:34,121 [WARN] PackLoader:240 - Cannot read IP mode file for STMicroelectronics.X-CUBE-MEMS1.10.0.0
2024-05-13 10:15:35,207 [WARN] PackLoader:240 - Cannot read IP mode file for STMicroelectronics.X-CUBE-FREERTOS.1.1.0
2024-05-13 10:15:35,233 [WARN] PackLoader:240 - Cannot read IP mode file for portGmbH.I-Cube-SoM-uGOAL.1.1.0
2024-05-13 10:15:35,273 [WARN] PackLoader:240 - Cannot read IP mode file for STMicroelectronics.X-CUBE-ALS.1.0.1
2024-05-13 10:15:35,329 [WARN] PackLoader:240 - Cannot read IP mode file for STMicroelectronics.X-CUBE-AZRTOS-H7RS.1.0.0
2024-05-13 10:15:35,359 [WARN] PackLoader:240 - Cannot read IP mode file for STMicroelectronics.FP-ATR-ASTRA1.2.0.0
2024-05-13 10:15:35,393 [WARN] PackLoader:240 - Cannot read IP mode file for STMicroelectronics.X-CUBE-TOF1.3.4.1
2024-05-13 10:15:35,463 [WARN] PackLoader:240 - Cannot read IP mode file for STMicroelectronics.X-CUBE-AZRTOS-H7.3.2.0
2024-05-13 10:15:35,472 [INFO] ThirdParty:978 - Integrity check success = true
2024-05-13 10:15:35,473 [INFO] IntegrityCheckThread:100 - exiting critical section [integrity check]
2024-05-13 10:15:35,473 [INFO] IntegrityCheckThread:103 - End integrity checks thread
2024-05-13 10:15:36,436 [INFO] WebApp:161 - Instantiating new browser for Auth
2024-05-13 10:15:37,914 [INFO] WebApp:780 - Register for checkConnection events
2024-05-13 10:15:37,915 [INFO] WebApp:414 - Apply proxy settings
2024-05-13 10:15:37,916 [INFO] WebApp:499 - Chromium requires no authentication
2024-05-13 10:15:37,944 [INFO] WebApp:442 - Direct internet connection detected
2024-05-13 10:15:38,265 [INFO] WebApp:192 - Starting web application
2024-05-13 10:15:38,265 [INFO] WebApp:544 - Web application path used C:\ST\STM32CubeIDE_1.14.1\STM32CubeIDE\plugins\com.st.stm32cube.common.mx_6.10.0.202311202037\db\plugins\mcufinder\reactClient1\index.html
2024-05-13 10:16:00,687 [ERROR] LogOutputStream:75 - [STDERR_REDIRECT] SLF4J: Failed to load class "org.slf4j.impl.StaticLoggerBinder".
2024-05-13 10:16:00,689 [ERROR] LogOutputStream:75 - [STDERR_REDIRECT] SLF4J: Defaulting to no-operation (NOP) logger implementation
2024-05-13 10:16:00,692 [ERROR] LogOutputStream:75 - [STDERR_REDIRECT] SLF4J: See http://www.slf4j.org/codes.html#StaticLoggerBinder for further details.
2024-05-13 10:28:23,963 [ERROR] LogOutputStream:75 - [STDERR_REDIRECT] 
2024-05-13 10:28:51,010 [INFO] Activator:176 - 


2024-05-13 10:28:51,015 [INFO] Activator:177 - !SESSION log4j initialized
2024-05-13 10:28:58,632 [INFO] LogOutputStream:77 - [STDOUT_REDIRECT] 
2024-05-13 10:29:01,626 [INFO] ApplicationProperties:184 - Using Application install path: C:\ST\STM32CubeIDE_1.14.1\STM32CubeIDE\plugins\com.st.stm32cube.common.mx_6.11.1.202404110753
2024-05-13 10:29:01,689 [INFO] DbMcusXml:78 - Set database path to: C:\ST\STM32CubeIDE_1.14.1\STM32CubeIDE\plugins\com.st.stm32cube.common.mx_6.11.1.202404110753\\db\/mcu/
2024-05-13 10:29:01,690 [INFO] ApiDb:274 - Set plugin database path to: C:\ST\STM32CubeIDE_1.14.1\STM32CubeIDE\plugins\com.st.stm32cube.common.mx_6.11.1.202404110753\\db\/plugins/boardmanager/
2024-05-13 10:29:01,691 [WARN] ApiDb:259 - Overriding images path with different value:  => C:\ST\STM32CubeIDE_1.14.1\STM32CubeIDE\plugins\com.st.stm32cube.common.mx_6.11.1.202404110753\\db\/plugins/mcufinder/images/
2024-05-13 10:29:01,702 [INFO] ApiDb:250 - Set database path to: C:\Users\anton\.stmcufinder\plugins\mcufinder//mcu/
2024-05-13 10:29:01,704 [INFO] DbMcusAds:125 - Set database path to: C:\Users\anton\.stmcufinder\plugins\mcufinder//mcu/
2024-05-13 10:29:01,708 [INFO] CrossReferenceDbSqlite:203 - Set database path to: C:\Users\anton\.stmcufinder\plugins\mcufinder//mcu/cs/
2024-05-13 10:29:01,854 [INFO] RulesReader:64 - Compatibility file has been processed (297 Rules)
2024-05-13 10:29:01,990 [INFO] DbMcusXml:78 - Set database path to: C:\ST\STM32CubeIDE_1.14.1\STM32CubeIDE\plugins\com.st.stm32cube.common.mx_6.11.1.202404110753\\db\/mcu/
2024-05-13 10:29:01,991 [INFO] ApiDb:274 - Set plugin database path to: C:\ST\STM32CubeIDE_1.14.1\STM32CubeIDE\plugins\com.st.stm32cube.common.mx_6.11.1.202404110753\\db\/plugins/boardmanager/
2024-05-13 10:29:01,991 [INFO] ApiDb:261 - Set plugin images path to: C:\ST\STM32CubeIDE_1.14.1\STM32CubeIDE\plugins\com.st.stm32cube.common.mx_6.11.1.202404110753\\db\/plugins/mcufinder/images/
2024-05-13 10:29:01,991 [WARN] DbFile:41 - Overriding database path with different value: C:\Users\anton\.stmcufinder\plugins\mcufinder/ => C:\Users\anton\.stmcufinder\plugins\mcufinder
2024-05-13 10:29:01,991 [INFO] ApiDb:250 - Set database path to: C:\Users\anton\.stmcufinder\plugins\mcufinder//mcu/
2024-05-13 10:29:01,991 [WARN] DbFile:41 - Overriding database path with different value: C:\Users\anton\.stmcufinder\plugins\mcufinder/ => C:\Users\anton\.stmcufinder\plugins\mcufinder
2024-05-13 10:29:01,991 [INFO] DbMcusAds:125 - Set database path to: C:\Users\anton\.stmcufinder\plugins\mcufinder//mcu/
2024-05-13 10:29:01,992 [WARN] DbFile:41 - Overriding database path with different value: C:\Users\anton\.stmcufinder\plugins\mcufinder/ => C:\Users\anton\.stmcufinder\plugins\mcufinder
2024-05-13 10:29:01,992 [WARN] DbFile:41 - Overriding database path with different value: C:\Users\anton\.stmcufinder\plugins\mcufinder/ => C:\Users\anton\.stmcufinder\plugins\mcufinder
2024-05-13 10:29:01,992 [INFO] CrossReferenceDbSqlite:203 - Set database path to: C:\Users\anton\.stmcufinder\plugins\mcufinder//mcu/cs/
2024-05-13 10:29:02,164 [INFO] MainPanel:264 - HeapMemory: 300941312
2024-05-13 10:29:02,266 [INFO] DbMcusXml:78 - Set database path to: C:\ST\STM32CubeIDE_1.14.1\STM32CubeIDE\plugins\com.st.stm32cube.common.mx_6.11.1.202404110753\\db\/mcu/
2024-05-13 10:29:02,266 [INFO] ApiDb:274 - Set plugin database path to: C:\ST\STM32CubeIDE_1.14.1\STM32CubeIDE\plugins\com.st.stm32cube.common.mx_6.11.1.202404110753\\db\/plugins/boardmanager/
2024-05-13 10:29:02,267 [INFO] ApiDb:261 - Set plugin images path to: C:\ST\STM32CubeIDE_1.14.1\STM32CubeIDE\plugins\com.st.stm32cube.common.mx_6.11.1.202404110753\\db\/plugins/mcufinder/images/
2024-05-13 10:29:02,267 [WARN] DbFile:41 - Overriding database path with different value: C:\Users\anton\.stmcufinder\plugins\mcufinder/ => C:\Users\anton\.stmcufinder\plugins\mcufinder
2024-05-13 10:29:02,267 [INFO] ApiDb:250 - Set database path to: C:\Users\anton\.stmcufinder\plugins\mcufinder//mcu/
2024-05-13 10:29:02,267 [WARN] DbFile:41 - Overriding database path with different value: C:\Users\anton\.stmcufinder\plugins\mcufinder/ => C:\Users\anton\.stmcufinder\plugins\mcufinder
2024-05-13 10:29:02,268 [INFO] DbMcusAds:125 - Set database path to: C:\Users\anton\.stmcufinder\plugins\mcufinder//mcu/
2024-05-13 10:29:02,268 [WARN] DbFile:41 - Overriding database path with different value: C:\Users\anton\.stmcufinder\plugins\mcufinder/ => C:\Users\anton\.stmcufinder\plugins\mcufinder
2024-05-13 10:29:02,268 [WARN] DbFile:41 - Overriding database path with different value: C:\Users\anton\.stmcufinder\plugins\mcufinder/ => C:\Users\anton\.stmcufinder\plugins\mcufinder
2024-05-13 10:29:02,268 [INFO] CrossReferenceDbSqlite:203 - Set database path to: C:\Users\anton\.stmcufinder\plugins\mcufinder//mcu/cs/
2024-05-13 10:29:02,303 [INFO] ApplicationProperties:184 - Using Application install path: C:\ST\STM32CubeIDE_1.14.1\STM32CubeIDE\plugins\com.st.stm32cube.common.mx_6.11.1.202404110753
2024-05-13 10:29:02,306 [INFO] PluginManage:196 - Search for loadable plugins [exclusion list=, ]
2024-05-13 10:29:02,309 [INFO] PluginManage:310 - Check plugin analytics
2024-05-13 10:29:02,598 [INFO] AnalyticsPlugin:253 - Accepted Software Licenses: 
2024-05-13 10:29:02,600 [INFO] AnalyticsPlugin:255 - Accepted CMSIS Pack Licenses: 
2024-05-13 10:29:02,600 [INFO] AnalyticsPlugin:257 - Accepted Firmware Licenses: FW.F4.1.28.0
2024-05-13 10:29:02,606 [INFO] PluginManage:359 - Loaded plugin analytics (category:tool,tabindex:-1)
2024-05-13 10:29:02,606 [INFO] PluginManage:310 - Check plugin cadmodel
2024-05-13 10:29:02,614 [INFO] CADModel:105 - Init CAD model plugin
2024-05-13 10:29:02,614 [INFO] PluginManage:359 - Loaded plugin cadmodel (category:power,tabindex:5)
2024-05-13 10:29:02,615 [INFO] PluginManage:310 - Check plugin clock
2024-05-13 10:29:02,636 [INFO] PluginManage:359 - Loaded plugin clock (category:base,tabindex:2)
2024-05-13 10:29:02,636 [INFO] PluginManage:310 - Check plugin ddr
2024-05-13 10:29:02,642 [INFO] PluginManage:359 - Loaded plugin ddr (category:tool,tabindex:6)
2024-05-13 10:29:02,642 [INFO] PluginManage:310 - Check plugin filemanager
2024-05-13 10:29:02,893 [INFO] PluginManage:359 - Loaded plugin filemanager (category:base,tabindex:10)
2024-05-13 10:29:02,893 [INFO] PluginManage:310 - Check plugin ipmanager
2024-05-13 10:29:02,908 [INFO] PluginManage:359 - Loaded plugin ipmanager (category:base,tabindex:5)
2024-05-13 10:29:02,908 [INFO] PluginManage:310 - Check plugin lpbam
2024-05-13 10:29:02,921 [INFO] PluginManage:359 - Loaded plugin lpbam (category:base,tabindex:0)
2024-05-13 10:29:02,921 [INFO] PluginManage:310 - Check plugin memorymap
2024-05-13 10:29:02,946 [INFO] PluginManage:359 - Loaded plugin memorymap (category:base,tabindex:4)
2024-05-13 10:29:02,946 [INFO] PluginManage:310 - Check plugin pinoutandconfiguration
2024-05-13 10:29:02,959 [INFO] PluginManage:359 - Loaded plugin pinoutandconfiguration (category:base,tabindex:1)
2024-05-13 10:29:02,959 [INFO] PluginManage:310 - Check plugin pinoutconfig
2024-05-13 10:29:03,130 [WARN] SupportedApi:132 - Cannot load RTOS API schema: s4s-elt-must-match.1: The content of 'definitions' must match (annotation?, (simpleType | complexType)?, (unique | key | keyref)*)). A problem was found starting at: attribute.
2024-05-13 10:29:03,302 [INFO] PluginManage:359 - Loaded plugin pinoutconfig (category:base,tabindex:0)
2024-05-13 10:29:03,302 [INFO] PluginManage:310 - Check plugin power
2024-05-13 10:29:03,320 [INFO] PluginManage:359 - Loaded plugin power (category:power,tabindex:4)
2024-05-13 10:29:03,321 [INFO] PluginManage:310 - Check plugin projectmanager
2024-05-13 10:29:03,356 [INFO] PluginManage:359 - Loaded plugin projectmanager (category:projectmanager,tabindex:3)
2024-05-13 10:29:03,356 [INFO] PluginManage:310 - Check plugin thirdparty
2024-05-13 10:29:03,506 [WARN] IntegrityCheckThread:84 - waiting for thirdparty lock release [integrity check]
2024-05-13 10:29:03,507 [INFO] IntegrityCheckThread:86 - entering critical section [integrity check]
2024-05-13 10:29:03,507 [INFO] PluginManage:359 - Loaded plugin thirdparty (category:base,tabindex:-1)
2024-05-13 10:29:03,508 [INFO] PluginManage:310 - Check plugin tools
2024-05-13 10:29:03,508 [INFO] ThirdPartyUpdaterWithRetryManager:70 - Updater plugin not ready yet. [1/15]
2024-05-13 10:29:03,514 [INFO] PluginManage:359 - Loaded plugin tools (category:base,tabindex:7)
2024-05-13 10:29:03,515 [INFO] PluginManage:310 - Check plugin tutovideos
2024-05-13 10:29:03,678 [INFO] PluginManage:359 - Loaded plugin tutovideos (category:base,tabindex:-1)
2024-05-13 10:29:03,678 [INFO] PluginManage:310 - Check plugin updater
2024-05-13 10:29:03,688 [INFO] PluginManage:359 - Loaded plugin updater (category:base,tabindex:12)
2024-05-13 10:29:03,688 [INFO] PluginManage:310 - Check plugin userauth
2024-05-13 10:29:03,695 [INFO] UserAuth:114 - Init User Auth plugin
2024-05-13 10:29:03,695 [INFO] PluginManage:359 - Loaded plugin userauth (category:base,tabindex:14)
2024-05-13 10:29:03,695 [INFO] PluginManage:283 - PluginManage : Loaded plugins [17]
2024-05-13 10:29:03,958 [INFO] PinOutPanel:1561 - setPackage(No Configuration,No Configuration)
2024-05-13 10:29:04,044 [INFO] CADModel:165 - CPN selected for project level
2024-05-13 10:29:04,044 [INFO] CADModel:114 - Register for checkConnection events
2024-05-13 10:29:04,061 [INFO] IPUIPlugin:80 - create IPUIPlugin
2024-05-13 10:29:04,061 [INFO] PluginManager:220 - loadIPPluginJar : add adc
2024-05-13 10:29:04,065 [INFO] IPUIPlugin:80 - create IPUIPlugin
2024-05-13 10:29:04,065 [INFO] PluginManager:220 - loadIPPluginJar : add aes
2024-05-13 10:29:04,067 [INFO] IPUIPlugin:80 - create IPUIPlugin
2024-05-13 10:29:04,068 [INFO] PluginManager:220 - loadIPPluginJar : add can
2024-05-13 10:29:04,069 [INFO] IPUIPlugin:80 - create IPUIPlugin
2024-05-13 10:29:04,069 [INFO] PluginManager:220 - loadIPPluginJar : add comp
2024-05-13 10:29:04,072 [INFO] IPUIPlugin:80 - create IPUIPlugin
2024-05-13 10:29:04,072 [INFO] PluginManager:220 - loadIPPluginJar : add cryp
2024-05-13 10:29:04,076 [INFO] IPUIPlugin:80 - create IPUIPlugin
2024-05-13 10:29:04,076 [INFO] PluginManager:220 - loadIPPluginJar : add dfsdm
2024-05-13 10:29:04,082 [INFO] IPUIPlugin:80 - create IPUIPlugin
2024-05-13 10:29:04,083 [INFO] PluginManager:220 - loadIPPluginJar : add dma
2024-05-13 10:29:04,086 [INFO] IPUIPlugin:80 - create IPUIPlugin
2024-05-13 10:29:04,086 [INFO] PluginManager:220 - loadIPPluginJar : add dma3
2024-05-13 10:29:04,088 [INFO] IPUIPlugin:80 - create IPUIPlugin
2024-05-13 10:29:04,088 [INFO] PluginManager:220 - loadIPPluginJar : add extmemmanager
2024-05-13 10:29:04,090 [INFO] IPUIPlugin:80 - create IPUIPlugin
2024-05-13 10:29:04,090 [INFO] PluginManager:220 - loadIPPluginJar : add fatfs
2024-05-13 10:29:04,094 [INFO] IPUIPlugin:80 - create IPUIPlugin
2024-05-13 10:29:04,094 [INFO] PluginManager:220 - loadIPPluginJar : add fmc
2024-05-13 10:29:04,098 [INFO] IPUIPlugin:80 - create IPUIPlugin
2024-05-13 10:29:04,098 [INFO] PluginManager:220 - loadIPPluginJar : add freertos
2024-05-13 10:29:04,101 [INFO] IPUIPlugin:80 - create IPUIPlugin
2024-05-13 10:29:04,101 [INFO] PluginManager:220 - loadIPPluginJar : add genericplugin
2024-05-13 10:29:04,104 [INFO] IPUIPlugin:80 - create IPUIPlugin
2024-05-13 10:29:04,104 [INFO] PluginManager:220 - loadIPPluginJar : add gfxmmu
2024-05-13 10:29:04,108 [INFO] IPUIPlugin:80 - create IPUIPlugin
2024-05-13 10:29:04,108 [INFO] PluginManager:220 - loadIPPluginJar : add gic
2024-05-13 10:29:04,111 [INFO] IPUIPlugin:80 - create IPUIPlugin
2024-05-13 10:29:04,111 [INFO] PluginManager:220 - loadIPPluginJar : add gpio
2024-05-13 10:29:04,113 [INFO] IPUIPlugin:80 - create IPUIPlugin
2024-05-13 10:29:04,113 [INFO] PluginManager:220 - loadIPPluginJar : add gtzc
2024-05-13 10:29:04,115 [INFO] IPUIPlugin:80 - create IPUIPlugin
2024-05-13 10:29:04,115 [INFO] PluginManager:220 - loadIPPluginJar : add hash
2024-05-13 10:29:04,118 [INFO] IPUIPlugin:80 - create IPUIPlugin
2024-05-13 10:29:04,118 [INFO] PluginManager:220 - loadIPPluginJar : add i2c
2024-05-13 10:29:04,120 [INFO] IPUIPlugin:80 - create IPUIPlugin
2024-05-13 10:29:04,120 [INFO] PluginManager:220 - loadIPPluginJar : add i2s
2024-05-13 10:29:04,122 [INFO] IPUIPlugin:80 - create IPUIPlugin
2024-05-13 10:29:04,122 [INFO] PluginManager:220 - loadIPPluginJar : add i3c
2024-05-13 10:29:04,125 [INFO] IPUIPlugin:80 - create IPUIPlugin
2024-05-13 10:29:04,125 [INFO] PluginManager:220 - loadIPPluginJar : add ipddr
2024-05-13 10:29:04,135 [INFO] IPUIPlugin:80 - create IPUIPlugin
2024-05-13 10:29:04,135 [INFO] PluginManager:220 - loadIPPluginJar : add linkedlist
2024-05-13 10:29:04,137 [INFO] IPUIPlugin:80 - create IPUIPlugin
2024-05-13 10:29:04,137 [INFO] PluginManager:220 - loadIPPluginJar : add lorawan
2024-05-13 10:29:04,138 [INFO] IPUIPlugin:80 - create IPUIPlugin
2024-05-13 10:29:04,139 [INFO] PluginManager:220 - loadIPPluginJar : add ltdc
2024-05-13 10:29:04,145 [INFO] IPUIPlugin:80 - create IPUIPlugin
2024-05-13 10:29:04,145 [INFO] PluginManager:220 - loadIPPluginJar : add mdma
2024-05-13 10:29:04,148 [INFO] IPUIPlugin:80 - create IPUIPlugin
2024-05-13 10:29:04,148 [INFO] PluginManager:220 - loadIPPluginJar : add nvic
2024-05-13 10:29:04,151 [INFO] IPUIPlugin:80 - create IPUIPlugin
2024-05-13 10:29:04,152 [INFO] PluginManager:220 - loadIPPluginJar : add opamp
2024-05-13 10:29:04,154 [INFO] IPUIPlugin:80 - create IPUIPlugin
2024-05-13 10:29:04,154 [INFO] PluginManager:220 - loadIPPluginJar : add openamp
2024-05-13 10:29:04,158 [INFO] IPUIPlugin:80 - create IPUIPlugin
2024-05-13 10:29:04,158 [INFO] PluginManager:220 - loadIPPluginJar : add pdm2pcm
2024-05-13 10:29:04,167 [INFO] IPUIPlugin:80 - create IPUIPlugin
2024-05-13 10:29:04,172 [INFO] PluginManager:220 - loadIPPluginJar : add plateformsettings
2024-05-13 10:29:04,173 [INFO] IPUIPlugin:80 - create IPUIPlugin
2024-05-13 10:29:04,174 [INFO] PluginManager:220 - loadIPPluginJar : add quadspi
2024-05-13 10:29:04,177 [INFO] IPUIPlugin:80 - create IPUIPlugin
2024-05-13 10:29:04,177 [INFO] PluginManager:220 - loadIPPluginJar : add resmgrutility
2024-05-13 10:29:04,179 [INFO] IPUIPlugin:80 - create IPUIPlugin
2024-05-13 10:29:04,179 [INFO] PluginManager:220 - loadIPPluginJar : add sai
2024-05-13 10:29:04,181 [INFO] IPUIPlugin:80 - create IPUIPlugin
2024-05-13 10:29:04,181 [INFO] PluginManager:220 - loadIPPluginJar : add spi
2024-05-13 10:29:04,188 [INFO] IPUIPlugin:80 - create IPUIPlugin
2024-05-13 10:29:04,188 [INFO] PluginManager:220 - loadIPPluginJar : add stm32_wpan
2024-05-13 10:29:04,191 [INFO] IPUIPlugin:80 - create IPUIPlugin
2024-05-13 10:29:04,191 [INFO] PluginManager:220 - loadIPPluginJar : add tim
2024-05-13 10:29:04,195 [INFO] IPUIPlugin:80 - create IPUIPlugin
2024-05-13 10:29:04,196 [INFO] PluginManager:220 - loadIPPluginJar : add touchsensing
2024-05-13 10:29:04,199 [INFO] IPUIPlugin:80 - create IPUIPlugin
2024-05-13 10:29:04,199 [INFO] PluginManager:220 - loadIPPluginJar : add tracer_emb
2024-05-13 10:29:04,202 [INFO] IPUIPlugin:80 - create IPUIPlugin
2024-05-13 10:29:04,202 [INFO] PluginManager:220 - loadIPPluginJar : add ts
2024-05-13 10:29:04,203 [INFO] IPUIPlugin:80 - create IPUIPlugin
2024-05-13 10:29:04,203 [INFO] PluginManager:220 - loadIPPluginJar : add tsc
2024-05-13 10:29:04,205 [INFO] IPUIPlugin:80 - create IPUIPlugin
2024-05-13 10:29:04,205 [INFO] PluginManager:220 - loadIPPluginJar : add ucpd
2024-05-13 10:29:04,208 [INFO] IPUIPlugin:80 - create IPUIPlugin
2024-05-13 10:29:04,208 [INFO] PluginManager:220 - loadIPPluginJar : add usart
2024-05-13 10:29:04,210 [INFO] IPUIPlugin:80 - create IPUIPlugin
2024-05-13 10:29:04,210 [INFO] PluginManager:220 - loadIPPluginJar : add usbx
2024-05-13 10:29:04,352 [INFO] CADModel:165 - CPN selected for project level
2024-05-13 10:29:04,352 [INFO] CADModel:114 - Register for checkConnection events
2024-05-13 10:29:04,352 [FATAL] Updater:308 - Updater called before beeing initialized
2024-05-13 10:29:04,352 [ERROR] CADModel:125 - Updater not yet initialized, retry later 
2024-05-13 10:29:04,566 [INFO] CADModel:165 - CPN selected for project level
2024-05-13 10:29:04,566 [INFO] CADModel:114 - Register for checkConnection events
2024-05-13 10:29:04,566 [FATAL] Updater:308 - Updater called before beeing initialized
2024-05-13 10:29:04,566 [ERROR] CADModel:125 - Updater not yet initialized, retry later 
2024-05-13 10:29:04,571 [FATAL] Updater:308 - Updater called before beeing initialized
2024-05-13 10:29:04,702 [FATAL] Updater:308 - Updater called before beeing initialized
2024-05-13 10:29:04,707 [INFO] DbMcusAds:53 - JSON generation date=Thu May 02 10:37:29 CEST 2024 (1714639049318)
2024-05-13 10:29:04,707 [FATAL] Updater:308 - Updater called before beeing initialized
2024-05-13 10:29:04,743 [WARN] DetailPanel:346 - Failed to get advertising image, set to default
2024-05-13 10:29:04,835 [FATAL] Updater:308 - Updater called before beeing initialized
2024-05-13 10:29:04,836 [FATAL] Updater:308 - Updater called before beeing initialized
2024-05-13 10:29:04,836 [FATAL] Updater:308 - Updater called before beeing initialized
2024-05-13 10:29:04,836 [WARN] DetailPanel:346 - Failed to get advertising image, set to default
2024-05-13 10:29:04,837 [FATAL] Updater:308 - Updater called before beeing initialized
2024-05-13 10:29:04,882 [ERROR] Updater:1120 - MainUpdater not yet initialized. External WinMGr cannot be set.
2024-05-13 10:29:04,884 [INFO] Updater:1056 - Updater Version found : 6.11.1
2024-05-13 10:29:04,901 [INFO] ApplicationProperties:184 - Using Application install path: C:\ST\STM32CubeIDE_1.14.1\STM32CubeIDE\plugins\com.st.stm32cube.common.mx_6.11.1.202404110753
2024-05-13 10:29:06,473 [ERROR] LogOutputStream:75 - [STDERR_REDIRECT] May 13, 2024 10:29:06 AM java.util.prefs.WindowsPreferences <init>
2024-05-13 10:29:06,474 [ERROR] LogOutputStream:75 - [STDERR_REDIRECT] WARNING: Could not open/create prefs root node Software\JavaSoft\Prefs at root 0xffffffff80000002. Windows RegCreateKeyEx(...) returned error code 5.
2024-05-13 10:29:06,475 [ERROR] LogOutputStream:75 - [STDERR_REDIRECT] 
2024-05-13 10:29:06,492 [INFO] MainUpdater:526 - Copy updater definitions from MX database
2024-05-13 10:29:06,509 [INFO] ThirdPartyUpdaterWithRetryManager:70 - Updater plugin not ready yet. [2/15]
2024-05-13 10:29:06,772 [INFO] MainUpdater:2873 - connection check result : 10
2024-05-13 10:29:06,773 [INFO] MainUpdater:3567 - Updater definition file requires update
2024-05-13 10:29:06,774 [INFO] MainUpdater:290 - Updater Check For Update Now.
2024-05-13 10:29:06,774 [INFO] MicroXplorer:498 - Change Database Version : DB.6.0.111
2024-05-13 10:29:06,882 [INFO] McuFinderGlobals:63 - Set McuFinder mode to 2 (CubeIDE integrated)
2024-05-13 10:29:06,887 [INFO] UserAuth:415 - Internet connection configuration mode: 1
2024-05-13 10:29:06,894 [INFO] JxBrowserEngine:152 - Initiate JxBrowser Engine with user profile folder
2024-05-13 10:29:06,954 [INFO] ServerAccessManage:473 - Download File updaters.zip
2024-05-13 10:29:07,119 [INFO] FileExtend:240 - Unzip File : updaters.zip
2024-05-13 10:29:07,120 [INFO] FileExtend:255 - Standard Zip Deflate
2024-05-13 10:29:07,688 [INFO] ServerAccessManage:473 - Download File PacksControlFlags.xml
2024-05-13 10:29:07,775 [INFO] ServerAccessManage:473 - Download File cubemx.pidx
2024-05-13 10:29:07,907 [INFO] LoadServerUpdatesThread:375 - End of LoadServerUpdate Thread
2024-05-13 10:29:08,123 [INFO] CheckServerUpdateThread:120 - End of CheckServer Thread
2024-05-13 10:29:09,709 [WARN] PackLoader:240 - Cannot read IP mode file for STMicroelectronics.FP-SNS-MOTENVWB1.1.4.0
2024-05-13 10:29:09,726 [WARN] PackLoader:240 - Cannot read IP mode file for STMicroelectronics.X-CUBE-SMBUS.2.1.0
2024-05-13 10:29:09,733 [WARN] PackLoader:240 - Cannot read IP mode file for STMicroelectronics.X-CUBE-TOUCHGFX.4.23.1
2024-05-13 10:29:09,737 [WARN] PackLoader:240 - Cannot read IP mode file for STMicroelectronics.X-CUBE-TOUCHGFX.4.23.0
2024-05-13 10:29:09,740 [WARN] PackLoader:240 - Cannot read IP mode file for STMicroelectronics.X-CUBE-TOUCHGFX.4.23.2
2024-05-13 10:29:09,785 [WARN] PackLoader:240 - Cannot read IP mode file for STMicroelectronics.X-CUBE-AZRTOS-F7.1.1.0
2024-05-13 10:29:09,798 [WARN] PackLoader:240 - Cannot read IP mode file for STMicroelectronics.FP-SNS-MOTENV1.4.3.2
2024-05-13 10:29:09,809 [WARN] PackLoader:240 - Cannot read IP mode file for STMicroelectronics.FP-SNS-FLIGHT1.5.0.2
2024-05-13 10:29:09,821 [WARN] PackLoader:240 - Cannot read IP mode file for STMicroelectronics.X-CUBE-DISPLAY.3.0.0
2024-05-13 10:29:09,842 [WARN] PackLoader:240 - Cannot read IP mode file for STMicroelectronics.X-CUBE-BLE1.7.0.0
2024-05-13 10:29:09,854 [WARN] PackLoader:240 - Cannot read IP mode file for emotas.I-CUBE-CANOPEN.1.3.0
2024-05-13 10:29:09,875 [WARN] PackLoader:240 - Cannot read IP mode file for STMicroelectronics.X-CUBE-BLEMGR.3.1.0
2024-05-13 10:29:09,886 [WARN] PackLoader:240 - Cannot read IP mode file for STMicroelectronics.FP-SNS-SMARTAG2.1.2.0
2024-05-13 10:29:09,903 [INFO] LogOutputStream:77 - [STDOUT_REDIRECT] 1 : Invalid condition id : UX_CORESTACK_Condition cause : null
2024-05-13 10:29:09,903 [INFO] LogOutputStream:77 - [STDOUT_REDIRECT] 1 : Invalid condition id : UX_CORESTACK_Condition cause : null
2024-05-13 10:29:09,904 [INFO] LogOutputStream:77 - [STDOUT_REDIRECT] 1 : Invalid condition id : UX_CORESTACK_Condition cause : null
2024-05-13 10:29:09,905 [INFO] LogOutputStream:77 - [STDOUT_REDIRECT] 1 : Invalid condition id : UX_CORESTACK_Condition cause : null
2024-05-13 10:29:09,906 [INFO] LogOutputStream:77 - [STDOUT_REDIRECT] 1 : Invalid condition id : UX_CORESTACK_Condition cause : null
2024-05-13 10:29:09,911 [WARN] PackLoader:240 - Cannot read IP mode file for STMicroelectronics.X-CUBE-AZRTOS-WL.2.0.0
2024-05-13 10:29:09,918 [WARN] PackLoader:240 - Cannot read IP mode file for STMicroelectronics.FP-SNS-MOTENV1.5.0.0
2024-05-13 10:29:09,934 [WARN] PackLoader:240 - Cannot read IP mode file for WES.I-CUBE-Cesium.1.3.0
2024-05-13 10:29:09,942 [WARN] PackLoader:240 - Cannot read IP mode file for STMicroelectronics.X-CUBE-BLE2.3.3.0
2024-05-13 10:29:09,953 [WARN] PackLoader:240 - Cannot read IP mode file for STMicroelectronics.X-CUBE-TCPP.4.1.0
2024-05-13 10:29:09,964 [WARN] PackLoader:240 - Cannot read IP mode file for STMicroelectronics.X-CUBE-ALGOBUILD.1.3.0
2024-05-13 10:29:09,991 [WARN] PackLoader:240 - Cannot read IP mode file for STMicroelectronics.X-CUBE-AZRTOS-G0.1.1.0
2024-05-13 10:29:10,004 [WARN] PackLoader:240 - Cannot read IP mode file for STMicroelectronics.X-CUBE-SAFEA1.1.2.2
2024-05-13 10:29:10,016 [WARN] PackLoader:240 - Cannot read IP mode file for STMicroelectronics.X-CUBE-NFC4.3.0.0
2024-05-13 10:29:10,025 [WARN] PackLoader:240 - Cannot read IP mode file for STMicroelectronics.FP-ATR-SIGFOX1.3.2.0
2024-05-13 10:29:10,035 [WARN] PackLoader:240 - Cannot read IP mode file for STMicroelectronics.X-CUBE-EEPRMA1.5.1.0
2024-05-13 10:29:10,102 [WARN] PackLoader:240 - Cannot read IP mode file for SEGGER.I-CUBE-embOS.1.3.1
2024-05-13 10:29:10,169 [WARN] PackLoader:240 - Cannot read IP mode file for STMicroelectronics.X-CUBE-ALGOBUILD.1.4.0
2024-05-13 10:29:10,178 [WARN] PackLoader:240 - Cannot read IP mode file for STMicroelectronics.X-CUBE-GNSS1.6.0.0
2024-05-13 10:29:10,206 [WARN] PackLoader:240 - Cannot read IP mode file for STMicroelectronics.X-CUBE-AZRTOS-F4.1.1.0
2024-05-13 10:29:10,219 [WARN] PackLoader:240 - Cannot read IP mode file for STMicroelectronics.X-CUBE-FREERTOS.1.2.0
2024-05-13 10:29:10,229 [WARN] PackLoader:240 - Cannot read IP mode file for wolfSSL.I-CUBE-wolfSSL.5.6.6
2024-05-13 10:29:10,251 [WARN] PackLoader:240 - Cannot read IP mode file for STMicroelectronics.X-CUBE-AZRTOS-L5.2.0.0
2024-05-13 10:29:10,267 [WARN] PackLoader:240 - Cannot read IP mode file for STMicroelectronics.X-CUBE-NFC6.3.1.0
2024-05-13 10:29:10,278 [WARN] PackLoader:240 - Cannot read IP mode file for ITTIA_DB.I-CUBE-ITTIADB.8.8.0
2024-05-13 10:29:10,285 [WARN] PackLoader:240 - Cannot read IP mode file for STMicroelectronics.X-CUBE-AI.9.0.0
2024-05-13 10:29:10,293 [WARN] PackLoader:240 - Cannot read IP mode file for STMicroelectronics.X-CUBE-NFC7.1.0.1
2024-05-13 10:29:10,304 [WARN] PackLoader:240 - Cannot read IP mode file for STMicroelectronics.X-CUBE-NFC6.3.0.0
2024-05-13 10:29:10,311 [WARN] PackLoader:240 - Cannot read IP mode file for STMicroelectronics.X-CUBE-AI.8.1.0
2024-05-13 10:29:10,336 [WARN] ConditionMgr:438 - getConditionDescription Invalid condition id : LAN8742 Phy interface Condition cause : null
2024-05-13 10:29:10,337 [WARN] PackLoader:240 - Cannot read IP mode file for STMicroelectronics.X-CUBE-AZRTOS-L4.2.0.0
2024-05-13 10:29:10,338 [WARN] ConditionMgr:1039 - genDependencies : Invalid condition id : LAN8742 Phy interface Condition cause : null
2024-05-13 10:29:10,339 [WARN] ConditionMgr:1039 - genDependencies : Invalid condition id : LAN8742 Phy interface Condition cause : null
2024-05-13 10:29:10,340 [WARN] ConditionMgr:1039 - genDependencies : Invalid condition id : LAN8742 Phy interface Condition cause : null
2024-05-13 10:29:10,349 [WARN] PackLoader:240 - Cannot read IP mode file for STMicroelectronics.X-CUBE-SFXS2LP1.4.0.0
2024-05-13 10:29:10,364 [WARN] ConditionMgr:438 - getConditionDescription Invalid condition id : UX DEVICE CLASS RTOS Condition cause : null
2024-05-13 10:29:10,364 [WARN] ConditionMgr:438 - getConditionDescription Invalid condition id : UX DEVICE CLASS RTOS Condition cause : null
2024-05-13 10:29:10,367 [WARN] PackLoader:240 - Cannot read IP mode file for STMicroelectronics.X-CUBE-AZRTOS-WB.2.0.0
2024-05-13 10:29:10,368 [WARN] ConditionMgr:1039 - genDependencies : Invalid condition id : UX DEVICE CLASS RTOS Condition cause : null
2024-05-13 10:29:10,368 [WARN] ConditionMgr:1039 - genDependencies : Invalid condition id : UX DEVICE CLASS RTOS Condition cause : null
2024-05-13 10:29:10,368 [WARN] ConditionMgr:1039 - genDependencies : Invalid condition id : UX DEVICE CLASS RTOS Condition cause : null
2024-05-13 10:29:10,369 [WARN] ConditionMgr:1039 - genDependencies : Invalid condition id : UX DEVICE CLASS RTOS Condition cause : null
2024-05-13 10:29:10,369 [WARN] ConditionMgr:1039 - genDependencies : Invalid condition id : UX DEVICE CLASS RTOS Condition cause : null
2024-05-13 10:29:10,384 [WARN] PackLoader:240 - Cannot read IP mode file for STMicroelectronics.X-CUBE-SUBG2.5.0.0
2024-05-13 10:29:10,414 [WARN] PackLoader:240 - Cannot read IP mode file for STMicroelectronics.X-CUBE-AZRTOS-G4.2.0.0
2024-05-13 10:29:10,436 [WARN] PackLoader:240 - Cannot read IP mode file for Infineon.AIROC-Wi-Fi-Bluetooth-STM32.1.5.1
2024-05-13 10:29:10,444 [WARN] PackLoader:240 - Cannot read IP mode file for STMicroelectronics.FP-SNS-MOTENVWB1.1.3.1
2024-05-13 10:29:10,451 [WARN] PackLoader:240 - Cannot read IP mode file for STMicroelectronics.X-CUBE-ISPU.2.0.0
2024-05-13 10:29:10,505 [WARN] PackLoader:240 - Cannot read IP mode file for STMicroelectronics.X-CUBE-MEMS1.10.0.0
2024-05-13 10:29:10,652 [WARN] PackLoader:240 - Cannot read IP mode file for STMicroelectronics.X-CUBE-FREERTOS.1.1.0
2024-05-13 10:29:10,662 [WARN] PackLoader:240 - Cannot read IP mode file for portGmbH.I-Cube-SoM-uGOAL.1.1.0
2024-05-13 10:29:10,673 [WARN] PackLoader:240 - Cannot read IP mode file for STMicroelectronics.X-CUBE-ALS.1.0.1
2024-05-13 10:29:10,687 [WARN] PackLoader:240 - Cannot read IP mode file for STMicroelectronics.X-CUBE-AZRTOS-H7RS.1.0.0
2024-05-13 10:29:10,698 [WARN] PackLoader:240 - Cannot read IP mode file for STMicroelectronics.FP-ATR-ASTRA1.2.0.0
2024-05-13 10:29:10,715 [WARN] PackLoader:240 - Cannot read IP mode file for STMicroelectronics.X-CUBE-TOF1.3.4.1
2024-05-13 10:29:10,753 [WARN] PackLoader:240 - Cannot read IP mode file for STMicroelectronics.X-CUBE-AZRTOS-H7.3.2.0
2024-05-13 10:29:10,758 [INFO] ThirdParty:978 - Integrity check success = true
2024-05-13 10:29:10,758 [INFO] IntegrityCheckThread:100 - exiting critical section [integrity check]
2024-05-13 10:29:10,758 [INFO] IntegrityCheckThread:103 - End integrity checks thread
2024-05-13 10:29:18,753 [INFO] WebApp:161 - Instantiating new browser for Auth
2024-05-13 10:29:19,331 [INFO] WebApp:779 - Register for checkConnection events
2024-05-13 10:29:19,331 [INFO] WebApp:414 - Apply proxy settings
2024-05-13 10:29:19,331 [INFO] WebApp:499 - Chromium requires no authentication
2024-05-13 10:29:19,337 [INFO] WebApp:442 - Direct internet connection detected
2024-05-13 10:29:19,472 [INFO] WebApp:192 - Starting web application
2024-05-13 10:29:19,472 [INFO] WebApp:544 - Web application path used C:\ST\STM32CubeIDE_1.14.1\STM32CubeIDE\plugins\com.st.stm32cube.common.mx_6.11.1.202404110753\db\plugins\mcufinder\reactClient1\index.html
2024-05-13 12:20:46,388 [ERROR] LogOutputStream:75 - [STDERR_REDIRECT] 
2024-05-13 12:20:46,389 [ERROR] LogOutputStream:75 - [STDERR_REDIRECT] 
