2024-07-17 18:23:13,113 [INFO] Activator:176 - 


2024-07-17 18:23:13,120 [INFO] Activator:177 - !SESSION log4j initialized
2024-07-17 18:23:19,123 [INFO] LogOutputStream:77 - [STDOUT_REDIRECT] 
2024-07-17 18:23:22,577 [INFO] ApplicationProperties:184 - Using Application install path: C:\ST\STM32CubeIDE_1.14.1\STM32CubeIDE\plugins\com.st.stm32cube.common.mx_6.11.1.202404110753
2024-07-17 18:23:22,593 [INFO] DbMcusXml:78 - Set database path to: C:\ST\STM32CubeIDE_1.14.1\STM32CubeIDE\plugins\com.st.stm32cube.common.mx_6.11.1.202404110753\\db\/mcu/
2024-07-17 18:23:22,593 [INFO] ApiDb:274 - Set plugin database path to: C:\ST\STM32CubeIDE_1.14.1\STM32CubeIDE\plugins\com.st.stm32cube.common.mx_6.11.1.202404110753\\db\/plugins/boardmanager/
2024-07-17 18:23:22,593 [WARN] ApiDb:259 - Overriding images path with different value:  => C:\ST\STM32CubeIDE_1.14.1\STM32CubeIDE\plugins\com.st.stm32cube.common.mx_6.11.1.202404110753\\db\/plugins/mcufinder/images/
2024-07-17 18:23:22,599 [INFO] ApiDb:250 - Set database path to: C:\Users\anton\.stmcufinder\plugins\mcufinder//mcu/
2024-07-17 18:23:22,600 [INFO] DbMcusAds:125 - Set database path to: C:\Users\anton\.stmcufinder\plugins\mcufinder//mcu/
2024-07-17 18:23:22,602 [INFO] CrossReferenceDbSqlite:203 - Set database path to: C:\Users\anton\.stmcufinder\plugins\mcufinder//mcu/cs/
2024-07-17 18:23:22,720 [INFO] RulesReader:64 - Compatibility file has been processed (297 Rules)
2024-07-17 18:23:22,796 [INFO] DbMcusXml:78 - Set database path to: C:\ST\STM32CubeIDE_1.14.1\STM32CubeIDE\plugins\com.st.stm32cube.common.mx_6.11.1.202404110753\\db\/mcu/
2024-07-17 18:23:22,796 [INFO] ApiDb:274 - Set plugin database path to: C:\ST\STM32CubeIDE_1.14.1\STM32CubeIDE\plugins\com.st.stm32cube.common.mx_6.11.1.202404110753\\db\/plugins/boardmanager/
2024-07-17 18:23:22,796 [INFO] ApiDb:261 - Set plugin images path to: C:\ST\STM32CubeIDE_1.14.1\STM32CubeIDE\plugins\com.st.stm32cube.common.mx_6.11.1.202404110753\\db\/plugins/mcufinder/images/
2024-07-17 18:23:22,796 [WARN] DbFile:41 - Overriding database path with different value: C:\Users\anton\.stmcufinder\plugins\mcufinder/ => C:\Users\anton\.stmcufinder\plugins\mcufinder
2024-07-17 18:23:22,796 [INFO] ApiDb:250 - Set database path to: C:\Users\anton\.stmcufinder\plugins\mcufinder//mcu/
2024-07-17 18:23:22,796 [WARN] DbFile:41 - Overriding database path with different value: C:\Users\anton\.stmcufinder\plugins\mcufinder/ => C:\Users\anton\.stmcufinder\plugins\mcufinder
2024-07-17 18:23:22,796 [INFO] DbMcusAds:125 - Set database path to: C:\Users\anton\.stmcufinder\plugins\mcufinder//mcu/
2024-07-17 18:23:22,796 [WARN] DbFile:41 - Overriding database path with different value: C:\Users\anton\.stmcufinder\plugins\mcufinder/ => C:\Users\anton\.stmcufinder\plugins\mcufinder
2024-07-17 18:23:22,796 [WARN] DbFile:41 - Overriding database path with different value: C:\Users\anton\.stmcufinder\plugins\mcufinder/ => C:\Users\anton\.stmcufinder\plugins\mcufinder
2024-07-17 18:23:22,796 [INFO] CrossReferenceDbSqlite:203 - Set database path to: C:\Users\anton\.stmcufinder\plugins\mcufinder//mcu/cs/
2024-07-17 18:23:22,874 [INFO] MainPanel:264 - HeapMemory: 268435456
2024-07-17 18:23:22,955 [INFO] DbMcusXml:78 - Set database path to: C:\ST\STM32CubeIDE_1.14.1\STM32CubeIDE\plugins\com.st.stm32cube.common.mx_6.11.1.202404110753\\db\/mcu/
2024-07-17 18:23:22,955 [INFO] ApiDb:274 - Set plugin database path to: C:\ST\STM32CubeIDE_1.14.1\STM32CubeIDE\plugins\com.st.stm32cube.common.mx_6.11.1.202404110753\\db\/plugins/boardmanager/
2024-07-17 18:23:22,955 [INFO] ApiDb:261 - Set plugin images path to: C:\ST\STM32CubeIDE_1.14.1\STM32CubeIDE\plugins\com.st.stm32cube.common.mx_6.11.1.202404110753\\db\/plugins/mcufinder/images/
2024-07-17 18:23:22,955 [WARN] DbFile:41 - Overriding database path with different value: C:\Users\anton\.stmcufinder\plugins\mcufinder/ => C:\Users\anton\.stmcufinder\plugins\mcufinder
2024-07-17 18:23:22,955 [INFO] ApiDb:250 - Set database path to: C:\Users\anton\.stmcufinder\plugins\mcufinder//mcu/
2024-07-17 18:23:22,955 [WARN] DbFile:41 - Overriding database path with different value: C:\Users\anton\.stmcufinder\plugins\mcufinder/ => C:\Users\anton\.stmcufinder\plugins\mcufinder
2024-07-17 18:23:22,955 [INFO] DbMcusAds:125 - Set database path to: C:\Users\anton\.stmcufinder\plugins\mcufinder//mcu/
2024-07-17 18:23:22,955 [WARN] DbFile:41 - Overriding database path with different value: C:\Users\anton\.stmcufinder\plugins\mcufinder/ => C:\Users\anton\.stmcufinder\plugins\mcufinder
2024-07-17 18:23:22,955 [WARN] DbFile:41 - Overriding database path with different value: C:\Users\anton\.stmcufinder\plugins\mcufinder/ => C:\Users\anton\.stmcufinder\plugins\mcufinder
2024-07-17 18:23:22,956 [INFO] CrossReferenceDbSqlite:203 - Set database path to: C:\Users\anton\.stmcufinder\plugins\mcufinder//mcu/cs/
2024-07-17 18:23:22,973 [INFO] ApplicationProperties:184 - Using Application install path: C:\ST\STM32CubeIDE_1.14.1\STM32CubeIDE\plugins\com.st.stm32cube.common.mx_6.11.1.202404110753
2024-07-17 18:23:22,974 [INFO] PluginManage:196 - Search for loadable plugins [exclusion list=, ]
2024-07-17 18:23:22,976 [INFO] PluginManage:310 - Check plugin analytics
2024-07-17 18:23:23,200 [INFO] AnalyticsPlugin:253 - Accepted Software Licenses: 
2024-07-17 18:23:23,200 [INFO] AnalyticsPlugin:255 - Accepted CMSIS Pack Licenses: 
2024-07-17 18:23:23,200 [INFO] AnalyticsPlugin:257 - Accepted Firmware Licenses: FW.F4.1.28.0
2024-07-17 18:23:23,205 [INFO] PluginManage:359 - Loaded plugin analytics (category:tool,tabindex:-1)
2024-07-17 18:23:23,205 [INFO] PluginManage:310 - Check plugin cadmodel
2024-07-17 18:23:23,226 [INFO] CADModel:105 - Init CAD model plugin
2024-07-17 18:23:23,226 [INFO] PluginManage:359 - Loaded plugin cadmodel (category:power,tabindex:5)
2024-07-17 18:23:23,227 [INFO] PluginManage:310 - Check plugin clock
2024-07-17 18:23:23,253 [INFO] PluginManage:359 - Loaded plugin clock (category:base,tabindex:2)
2024-07-17 18:23:23,254 [INFO] PluginManage:310 - Check plugin ddr
2024-07-17 18:23:23,256 [INFO] PluginManage:359 - Loaded plugin ddr (category:tool,tabindex:6)
2024-07-17 18:23:23,256 [INFO] PluginManage:310 - Check plugin filemanager
2024-07-17 18:23:23,439 [INFO] PluginManage:359 - Loaded plugin filemanager (category:base,tabindex:10)
2024-07-17 18:23:23,439 [INFO] PluginManage:310 - Check plugin ipmanager
2024-07-17 18:23:23,447 [INFO] PluginManage:359 - Loaded plugin ipmanager (category:base,tabindex:5)
2024-07-17 18:23:23,447 [INFO] PluginManage:310 - Check plugin lpbam
2024-07-17 18:23:23,461 [INFO] PluginManage:359 - Loaded plugin lpbam (category:base,tabindex:0)
2024-07-17 18:23:23,462 [INFO] PluginManage:310 - Check plugin memorymap
2024-07-17 18:23:23,478 [INFO] PluginManage:359 - Loaded plugin memorymap (category:base,tabindex:4)
2024-07-17 18:23:23,479 [INFO] PluginManage:310 - Check plugin pinoutandconfiguration
2024-07-17 18:23:23,493 [INFO] PluginManage:359 - Loaded plugin pinoutandconfiguration (category:base,tabindex:1)
2024-07-17 18:23:23,493 [INFO] PluginManage:310 - Check plugin pinoutconfig
2024-07-17 18:23:23,616 [WARN] SupportedApi:132 - Cannot load RTOS API schema: s4s-elt-must-match.1: The content of 'definitions' must match (annotation?, (simpleType | complexType)?, (unique | key | keyref)*)). A problem was found starting at: attribute.
2024-07-17 18:23:23,753 [INFO] PluginManage:359 - Loaded plugin pinoutconfig (category:base,tabindex:0)
2024-07-17 18:23:23,753 [INFO] PluginManage:310 - Check plugin power
2024-07-17 18:23:23,769 [INFO] PluginManage:359 - Loaded plugin power (category:power,tabindex:4)
2024-07-17 18:23:23,769 [INFO] PluginManage:310 - Check plugin projectmanager
2024-07-17 18:23:23,789 [INFO] PluginManage:359 - Loaded plugin projectmanager (category:projectmanager,tabindex:3)
2024-07-17 18:23:23,789 [INFO] PluginManage:310 - Check plugin thirdparty
2024-07-17 18:23:24,064 [INFO] PluginManage:359 - Loaded plugin thirdparty (category:base,tabindex:-1)
2024-07-17 18:23:24,064 [WARN] IntegrityCheckThread:84 - waiting for thirdparty lock release [integrity check]
2024-07-17 18:23:24,065 [INFO] IntegrityCheckThread:86 - entering critical section [integrity check]
2024-07-17 18:23:24,065 [INFO] PluginManage:310 - Check plugin tools
2024-07-17 18:23:24,065 [INFO] ThirdPartyUpdaterWithRetryManager:70 - Updater plugin not ready yet. [1/15]
2024-07-17 18:23:24,090 [INFO] PluginManage:359 - Loaded plugin tools (category:base,tabindex:7)
2024-07-17 18:23:24,090 [INFO] PluginManage:310 - Check plugin tutovideos
2024-07-17 18:23:24,240 [INFO] PluginManage:359 - Loaded plugin tutovideos (category:base,tabindex:-1)
2024-07-17 18:23:24,240 [INFO] PluginManage:310 - Check plugin updater
2024-07-17 18:23:24,253 [INFO] PluginManage:359 - Loaded plugin updater (category:base,tabindex:12)
2024-07-17 18:23:24,253 [INFO] PluginManage:310 - Check plugin userauth
2024-07-17 18:23:24,257 [INFO] UserAuth:114 - Init User Auth plugin
2024-07-17 18:23:24,257 [INFO] PluginManage:359 - Loaded plugin userauth (category:base,tabindex:14)
2024-07-17 18:23:24,258 [INFO] PluginManage:283 - PluginManage : Loaded plugins [17]
2024-07-17 18:23:24,440 [INFO] PinOutPanel:1561 - setPackage(No Configuration,No Configuration)
2024-07-17 18:23:24,510 [INFO] CADModel:165 - CPN selected for project level
2024-07-17 18:23:24,510 [INFO] CADModel:114 - Register for checkConnection events
2024-07-17 18:23:24,541 [INFO] IPUIPlugin:80 - create IPUIPlugin
2024-07-17 18:23:24,542 [INFO] PluginManager:220 - loadIPPluginJar : add adc
2024-07-17 18:23:24,573 [INFO] IPUIPlugin:80 - create IPUIPlugin
2024-07-17 18:23:24,573 [INFO] PluginManager:220 - loadIPPluginJar : add aes
2024-07-17 18:23:24,604 [INFO] IPUIPlugin:80 - create IPUIPlugin
2024-07-17 18:23:24,604 [INFO] PluginManager:220 - loadIPPluginJar : add can
2024-07-17 18:23:24,622 [INFO] IPUIPlugin:80 - create IPUIPlugin
2024-07-17 18:23:24,622 [INFO] PluginManager:220 - loadIPPluginJar : add comp
2024-07-17 18:23:24,644 [INFO] IPUIPlugin:80 - create IPUIPlugin
2024-07-17 18:23:24,644 [INFO] PluginManager:220 - loadIPPluginJar : add cryp
2024-07-17 18:23:24,669 [INFO] IPUIPlugin:80 - create IPUIPlugin
2024-07-17 18:23:24,669 [INFO] PluginManager:220 - loadIPPluginJar : add dfsdm
2024-07-17 18:23:24,681 [INFO] IPUIPlugin:80 - create IPUIPlugin
2024-07-17 18:23:24,681 [INFO] PluginManager:220 - loadIPPluginJar : add dma
2024-07-17 18:23:24,738 [INFO] IPUIPlugin:80 - create IPUIPlugin
2024-07-17 18:23:24,738 [INFO] PluginManager:220 - loadIPPluginJar : add dma3
2024-07-17 18:23:24,777 [INFO] IPUIPlugin:80 - create IPUIPlugin
2024-07-17 18:23:24,777 [INFO] PluginManager:220 - loadIPPluginJar : add extmemmanager
2024-07-17 18:23:24,797 [INFO] IPUIPlugin:80 - create IPUIPlugin
2024-07-17 18:23:24,797 [INFO] PluginManager:220 - loadIPPluginJar : add fatfs
2024-07-17 18:23:24,836 [INFO] IPUIPlugin:80 - create IPUIPlugin
2024-07-17 18:23:24,836 [INFO] PluginManager:220 - loadIPPluginJar : add fmc
2024-07-17 18:23:24,847 [INFO] IPUIPlugin:80 - create IPUIPlugin
2024-07-17 18:23:24,847 [INFO] PluginManager:220 - loadIPPluginJar : add freertos
2024-07-17 18:23:24,862 [INFO] IPUIPlugin:80 - create IPUIPlugin
2024-07-17 18:23:24,862 [INFO] PluginManager:220 - loadIPPluginJar : add genericplugin
2024-07-17 18:23:24,924 [INFO] IPUIPlugin:80 - create IPUIPlugin
2024-07-17 18:23:24,924 [INFO] PluginManager:220 - loadIPPluginJar : add gfxmmu
2024-07-17 18:23:25,031 [INFO] IPUIPlugin:80 - create IPUIPlugin
2024-07-17 18:23:25,031 [INFO] PluginManager:220 - loadIPPluginJar : add gic
2024-07-17 18:23:25,040 [INFO] IPUIPlugin:80 - create IPUIPlugin
2024-07-17 18:23:25,040 [INFO] PluginManager:220 - loadIPPluginJar : add gpio
2024-07-17 18:23:25,109 [INFO] IPUIPlugin:80 - create IPUIPlugin
2024-07-17 18:23:25,109 [INFO] PluginManager:220 - loadIPPluginJar : add gtzc
2024-07-17 18:23:25,135 [INFO] IPUIPlugin:80 - create IPUIPlugin
2024-07-17 18:23:25,135 [INFO] PluginManager:220 - loadIPPluginJar : add hash
2024-07-17 18:23:25,171 [INFO] IPUIPlugin:80 - create IPUIPlugin
2024-07-17 18:23:25,172 [INFO] PluginManager:220 - loadIPPluginJar : add i2c
2024-07-17 18:23:25,198 [INFO] IPUIPlugin:80 - create IPUIPlugin
2024-07-17 18:23:25,198 [INFO] PluginManager:220 - loadIPPluginJar : add i2s
2024-07-17 18:23:25,228 [INFO] IPUIPlugin:80 - create IPUIPlugin
2024-07-17 18:23:25,228 [INFO] PluginManager:220 - loadIPPluginJar : add i3c
2024-07-17 18:23:25,301 [INFO] IPUIPlugin:80 - create IPUIPlugin
2024-07-17 18:23:25,301 [INFO] PluginManager:220 - loadIPPluginJar : add ipddr
2024-07-17 18:23:25,366 [INFO] IPUIPlugin:80 - create IPUIPlugin
2024-07-17 18:23:25,366 [INFO] PluginManager:220 - loadIPPluginJar : add linkedlist
2024-07-17 18:23:25,394 [INFO] IPUIPlugin:80 - create IPUIPlugin
2024-07-17 18:23:25,394 [INFO] PluginManager:220 - loadIPPluginJar : add lorawan
2024-07-17 18:23:25,426 [INFO] IPUIPlugin:80 - create IPUIPlugin
2024-07-17 18:23:25,426 [INFO] PluginManager:220 - loadIPPluginJar : add ltdc
2024-07-17 18:23:25,440 [INFO] IPUIPlugin:80 - create IPUIPlugin
2024-07-17 18:23:25,440 [INFO] PluginManager:220 - loadIPPluginJar : add mdma
2024-07-17 18:23:25,451 [INFO] IPUIPlugin:80 - create IPUIPlugin
2024-07-17 18:23:25,451 [INFO] PluginManager:220 - loadIPPluginJar : add nvic
2024-07-17 18:23:25,480 [INFO] IPUIPlugin:80 - create IPUIPlugin
2024-07-17 18:23:25,480 [INFO] PluginManager:220 - loadIPPluginJar : add opamp
2024-07-17 18:23:25,525 [INFO] IPUIPlugin:80 - create IPUIPlugin
2024-07-17 18:23:25,525 [INFO] PluginManager:220 - loadIPPluginJar : add openamp
2024-07-17 18:23:25,556 [INFO] IPUIPlugin:80 - create IPUIPlugin
2024-07-17 18:23:25,556 [INFO] PluginManager:220 - loadIPPluginJar : add pdm2pcm
2024-07-17 18:23:25,564 [INFO] IPUIPlugin:80 - create IPUIPlugin
2024-07-17 18:23:25,567 [INFO] PluginManager:220 - loadIPPluginJar : add plateformsettings
2024-07-17 18:23:25,583 [INFO] IPUIPlugin:80 - create IPUIPlugin
2024-07-17 18:23:25,584 [INFO] PluginManager:220 - loadIPPluginJar : add quadspi
2024-07-17 18:23:25,590 [INFO] IPUIPlugin:80 - create IPUIPlugin
2024-07-17 18:23:25,591 [INFO] PluginManager:220 - loadIPPluginJar : add resmgrutility
2024-07-17 18:23:25,622 [INFO] IPUIPlugin:80 - create IPUIPlugin
2024-07-17 18:23:25,622 [INFO] PluginManager:220 - loadIPPluginJar : add sai
2024-07-17 18:23:25,652 [INFO] IPUIPlugin:80 - create IPUIPlugin
2024-07-17 18:23:25,652 [INFO] PluginManager:220 - loadIPPluginJar : add spi
2024-07-17 18:23:25,703 [INFO] IPUIPlugin:80 - create IPUIPlugin
2024-07-17 18:23:25,703 [INFO] PluginManager:220 - loadIPPluginJar : add stm32_wpan
2024-07-17 18:23:25,719 [INFO] IPUIPlugin:80 - create IPUIPlugin
2024-07-17 18:23:25,719 [INFO] PluginManager:220 - loadIPPluginJar : add tim
2024-07-17 18:23:25,761 [INFO] IPUIPlugin:80 - create IPUIPlugin
2024-07-17 18:23:25,761 [INFO] PluginManager:220 - loadIPPluginJar : add touchsensing
2024-07-17 18:23:25,776 [INFO] IPUIPlugin:80 - create IPUIPlugin
2024-07-17 18:23:25,776 [INFO] PluginManager:220 - loadIPPluginJar : add tracer_emb
2024-07-17 18:23:25,792 [INFO] IPUIPlugin:80 - create IPUIPlugin
2024-07-17 18:23:25,792 [INFO] PluginManager:220 - loadIPPluginJar : add ts
2024-07-17 18:23:25,808 [INFO] IPUIPlugin:80 - create IPUIPlugin
2024-07-17 18:23:25,808 [INFO] PluginManager:220 - loadIPPluginJar : add tsc
2024-07-17 18:23:25,823 [INFO] IPUIPlugin:80 - create IPUIPlugin
2024-07-17 18:23:25,824 [INFO] PluginManager:220 - loadIPPluginJar : add ucpd
2024-07-17 18:23:25,851 [INFO] IPUIPlugin:80 - create IPUIPlugin
2024-07-17 18:23:25,851 [INFO] PluginManager:220 - loadIPPluginJar : add usart
2024-07-17 18:23:25,878 [INFO] IPUIPlugin:80 - create IPUIPlugin
2024-07-17 18:23:25,878 [INFO] PluginManager:220 - loadIPPluginJar : add usbx
2024-07-17 18:23:26,000 [INFO] CADModel:165 - CPN selected for project level
2024-07-17 18:23:26,000 [INFO] CADModel:114 - Register for checkConnection events
2024-07-17 18:23:26,001 [FATAL] Updater:308 - Updater called before beeing initialized
2024-07-17 18:23:26,002 [ERROR] CADModel:125 - Updater not yet initialized, retry later 
2024-07-17 18:23:26,146 [INFO] CADModel:165 - CPN selected for project level
2024-07-17 18:23:26,146 [INFO] CADModel:114 - Register for checkConnection events
2024-07-17 18:23:26,147 [FATAL] Updater:308 - Updater called before beeing initialized
2024-07-17 18:23:26,147 [ERROR] CADModel:125 - Updater not yet initialized, retry later 
2024-07-17 18:23:26,150 [FATAL] Updater:308 - Updater called before beeing initialized
2024-07-17 18:23:26,251 [FATAL] Updater:308 - Updater called before beeing initialized
2024-07-17 18:23:26,277 [INFO] DbMcusAds:53 - JSON generation date=Thu May 16 11:22:00 CEST 2024 (1715851320667)
2024-07-17 18:23:26,277 [FATAL] Updater:308 - Updater called before beeing initialized
2024-07-17 18:23:26,366 [WARN] DetailPanel:346 - Failed to get advertising image, set to default
2024-07-17 18:23:26,456 [FATAL] Updater:308 - Updater called before beeing initialized
2024-07-17 18:23:26,458 [FATAL] Updater:308 - Updater called before beeing initialized
2024-07-17 18:23:26,458 [FATAL] Updater:308 - Updater called before beeing initialized
2024-07-17 18:23:26,458 [WARN] DetailPanel:346 - Failed to get advertising image, set to default
2024-07-17 18:23:26,459 [FATAL] Updater:308 - Updater called before beeing initialized
2024-07-17 18:23:26,515 [ERROR] Updater:1120 - MainUpdater not yet initialized. External WinMGr cannot be set.
2024-07-17 18:23:26,524 [INFO] Updater:1056 - Updater Version found : 6.11.1
2024-07-17 18:23:26,540 [INFO] ApplicationProperties:184 - Using Application install path: C:\ST\STM32CubeIDE_1.14.1\STM32CubeIDE\plugins\com.st.stm32cube.common.mx_6.11.1.202404110753
2024-07-17 18:23:27,068 [INFO] ThirdPartyUpdaterWithRetryManager:70 - Updater plugin not ready yet. [2/15]
2024-07-17 18:23:28,136 [ERROR] LogOutputStream:75 - [STDERR_REDIRECT] Jul 17, 2024 6:23:28 PM java.util.prefs.WindowsPreferences <init>
2024-07-17 18:23:28,137 [ERROR] LogOutputStream:75 - [STDERR_REDIRECT] WARNING: Could not open/create prefs root node Software\JavaSoft\Prefs at root 0xffffffff80000002. Windows RegCreateKeyEx(...) returned error code 5.
2024-07-17 18:23:28,138 [ERROR] LogOutputStream:75 - [STDERR_REDIRECT] 
2024-07-17 18:23:30,070 [FATAL] Updater:308 - Updater called before beeing initialized
2024-07-17 18:23:30,071 [ERROR] IntegrityCheckThread:130 - Cannot retrieve database content from updater: error 21
2024-07-17 18:23:30,072 [INFO] ThirdParty:978 - Integrity check success = false
2024-07-17 18:23:30,072 [INFO] IntegrityCheckThread:100 - exiting critical section [integrity check]
2024-07-17 18:23:30,072 [INFO] IntegrityCheckThread:103 - End integrity checks thread
2024-07-17 18:23:30,085 [INFO] MainUpdater:2873 - connection check result : 10
2024-07-17 18:23:30,086 [INFO] MainUpdater:290 - Updater Check For Update Now.
2024-07-17 18:23:30,086 [INFO] MicroXplorer:498 - Change Database Version : DB.6.0.111
2024-07-17 18:23:30,101 [INFO] McuFinderGlobals:63 - Set McuFinder mode to 2 (CubeIDE integrated)
2024-07-17 18:23:30,117 [INFO] UserAuth:415 - Internet connection configuration mode: 1
2024-07-17 18:23:30,146 [INFO] JxBrowserEngine:152 - Initiate JxBrowser Engine with user profile folder
2024-07-17 18:23:30,298 [INFO] CheckServerUpdateThread:120 - End of CheckServer Thread
2024-07-17 18:23:33,110 [INFO] WebApp:161 - Instantiating new browser for Auth
2024-07-17 18:23:33,629 [INFO] WebApp:779 - Register for checkConnection events
2024-07-17 18:23:33,629 [INFO] WebApp:414 - Apply proxy settings
2024-07-17 18:23:33,629 [INFO] WebApp:499 - Chromium requires no authentication
2024-07-17 18:23:33,637 [INFO] WebApp:442 - Direct internet connection detected
2024-07-17 18:23:33,776 [INFO] WebApp:192 - Starting web application
2024-07-17 18:23:33,776 [INFO] WebApp:544 - Web application path used C:\ST\STM32CubeIDE_1.14.1\STM32CubeIDE\plugins\com.st.stm32cube.common.mx_6.11.1.202404110753\db\plugins\mcufinder\reactClient1\index.html
2024-07-17 18:25:14,610 [ERROR] LogOutputStream:75 - [STDERR_REDIRECT] 
2024-07-17 18:25:14,611 [ERROR] LogOutputStream:75 - [STDERR_REDIRECT] 
