2026-04-21 20:45:28,873 [INFO] Activator:176 - 


2026-04-21 20:45:28,878 [INFO] Activator:177 - !SESSION log4j initialized
2026-04-21 20:45:34,682 [INFO] LogOutputStream:77 - [STDOUT_REDIRECT] 
2026-04-21 20:45:39,625 [INFO] ApplicationProperties:184 - Using Application install path: C:\ST\STM32CubeIDE_1.14.1\STM32CubeIDE\plugins\com.st.stm32cube.common.mx_6.11.1.202404110753
2026-04-21 20:45:39,635 [INFO] DbMcusXml:78 - Set database path to: C:\ST\STM32CubeIDE_1.14.1\STM32CubeIDE\plugins\com.st.stm32cube.common.mx_6.11.1.202404110753\\db\/mcu/
2026-04-21 20:45:39,635 [INFO] ApiDb:274 - Set plugin database path to: C:\ST\STM32CubeIDE_1.14.1\STM32CubeIDE\plugins\com.st.stm32cube.common.mx_6.11.1.202404110753\\db\/plugins/boardmanager/
2026-04-21 20:45:39,636 [WARN] ApiDb:259 - Overriding images path with different value:  => C:\ST\STM32CubeIDE_1.14.1\STM32CubeIDE\plugins\com.st.stm32cube.common.mx_6.11.1.202404110753\\db\/plugins/mcufinder/images/
2026-04-21 20:45:39,641 [INFO] ApiDb:250 - Set database path to: C:\Users\anton\.stmcufinder\plugins\mcufinder//mcu/
2026-04-21 20:45:39,641 [INFO] DbMcusAds:125 - Set database path to: C:\Users\anton\.stmcufinder\plugins\mcufinder//mcu/
2026-04-21 20:45:39,642 [INFO] CrossReferenceDbSqlite:203 - Set database path to: C:\Users\anton\.stmcufinder\plugins\mcufinder//mcu/cs/
2026-04-21 20:45:39,759 [INFO] RulesReader:64 - Compatibility file has been processed (297 Rules)
2026-04-21 20:45:39,854 [INFO] DbMcusXml:78 - Set database path to: C:\ST\STM32CubeIDE_1.14.1\STM32CubeIDE\plugins\com.st.stm32cube.common.mx_6.11.1.202404110753\\db\/mcu/
2026-04-21 20:45:39,854 [INFO] ApiDb:274 - Set plugin database path to: C:\ST\STM32CubeIDE_1.14.1\STM32CubeIDE\plugins\com.st.stm32cube.common.mx_6.11.1.202404110753\\db\/plugins/boardmanager/
2026-04-21 20:45:39,854 [INFO] ApiDb:261 - Set plugin images path to: C:\ST\STM32CubeIDE_1.14.1\STM32CubeIDE\plugins\com.st.stm32cube.common.mx_6.11.1.202404110753\\db\/plugins/mcufinder/images/
2026-04-21 20:45:39,854 [WARN] DbFile:41 - Overriding database path with different value: C:\Users\anton\.stmcufinder\plugins\mcufinder/ => C:\Users\anton\.stmcufinder\plugins\mcufinder
2026-04-21 20:45:39,854 [INFO] ApiDb:250 - Set database path to: C:\Users\anton\.stmcufinder\plugins\mcufinder//mcu/
2026-04-21 20:45:39,855 [WARN] DbFile:41 - Overriding database path with different value: C:\Users\anton\.stmcufinder\plugins\mcufinder/ => C:\Users\anton\.stmcufinder\plugins\mcufinder
2026-04-21 20:45:39,855 [INFO] DbMcusAds:125 - Set database path to: C:\Users\anton\.stmcufinder\plugins\mcufinder//mcu/
2026-04-21 20:45:39,855 [WARN] DbFile:41 - Overriding database path with different value: C:\Users\anton\.stmcufinder\plugins\mcufinder/ => C:\Users\anton\.stmcufinder\plugins\mcufinder
2026-04-21 20:45:39,855 [WARN] DbFile:41 - Overriding database path with different value: C:\Users\anton\.stmcufinder\plugins\mcufinder/ => C:\Users\anton\.stmcufinder\plugins\mcufinder
2026-04-21 20:45:39,855 [INFO] CrossReferenceDbSqlite:203 - Set database path to: C:\Users\anton\.stmcufinder\plugins\mcufinder//mcu/cs/
2026-04-21 20:45:39,956 [INFO] MainPanel:264 - HeapMemory: 433061888
2026-04-21 20:45:40,039 [INFO] DbMcusXml:78 - Set database path to: C:\ST\STM32CubeIDE_1.14.1\STM32CubeIDE\plugins\com.st.stm32cube.common.mx_6.11.1.202404110753\\db\/mcu/
2026-04-21 20:45:40,040 [INFO] ApiDb:274 - Set plugin database path to: C:\ST\STM32CubeIDE_1.14.1\STM32CubeIDE\plugins\com.st.stm32cube.common.mx_6.11.1.202404110753\\db\/plugins/boardmanager/
2026-04-21 20:45:40,040 [INFO] ApiDb:261 - Set plugin images path to: C:\ST\STM32CubeIDE_1.14.1\STM32CubeIDE\plugins\com.st.stm32cube.common.mx_6.11.1.202404110753\\db\/plugins/mcufinder/images/
2026-04-21 20:45:40,040 [WARN] DbFile:41 - Overriding database path with different value: C:\Users\anton\.stmcufinder\plugins\mcufinder/ => C:\Users\anton\.stmcufinder\plugins\mcufinder
2026-04-21 20:45:40,040 [INFO] ApiDb:250 - Set database path to: C:\Users\anton\.stmcufinder\plugins\mcufinder//mcu/
2026-04-21 20:45:40,040 [WARN] DbFile:41 - Overriding database path with different value: C:\Users\anton\.stmcufinder\plugins\mcufinder/ => C:\Users\anton\.stmcufinder\plugins\mcufinder
2026-04-21 20:45:40,040 [INFO] DbMcusAds:125 - Set database path to: C:\Users\anton\.stmcufinder\plugins\mcufinder//mcu/
2026-04-21 20:45:40,040 [WARN] DbFile:41 - Overriding database path with different value: C:\Users\anton\.stmcufinder\plugins\mcufinder/ => C:\Users\anton\.stmcufinder\plugins\mcufinder
2026-04-21 20:45:40,040 [WARN] DbFile:41 - Overriding database path with different value: C:\Users\anton\.stmcufinder\plugins\mcufinder/ => C:\Users\anton\.stmcufinder\plugins\mcufinder
2026-04-21 20:45:40,040 [INFO] CrossReferenceDbSqlite:203 - Set database path to: C:\Users\anton\.stmcufinder\plugins\mcufinder//mcu/cs/
2026-04-21 20:45:40,053 [INFO] ApplicationProperties:184 - Using Application install path: C:\ST\STM32CubeIDE_1.14.1\STM32CubeIDE\plugins\com.st.stm32cube.common.mx_6.11.1.202404110753
2026-04-21 20:45:40,055 [INFO] PluginManage:196 - Search for loadable plugins [exclusion list=, ]
2026-04-21 20:45:40,057 [INFO] PluginManage:310 - Check plugin analytics
2026-04-21 20:45:40,308 [INFO] AnalyticsPlugin:253 - Accepted Software Licenses: 
2026-04-21 20:45:40,309 [INFO] AnalyticsPlugin:255 - Accepted CMSIS Pack Licenses: 
2026-04-21 20:45:40,309 [INFO] AnalyticsPlugin:257 - Accepted Firmware Licenses: FW.F4.1.28.0
2026-04-21 20:45:40,313 [INFO] PluginManage:359 - Loaded plugin analytics (category:tool,tabindex:-1)
2026-04-21 20:45:40,313 [INFO] PluginManage:310 - Check plugin cadmodel
2026-04-21 20:45:40,329 [INFO] CADModel:105 - Init CAD model plugin
2026-04-21 20:45:40,330 [INFO] PluginManage:359 - Loaded plugin cadmodel (category:power,tabindex:5)
2026-04-21 20:45:40,330 [INFO] PluginManage:310 - Check plugin clock
2026-04-21 20:45:40,348 [INFO] PluginManage:359 - Loaded plugin clock (category:base,tabindex:2)
2026-04-21 20:45:40,348 [INFO] PluginManage:310 - Check plugin ddr
2026-04-21 20:45:40,350 [INFO] PluginManage:359 - Loaded plugin ddr (category:tool,tabindex:6)
2026-04-21 20:45:40,350 [INFO] PluginManage:310 - Check plugin filemanager
2026-04-21 20:45:40,480 [INFO] PluginManage:359 - Loaded plugin filemanager (category:base,tabindex:10)
2026-04-21 20:45:40,480 [INFO] PluginManage:310 - Check plugin ipmanager
2026-04-21 20:45:40,487 [INFO] PluginManage:359 - Loaded plugin ipmanager (category:base,tabindex:5)
2026-04-21 20:45:40,487 [INFO] PluginManage:310 - Check plugin lpbam
2026-04-21 20:45:40,506 [INFO] PluginManage:359 - Loaded plugin lpbam (category:base,tabindex:0)
2026-04-21 20:45:40,506 [INFO] PluginManage:310 - Check plugin memorymap
2026-04-21 20:45:40,528 [INFO] PluginManage:359 - Loaded plugin memorymap (category:base,tabindex:4)
2026-04-21 20:45:40,528 [INFO] PluginManage:310 - Check plugin pinoutandconfiguration
2026-04-21 20:45:40,545 [INFO] PluginManage:359 - Loaded plugin pinoutandconfiguration (category:base,tabindex:1)
2026-04-21 20:45:40,545 [INFO] PluginManage:310 - Check plugin pinoutconfig
2026-04-21 20:45:40,633 [WARN] SupportedApi:132 - Cannot load RTOS API schema: s4s-elt-must-match.1: The content of 'definitions' must match (annotation?, (simpleType | complexType)?, (unique | key | keyref)*)). A problem was found starting at: attribute.
2026-04-21 20:45:40,816 [INFO] PluginManage:359 - Loaded plugin pinoutconfig (category:base,tabindex:0)
2026-04-21 20:45:40,816 [INFO] PluginManage:310 - Check plugin power
2026-04-21 20:45:40,835 [INFO] PluginManage:359 - Loaded plugin power (category:power,tabindex:4)
2026-04-21 20:45:40,836 [INFO] PluginManage:310 - Check plugin projectmanager
2026-04-21 20:45:40,858 [INFO] PluginManage:359 - Loaded plugin projectmanager (category:projectmanager,tabindex:3)
2026-04-21 20:45:40,859 [INFO] PluginManage:310 - Check plugin thirdparty
2026-04-21 20:45:41,108 [INFO] PluginManage:359 - Loaded plugin thirdparty (category:base,tabindex:-1)
2026-04-21 20:45:41,108 [INFO] PluginManage:310 - Check plugin tools
2026-04-21 20:45:41,108 [WARN] IntegrityCheckThread:84 - waiting for thirdparty lock release [integrity check]
2026-04-21 20:45:41,108 [INFO] IntegrityCheckThread:86 - entering critical section [integrity check]
2026-04-21 20:45:41,108 [INFO] ThirdPartyUpdaterWithRetryManager:70 - Updater plugin not ready yet. [1/15]
2026-04-21 20:45:41,132 [INFO] PluginManage:359 - Loaded plugin tools (category:base,tabindex:7)
2026-04-21 20:45:41,132 [INFO] PluginManage:310 - Check plugin tutovideos
2026-04-21 20:45:41,268 [INFO] PluginManage:359 - Loaded plugin tutovideos (category:base,tabindex:-1)
2026-04-21 20:45:41,269 [INFO] PluginManage:310 - Check plugin updater
2026-04-21 20:45:41,278 [INFO] PluginManage:359 - Loaded plugin updater (category:base,tabindex:12)
2026-04-21 20:45:41,278 [INFO] PluginManage:310 - Check plugin userauth
2026-04-21 20:45:41,282 [INFO] UserAuth:114 - Init User Auth plugin
2026-04-21 20:45:41,282 [INFO] PluginManage:359 - Loaded plugin userauth (category:base,tabindex:14)
2026-04-21 20:45:41,282 [INFO] PluginManage:283 - PluginManage : Loaded plugins [17]
2026-04-21 20:45:41,464 [INFO] PinOutPanel:1561 - setPackage(No Configuration,No Configuration)
2026-04-21 20:45:41,530 [INFO] CADModel:165 - CPN selected for project level
2026-04-21 20:45:41,530 [INFO] CADModel:114 - Register for checkConnection events
2026-04-21 20:45:41,553 [INFO] IPUIPlugin:80 - create IPUIPlugin
2026-04-21 20:45:41,553 [INFO] PluginManager:220 - loadIPPluginJar : add adc
2026-04-21 20:45:41,583 [INFO] IPUIPlugin:80 - create IPUIPlugin
2026-04-21 20:45:41,583 [INFO] PluginManager:220 - loadIPPluginJar : add aes
2026-04-21 20:45:41,612 [INFO] IPUIPlugin:80 - create IPUIPlugin
2026-04-21 20:45:41,612 [INFO] PluginManager:220 - loadIPPluginJar : add can
2026-04-21 20:45:41,628 [INFO] IPUIPlugin:80 - create IPUIPlugin
2026-04-21 20:45:41,629 [INFO] PluginManager:220 - loadIPPluginJar : add comp
2026-04-21 20:45:41,658 [INFO] IPUIPlugin:80 - create IPUIPlugin
2026-04-21 20:45:41,658 [INFO] PluginManager:220 - loadIPPluginJar : add cryp
2026-04-21 20:45:41,678 [INFO] IPUIPlugin:80 - create IPUIPlugin
2026-04-21 20:45:41,678 [INFO] PluginManager:220 - loadIPPluginJar : add dfsdm
2026-04-21 20:45:41,688 [INFO] IPUIPlugin:80 - create IPUIPlugin
2026-04-21 20:45:41,688 [INFO] PluginManager:220 - loadIPPluginJar : add dma
2026-04-21 20:45:41,720 [INFO] IPUIPlugin:80 - create IPUIPlugin
2026-04-21 20:45:41,720 [INFO] PluginManager:220 - loadIPPluginJar : add dma3
2026-04-21 20:45:41,750 [INFO] IPUIPlugin:80 - create IPUIPlugin
2026-04-21 20:45:41,750 [INFO] PluginManager:220 - loadIPPluginJar : add extmemmanager
2026-04-21 20:45:41,764 [INFO] IPUIPlugin:80 - create IPUIPlugin
2026-04-21 20:45:41,765 [INFO] PluginManager:220 - loadIPPluginJar : add fatfs
2026-04-21 20:45:41,795 [INFO] IPUIPlugin:80 - create IPUIPlugin
2026-04-21 20:45:41,795 [INFO] PluginManager:220 - loadIPPluginJar : add fmc
2026-04-21 20:45:41,807 [INFO] IPUIPlugin:80 - create IPUIPlugin
2026-04-21 20:45:41,808 [INFO] PluginManager:220 - loadIPPluginJar : add freertos
2026-04-21 20:45:41,823 [INFO] IPUIPlugin:80 - create IPUIPlugin
2026-04-21 20:45:41,823 [INFO] PluginManager:220 - loadIPPluginJar : add genericplugin
2026-04-21 20:45:41,890 [INFO] IPUIPlugin:80 - create IPUIPlugin
2026-04-21 20:45:41,891 [INFO] PluginManager:220 - loadIPPluginJar : add gfxmmu
2026-04-21 20:45:41,972 [INFO] IPUIPlugin:80 - create IPUIPlugin
2026-04-21 20:45:41,973 [INFO] PluginManager:220 - loadIPPluginJar : add gic
2026-04-21 20:45:41,981 [INFO] IPUIPlugin:80 - create IPUIPlugin
2026-04-21 20:45:41,981 [INFO] PluginManager:220 - loadIPPluginJar : add gpio
2026-04-21 20:45:42,041 [INFO] IPUIPlugin:80 - create IPUIPlugin
2026-04-21 20:45:42,041 [INFO] PluginManager:220 - loadIPPluginJar : add gtzc
2026-04-21 20:45:42,063 [INFO] IPUIPlugin:80 - create IPUIPlugin
2026-04-21 20:45:42,063 [INFO] PluginManager:220 - loadIPPluginJar : add hash
2026-04-21 20:45:42,098 [INFO] IPUIPlugin:80 - create IPUIPlugin
2026-04-21 20:45:42,098 [INFO] PluginManager:220 - loadIPPluginJar : add i2c
2026-04-21 20:45:42,125 [INFO] IPUIPlugin:80 - create IPUIPlugin
2026-04-21 20:45:42,125 [INFO] PluginManager:220 - loadIPPluginJar : add i2s
2026-04-21 20:45:42,154 [INFO] IPUIPlugin:80 - create IPUIPlugin
2026-04-21 20:45:42,155 [INFO] PluginManager:220 - loadIPPluginJar : add i3c
2026-04-21 20:45:42,224 [INFO] IPUIPlugin:80 - create IPUIPlugin
2026-04-21 20:45:42,224 [INFO] PluginManager:220 - loadIPPluginJar : add ipddr
2026-04-21 20:45:42,283 [INFO] IPUIPlugin:80 - create IPUIPlugin
2026-04-21 20:45:42,283 [INFO] PluginManager:220 - loadIPPluginJar : add linkedlist
2026-04-21 20:45:42,308 [INFO] IPUIPlugin:80 - create IPUIPlugin
2026-04-21 20:45:42,308 [INFO] PluginManager:220 - loadIPPluginJar : add lorawan
2026-04-21 20:45:42,334 [INFO] IPUIPlugin:80 - create IPUIPlugin
2026-04-21 20:45:42,334 [INFO] PluginManager:220 - loadIPPluginJar : add ltdc
2026-04-21 20:45:42,345 [INFO] IPUIPlugin:80 - create IPUIPlugin
2026-04-21 20:45:42,345 [INFO] PluginManager:220 - loadIPPluginJar : add mdma
2026-04-21 20:45:42,352 [INFO] IPUIPlugin:80 - create IPUIPlugin
2026-04-21 20:45:42,352 [INFO] PluginManager:220 - loadIPPluginJar : add nvic
2026-04-21 20:45:42,376 [INFO] IPUIPlugin:80 - create IPUIPlugin
2026-04-21 20:45:42,377 [INFO] PluginManager:220 - loadIPPluginJar : add opamp
2026-04-21 20:45:42,417 [INFO] IPUIPlugin:80 - create IPUIPlugin
2026-04-21 20:45:42,417 [INFO] PluginManager:220 - loadIPPluginJar : add openamp
2026-04-21 20:45:42,446 [INFO] IPUIPlugin:80 - create IPUIPlugin
2026-04-21 20:45:42,446 [INFO] PluginManager:220 - loadIPPluginJar : add pdm2pcm
2026-04-21 20:45:42,455 [INFO] IPUIPlugin:80 - create IPUIPlugin
2026-04-21 20:45:42,457 [INFO] PluginManager:220 - loadIPPluginJar : add plateformsettings
2026-04-21 20:45:42,472 [INFO] IPUIPlugin:80 - create IPUIPlugin
2026-04-21 20:45:42,473 [INFO] PluginManager:220 - loadIPPluginJar : add quadspi
2026-04-21 20:45:42,480 [INFO] IPUIPlugin:80 - create IPUIPlugin
2026-04-21 20:45:42,480 [INFO] PluginManager:220 - loadIPPluginJar : add resmgrutility
2026-04-21 20:45:42,511 [INFO] IPUIPlugin:80 - create IPUIPlugin
2026-04-21 20:45:42,511 [INFO] PluginManager:220 - loadIPPluginJar : add sai
2026-04-21 20:45:42,535 [INFO] IPUIPlugin:80 - create IPUIPlugin
2026-04-21 20:45:42,535 [INFO] PluginManager:220 - loadIPPluginJar : add spi
2026-04-21 20:45:42,579 [INFO] IPUIPlugin:80 - create IPUIPlugin
2026-04-21 20:45:42,579 [INFO] PluginManager:220 - loadIPPluginJar : add stm32_wpan
2026-04-21 20:45:42,595 [INFO] IPUIPlugin:80 - create IPUIPlugin
2026-04-21 20:45:42,595 [INFO] PluginManager:220 - loadIPPluginJar : add tim
2026-04-21 20:45:42,633 [INFO] IPUIPlugin:80 - create IPUIPlugin
2026-04-21 20:45:42,634 [INFO] PluginManager:220 - loadIPPluginJar : add touchsensing
2026-04-21 20:45:42,649 [INFO] IPUIPlugin:80 - create IPUIPlugin
2026-04-21 20:45:42,649 [INFO] PluginManager:220 - loadIPPluginJar : add tracer_emb
2026-04-21 20:45:42,665 [INFO] IPUIPlugin:80 - create IPUIPlugin
2026-04-21 20:45:42,665 [INFO] PluginManager:220 - loadIPPluginJar : add ts
2026-04-21 20:45:42,681 [INFO] IPUIPlugin:80 - create IPUIPlugin
2026-04-21 20:45:42,681 [INFO] PluginManager:220 - loadIPPluginJar : add tsc
2026-04-21 20:45:42,697 [INFO] IPUIPlugin:80 - create IPUIPlugin
2026-04-21 20:45:42,697 [INFO] PluginManager:220 - loadIPPluginJar : add ucpd
2026-04-21 20:45:42,726 [INFO] IPUIPlugin:80 - create IPUIPlugin
2026-04-21 20:45:42,726 [INFO] PluginManager:220 - loadIPPluginJar : add usart
2026-04-21 20:45:42,754 [INFO] IPUIPlugin:80 - create IPUIPlugin
2026-04-21 20:45:42,755 [INFO] PluginManager:220 - loadIPPluginJar : add usbx
2026-04-21 20:45:42,865 [INFO] CADModel:165 - CPN selected for project level
2026-04-21 20:45:42,867 [INFO] CADModel:114 - Register for checkConnection events
2026-04-21 20:45:42,869 [FATAL] Updater:308 - Updater called before beeing initialized
2026-04-21 20:45:42,869 [ERROR] CADModel:125 - Updater not yet initialized, retry later 
2026-04-21 20:45:42,983 [INFO] CADModel:165 - CPN selected for project level
2026-04-21 20:45:42,984 [INFO] CADModel:114 - Register for checkConnection events
2026-04-21 20:45:42,984 [FATAL] Updater:308 - Updater called before beeing initialized
2026-04-21 20:45:42,984 [ERROR] CADModel:125 - Updater not yet initialized, retry later 
2026-04-21 20:45:42,986 [FATAL] Updater:308 - Updater called before beeing initialized
2026-04-21 20:45:43,071 [FATAL] Updater:308 - Updater called before beeing initialized
2026-04-21 20:45:43,090 [INFO] DbMcusAds:53 - JSON generation date=Fri Sep 20 15:04:23 CEST 2024 (1726837463113)
2026-04-21 20:45:43,091 [FATAL] Updater:308 - Updater called before beeing initialized
2026-04-21 20:45:43,158 [WARN] DetailPanel:346 - Failed to get advertising image, set to default
2026-04-21 20:45:43,211 [FATAL] Updater:308 - Updater called before beeing initialized
2026-04-21 20:45:43,214 [FATAL] Updater:308 - Updater called before beeing initialized
2026-04-21 20:45:43,214 [FATAL] Updater:308 - Updater called before beeing initialized
2026-04-21 20:45:43,214 [WARN] DetailPanel:346 - Failed to get advertising image, set to default
2026-04-21 20:45:43,215 [FATAL] Updater:308 - Updater called before beeing initialized
2026-04-21 20:45:43,261 [ERROR] Updater:1120 - MainUpdater not yet initialized. External WinMGr cannot be set.
2026-04-21 20:45:43,269 [INFO] Updater:1056 - Updater Version found : 6.11.1
2026-04-21 20:45:43,282 [INFO] ApplicationProperties:184 - Using Application install path: C:\ST\STM32CubeIDE_1.14.1\STM32CubeIDE\plugins\com.st.stm32cube.common.mx_6.11.1.202404110753
2026-04-21 20:45:44,110 [INFO] ThirdPartyUpdaterWithRetryManager:70 - Updater plugin not ready yet. [2/15]
2026-04-21 20:45:44,880 [ERROR] LogOutputStream:75 - [STDERR_REDIRECT] Apr 21, 2026 8:45:44 PM java.util.prefs.WindowsPreferences <init>
2026-04-21 20:45:44,882 [ERROR] LogOutputStream:75 - [STDERR_REDIRECT] WARNING: Could not open/create prefs root node Software\JavaSoft\Prefs at root 0xffffffff80000002. Windows RegCreateKeyEx(...) returned error code 5.
2026-04-21 20:45:44,882 [ERROR] LogOutputStream:75 - [STDERR_REDIRECT] 
2026-04-21 20:45:45,252 [INFO] MainUpdater:2873 - connection check result : 10
2026-04-21 20:45:45,253 [INFO] MainUpdater:3567 - Updater definition file requires update
2026-04-21 20:45:45,253 [INFO] MainUpdater:290 - Updater Check For Update Now.
2026-04-21 20:45:45,253 [INFO] MicroXplorer:498 - Change Database Version : DB.6.0.111
2026-04-21 20:45:45,268 [INFO] McuFinderGlobals:63 - Set McuFinder mode to 2 (CubeIDE integrated)
2026-04-21 20:45:45,277 [INFO] UserAuth:415 - Internet connection configuration mode: 1
2026-04-21 20:45:45,296 [INFO] JxBrowserEngine:152 - Initiate JxBrowser Engine with user profile folder
2026-04-21 20:45:45,336 [INFO] ServerAccessManage:473 - Download File updaters.zip
2026-04-21 20:45:45,470 [INFO] FileExtend:240 - Unzip File : updaters.zip
2026-04-21 20:45:45,471 [INFO] FileExtend:255 - Standard Zip Deflate
2026-04-21 20:45:46,083 [INFO] ServerAccessManage:473 - Download File PacksControlFlags.xml
2026-04-21 20:45:46,153 [INFO] ServerAccessManage:473 - Download File cubemx.pidx
2026-04-21 20:45:46,368 [INFO] ServerAccessManage:473 - Download File STMicroelectronics.FP-ATR-ASTRA1.pdsc
2026-04-21 20:45:46,662 [INFO] ServerAccessManage:473 - Download File STMicroelectronics.FP-SNS-STBOX1.pdsc
2026-04-21 20:45:46,805 [INFO] ServerAccessManage:473 - Download File STMicroelectronics.FP-SNS-FLIGHT1.pdsc
2026-04-21 20:45:46,987 [INFO] ServerAccessManage:473 - Download File STMicroelectronics.FP-SNS-MOTENV1.pdsc
2026-04-21 20:45:47,114 [WARN] MainUpdater:1194 - Updater busy. Cannot search thirdparties
2026-04-21 20:45:47,114 [INFO] ThirdPartyUpdaterWithRetryManager:96 - Updater plugin is busy. [1/15]
2026-04-21 20:45:47,229 [INFO] ServerAccessManage:473 - Download File STMicroelectronics.FP-SNS-MOTENVWB1.pdsc
2026-04-21 20:45:47,668 [INFO] ServerAccessManage:473 - Download File STMicroelectronics.FP-SNS-STAIOTCFT.pdsc
2026-04-21 20:45:47,759 [INFO] ServerAccessManage:473 - Download File STMicroelectronics.X-CUBE-AI.pdsc
2026-04-21 20:45:48,345 [INFO] ServerAccessManage:473 - Download File STMicroelectronics.X-CUBE-BLE1.pdsc
2026-04-21 20:45:48,738 [INFO] WebApp:161 - Instantiating new browser for Auth
2026-04-21 20:45:48,858 [ERROR] ServerAccessManage:1089 - Problem, file not found on Server
2026-04-21 20:45:48,943 [INFO] ServerAccessManage:473 - Download File STMicroelectronics.X-CUBE-BLEMGR.pdsc
2026-04-21 20:45:49,073 [ERROR] ServerAccessManage:1089 - Problem, file not found on Server
2026-04-21 20:45:49,284 [INFO] ServerAccessManage:473 - Download File STMicroelectronics.X-CUBE-DPOWER.pdsc
2026-04-21 20:45:49,319 [INFO] WebApp:779 - Register for checkConnection events
2026-04-21 20:45:49,319 [INFO] WebApp:414 - Apply proxy settings
2026-04-21 20:45:49,319 [INFO] WebApp:499 - Chromium requires no authentication
2026-04-21 20:45:49,326 [INFO] WebApp:442 - Direct internet connection detected
2026-04-21 20:45:49,501 [INFO] WebApp:192 - Starting web application
2026-04-21 20:45:49,501 [INFO] WebApp:544 - Web application path used C:\ST\STM32CubeIDE_1.14.1\STM32CubeIDE\plugins\com.st.stm32cube.common.mx_6.11.1.202404110753\db\plugins\mcufinder\reactClient1\index.html
2026-04-21 20:45:49,528 [ERROR] ServerAccessManage:1089 - Problem, file not found on Server
2026-04-21 20:45:49,656 [ERROR] ServerAccessManage:1089 - Problem, file not found on Server
2026-04-21 20:45:49,802 [ERROR] ServerAccessManage:1089 - Problem, file not found on Server
2026-04-21 20:45:49,943 [ERROR] ServerAccessManage:1089 - Problem, file not found on Server
2026-04-21 20:45:50,068 [ERROR] ServerAccessManage:1089 - Problem, file not found on Server
2026-04-21 20:45:50,116 [WARN] MainUpdater:1194 - Updater busy. Cannot search thirdparties
2026-04-21 20:45:50,116 [INFO] ThirdPartyUpdaterWithRetryManager:96 - Updater plugin is busy. [2/15]
2026-04-21 20:45:50,216 [ERROR] ServerAccessManage:1089 - Problem, file not found on Server
2026-04-21 20:45:50,350 [ERROR] ServerAccessManage:1089 - Problem, file not found on Server
2026-04-21 20:45:50,408 [ERROR] ServerAccessManage:1089 - Problem, file not found on Server
2026-04-21 20:45:50,553 [ERROR] ServerAccessManage:1089 - Problem, file not found on Server
2026-04-21 20:45:50,693 [ERROR] ServerAccessManage:1089 - Problem, file not found on Server
2026-04-21 20:45:50,821 [ERROR] ServerAccessManage:1089 - Problem, file not found on Server
2026-04-21 20:45:50,868 [INFO] ServerAccessManage:473 - Download File STMicroelectronics.X-CUBE-EEPRMA1.pdsc
2026-04-21 20:45:51,090 [ERROR] ServerAccessManage:1089 - Problem, file not found on Server
2026-04-21 20:45:51,237 [ERROR] ServerAccessManage:1089 - Problem, file not found on Server
2026-04-21 20:45:51,368 [INFO] ServerAccessManage:473 - Download File STMicroelectronics.X-CUBE-FREERTOS.pdsc
2026-04-21 20:45:51,862 [INFO] ServerAccessManage:473 - Download File STMicroelectronics.X-CUBE-GNSS1.pdsc
2026-04-21 20:45:52,279 [ERROR] ServerAccessManage:1089 - Problem, file not found on Server
2026-04-21 20:45:52,414 [ERROR] ServerAccessManage:1089 - Problem, file not found on Server
2026-04-21 20:45:52,477 [ERROR] ServerAccessManage:1089 - Problem, file not found on Server
2026-04-21 20:45:52,572 [ERROR] ServerAccessManage:1089 - Problem, file not found on Server
2026-04-21 20:45:52,708 [ERROR] ServerAccessManage:1089 - Problem, file not found on Server
2026-04-21 20:45:52,838 [ERROR] ServerAccessManage:1089 - Problem, file not found on Server
2026-04-21 20:45:52,903 [INFO] ServerAccessManage:473 - Download File STMicroelectronics.X-CUBE-IPS.pdsc
2026-04-21 20:45:53,108 [INFO] ServerAccessManage:473 - Download File STMicroelectronics.X-CUBE-MEMS1.pdsc
2026-04-21 20:45:53,117 [WARN] MainUpdater:1194 - Updater busy. Cannot search thirdparties
2026-04-21 20:45:53,117 [INFO] ThirdPartyUpdaterWithRetryManager:96 - Updater plugin is busy. [3/15]
2026-04-21 20:45:53,902 [INFO] ServerAccessManage:473 - Download File STMicroelectronics.X-CUBE-NFC6.pdsc
2026-04-21 20:45:54,069 [INFO] ServerAccessManage:473 - Download File STMicroelectronics.X-CUBE-NFC7.pdsc
2026-04-21 20:45:54,214 [INFO] ServerAccessManage:473 - Download File STMicroelectronics.X-CUBE-NFC12.pdsc
2026-04-21 20:45:54,339 [INFO] ServerAccessManage:473 - Download File STMicroelectronics.X-CUBE-ST60.pdsc
2026-04-21 20:45:54,469 [INFO] ServerAccessManage:473 - Download File STMicroelectronics.X-CUBE-ST67W61.pdsc
2026-04-21 20:45:54,559 [INFO] ServerAccessManage:473 - Download File STMicroelectronics.X-CUBE-STSE01.pdsc
2026-04-21 20:45:54,651 [INFO] ServerAccessManage:473 - Download File STMicroelectronics.X-CUBE-PM33A1.pdsc
2026-04-21 20:45:54,756 [INFO] ServerAccessManage:473 - Download File STMicroelectronics.X-CUBE-TCPP.pdsc
2026-04-21 20:45:54,881 [INFO] ServerAccessManage:473 - Download File STMicroelectronics.X-CUBE-TOF1.pdsc
2026-04-21 20:45:55,199 [ERROR] ServerAccessManage:1089 - Problem, file not found on Server
2026-04-21 20:45:55,289 [INFO] ServerAccessManage:473 - Download File STMicroelectronics.X-CUBE-TOUCHGFX.pdsc
2026-04-21 20:45:56,116 [INFO] ServerAccessManage:473 - Download File STMicroelectronics.X-CUBE-AZRTOS-H7.pdsc
2026-04-21 20:45:56,118 [WARN] MainUpdater:1194 - Updater busy. Cannot search thirdparties
2026-04-21 20:45:56,118 [INFO] ThirdPartyUpdaterWithRetryManager:96 - Updater plugin is busy. [4/15]
2026-04-21 20:45:56,687 [INFO] ServerAccessManage:473 - Download File STMicroelectronics.X-CUBE-AZRTOS-H7RS.pdsc
2026-04-21 20:45:57,090 [INFO] ServerAccessManage:473 - Download File STMicroelectronics.X-CUBE-WB05N.pdsc
2026-04-21 20:45:57,188 [INFO] ServerAccessManage:473 - Download File STMicroelectronics.eDS-WB_DPC_VIENNA.pdsc
2026-04-21 20:45:57,447 [ERROR] ServerAccessManage:1089 - Problem, file not found on Server
2026-04-21 20:45:57,537 [ERROR] ServerAccessManage:1089 - Problem, file not found on Server
2026-04-21 20:45:57,640 [ERROR] ServerAccessManage:1089 - Problem, file not found on Server
2026-04-21 20:45:57,729 [ERROR] ServerAccessManage:1089 - Problem, file not found on Server
2026-04-21 20:45:57,839 [ERROR] ServerAccessManage:1089 - Problem, file not found on Server
2026-04-21 20:45:57,864 [INFO] ServerAccessManage:473 - Download File STMicroelectronics.eDS-WB_DPC_TT-BIDIR.pdsc
2026-04-21 20:45:58,032 [ERROR] ServerAccessManage:1089 - Problem, file not found on Server
2026-04-21 20:45:58,155 [ERROR] ServerAccessManage:1089 - Problem, file not found on Server
2026-04-21 20:45:58,223 [ERROR] ServerAccessManage:1089 - Problem, file not found on Server
2026-04-21 20:45:58,292 [ERROR] ServerAccessManage:1089 - Problem, file not found on Server
2026-04-21 20:45:58,333 [INFO] ServerAccessManage:473 - Download File STMicroelectronics.eDS-WB_DPC_3PH2L-BIDIR.pdsc
2026-04-21 20:45:58,581 [ERROR] ServerAccessManage:1089 - Problem, file not found on Server
2026-04-21 20:45:59,119 [WARN] MainUpdater:1194 - Updater busy. Cannot search thirdparties
2026-04-21 20:45:59,120 [INFO] ThirdPartyUpdaterWithRetryManager:96 - Updater plugin is busy. [5/15]
2026-04-21 20:45:59,297 [INFO] ServerAccessManage:473 - Download File Avnet-IOTCONNECT.X-CUBE-iotc-st67-sdk.pdsc
2026-04-21 20:45:59,490 [WARN] PackLoader:240 - Cannot read IP mode file for STMicroelectronics.FP-ATR-ASTRA1.2.0.2
2026-04-21 20:45:59,497 [WARN] PopulateThirdPartyThread:106 - Error when creating pack: C:/Users/anton/.stm32cubemx/thirdparties/pdsc/STMicroelectronics.FP-SNS-STBOX1.pdsc
2026-04-21 20:45:59,499 [WARN] PopulateThirdPartyThread:106 - Error when creating pack: C:/Users/anton/.stm32cubemx/thirdparties/pdsc/STMicroelectronics.FP-SNS-FLIGHT1.pdsc
2026-04-21 20:45:59,501 [WARN] PopulateThirdPartyThread:106 - Error when creating pack: C:/Users/anton/.stm32cubemx/thirdparties/pdsc/STMicroelectronics.FP-SNS-MOTENV1.pdsc
2026-04-21 20:45:59,502 [WARN] PopulateThirdPartyThread:106 - Error when creating pack: C:/Users/anton/.stm32cubemx/thirdparties/pdsc/STMicroelectronics.FP-SNS-MOTENVWB1.pdsc
2026-04-21 20:45:59,503 [WARN] PopulateThirdPartyThread:106 - Error when creating pack: C:/Users/anton/.stm32cubemx/thirdparties/pdsc/STMicroelectronics.FP-SNS-STAIOTCFT.pdsc
2026-04-21 20:45:59,511 [WARN] PackLoader:240 - Cannot read IP mode file for STMicroelectronics.X-CUBE-AI.10.2.0
2026-04-21 20:45:59,520 [WARN] PackLoader:240 - Cannot read IP mode file for STMicroelectronics.X-CUBE-BLE1.7.1.0
2026-04-21 20:45:59,524 [WARN] PopulateThirdPartyThread:106 - Error when creating pack: C:/Users/anton/.stm32cubemx/thirdparties/pdsc/STMicroelectronics.X-CUBE-BLEMGR.pdsc
2026-04-21 20:45:59,544 [WARN] PackLoader:240 - Cannot read IP mode file for STMicroelectronics.X-CUBE-DPower.1.3.0
2026-04-21 20:45:59,550 [WARN] PackLoader:240 - Cannot read IP mode file for STMicroelectronics.X-CUBE-EEPRMA1.5.2.0
2026-04-21 20:45:59,554 [WARN] PopulateThirdPartyThread:106 - Error when creating pack: C:/Users/anton/.stm32cubemx/thirdparties/pdsc/STMicroelectronics.X-CUBE-FREERTOS.pdsc
2026-04-21 20:45:59,559 [WARN] PackLoader:240 - Cannot read IP mode file for STMicroelectronics.X-CUBE-GNSS1.7.1.0
2026-04-21 20:45:59,565 [WARN] PopulateThirdPartyThread:106 - Error when creating pack: C:/Users/anton/.stm32cubemx/thirdparties/pdsc/STMicroelectronics.X-CUBE-IPS.pdsc
2026-04-21 20:45:59,568 [INFO] CheckServerUpdateThread:120 - End of CheckServer Thread
2026-04-21 20:45:59,633 [WARN] PackLoader:240 - Cannot read IP mode file for STMicroelectronics.X-CUBE-MEMS1.12.0.0
2026-04-21 20:45:59,737 [WARN] PackLoader:240 - Cannot read IP mode file for STMicroelectronics.X-CUBE-NFC6.3.2.0
2026-04-21 20:45:59,743 [WARN] PackLoader:240 - Cannot read IP mode file for STMicroelectronics.X-CUBE-NFC7.2.0.0
2026-04-21 20:45:59,748 [WARN] PackLoader:240 - Cannot read IP mode file for STMicroelectronics.X-CUBE-NFC12.1.0.0
2026-04-21 20:45:59,752 [WARN] PopulateThirdPartyThread:106 - Error when creating pack: C:/Users/anton/.stm32cubemx/thirdparties/pdsc/STMicroelectronics.X-CUBE-ST60.pdsc
2026-04-21 20:45:59,754 [WARN] PopulateThirdPartyThread:106 - Error when creating pack: C:/Users/anton/.stm32cubemx/thirdparties/pdsc/STMicroelectronics.X-CUBE-ST67W61.pdsc
2026-04-21 20:45:59,759 [WARN] PackLoader:240 - Cannot read IP mode file for STMicroelectronics.X-CUBE-STSE01.2.0.0
2026-04-21 20:45:59,764 [WARN] PackLoader:240 - Cannot read IP mode file for STMicroelectronics.X-CUBE-PM33A1.1.0.0
2026-04-21 20:45:59,769 [WARN] PopulateThirdPartyThread:106 - Error when creating pack: C:/Users/anton/.stm32cubemx/thirdparties/pdsc/STMicroelectronics.X-CUBE-TCPP.pdsc
2026-04-21 20:45:59,772 [WARN] PopulateThirdPartyThread:106 - Error when creating pack: C:/Users/anton/.stm32cubemx/thirdparties/pdsc/STMicroelectronics.X-CUBE-TOF1.pdsc
2026-04-21 20:45:59,776 [WARN] PackLoader:240 - Cannot read IP mode file for STMicroelectronics.X-CUBE-TOUCHGFX.4.26.1
2026-04-21 20:45:59,794 [WARN] PackLoader:240 - Cannot read IP mode file for STMicroelectronics.X-CUBE-AZRTOS-H7.3.5.0
2026-04-21 20:45:59,809 [WARN] PackLoader:240 - Cannot read IP mode file for STMicroelectronics.X-CUBE-AZRTOS-H7RS.1.2.0
2026-04-21 20:45:59,816 [WARN] PackLoader:240 - Cannot read IP mode file for STMicroelectronics.X-CUBE-WB05N.2.1.0
2026-04-21 20:45:59,818 [WARN] PopulateThirdPartyThread:106 - Error when creating pack: C:/Users/anton/.stm32cubemx/thirdparties/pdsc/STMicroelectronics.eDS-WB_DPC_VIENNA.pdsc
2026-04-21 20:45:59,819 [WARN] PopulateThirdPartyThread:106 - Error when creating pack: C:/Users/anton/.stm32cubemx/thirdparties/pdsc/STMicroelectronics.eDS-WB_DPC_TT-BIDIR.pdsc
2026-04-21 20:45:59,821 [WARN] PopulateThirdPartyThread:106 - Error when creating pack: C:/Users/anton/.stm32cubemx/thirdparties/pdsc/STMicroelectronics.eDS-WB_DPC_3PH2L-BIDIR.pdsc
2026-04-21 20:45:59,822 [WARN] PopulateThirdPartyThread:106 - Error when creating pack: C:/Users/anton/.stm32cubemx/thirdparties/pdsc/Avnet-IOTCONNECT.X-CUBE-iotc-st67-sdk.pdsc
2026-04-21 20:45:59,823 [INFO] PopulateThirdPartyThread:66 - Ending populate Thread
2026-04-21 20:45:59,825 [INFO] ThirdParty:1030 - CMSIS Pack Vendor :STMicroelectronics X-CUBE-AZRTOS-H7 3.5.0
2026-04-21 20:45:59,825 [INFO] ThirdParty:1030 - CMSIS Pack Vendor :STMicroelectronics X-CUBE-PM33A1 1.0.0
2026-04-21 20:45:59,825 [INFO] ThirdParty:1030 - CMSIS Pack Vendor :STMicroelectronics X-CUBE-AI 10.2.0
2026-04-21 20:45:59,825 [INFO] ThirdParty:1030 - CMSIS Pack Vendor :STMicroelectronics X-CUBE-MEMS1 12.0.0
2026-04-21 20:45:59,825 [INFO] ThirdParty:1030 - CMSIS Pack Vendor :STMicroelectronics X-CUBE-NFC7 2.0.0
2026-04-21 20:45:59,825 [INFO] ThirdParty:1030 - CMSIS Pack Vendor :STMicroelectronics X-CUBE-STSE01 2.0.0
2026-04-21 20:45:59,825 [INFO] ThirdParty:1030 - CMSIS Pack Vendor :STMicroelectronics X-CUBE-DPower 1.3.0
2026-04-21 20:45:59,825 [INFO] ThirdParty:1030 - CMSIS Pack Vendor :STMicroelectronics FP-ATR-ASTRA1 2.0.2
2026-04-21 20:45:59,825 [INFO] ThirdParty:1030 - CMSIS Pack Vendor :STMicroelectronics X-CUBE-BLE1 7.1.0
2026-04-21 20:45:59,825 [INFO] ThirdParty:1030 - CMSIS Pack Vendor :STMicroelectronics X-CUBE-AZRTOS-H7RS 1.2.0
2026-04-21 20:45:59,825 [INFO] ThirdParty:1030 - CMSIS Pack Vendor :STMicroelectronics X-CUBE-EEPRMA1 5.2.0
2026-04-21 20:45:59,825 [INFO] ThirdParty:1030 - CMSIS Pack Vendor :STMicroelectronics X-CUBE-GNSS1 7.1.0
2026-04-21 20:45:59,825 [INFO] ThirdParty:1030 - CMSIS Pack Vendor :STMicroelectronics X-CUBE-NFC12 1.0.0
2026-04-21 20:45:59,826 [INFO] ThirdParty:1030 - CMSIS Pack Vendor :STMicroelectronics X-CUBE-TOUCHGFX 4.26.1
2026-04-21 20:45:59,826 [INFO] ThirdParty:1030 - CMSIS Pack Vendor :STMicroelectronics X-CUBE-NFC6 3.2.0
2026-04-21 20:45:59,826 [INFO] ThirdParty:1030 - CMSIS Pack Vendor :STMicroelectronics X-CUBE-WB05N 2.1.0
2026-04-21 20:45:59,826 [INFO] LoadServerUpdatesThread:375 - End of LoadServerUpdate Thread
2026-04-21 20:46:02,289 [WARN] PackLoader:240 - Cannot read IP mode file for STMicroelectronics.X-CUBE-AZRTOS-H7.3.5.0
2026-04-21 20:46:02,302 [WARN] PackLoader:240 - Cannot read IP mode file for STMicroelectronics.FP-SNS-MOTENVWB1.1.4.0
2026-04-21 20:46:02,309 [WARN] PackLoader:240 - Cannot read IP mode file for STMicroelectronics.FP-ATR-ASTRA1.2.0.2
2026-04-21 20:46:02,327 [WARN] PackLoader:240 - Cannot read IP mode file for STMicroelectronics.FP-ATR-ASTRA1.2.0.1
2026-04-21 20:46:02,341 [WARN] PackLoader:240 - Cannot read IP mode file for STMicroelectronics.X-CUBE-SMBUS.2.1.0
2026-04-21 20:46:02,356 [WARN] PackLoader:240 - Cannot read IP mode file for STMicroelectronics.X-CUBE-WB05N.1.1.0
2026-04-21 20:46:02,371 [WARN] PackLoader:240 - Cannot read IP mode file for STMicroelectronics.X-CUBE-TOUCHGFX.4.23.1
2026-04-21 20:46:02,384 [WARN] PackLoader:240 - Cannot read IP mode file for STMicroelectronics.X-CUBE-TOUCHGFX.4.23.0
2026-04-21 20:46:02,398 [WARN] PackLoader:240 - Cannot read IP mode file for STMicroelectronics.X-CUBE-TOUCHGFX.4.23.2
2026-04-21 20:46:02,439 [WARN] PackLoader:240 - Cannot read IP mode file for STMicroelectronics.X-CUBE-AZRTOS-F7.1.1.0
2026-04-21 20:46:02,470 [WARN] PackLoader:240 - Cannot read IP mode file for STMicroelectronics.FP-SNS-MOTENV1.4.3.2
2026-04-21 20:46:02,516 [WARN] PackLoader:240 - Cannot read IP mode file for STMicroelectronics.X-CUBE-MEMS1.11.0.0
2026-04-21 20:46:02,589 [ERROR] Engine:466 - C:\Users\anton\.stm32cubemx\thirdparties\pdsc\STMicroelectronics.FP-SNS-MOTENV1.5.1.0.pdsc: PDSC version is not supported
2026-04-21 20:46:02,594 [WARN] PackLoader:240 - Cannot read IP mode file for STMicroelectronics.FP-SNS-FLIGHT1.5.0.2
2026-04-21 20:46:02,610 [WARN] PackLoader:240 - Cannot read IP mode file for STMicroelectronics.X-CUBE-DISPLAY.3.0.0
2026-04-21 20:46:02,615 [ERROR] Engine:466 - C:\Users\anton\.stm32cubemx\thirdparties\pdsc\STMicroelectronics.FP-SNS-MOTENVWB1.1.5.0.pdsc: PDSC version is not supported
2026-04-21 20:46:02,628 [WARN] PackLoader:240 - Cannot read IP mode file for STMicroelectronics.X-CUBE-BLE1.7.0.0
2026-04-21 20:46:02,643 [WARN] PackLoader:240 - Cannot read IP mode file for STMicroelectronics.X-CUBE-NFC10.1.0.0
2026-04-21 20:46:02,645 [ERROR] Engine:466 - C:\Users\anton\.stm32cubemx\thirdparties\pdsc\STMicroelectronics.X-CUBE-ST60.1.1.0.pdsc: PDSC version is not supported
2026-04-21 20:46:02,661 [WARN] PackLoader:240 - Cannot read IP mode file for emotas.I-CUBE-CANOPEN.1.3.0
2026-04-21 20:46:02,665 [WARN] PackLoader:240 - Cannot read IP mode file for STMicroelectronics.X-CUBE-GNSS1.7.1.0
2026-04-21 20:46:02,683 [WARN] PackLoader:240 - Cannot read IP mode file for STMicroelectronics.X-CUBE-BLEMGR.3.1.0
2026-04-21 20:46:02,687 [ERROR] Engine:466 - C:\Users\anton\.stm32cubemx\thirdparties\pdsc\STMicroelectronics.FP-SNS-STBOX1.2.1.0.pdsc: PDSC version is not supported
2026-04-21 20:46:02,703 [WARN] PackLoader:240 - Cannot read IP mode file for STMicroelectronics.FP-SNS-SMARTAG2.1.2.0
2026-04-21 20:46:02,705 [ERROR] Engine:466 - C:\Users\anton\.stm32cubemx\thirdparties\pdsc\STMicroelectronics.FP-SNS-FLIGHT1.5.1.0.pdsc: PDSC version is not supported
2026-04-21 20:46:02,728 [INFO] LogOutputStream:77 - [STDOUT_REDIRECT] 1 : Invalid condition id : UX_CORESTACK_Condition cause : null
2026-04-21 20:46:02,729 [INFO] LogOutputStream:77 - [STDOUT_REDIRECT] 1 : Invalid condition id : UX_CORESTACK_Condition cause : null
2026-04-21 20:46:02,730 [INFO] LogOutputStream:77 - [STDOUT_REDIRECT] 1 : Invalid condition id : UX_CORESTACK_Condition cause : null
2026-04-21 20:46:02,732 [INFO] LogOutputStream:77 - [STDOUT_REDIRECT] 1 : Invalid condition id : UX_CORESTACK_Condition cause : null
2026-04-21 20:46:02,733 [INFO] LogOutputStream:77 - [STDOUT_REDIRECT] 1 : Invalid condition id : UX_CORESTACK_Condition cause : null
2026-04-21 20:46:02,735 [WARN] PackLoader:240 - Cannot read IP mode file for STMicroelectronics.X-CUBE-AZRTOS-WL.2.0.0
2026-04-21 20:46:02,752 [WARN] PackLoader:240 - Cannot read IP mode file for STMicroelectronics.FP-SNS-MOTENV1.5.0.0
2026-04-21 20:46:02,768 [WARN] PackLoader:240 - Cannot read IP mode file for STMicroelectronics.X-CUBE-AZRTOS-H7RS.1.2.0
2026-04-21 20:46:02,774 [WARN] PackLoader:240 - Cannot read IP mode file for wolfSSL.I-CUBE-wolfMQTT.1.19.0
2026-04-21 20:46:02,791 [WARN] PackLoader:240 - Cannot read IP mode file for WES.I-CUBE-Cesium.1.3.0
2026-04-21 20:46:02,803 [WARN] PackLoader:240 - Cannot read IP mode file for STMicroelectronics.X-CUBE-BLE2.3.3.0
2026-04-21 20:46:02,805 [ERROR] Engine:466 - C:\Users\anton\.stm32cubemx\thirdparties\pdsc\Avnet-IOTCONNECT.X-CUBE-iotc-st67-sdk.1.0.0.pdsc: PDSC version is not supported
2026-04-21 20:46:02,816 [WARN] PackLoader:240 - Cannot read IP mode file for STMicroelectronics.X-CUBE-NFC9.1.0.0
2026-04-21 20:46:02,819 [WARN] PackLoader:240 - Cannot read IP mode file for STMicroelectronics.X-CUBE-BLE1.7.1.0
2026-04-21 20:46:02,832 [WARN] PackLoader:240 - Cannot read IP mode file for STMicroelectronics.X-CUBE-TCPP.4.1.0
2026-04-21 20:46:02,841 [WARN] PackLoader:240 - Cannot read IP mode file for STMicroelectronics.X-CUBE-EEPRMA1.5.2.0
2026-04-21 20:46:02,920 [WARN] PackLoader:240 - Cannot read IP mode file for STMicroelectronics.X-CUBE-MEMS1.12.0.0
2026-04-21 20:46:02,972 [WARN] PackLoader:240 - Cannot read IP mode file for STMicroelectronics.X-CUBE-ALGOBUILD.1.3.0
2026-04-21 20:46:02,992 [WARN] PackLoader:240 - Cannot read IP mode file for STMicroelectronics.X-CUBE-AZRTOS-G0.1.1.0
2026-04-21 20:46:03,010 [WARN] PackLoader:240 - Cannot read IP mode file for STMicroelectronics.X-CUBE-SAFEA1.1.2.2
2026-04-21 20:46:03,023 [WARN] PackLoader:240 - Cannot read IP mode file for STMicroelectronics.X-CUBE-NFC4.3.0.0
2026-04-21 20:46:03,040 [WARN] PackLoader:240 - Cannot read IP mode file for EmbeddedOffice.I-CUBE-FS-RTOS.1.0.1
2026-04-21 20:46:03,040 [ERROR] ConditionMgr:805 - Attr not supported : Dmpu
2026-04-21 20:46:03,040 [ERROR] ConditionMgr:805 - Attr not supported : Dmpu
2026-04-21 20:46:03,040 [ERROR] ConditionMgr:805 - Attr not supported : Dmpu
2026-04-21 20:46:03,040 [ERROR] ConditionMgr:805 - Attr not supported : Dmpu
2026-04-21 20:46:03,040 [ERROR] ConditionMgr:805 - Attr not supported : Dmpu
2026-04-21 20:46:03,040 [ERROR] ConditionMgr:805 - Attr not supported : Dmpu
2026-04-21 20:46:03,040 [ERROR] ConditionMgr:805 - Attr not supported : Dmpu
2026-04-21 20:46:03,040 [ERROR] ConditionMgr:805 - Attr not supported : Dmpu
2026-04-21 20:46:03,040 [ERROR] ConditionMgr:805 - Attr not supported : Dmpu
2026-04-21 20:46:03,040 [ERROR] ConditionMgr:805 - Attr not supported : Dmpu
2026-04-21 20:46:03,040 [ERROR] ConditionMgr:805 - Attr not supported : Dmpu
2026-04-21 20:46:03,040 [ERROR] ConditionMgr:805 - Attr not supported : Dmpu
2026-04-21 20:46:03,041 [ERROR] ConditionMgr:805 - Attr not supported : Dmpu
2026-04-21 20:46:03,041 [ERROR] ConditionMgr:805 - Attr not supported : Dmpu
2026-04-21 20:46:03,041 [ERROR] ConditionMgr:805 - Attr not supported : Dmpu
2026-04-21 20:46:03,041 [ERROR] ConditionMgr:805 - Attr not supported : Dmpu
2026-04-21 20:46:03,041 [ERROR] ConditionMgr:805 - Attr not supported : Dmpu
2026-04-21 20:46:03,041 [ERROR] ConditionMgr:805 - Attr not supported : Dmpu
2026-04-21 20:46:03,041 [ERROR] ConditionMgr:805 - Attr not supported : Dmpu
2026-04-21 20:46:03,041 [ERROR] ConditionMgr:805 - Attr not supported : Dmpu
2026-04-21 20:46:03,041 [ERROR] ConditionMgr:805 - Attr not supported : Dmpu
2026-04-21 20:46:03,041 [ERROR] ConditionMgr:805 - Attr not supported : Dmpu
2026-04-21 20:46:03,041 [ERROR] ConditionMgr:805 - Attr not supported : Dmpu
2026-04-21 20:46:03,042 [ERROR] ConditionMgr:805 - Attr not supported : Dmpu
2026-04-21 20:46:03,042 [ERROR] ConditionMgr:805 - Attr not supported : Dmpu
2026-04-21 20:46:03,042 [ERROR] ConditionMgr:805 - Attr not supported : Dmpu
2026-04-21 20:46:03,042 [ERROR] ConditionMgr:805 - Attr not supported : Dmpu
2026-04-21 20:46:03,042 [ERROR] ConditionMgr:805 - Attr not supported : Dmpu
2026-04-21 20:46:03,042 [ERROR] ConditionMgr:805 - Attr not supported : Dmpu
2026-04-21 20:46:03,042 [ERROR] ConditionMgr:805 - Attr not supported : Dmpu
2026-04-21 20:46:03,042 [ERROR] ConditionMgr:805 - Attr not supported : Dmpu
2026-04-21 20:46:03,042 [ERROR] ConditionMgr:805 - Attr not supported : Dmpu
2026-04-21 20:46:03,042 [ERROR] ConditionMgr:805 - Attr not supported : Dmpu
2026-04-21 20:46:03,042 [ERROR] ConditionMgr:805 - Attr not supported : Dmpu
2026-04-21 20:46:03,042 [ERROR] ConditionMgr:805 - Attr not supported : Dmpu
2026-04-21 20:46:03,042 [ERROR] ConditionMgr:805 - Attr not supported : Dmpu
2026-04-21 20:46:03,042 [ERROR] ConditionMgr:805 - Attr not supported : Dmpu
2026-04-21 20:46:03,042 [ERROR] ConditionMgr:805 - Attr not supported : Dmpu
2026-04-21 20:46:03,042 [ERROR] ConditionMgr:805 - Attr not supported : Dmpu
2026-04-21 20:46:03,042 [ERROR] ConditionMgr:805 - Attr not supported : Dmpu
2026-04-21 20:46:03,043 [ERROR] ConditionMgr:805 - Attr not supported : Dmpu
2026-04-21 20:46:03,043 [ERROR] ConditionMgr:805 - Attr not supported : Dmpu
2026-04-21 20:46:03,043 [ERROR] ConditionMgr:805 - Attr not supported : Dmpu
2026-04-21 20:46:03,043 [ERROR] ConditionMgr:805 - Attr not supported : Dmpu
2026-04-21 20:46:03,043 [ERROR] ConditionMgr:805 - Attr not supported : Dmpu
2026-04-21 20:46:03,043 [ERROR] ConditionMgr:805 - Attr not supported : Dmpu
2026-04-21 20:46:03,043 [ERROR] ConditionMgr:805 - Attr not supported : Dmpu
2026-04-21 20:46:03,043 [ERROR] ConditionMgr:805 - Attr not supported : Dmpu
2026-04-21 20:46:03,044 [ERROR] ConditionMgr:805 - Attr not supported : Dmpu
2026-04-21 20:46:03,044 [ERROR] ConditionMgr:805 - Attr not supported : Dmpu
2026-04-21 20:46:03,044 [ERROR] ConditionMgr:805 - Attr not supported : Dmpu
2026-04-21 20:46:03,044 [ERROR] ConditionMgr:805 - Attr not supported : Dmpu
2026-04-21 20:46:03,044 [ERROR] ConditionMgr:805 - Attr not supported : Dmpu
2026-04-21 20:46:03,044 [ERROR] ConditionMgr:805 - Attr not supported : Dmpu
2026-04-21 20:46:03,044 [ERROR] ConditionMgr:805 - Attr not supported : Dmpu
2026-04-21 20:46:03,044 [ERROR] ConditionMgr:805 - Attr not supported : Dmpu
2026-04-21 20:46:03,044 [ERROR] ConditionMgr:805 - Attr not supported : Dmpu
2026-04-21 20:46:03,044 [ERROR] ConditionMgr:805 - Attr not supported : Dmpu
2026-04-21 20:46:03,044 [ERROR] ConditionMgr:805 - Attr not supported : Dmpu
2026-04-21 20:46:03,045 [ERROR] ConditionMgr:805 - Attr not supported : Dmpu
2026-04-21 20:46:03,045 [ERROR] ConditionMgr:805 - Attr not supported : Dmpu
2026-04-21 20:46:03,045 [ERROR] ConditionMgr:805 - Attr not supported : Dmpu
2026-04-21 20:46:03,045 [ERROR] ConditionMgr:805 - Attr not supported : Dmpu
2026-04-21 20:46:03,045 [ERROR] ConditionMgr:805 - Attr not supported : Dmpu
2026-04-21 20:46:03,047 [ERROR] Engine:466 - C:\Users\anton\.stm32cubemx\thirdparties\pdsc\STMicroelectronics.X-CUBE-TCPP.4.2.0.pdsc: PDSC version is not supported
2026-04-21 20:46:03,063 [WARN] PackLoader:240 - Cannot read IP mode file for RealThread.X-CUBE-RT-Thread_Nano.4.1.1
2026-04-21 20:46:03,070 [WARN] PackLoader:240 - Cannot read IP mode file for STMicroelectronics.FP-ATR-SIGFOX1.3.2.0
2026-04-21 20:46:03,079 [WARN] ConditionMgr:438 - getConditionDescription Invalid condition id : Cortex-A Device cause : null
2026-04-21 20:46:03,115 [WARN] ConditionMgr:1039 - genDependencies : Invalid condition id : Cortex-A Device cause : null
2026-04-21 20:46:03,115 [WARN] ConditionMgr:1039 - genDependencies : Invalid condition id : Cortex-A Device cause : null
2026-04-21 20:46:03,115 [WARN] ConditionMgr:1039 - genDependencies : Invalid condition id : Cortex-A Device cause : null
2026-04-21 20:46:03,128 [WARN] PackLoader:240 - Cannot read IP mode file for STMicroelectronics.X-CUBE-EEPRMA1.5.1.0
2026-04-21 20:46:03,130 [ERROR] Engine:466 - C:\Users\anton\.stm32cubemx\thirdparties\pdsc\STMicroelectronics.X-CUBE-FREERTOS.1.5.0.pdsc: PDSC version is not supported
2026-04-21 20:46:03,133 [WARN] PackLoader:240 - Cannot read IP mode file for STMicroelectronics.X-CUBE-NFC6.3.2.0
2026-04-21 20:46:03,136 [WARN] PackLoader:240 - Cannot read IP mode file for STMicroelectronics.X-CUBE-AI.10.2.0
2026-04-21 20:46:03,164 [WARN] PackLoader:240 - Cannot read IP mode file for SEGGER.I-CUBE-embOS.1.3.1
2026-04-21 20:46:03,194 [WARN] PackLoader:240 - Cannot read IP mode file for STMicroelectronics.X-CUBE-ALGOBUILD.1.4.0
2026-04-21 20:46:03,205 [WARN] PackLoader:240 - Cannot read IP mode file for STMicroelectronics.X-CUBE-AI.9.1.0
2026-04-21 20:46:03,208 [WARN] PackLoader:240 - Cannot read IP mode file for STMicroelectronics.X-CUBE-PM33A1.1.0.0
2026-04-21 20:46:03,220 [WARN] PackLoader:240 - Cannot read IP mode file for STMicroelectronics.X-CUBE-GNSS1.6.0.0
2026-04-21 20:46:03,246 [WARN] PackLoader:240 - Cannot read IP mode file for STMicroelectronics.X-CUBE-AZRTOS-F4.1.1.0
2026-04-21 20:46:03,259 [WARN] PackLoader:240 - Cannot read IP mode file for STMicroelectronics.X-CUBE-ISPU.2.1.0
2026-04-21 20:46:03,261 [ERROR] Engine:466 - C:\Users\anton\.stm32cubemx\thirdparties\pdsc\STMicroelectronics.X-CUBE-IPS.3.2.0.pdsc: PDSC version is not supported
2026-04-21 20:46:03,262 [ERROR] Engine:466 - C:\Users\anton\.stm32cubemx\thirdparties\pdsc\STMicroelectronics.eDS-WB_DPC_TT-BIDIR.2.1.1.pdsc: PDSC version is not supported
2026-04-21 20:46:03,275 [WARN] PackLoader:240 - Cannot read IP mode file for STMicroelectronics.X-CUBE-FREERTOS.1.2.0
2026-04-21 20:46:03,287 [WARN] PackLoader:240 - Cannot read IP mode file for wolfSSL.I-CUBE-wolfSSL.5.6.6
2026-04-21 20:46:03,290 [WARN] PackLoader:240 - Cannot read IP mode file for STMicroelectronics.X-CUBE-NFC12.1.0.0
2026-04-21 20:46:03,319 [WARN] PackLoader:240 - Cannot read IP mode file for STMicroelectronics.X-CUBE-AZRTOS-L5.2.0.0
2026-04-21 20:46:03,345 [WARN] PackLoader:240 - Cannot read IP mode file for STMicroelectronics.X-CUBE-NFC6.3.1.0
2026-04-21 20:46:03,365 [WARN] PackLoader:240 - Cannot read IP mode file for ITTIA_DB.I-CUBE-ITTIADB.8.8.0
2026-04-21 20:46:03,400 [WARN] PackLoader:240 - Cannot read IP mode file for STMicroelectronics.X-CUBE-DPower.1.2.0
2026-04-21 20:46:03,402 [ERROR] Engine:466 - C:\Users\anton\.stm32cubemx\thirdparties\pdsc\STMicroelectronics.eDS-WB_DPC_VIENNA.1.2.0.pdsc: PDSC version is not supported
2026-04-21 20:46:03,404 [ERROR] Engine:466 - C:\Users\anton\.stm32cubemx\thirdparties\pdsc\STMicroelectronics.eDS-WB_DPC_3PH2L-BIDIR.1.1.1.pdsc: PDSC version is not supported
2026-04-21 20:46:03,417 [WARN] PackLoader:240 - Cannot read IP mode file for STMicroelectronics.X-CUBE-AI.9.0.0
2026-04-21 20:46:03,419 [ERROR] Engine:466 - C:\Users\anton\.stm32cubemx\thirdparties\pdsc\STMicroelectronics.X-CUBE-ST67W61.1.3.0.pdsc: PDSC version is not supported
2026-04-21 20:46:03,431 [WARN] PackLoader:240 - Cannot read IP mode file for STMicroelectronics.X-CUBE-NFC7.1.0.1
2026-04-21 20:46:03,435 [WARN] PackLoader:240 - Cannot read IP mode file for wolfSSL.I-CUBE-wolfTPM.3.2.0
2026-04-21 20:46:03,448 [WARN] PackLoader:240 - Cannot read IP mode file for STMicroelectronics.X-CUBE-NFC6.3.0.0
2026-04-21 20:46:03,450 [WARN] PackLoader:240 - Cannot read IP mode file for STMicroelectronics.X-CUBE-TOUCHGFX.4.26.1
2026-04-21 20:46:03,452 [ERROR] Engine:466 - C:\Users\anton\.stm32cubemx\thirdparties\pdsc\STMicroelectronics.FP-SNS-STAIOTCFT.1.0.0.pdsc: PDSC version is not supported
2026-04-21 20:46:03,453 [WARN] PackLoader:240 - Cannot read IP mode file for STMicroelectronics.X-CUBE-DPower.1.3.0
2026-04-21 20:46:03,465 [WARN] PackLoader:240 - Cannot read IP mode file for STMicroelectronics.X-CUBE-AI.8.1.0
2026-04-21 20:46:03,489 [WARN] ConditionMgr:438 - getConditionDescription Invalid condition id : LAN8742 Phy interface Condition cause : null
2026-04-21 20:46:03,489 [WARN] PackLoader:240 - Cannot read IP mode file for STMicroelectronics.X-CUBE-AZRTOS-L4.2.0.0
2026-04-21 20:46:03,490 [WARN] ConditionMgr:1039 - genDependencies : Invalid condition id : LAN8742 Phy interface Condition cause : null
2026-04-21 20:46:03,491 [WARN] ConditionMgr:1039 - genDependencies : Invalid condition id : LAN8742 Phy interface Condition cause : null
2026-04-21 20:46:03,492 [WARN] ConditionMgr:1039 - genDependencies : Invalid condition id : LAN8742 Phy interface Condition cause : null
2026-04-21 20:46:03,508 [WARN] PackLoader:240 - Cannot read IP mode file for STMicroelectronics.X-CUBE-SFXS2LP1.4.0.0
2026-04-21 20:46:03,511 [WARN] PackLoader:240 - Cannot read IP mode file for STMicroelectronics.X-CUBE-WB05N.2.1.0
2026-04-21 20:46:03,536 [WARN] PackLoader:240 - Cannot read IP mode file for STMicroelectronics.X-CUBE-AZRTOS-H7.3.3.0
2026-04-21 20:46:03,539 [ERROR] Engine:466 - C:\Users\anton\.stm32cubemx\thirdparties\pdsc\STMicroelectronics.X-CUBE-BLEMGR.4.1.0.pdsc: PDSC version is not supported
2026-04-21 20:46:03,554 [WARN] PackLoader:240 - Cannot read IP mode file for STMicroelectronics.X-CUBE-IPS.3.0.0
2026-04-21 20:46:03,579 [WARN] ConditionMgr:438 - getConditionDescription Invalid condition id : UX DEVICE CLASS RTOS Condition cause : null
2026-04-21 20:46:03,579 [WARN] ConditionMgr:438 - getConditionDescription Invalid condition id : UX DEVICE CLASS RTOS Condition cause : null
2026-04-21 20:46:03,580 [WARN] PackLoader:240 - Cannot read IP mode file for STMicroelectronics.X-CUBE-AZRTOS-WB.2.0.0
2026-04-21 20:46:03,580 [WARN] ConditionMgr:1039 - genDependencies : Invalid condition id : UX DEVICE CLASS RTOS Condition cause : null
2026-04-21 20:46:03,580 [WARN] ConditionMgr:1039 - genDependencies : Invalid condition id : UX DEVICE CLASS RTOS Condition cause : null
2026-04-21 20:46:03,580 [WARN] ConditionMgr:1039 - genDependencies : Invalid condition id : UX DEVICE CLASS RTOS Condition cause : null
2026-04-21 20:46:03,580 [WARN] ConditionMgr:1039 - genDependencies : Invalid condition id : UX DEVICE CLASS RTOS Condition cause : null
2026-04-21 20:46:03,580 [WARN] ConditionMgr:1039 - genDependencies : Invalid condition id : UX DEVICE CLASS RTOS Condition cause : null
2026-04-21 20:46:03,593 [WARN] PackLoader:240 - Cannot read IP mode file for STMicroelectronics.X-CUBE-GNSS1.7.0.0
2026-04-21 20:46:03,614 [WARN] PackLoader:240 - Cannot read IP mode file for STMicroelectronics.FP-SNS-STBOX1.2.0.0
2026-04-21 20:46:03,619 [WARN] PackLoader:240 - Cannot read IP mode file for STMicroelectronics.X-CUBE-STSE01.2.0.0
2026-04-21 20:46:03,635 [WARN] PackLoader:240 - Cannot read IP mode file for STMicroelectronics.X-CUBE-SUBG2.5.0.0
2026-04-21 20:46:03,656 [WARN] PackLoader:240 - Cannot read IP mode file for STMicroelectronics.X-CUBE-AZRTOS-G4.2.0.0
2026-04-21 20:46:03,677 [WARN] PackLoader:240 - Cannot read IP mode file for Infineon.AIROC-Wi-Fi-Bluetooth-STM32.1.5.1
2026-04-21 20:46:03,680 [WARN] PackLoader:240 - Cannot read IP mode file for STMicroelectronics.X-CUBE-NFC7.2.0.0
2026-04-21 20:46:03,691 [WARN] PackLoader:240 - Cannot read IP mode file for STMicroelectronics.FP-SNS-MOTENVWB1.1.3.1
2026-04-21 20:46:03,702 [WARN] PackLoader:240 - Cannot read IP mode file for STMicroelectronics.X-CUBE-ISPU.2.0.0
2026-04-21 20:46:03,713 [WARN] PackLoader:240 - Cannot read IP mode file for STMicroelectronics.X-CUBE-ALS.1.0.2
2026-04-21 20:46:03,739 [WARN] PackLoader:240 - Cannot read IP mode file for STMicroelectronics.X-CUBE-MEMS1.10.0.0
2026-04-21 20:46:03,862 [WARN] PackLoader:240 - Cannot read IP mode file for STMicroelectronics.X-CUBE-FREERTOS.1.1.0
2026-04-21 20:46:03,879 [WARN] PackLoader:240 - Cannot read IP mode file for STMicroelectronics.X-CUBE-TOUCHGFX.4.24.0
2026-04-21 20:46:03,891 [WARN] PackLoader:240 - Cannot read IP mode file for STMicroelectronics.X-CUBE-TOUCHGFX.4.24.1
2026-04-21 20:46:03,904 [WARN] PackLoader:240 - Cannot read IP mode file for portGmbH.I-Cube-SoM-uGOAL.1.1.0
2026-04-21 20:46:03,915 [WARN] PackLoader:240 - Cannot read IP mode file for STMicroelectronics.X-CUBE-ALS.1.0.1
2026-04-21 20:46:03,936 [WARN] PackLoader:240 - Cannot read IP mode file for STMicroelectronics.X-CUBE-AZRTOS-H7RS.1.0.0
2026-04-21 20:46:03,951 [WARN] PackLoader:240 - Cannot read IP mode file for STMicroelectronics.FP-ATR-ASTRA1.2.0.0
2026-04-21 20:46:03,966 [WARN] PackLoader:240 - Cannot read IP mode file for STMicroelectronics.X-CUBE-TOF1.3.4.2
2026-04-21 20:46:03,974 [ERROR] Engine:466 - C:\Users\anton\.stm32cubemx\thirdparties\pdsc\STMicroelectronics.X-CUBE-TOF1.3.4.3.pdsc: PDSC version is not supported
2026-04-21 20:46:03,988 [WARN] PackLoader:240 - Cannot read IP mode file for STMicroelectronics.X-CUBE-TOF1.3.4.1
2026-04-21 20:46:04,014 [WARN] PackLoader:240 - Cannot read IP mode file for STMicroelectronics.X-CUBE-AZRTOS-H7.3.2.0
2026-04-21 20:46:04,019 [WARN] PackLoader:240 - Cannot read IP mode file for wolfSSL.I-CUBE-wolfSSH.1.4.17
2026-04-21 20:46:04,020 [INFO] ThirdParty:978 - Integrity check success = true
2026-04-21 20:46:04,020 [INFO] IntegrityCheckThread:100 - exiting critical section [integrity check]
2026-04-21 20:46:04,020 [INFO] IntegrityCheckThread:103 - End integrity checks thread
2026-04-21 20:48:02,554 [ERROR] LogOutputStream:75 - [STDERR_REDIRECT] 
2026-04-21 20:49:07,960 [INFO] Activator:176 - 


2026-04-21 20:49:07,962 [INFO] Activator:177 - !SESSION log4j initialized
2026-04-21 20:49:12,696 [INFO] LogOutputStream:77 - [STDOUT_REDIRECT] 
