2024-07-15 16:16:38,327 [INFO] Activator:176 - 


2024-07-15 16:16:38,334 [INFO] Activator:177 - !SESSION log4j initialized
2024-07-15 16:16:44,612 [INFO] LogOutputStream:77 - [STDOUT_REDIRECT] 
2024-07-15 16:16:48,250 [INFO] ApplicationProperties:184 - Using Application install path: C:\ST\STM32CubeIDE_1.14.1\STM32CubeIDE\plugins\com.st.stm32cube.common.mx_6.11.1.202404110753
2024-07-15 16:16:48,267 [INFO] DbMcusXml:78 - Set database path to: C:\ST\STM32CubeIDE_1.14.1\STM32CubeIDE\plugins\com.st.stm32cube.common.mx_6.11.1.202404110753\\db\/mcu/
2024-07-15 16:16:48,267 [INFO] ApiDb:274 - Set plugin database path to: C:\ST\STM32CubeIDE_1.14.1\STM32CubeIDE\plugins\com.st.stm32cube.common.mx_6.11.1.202404110753\\db\/plugins/boardmanager/
2024-07-15 16:16:48,267 [WARN] ApiDb:259 - Overriding images path with different value:  => C:\ST\STM32CubeIDE_1.14.1\STM32CubeIDE\plugins\com.st.stm32cube.common.mx_6.11.1.202404110753\\db\/plugins/mcufinder/images/
2024-07-15 16:16:48,275 [INFO] ApiDb:250 - Set database path to: C:\Users\anton\.stmcufinder\plugins\mcufinder//mcu/
2024-07-15 16:16:48,276 [INFO] DbMcusAds:125 - Set database path to: C:\Users\anton\.stmcufinder\plugins\mcufinder//mcu/
2024-07-15 16:16:48,279 [INFO] CrossReferenceDbSqlite:203 - Set database path to: C:\Users\anton\.stmcufinder\plugins\mcufinder//mcu/cs/
2024-07-15 16:16:48,379 [INFO] RulesReader:64 - Compatibility file has been processed (297 Rules)
2024-07-15 16:16:48,461 [INFO] DbMcusXml:78 - Set database path to: C:\ST\STM32CubeIDE_1.14.1\STM32CubeIDE\plugins\com.st.stm32cube.common.mx_6.11.1.202404110753\\db\/mcu/
2024-07-15 16:16:48,461 [INFO] ApiDb:274 - Set plugin database path to: C:\ST\STM32CubeIDE_1.14.1\STM32CubeIDE\plugins\com.st.stm32cube.common.mx_6.11.1.202404110753\\db\/plugins/boardmanager/
2024-07-15 16:16:48,461 [INFO] ApiDb:261 - Set plugin images path to: C:\ST\STM32CubeIDE_1.14.1\STM32CubeIDE\plugins\com.st.stm32cube.common.mx_6.11.1.202404110753\\db\/plugins/mcufinder/images/
2024-07-15 16:16:48,462 [WARN] DbFile:41 - Overriding database path with different value: C:\Users\anton\.stmcufinder\plugins\mcufinder/ => C:\Users\anton\.stmcufinder\plugins\mcufinder
2024-07-15 16:16:48,462 [INFO] ApiDb:250 - Set database path to: C:\Users\anton\.stmcufinder\plugins\mcufinder//mcu/
2024-07-15 16:16:48,462 [WARN] DbFile:41 - Overriding database path with different value: C:\Users\anton\.stmcufinder\plugins\mcufinder/ => C:\Users\anton\.stmcufinder\plugins\mcufinder
2024-07-15 16:16:48,462 [INFO] DbMcusAds:125 - Set database path to: C:\Users\anton\.stmcufinder\plugins\mcufinder//mcu/
2024-07-15 16:16:48,462 [WARN] DbFile:41 - Overriding database path with different value: C:\Users\anton\.stmcufinder\plugins\mcufinder/ => C:\Users\anton\.stmcufinder\plugins\mcufinder
2024-07-15 16:16:48,462 [WARN] DbFile:41 - Overriding database path with different value: C:\Users\anton\.stmcufinder\plugins\mcufinder/ => C:\Users\anton\.stmcufinder\plugins\mcufinder
2024-07-15 16:16:48,462 [INFO] CrossReferenceDbSqlite:203 - Set database path to: C:\Users\anton\.stmcufinder\plugins\mcufinder//mcu/cs/
2024-07-15 16:16:48,570 [INFO] MainPanel:264 - HeapMemory: 268435456
2024-07-15 16:16:48,650 [INFO] DbMcusXml:78 - Set database path to: C:\ST\STM32CubeIDE_1.14.1\STM32CubeIDE\plugins\com.st.stm32cube.common.mx_6.11.1.202404110753\\db\/mcu/
2024-07-15 16:16:48,651 [INFO] ApiDb:274 - Set plugin database path to: C:\ST\STM32CubeIDE_1.14.1\STM32CubeIDE\plugins\com.st.stm32cube.common.mx_6.11.1.202404110753\\db\/plugins/boardmanager/
2024-07-15 16:16:48,651 [INFO] ApiDb:261 - Set plugin images path to: C:\ST\STM32CubeIDE_1.14.1\STM32CubeIDE\plugins\com.st.stm32cube.common.mx_6.11.1.202404110753\\db\/plugins/mcufinder/images/
2024-07-15 16:16:48,651 [WARN] DbFile:41 - Overriding database path with different value: C:\Users\anton\.stmcufinder\plugins\mcufinder/ => C:\Users\anton\.stmcufinder\plugins\mcufinder
2024-07-15 16:16:48,651 [INFO] ApiDb:250 - Set database path to: C:\Users\anton\.stmcufinder\plugins\mcufinder//mcu/
2024-07-15 16:16:48,651 [WARN] DbFile:41 - Overriding database path with different value: C:\Users\anton\.stmcufinder\plugins\mcufinder/ => C:\Users\anton\.stmcufinder\plugins\mcufinder
2024-07-15 16:16:48,651 [INFO] DbMcusAds:125 - Set database path to: C:\Users\anton\.stmcufinder\plugins\mcufinder//mcu/
2024-07-15 16:16:48,651 [WARN] DbFile:41 - Overriding database path with different value: C:\Users\anton\.stmcufinder\plugins\mcufinder/ => C:\Users\anton\.stmcufinder\plugins\mcufinder
2024-07-15 16:16:48,651 [WARN] DbFile:41 - Overriding database path with different value: C:\Users\anton\.stmcufinder\plugins\mcufinder/ => C:\Users\anton\.stmcufinder\plugins\mcufinder
2024-07-15 16:16:48,651 [INFO] CrossReferenceDbSqlite:203 - Set database path to: C:\Users\anton\.stmcufinder\plugins\mcufinder//mcu/cs/
2024-07-15 16:16:48,666 [INFO] ApplicationProperties:184 - Using Application install path: C:\ST\STM32CubeIDE_1.14.1\STM32CubeIDE\plugins\com.st.stm32cube.common.mx_6.11.1.202404110753
2024-07-15 16:16:48,668 [INFO] PluginManage:196 - Search for loadable plugins [exclusion list=, ]
2024-07-15 16:16:48,669 [INFO] PluginManage:310 - Check plugin analytics
2024-07-15 16:16:48,862 [INFO] AnalyticsPlugin:253 - Accepted Software Licenses: 
2024-07-15 16:16:48,862 [INFO] AnalyticsPlugin:255 - Accepted CMSIS Pack Licenses: 
2024-07-15 16:16:48,863 [INFO] AnalyticsPlugin:257 - Accepted Firmware Licenses: FW.F4.1.28.0
2024-07-15 16:16:48,867 [INFO] PluginManage:359 - Loaded plugin analytics (category:tool,tabindex:-1)
2024-07-15 16:16:48,867 [INFO] PluginManage:310 - Check plugin cadmodel
2024-07-15 16:16:48,886 [INFO] CADModel:105 - Init CAD model plugin
2024-07-15 16:16:48,886 [INFO] PluginManage:359 - Loaded plugin cadmodel (category:power,tabindex:5)
2024-07-15 16:16:48,887 [INFO] PluginManage:310 - Check plugin clock
2024-07-15 16:16:48,913 [INFO] PluginManage:359 - Loaded plugin clock (category:base,tabindex:2)
2024-07-15 16:16:48,913 [INFO] PluginManage:310 - Check plugin ddr
2024-07-15 16:16:48,915 [INFO] PluginManage:359 - Loaded plugin ddr (category:tool,tabindex:6)
2024-07-15 16:16:48,915 [INFO] PluginManage:310 - Check plugin filemanager
2024-07-15 16:16:49,075 [INFO] PluginManage:359 - Loaded plugin filemanager (category:base,tabindex:10)
2024-07-15 16:16:49,076 [INFO] PluginManage:310 - Check plugin ipmanager
2024-07-15 16:16:49,084 [INFO] PluginManage:359 - Loaded plugin ipmanager (category:base,tabindex:5)
2024-07-15 16:16:49,084 [INFO] PluginManage:310 - Check plugin lpbam
2024-07-15 16:16:49,103 [INFO] PluginManage:359 - Loaded plugin lpbam (category:base,tabindex:0)
2024-07-15 16:16:49,103 [INFO] PluginManage:310 - Check plugin memorymap
2024-07-15 16:16:49,129 [INFO] PluginManage:359 - Loaded plugin memorymap (category:base,tabindex:4)
2024-07-15 16:16:49,129 [INFO] PluginManage:310 - Check plugin pinoutandconfiguration
2024-07-15 16:16:49,144 [INFO] PluginManage:359 - Loaded plugin pinoutandconfiguration (category:base,tabindex:1)
2024-07-15 16:16:49,144 [INFO] PluginManage:310 - Check plugin pinoutconfig
2024-07-15 16:16:49,226 [WARN] SupportedApi:132 - Cannot load RTOS API schema: s4s-elt-must-match.1: The content of 'definitions' must match (annotation?, (simpleType | complexType)?, (unique | key | keyref)*)). A problem was found starting at: attribute.
2024-07-15 16:16:49,360 [INFO] PluginManage:359 - Loaded plugin pinoutconfig (category:base,tabindex:0)
2024-07-15 16:16:49,360 [INFO] PluginManage:310 - Check plugin power
2024-07-15 16:16:49,376 [INFO] PluginManage:359 - Loaded plugin power (category:power,tabindex:4)
2024-07-15 16:16:49,376 [INFO] PluginManage:310 - Check plugin projectmanager
2024-07-15 16:16:49,392 [INFO] PluginManage:359 - Loaded plugin projectmanager (category:projectmanager,tabindex:3)
2024-07-15 16:16:49,392 [INFO] PluginManage:310 - Check plugin thirdparty
2024-07-15 16:16:49,650 [INFO] PluginManage:359 - Loaded plugin thirdparty (category:base,tabindex:-1)
2024-07-15 16:16:49,650 [INFO] PluginManage:310 - Check plugin tools
2024-07-15 16:16:49,650 [WARN] IntegrityCheckThread:84 - waiting for thirdparty lock release [integrity check]
2024-07-15 16:16:49,651 [INFO] IntegrityCheckThread:86 - entering critical section [integrity check]
2024-07-15 16:16:49,651 [INFO] ThirdPartyUpdaterWithRetryManager:70 - Updater plugin not ready yet. [1/15]
2024-07-15 16:16:49,679 [INFO] PluginManage:359 - Loaded plugin tools (category:base,tabindex:7)
2024-07-15 16:16:49,679 [INFO] PluginManage:310 - Check plugin tutovideos
2024-07-15 16:16:49,837 [INFO] PluginManage:359 - Loaded plugin tutovideos (category:base,tabindex:-1)
2024-07-15 16:16:49,837 [INFO] PluginManage:310 - Check plugin updater
2024-07-15 16:16:49,847 [INFO] PluginManage:359 - Loaded plugin updater (category:base,tabindex:12)
2024-07-15 16:16:49,847 [INFO] PluginManage:310 - Check plugin userauth
2024-07-15 16:16:49,851 [INFO] UserAuth:114 - Init User Auth plugin
2024-07-15 16:16:49,852 [INFO] PluginManage:359 - Loaded plugin userauth (category:base,tabindex:14)
2024-07-15 16:16:49,852 [INFO] PluginManage:283 - PluginManage : Loaded plugins [17]
2024-07-15 16:16:50,037 [INFO] PinOutPanel:1561 - setPackage(No Configuration,No Configuration)
2024-07-15 16:16:50,115 [INFO] CADModel:165 - CPN selected for project level
2024-07-15 16:16:50,115 [INFO] CADModel:114 - Register for checkConnection events
2024-07-15 16:16:50,143 [INFO] IPUIPlugin:80 - create IPUIPlugin
2024-07-15 16:16:50,143 [INFO] PluginManager:220 - loadIPPluginJar : add adc
2024-07-15 16:16:50,181 [INFO] IPUIPlugin:80 - create IPUIPlugin
2024-07-15 16:16:50,181 [INFO] PluginManager:220 - loadIPPluginJar : add aes
2024-07-15 16:16:50,221 [INFO] IPUIPlugin:80 - create IPUIPlugin
2024-07-15 16:16:50,221 [INFO] PluginManager:220 - loadIPPluginJar : add can
2024-07-15 16:16:50,242 [INFO] IPUIPlugin:80 - create IPUIPlugin
2024-07-15 16:16:50,242 [INFO] PluginManager:220 - loadIPPluginJar : add comp
2024-07-15 16:16:50,271 [INFO] IPUIPlugin:80 - create IPUIPlugin
2024-07-15 16:16:50,272 [INFO] PluginManager:220 - loadIPPluginJar : add cryp
2024-07-15 16:16:50,295 [INFO] IPUIPlugin:80 - create IPUIPlugin
2024-07-15 16:16:50,295 [INFO] PluginManager:220 - loadIPPluginJar : add dfsdm
2024-07-15 16:16:50,310 [INFO] IPUIPlugin:80 - create IPUIPlugin
2024-07-15 16:16:50,310 [INFO] PluginManager:220 - loadIPPluginJar : add dma
2024-07-15 16:16:50,342 [INFO] IPUIPlugin:80 - create IPUIPlugin
2024-07-15 16:16:50,342 [INFO] PluginManager:220 - loadIPPluginJar : add dma3
2024-07-15 16:16:50,375 [INFO] IPUIPlugin:80 - create IPUIPlugin
2024-07-15 16:16:50,375 [INFO] PluginManager:220 - loadIPPluginJar : add extmemmanager
2024-07-15 16:16:50,389 [INFO] IPUIPlugin:80 - create IPUIPlugin
2024-07-15 16:16:50,389 [INFO] PluginManager:220 - loadIPPluginJar : add fatfs
2024-07-15 16:16:50,423 [INFO] IPUIPlugin:80 - create IPUIPlugin
2024-07-15 16:16:50,423 [INFO] PluginManager:220 - loadIPPluginJar : add fmc
2024-07-15 16:16:50,440 [INFO] IPUIPlugin:80 - create IPUIPlugin
2024-07-15 16:16:50,440 [INFO] PluginManager:220 - loadIPPluginJar : add freertos
2024-07-15 16:16:50,453 [INFO] IPUIPlugin:80 - create IPUIPlugin
2024-07-15 16:16:50,454 [INFO] PluginManager:220 - loadIPPluginJar : add genericplugin
2024-07-15 16:16:50,515 [INFO] IPUIPlugin:80 - create IPUIPlugin
2024-07-15 16:16:50,515 [INFO] PluginManager:220 - loadIPPluginJar : add gfxmmu
2024-07-15 16:16:50,604 [INFO] IPUIPlugin:80 - create IPUIPlugin
2024-07-15 16:16:50,604 [INFO] PluginManager:220 - loadIPPluginJar : add gic
2024-07-15 16:16:50,614 [INFO] IPUIPlugin:80 - create IPUIPlugin
2024-07-15 16:16:50,615 [INFO] PluginManager:220 - loadIPPluginJar : add gpio
2024-07-15 16:16:50,676 [INFO] IPUIPlugin:80 - create IPUIPlugin
2024-07-15 16:16:50,676 [INFO] PluginManager:220 - loadIPPluginJar : add gtzc
2024-07-15 16:16:50,697 [INFO] IPUIPlugin:80 - create IPUIPlugin
2024-07-15 16:16:50,697 [INFO] PluginManager:220 - loadIPPluginJar : add hash
2024-07-15 16:16:50,731 [INFO] IPUIPlugin:80 - create IPUIPlugin
2024-07-15 16:16:50,731 [INFO] PluginManager:220 - loadIPPluginJar : add i2c
2024-07-15 16:16:50,758 [INFO] IPUIPlugin:80 - create IPUIPlugin
2024-07-15 16:16:50,758 [INFO] PluginManager:220 - loadIPPluginJar : add i2s
2024-07-15 16:16:50,784 [INFO] IPUIPlugin:80 - create IPUIPlugin
2024-07-15 16:16:50,784 [INFO] PluginManager:220 - loadIPPluginJar : add i3c
2024-07-15 16:16:50,864 [INFO] IPUIPlugin:80 - create IPUIPlugin
2024-07-15 16:16:50,864 [INFO] PluginManager:220 - loadIPPluginJar : add ipddr
2024-07-15 16:16:50,926 [INFO] IPUIPlugin:80 - create IPUIPlugin
2024-07-15 16:16:50,926 [INFO] PluginManager:220 - loadIPPluginJar : add linkedlist
2024-07-15 16:16:50,952 [INFO] IPUIPlugin:80 - create IPUIPlugin
2024-07-15 16:16:50,953 [INFO] PluginManager:220 - loadIPPluginJar : add lorawan
2024-07-15 16:16:50,978 [INFO] IPUIPlugin:80 - create IPUIPlugin
2024-07-15 16:16:50,978 [INFO] PluginManager:220 - loadIPPluginJar : add ltdc
2024-07-15 16:16:50,988 [INFO] IPUIPlugin:80 - create IPUIPlugin
2024-07-15 16:16:50,988 [INFO] PluginManager:220 - loadIPPluginJar : add mdma
2024-07-15 16:16:50,997 [INFO] IPUIPlugin:80 - create IPUIPlugin
2024-07-15 16:16:50,997 [INFO] PluginManager:220 - loadIPPluginJar : add nvic
2024-07-15 16:16:51,022 [INFO] IPUIPlugin:80 - create IPUIPlugin
2024-07-15 16:16:51,022 [INFO] PluginManager:220 - loadIPPluginJar : add opamp
2024-07-15 16:16:51,063 [INFO] IPUIPlugin:80 - create IPUIPlugin
2024-07-15 16:16:51,063 [INFO] PluginManager:220 - loadIPPluginJar : add openamp
2024-07-15 16:16:51,091 [INFO] IPUIPlugin:80 - create IPUIPlugin
2024-07-15 16:16:51,091 [INFO] PluginManager:220 - loadIPPluginJar : add pdm2pcm
2024-07-15 16:16:51,102 [INFO] IPUIPlugin:80 - create IPUIPlugin
2024-07-15 16:16:51,104 [INFO] PluginManager:220 - loadIPPluginJar : add plateformsettings
2024-07-15 16:16:51,128 [INFO] IPUIPlugin:80 - create IPUIPlugin
2024-07-15 16:16:51,128 [INFO] PluginManager:220 - loadIPPluginJar : add quadspi
2024-07-15 16:16:51,138 [INFO] IPUIPlugin:80 - create IPUIPlugin
2024-07-15 16:16:51,138 [INFO] PluginManager:220 - loadIPPluginJar : add resmgrutility
2024-07-15 16:16:51,168 [INFO] IPUIPlugin:80 - create IPUIPlugin
2024-07-15 16:16:51,169 [INFO] PluginManager:220 - loadIPPluginJar : add sai
2024-07-15 16:16:51,194 [INFO] IPUIPlugin:80 - create IPUIPlugin
2024-07-15 16:16:51,194 [INFO] PluginManager:220 - loadIPPluginJar : add spi
2024-07-15 16:16:51,253 [INFO] IPUIPlugin:80 - create IPUIPlugin
2024-07-15 16:16:51,253 [INFO] PluginManager:220 - loadIPPluginJar : add stm32_wpan
2024-07-15 16:16:51,267 [INFO] IPUIPlugin:80 - create IPUIPlugin
2024-07-15 16:16:51,267 [INFO] PluginManager:220 - loadIPPluginJar : add tim
2024-07-15 16:16:51,305 [INFO] IPUIPlugin:80 - create IPUIPlugin
2024-07-15 16:16:51,305 [INFO] PluginManager:220 - loadIPPluginJar : add touchsensing
2024-07-15 16:16:51,321 [INFO] IPUIPlugin:80 - create IPUIPlugin
2024-07-15 16:16:51,321 [INFO] PluginManager:220 - loadIPPluginJar : add tracer_emb
2024-07-15 16:16:51,347 [INFO] IPUIPlugin:80 - create IPUIPlugin
2024-07-15 16:16:51,347 [INFO] PluginManager:220 - loadIPPluginJar : add ts
2024-07-15 16:16:51,380 [INFO] IPUIPlugin:80 - create IPUIPlugin
2024-07-15 16:16:51,381 [INFO] PluginManager:220 - loadIPPluginJar : add tsc
2024-07-15 16:16:51,395 [INFO] IPUIPlugin:80 - create IPUIPlugin
2024-07-15 16:16:51,395 [INFO] PluginManager:220 - loadIPPluginJar : add ucpd
2024-07-15 16:16:51,421 [INFO] IPUIPlugin:80 - create IPUIPlugin
2024-07-15 16:16:51,421 [INFO] PluginManager:220 - loadIPPluginJar : add usart
2024-07-15 16:16:51,448 [INFO] IPUIPlugin:80 - create IPUIPlugin
2024-07-15 16:16:51,448 [INFO] PluginManager:220 - loadIPPluginJar : add usbx
2024-07-15 16:16:51,568 [INFO] CADModel:165 - CPN selected for project level
2024-07-15 16:16:51,568 [INFO] CADModel:114 - Register for checkConnection events
2024-07-15 16:16:51,568 [FATAL] Updater:308 - Updater called before beeing initialized
2024-07-15 16:16:51,569 [ERROR] CADModel:125 - Updater not yet initialized, retry later 
2024-07-15 16:16:51,678 [INFO] CADModel:165 - CPN selected for project level
2024-07-15 16:16:51,678 [INFO] CADModel:114 - Register for checkConnection events
2024-07-15 16:16:51,678 [FATAL] Updater:308 - Updater called before beeing initialized
2024-07-15 16:16:51,678 [ERROR] CADModel:125 - Updater not yet initialized, retry later 
2024-07-15 16:16:51,680 [FATAL] Updater:308 - Updater called before beeing initialized
2024-07-15 16:16:51,763 [FATAL] Updater:308 - Updater called before beeing initialized
2024-07-15 16:16:51,773 [INFO] DbMcusAds:53 - JSON generation date=Thu May 16 11:22:00 CEST 2024 (1715851320667)
2024-07-15 16:16:51,773 [FATAL] Updater:308 - Updater called before beeing initialized
2024-07-15 16:16:51,830 [WARN] DetailPanel:346 - Failed to get advertising image, set to default
2024-07-15 16:16:51,900 [FATAL] Updater:308 - Updater called before beeing initialized
2024-07-15 16:16:51,902 [FATAL] Updater:308 - Updater called before beeing initialized
2024-07-15 16:16:51,902 [FATAL] Updater:308 - Updater called before beeing initialized
2024-07-15 16:16:51,902 [WARN] DetailPanel:346 - Failed to get advertising image, set to default
2024-07-15 16:16:51,902 [FATAL] Updater:308 - Updater called before beeing initialized
2024-07-15 16:16:51,957 [ERROR] Updater:1120 - MainUpdater not yet initialized. External WinMGr cannot be set.
2024-07-15 16:16:51,967 [INFO] Updater:1056 - Updater Version found : 6.11.1
2024-07-15 16:16:51,986 [INFO] ApplicationProperties:184 - Using Application install path: C:\ST\STM32CubeIDE_1.14.1\STM32CubeIDE\plugins\com.st.stm32cube.common.mx_6.11.1.202404110753
2024-07-15 16:16:52,653 [INFO] ThirdPartyUpdaterWithRetryManager:70 - Updater plugin not ready yet. [2/15]
2024-07-15 16:16:53,576 [ERROR] LogOutputStream:75 - [STDERR_REDIRECT] Jul 15, 2024 4:16:53 PM java.util.prefs.WindowsPreferences <init>
2024-07-15 16:16:53,577 [ERROR] LogOutputStream:75 - [STDERR_REDIRECT] WARNING: Could not open/create prefs root node Software\JavaSoft\Prefs at root 0xffffffff80000002. Windows RegCreateKeyEx(...) returned error code 5.
2024-07-15 16:16:53,577 [ERROR] LogOutputStream:75 - [STDERR_REDIRECT] 
2024-07-15 16:16:54,312 [INFO] MainUpdater:2873 - connection check result : 10
2024-07-15 16:16:54,312 [INFO] MainUpdater:3567 - Updater definition file requires update
2024-07-15 16:16:54,313 [INFO] MainUpdater:290 - Updater Check For Update Now.
2024-07-15 16:16:54,313 [INFO] MicroXplorer:498 - Change Database Version : DB.6.0.111
2024-07-15 16:16:54,325 [INFO] McuFinderGlobals:63 - Set McuFinder mode to 2 (CubeIDE integrated)
2024-07-15 16:16:54,340 [INFO] UserAuth:415 - Internet connection configuration mode: 1
2024-07-15 16:16:54,357 [INFO] JxBrowserEngine:152 - Initiate JxBrowser Engine with user profile folder
2024-07-15 16:16:54,609 [INFO] ServerAccessManage:473 - Download File updaters.zip
2024-07-15 16:16:54,853 [INFO] FileExtend:240 - Unzip File : updaters.zip
2024-07-15 16:16:54,854 [INFO] FileExtend:255 - Standard Zip Deflate
2024-07-15 16:16:55,654 [WARN] MainUpdater:1194 - Updater busy. Cannot search thirdparties
2024-07-15 16:16:55,655 [INFO] ThirdPartyUpdaterWithRetryManager:96 - Updater plugin is busy. [1/15]
2024-07-15 16:16:55,832 [INFO] ServerAccessManage:473 - Download File PacksControlFlags.xml
2024-07-15 16:16:56,001 [INFO] ServerAccessManage:473 - Download File cubemx.pidx
2024-07-15 16:16:56,119 [INFO] LoadServerUpdatesThread:375 - End of LoadServerUpdate Thread
2024-07-15 16:16:56,301 [INFO] CheckServerUpdateThread:120 - End of CheckServer Thread
2024-07-15 16:16:58,448 [INFO] WebApp:161 - Instantiating new browser for Auth
2024-07-15 16:16:58,894 [WARN] PackLoader:240 - Cannot read IP mode file for STMicroelectronics.FP-SNS-MOTENVWB1.1.4.0
2024-07-15 16:16:58,914 [WARN] PackLoader:240 - Cannot read IP mode file for STMicroelectronics.X-CUBE-SMBUS.2.1.0
2024-07-15 16:16:58,928 [WARN] PackLoader:240 - Cannot read IP mode file for STMicroelectronics.X-CUBE-TOUCHGFX.4.23.1
2024-07-15 16:16:58,939 [WARN] PackLoader:240 - Cannot read IP mode file for STMicroelectronics.X-CUBE-TOUCHGFX.4.23.0
2024-07-15 16:16:58,953 [WARN] PackLoader:240 - Cannot read IP mode file for STMicroelectronics.X-CUBE-TOUCHGFX.4.23.2
2024-07-15 16:16:58,997 [WARN] PackLoader:240 - Cannot read IP mode file for STMicroelectronics.X-CUBE-AZRTOS-F7.1.1.0
2024-07-15 16:16:59,022 [WARN] PackLoader:240 - Cannot read IP mode file for STMicroelectronics.FP-SNS-MOTENV1.4.3.2
2024-07-15 16:16:59,043 [WARN] PackLoader:240 - Cannot read IP mode file for STMicroelectronics.FP-SNS-FLIGHT1.5.0.2
2024-07-15 16:16:59,071 [WARN] PackLoader:240 - Cannot read IP mode file for STMicroelectronics.X-CUBE-DISPLAY.3.0.0
2024-07-15 16:16:59,101 [WARN] PackLoader:240 - Cannot read IP mode file for STMicroelectronics.X-CUBE-BLE1.7.0.0
2024-07-15 16:16:59,122 [WARN] PackLoader:240 - Cannot read IP mode file for emotas.I-CUBE-CANOPEN.1.3.0
2024-07-15 16:16:59,147 [WARN] PackLoader:240 - Cannot read IP mode file for STMicroelectronics.X-CUBE-BLEMGR.3.1.0
2024-07-15 16:16:59,167 [WARN] PackLoader:240 - Cannot read IP mode file for STMicroelectronics.FP-SNS-SMARTAG2.1.2.0
2024-07-15 16:16:59,194 [INFO] LogOutputStream:77 - [STDOUT_REDIRECT] 1 : Invalid condition id : UX_CORESTACK_Condition cause : null
2024-07-15 16:16:59,194 [INFO] LogOutputStream:77 - [STDOUT_REDIRECT] 1 : Invalid condition id : UX_CORESTACK_Condition cause : null
2024-07-15 16:16:59,196 [INFO] LogOutputStream:77 - [STDOUT_REDIRECT] 1 : Invalid condition id : UX_CORESTACK_Condition cause : null
2024-07-15 16:16:59,197 [INFO] LogOutputStream:77 - [STDOUT_REDIRECT] 1 : Invalid condition id : UX_CORESTACK_Condition cause : null
2024-07-15 16:16:59,197 [INFO] LogOutputStream:77 - [STDOUT_REDIRECT] 1 : Invalid condition id : UX_CORESTACK_Condition cause : null
2024-07-15 16:16:59,201 [WARN] PackLoader:240 - Cannot read IP mode file for STMicroelectronics.X-CUBE-AZRTOS-WL.2.0.0
2024-07-15 16:16:59,219 [WARN] PackLoader:240 - Cannot read IP mode file for STMicroelectronics.FP-SNS-MOTENV1.5.0.0
2024-07-15 16:16:59,237 [WARN] PackLoader:240 - Cannot read IP mode file for wolfSSL.I-CUBE-wolfMQTT.1.19.0
2024-07-15 16:16:59,241 [INFO] WebApp:779 - Register for checkConnection events
2024-07-15 16:16:59,241 [INFO] WebApp:414 - Apply proxy settings
2024-07-15 16:16:59,241 [INFO] WebApp:499 - Chromium requires no authentication
2024-07-15 16:16:59,252 [INFO] WebApp:442 - Direct internet connection detected
2024-07-15 16:16:59,259 [WARN] PackLoader:240 - Cannot read IP mode file for WES.I-CUBE-Cesium.1.3.0
2024-07-15 16:16:59,278 [WARN] PackLoader:240 - Cannot read IP mode file for STMicroelectronics.X-CUBE-BLE2.3.3.0
2024-07-15 16:16:59,297 [WARN] PackLoader:240 - Cannot read IP mode file for STMicroelectronics.X-CUBE-TCPP.4.1.0
2024-07-15 16:16:59,316 [WARN] PackLoader:240 - Cannot read IP mode file for STMicroelectronics.X-CUBE-ALGOBUILD.1.3.0
2024-07-15 16:16:59,351 [WARN] PackLoader:240 - Cannot read IP mode file for STMicroelectronics.X-CUBE-AZRTOS-G0.1.1.0
2024-07-15 16:16:59,375 [WARN] PackLoader:240 - Cannot read IP mode file for STMicroelectronics.X-CUBE-SAFEA1.1.2.2
2024-07-15 16:16:59,395 [WARN] PackLoader:240 - Cannot read IP mode file for STMicroelectronics.X-CUBE-NFC4.3.0.0
2024-07-15 16:16:59,423 [WARN] PackLoader:240 - Cannot read IP mode file for EmbeddedOffice.I-CUBE-FS-RTOS.1.0.1
2024-07-15 16:16:59,424 [ERROR] ConditionMgr:805 - Attr not supported : Dmpu
2024-07-15 16:16:59,424 [ERROR] ConditionMgr:805 - Attr not supported : Dmpu
2024-07-15 16:16:59,424 [ERROR] ConditionMgr:805 - Attr not supported : Dmpu
2024-07-15 16:16:59,424 [ERROR] ConditionMgr:805 - Attr not supported : Dmpu
2024-07-15 16:16:59,424 [ERROR] ConditionMgr:805 - Attr not supported : Dmpu
2024-07-15 16:16:59,425 [ERROR] ConditionMgr:805 - Attr not supported : Dmpu
2024-07-15 16:16:59,425 [ERROR] ConditionMgr:805 - Attr not supported : Dmpu
2024-07-15 16:16:59,425 [ERROR] ConditionMgr:805 - Attr not supported : Dmpu
2024-07-15 16:16:59,425 [ERROR] ConditionMgr:805 - Attr not supported : Dmpu
2024-07-15 16:16:59,425 [ERROR] ConditionMgr:805 - Attr not supported : Dmpu
2024-07-15 16:16:59,425 [ERROR] ConditionMgr:805 - Attr not supported : Dmpu
2024-07-15 16:16:59,425 [ERROR] ConditionMgr:805 - Attr not supported : Dmpu
2024-07-15 16:16:59,425 [ERROR] ConditionMgr:805 - Attr not supported : Dmpu
2024-07-15 16:16:59,425 [ERROR] ConditionMgr:805 - Attr not supported : Dmpu
2024-07-15 16:16:59,425 [ERROR] ConditionMgr:805 - Attr not supported : Dmpu
2024-07-15 16:16:59,426 [ERROR] ConditionMgr:805 - Attr not supported : Dmpu
2024-07-15 16:16:59,426 [ERROR] ConditionMgr:805 - Attr not supported : Dmpu
2024-07-15 16:16:59,426 [ERROR] ConditionMgr:805 - Attr not supported : Dmpu
2024-07-15 16:16:59,426 [ERROR] ConditionMgr:805 - Attr not supported : Dmpu
2024-07-15 16:16:59,426 [ERROR] ConditionMgr:805 - Attr not supported : Dmpu
2024-07-15 16:16:59,426 [ERROR] ConditionMgr:805 - Attr not supported : Dmpu
2024-07-15 16:16:59,426 [ERROR] ConditionMgr:805 - Attr not supported : Dmpu
2024-07-15 16:16:59,426 [ERROR] ConditionMgr:805 - Attr not supported : Dmpu
2024-07-15 16:16:59,426 [ERROR] ConditionMgr:805 - Attr not supported : Dmpu
2024-07-15 16:16:59,426 [ERROR] ConditionMgr:805 - Attr not supported : Dmpu
2024-07-15 16:16:59,427 [ERROR] ConditionMgr:805 - Attr not supported : Dmpu
2024-07-15 16:16:59,427 [ERROR] ConditionMgr:805 - Attr not supported : Dmpu
2024-07-15 16:16:59,427 [ERROR] ConditionMgr:805 - Attr not supported : Dmpu
2024-07-15 16:16:59,427 [ERROR] ConditionMgr:805 - Attr not supported : Dmpu
2024-07-15 16:16:59,427 [ERROR] ConditionMgr:805 - Attr not supported : Dmpu
2024-07-15 16:16:59,427 [ERROR] ConditionMgr:805 - Attr not supported : Dmpu
2024-07-15 16:16:59,427 [ERROR] ConditionMgr:805 - Attr not supported : Dmpu
2024-07-15 16:16:59,427 [ERROR] ConditionMgr:805 - Attr not supported : Dmpu
2024-07-15 16:16:59,427 [ERROR] ConditionMgr:805 - Attr not supported : Dmpu
2024-07-15 16:16:59,427 [ERROR] ConditionMgr:805 - Attr not supported : Dmpu
2024-07-15 16:16:59,427 [ERROR] ConditionMgr:805 - Attr not supported : Dmpu
2024-07-15 16:16:59,427 [ERROR] ConditionMgr:805 - Attr not supported : Dmpu
2024-07-15 16:16:59,427 [ERROR] ConditionMgr:805 - Attr not supported : Dmpu
2024-07-15 16:16:59,427 [ERROR] ConditionMgr:805 - Attr not supported : Dmpu
2024-07-15 16:16:59,428 [ERROR] ConditionMgr:805 - Attr not supported : Dmpu
2024-07-15 16:16:59,428 [ERROR] ConditionMgr:805 - Attr not supported : Dmpu
2024-07-15 16:16:59,428 [ERROR] ConditionMgr:805 - Attr not supported : Dmpu
2024-07-15 16:16:59,428 [ERROR] ConditionMgr:805 - Attr not supported : Dmpu
2024-07-15 16:16:59,428 [ERROR] ConditionMgr:805 - Attr not supported : Dmpu
2024-07-15 16:16:59,428 [ERROR] ConditionMgr:805 - Attr not supported : Dmpu
2024-07-15 16:16:59,428 [ERROR] ConditionMgr:805 - Attr not supported : Dmpu
2024-07-15 16:16:59,429 [ERROR] ConditionMgr:805 - Attr not supported : Dmpu
2024-07-15 16:16:59,429 [ERROR] ConditionMgr:805 - Attr not supported : Dmpu
2024-07-15 16:16:59,429 [ERROR] ConditionMgr:805 - Attr not supported : Dmpu
2024-07-15 16:16:59,429 [ERROR] ConditionMgr:805 - Attr not supported : Dmpu
2024-07-15 16:16:59,429 [ERROR] ConditionMgr:805 - Attr not supported : Dmpu
2024-07-15 16:16:59,429 [ERROR] ConditionMgr:805 - Attr not supported : Dmpu
2024-07-15 16:16:59,429 [ERROR] ConditionMgr:805 - Attr not supported : Dmpu
2024-07-15 16:16:59,429 [ERROR] ConditionMgr:805 - Attr not supported : Dmpu
2024-07-15 16:16:59,429 [ERROR] ConditionMgr:805 - Attr not supported : Dmpu
2024-07-15 16:16:59,429 [ERROR] ConditionMgr:805 - Attr not supported : Dmpu
2024-07-15 16:16:59,429 [ERROR] ConditionMgr:805 - Attr not supported : Dmpu
2024-07-15 16:16:59,430 [ERROR] ConditionMgr:805 - Attr not supported : Dmpu
2024-07-15 16:16:59,430 [ERROR] ConditionMgr:805 - Attr not supported : Dmpu
2024-07-15 16:16:59,430 [ERROR] ConditionMgr:805 - Attr not supported : Dmpu
2024-07-15 16:16:59,430 [ERROR] ConditionMgr:805 - Attr not supported : Dmpu
2024-07-15 16:16:59,430 [ERROR] ConditionMgr:805 - Attr not supported : Dmpu
2024-07-15 16:16:59,430 [ERROR] ConditionMgr:805 - Attr not supported : Dmpu
2024-07-15 16:16:59,430 [ERROR] ConditionMgr:805 - Attr not supported : Dmpu
2024-07-15 16:16:59,448 [WARN] PackLoader:240 - Cannot read IP mode file for RealThread.X-CUBE-RT-Thread_Nano.4.1.1
2024-07-15 16:16:59,466 [WARN] PackLoader:240 - Cannot read IP mode file for STMicroelectronics.FP-ATR-SIGFOX1.3.2.0
2024-07-15 16:16:59,486 [WARN] PackLoader:240 - Cannot read IP mode file for STMicroelectronics.X-CUBE-EEPRMA1.5.1.0
2024-07-15 16:16:59,557 [WARN] PackLoader:240 - Cannot read IP mode file for SEGGER.I-CUBE-embOS.1.3.1
2024-07-15 16:16:59,628 [WARN] PackLoader:240 - Cannot read IP mode file for STMicroelectronics.X-CUBE-ALGOBUILD.1.4.0
2024-07-15 16:16:59,656 [WARN] PackLoader:240 - Cannot read IP mode file for STMicroelectronics.X-CUBE-GNSS1.6.0.0
2024-07-15 16:16:59,704 [WARN] PackLoader:240 - Cannot read IP mode file for STMicroelectronics.X-CUBE-AZRTOS-F4.1.1.0
2024-07-15 16:16:59,729 [WARN] PackLoader:240 - Cannot read IP mode file for STMicroelectronics.X-CUBE-FREERTOS.1.2.0
2024-07-15 16:16:59,746 [WARN] PackLoader:240 - Cannot read IP mode file for wolfSSL.I-CUBE-wolfSSL.5.6.6
2024-07-15 16:16:59,787 [WARN] PackLoader:240 - Cannot read IP mode file for STMicroelectronics.X-CUBE-AZRTOS-L5.2.0.0
2024-07-15 16:16:59,817 [WARN] PackLoader:240 - Cannot read IP mode file for STMicroelectronics.X-CUBE-NFC6.3.1.0
2024-07-15 16:16:59,841 [WARN] PackLoader:240 - Cannot read IP mode file for ITTIA_DB.I-CUBE-ITTIADB.8.8.0
2024-07-15 16:16:59,864 [WARN] PackLoader:240 - Cannot read IP mode file for STMicroelectronics.X-CUBE-DPower.1.2.0
2024-07-15 16:16:59,884 [WARN] PackLoader:240 - Cannot read IP mode file for STMicroelectronics.X-CUBE-AI.9.0.0
2024-07-15 16:16:59,910 [WARN] PackLoader:240 - Cannot read IP mode file for STMicroelectronics.X-CUBE-NFC7.1.0.1
2024-07-15 16:16:59,919 [INFO] WebApp:192 - Starting web application
2024-07-15 16:16:59,919 [INFO] WebApp:544 - Web application path used C:\ST\STM32CubeIDE_1.14.1\STM32CubeIDE\plugins\com.st.stm32cube.common.mx_6.11.1.202404110753\db\plugins\mcufinder\reactClient1\index.html
2024-07-15 16:16:59,936 [WARN] PackLoader:240 - Cannot read IP mode file for wolfSSL.I-CUBE-wolfTPM.3.2.0
2024-07-15 16:16:59,956 [WARN] PackLoader:240 - Cannot read IP mode file for STMicroelectronics.X-CUBE-NFC6.3.0.0
2024-07-15 16:16:59,977 [WARN] PackLoader:240 - Cannot read IP mode file for STMicroelectronics.X-CUBE-AI.8.1.0
2024-07-15 16:17:00,035 [WARN] ConditionMgr:438 - getConditionDescription Invalid condition id : LAN8742 Phy interface Condition cause : null
2024-07-15 16:17:00,037 [WARN] PackLoader:240 - Cannot read IP mode file for STMicroelectronics.X-CUBE-AZRTOS-L4.2.0.0
2024-07-15 16:17:00,041 [WARN] ConditionMgr:1039 - genDependencies : Invalid condition id : LAN8742 Phy interface Condition cause : null
2024-07-15 16:17:00,042 [WARN] ConditionMgr:1039 - genDependencies : Invalid condition id : LAN8742 Phy interface Condition cause : null
2024-07-15 16:17:00,043 [WARN] ConditionMgr:1039 - genDependencies : Invalid condition id : LAN8742 Phy interface Condition cause : null
2024-07-15 16:17:00,070 [WARN] PackLoader:240 - Cannot read IP mode file for STMicroelectronics.X-CUBE-SFXS2LP1.4.0.0
2024-07-15 16:17:00,128 [WARN] ConditionMgr:438 - getConditionDescription Invalid condition id : UX DEVICE CLASS RTOS Condition cause : null
2024-07-15 16:17:00,129 [WARN] ConditionMgr:438 - getConditionDescription Invalid condition id : UX DEVICE CLASS RTOS Condition cause : null
2024-07-15 16:17:00,133 [WARN] PackLoader:240 - Cannot read IP mode file for STMicroelectronics.X-CUBE-AZRTOS-WB.2.0.0
2024-07-15 16:17:00,134 [WARN] ConditionMgr:1039 - genDependencies : Invalid condition id : UX DEVICE CLASS RTOS Condition cause : null
2024-07-15 16:17:00,134 [WARN] ConditionMgr:1039 - genDependencies : Invalid condition id : UX DEVICE CLASS RTOS Condition cause : null
2024-07-15 16:17:00,135 [WARN] ConditionMgr:1039 - genDependencies : Invalid condition id : UX DEVICE CLASS RTOS Condition cause : null
2024-07-15 16:17:00,135 [WARN] ConditionMgr:1039 - genDependencies : Invalid condition id : UX DEVICE CLASS RTOS Condition cause : null
2024-07-15 16:17:00,136 [WARN] ConditionMgr:1039 - genDependencies : Invalid condition id : UX DEVICE CLASS RTOS Condition cause : null
2024-07-15 16:17:00,177 [WARN] PackLoader:240 - Cannot read IP mode file for STMicroelectronics.X-CUBE-SUBG2.5.0.0
2024-07-15 16:17:00,240 [WARN] PackLoader:240 - Cannot read IP mode file for STMicroelectronics.X-CUBE-AZRTOS-G4.2.0.0
2024-07-15 16:17:00,283 [WARN] PackLoader:240 - Cannot read IP mode file for Infineon.AIROC-Wi-Fi-Bluetooth-STM32.1.5.1
2024-07-15 16:17:00,307 [WARN] PackLoader:240 - Cannot read IP mode file for STMicroelectronics.FP-SNS-MOTENVWB1.1.3.1
2024-07-15 16:17:00,343 [WARN] PackLoader:240 - Cannot read IP mode file for STMicroelectronics.X-CUBE-ISPU.2.0.0
2024-07-15 16:17:00,380 [WARN] PackLoader:240 - Cannot read IP mode file for STMicroelectronics.X-CUBE-ALS.1.0.2
2024-07-15 16:17:00,486 [WARN] PackLoader:240 - Cannot read IP mode file for STMicroelectronics.X-CUBE-MEMS1.10.0.0
2024-07-15 16:17:00,650 [WARN] PackLoader:240 - Cannot read IP mode file for STMicroelectronics.X-CUBE-FREERTOS.1.1.0
2024-07-15 16:17:00,695 [WARN] PackLoader:240 - Cannot read IP mode file for STMicroelectronics.X-CUBE-TOUCHGFX.4.24.0
2024-07-15 16:17:00,755 [WARN] PackLoader:240 - Cannot read IP mode file for portGmbH.I-Cube-SoM-uGOAL.1.1.0
2024-07-15 16:17:00,777 [WARN] PackLoader:240 - Cannot read IP mode file for STMicroelectronics.X-CUBE-ALS.1.0.1
2024-07-15 16:17:00,822 [WARN] PackLoader:240 - Cannot read IP mode file for STMicroelectronics.X-CUBE-AZRTOS-H7RS.1.0.0
2024-07-15 16:17:00,846 [WARN] PackLoader:240 - Cannot read IP mode file for STMicroelectronics.FP-ATR-ASTRA1.2.0.0
2024-07-15 16:17:00,886 [WARN] PackLoader:240 - Cannot read IP mode file for STMicroelectronics.X-CUBE-TOF1.3.4.1
2024-07-15 16:17:00,952 [WARN] PackLoader:240 - Cannot read IP mode file for STMicroelectronics.X-CUBE-AZRTOS-H7.3.2.0
2024-07-15 16:17:00,979 [WARN] PackLoader:240 - Cannot read IP mode file for wolfSSL.I-CUBE-wolfSSH.1.4.17
2024-07-15 16:17:00,980 [INFO] ThirdParty:978 - Integrity check success = true
2024-07-15 16:17:00,981 [INFO] IntegrityCheckThread:100 - exiting critical section [integrity check]
2024-07-15 16:17:00,981 [INFO] IntegrityCheckThread:103 - End integrity checks thread
2024-07-15 20:36:03,310 [INFO] Activator:176 - 


2024-07-15 20:36:03,312 [INFO] Activator:177 - !SESSION log4j initialized
2024-07-15 20:36:09,063 [INFO] LogOutputStream:77 - [STDOUT_REDIRECT] 
2024-07-15 20:36:12,726 [INFO] ApplicationProperties:184 - Using Application install path: C:\ST\STM32CubeIDE_1.14.1\STM32CubeIDE\plugins\com.st.stm32cube.common.mx_6.11.1.202404110753
2024-07-15 20:36:12,740 [INFO] DbMcusXml:78 - Set database path to: C:\ST\STM32CubeIDE_1.14.1\STM32CubeIDE\plugins\com.st.stm32cube.common.mx_6.11.1.202404110753\\db\/mcu/
2024-07-15 20:36:12,740 [INFO] ApiDb:274 - Set plugin database path to: C:\ST\STM32CubeIDE_1.14.1\STM32CubeIDE\plugins\com.st.stm32cube.common.mx_6.11.1.202404110753\\db\/plugins/boardmanager/
2024-07-15 20:36:12,740 [WARN] ApiDb:259 - Overriding images path with different value:  => C:\ST\STM32CubeIDE_1.14.1\STM32CubeIDE\plugins\com.st.stm32cube.common.mx_6.11.1.202404110753\\db\/plugins/mcufinder/images/
2024-07-15 20:36:12,745 [INFO] ApiDb:250 - Set database path to: C:\Users\anton\.stmcufinder\plugins\mcufinder//mcu/
2024-07-15 20:36:12,746 [INFO] DbMcusAds:125 - Set database path to: C:\Users\anton\.stmcufinder\plugins\mcufinder//mcu/
2024-07-15 20:36:12,748 [INFO] CrossReferenceDbSqlite:203 - Set database path to: C:\Users\anton\.stmcufinder\plugins\mcufinder//mcu/cs/
2024-07-15 20:36:12,848 [INFO] RulesReader:64 - Compatibility file has been processed (297 Rules)
2024-07-15 20:36:12,924 [INFO] DbMcusXml:78 - Set database path to: C:\ST\STM32CubeIDE_1.14.1\STM32CubeIDE\plugins\com.st.stm32cube.common.mx_6.11.1.202404110753\\db\/mcu/
2024-07-15 20:36:12,924 [INFO] ApiDb:274 - Set plugin database path to: C:\ST\STM32CubeIDE_1.14.1\STM32CubeIDE\plugins\com.st.stm32cube.common.mx_6.11.1.202404110753\\db\/plugins/boardmanager/
2024-07-15 20:36:12,924 [INFO] ApiDb:261 - Set plugin images path to: C:\ST\STM32CubeIDE_1.14.1\STM32CubeIDE\plugins\com.st.stm32cube.common.mx_6.11.1.202404110753\\db\/plugins/mcufinder/images/
2024-07-15 20:36:12,924 [WARN] DbFile:41 - Overriding database path with different value: C:\Users\anton\.stmcufinder\plugins\mcufinder/ => C:\Users\anton\.stmcufinder\plugins\mcufinder
2024-07-15 20:36:12,924 [INFO] ApiDb:250 - Set database path to: C:\Users\anton\.stmcufinder\plugins\mcufinder//mcu/
2024-07-15 20:36:12,926 [WARN] DbFile:41 - Overriding database path with different value: C:\Users\anton\.stmcufinder\plugins\mcufinder/ => C:\Users\anton\.stmcufinder\plugins\mcufinder
2024-07-15 20:36:12,926 [INFO] DbMcusAds:125 - Set database path to: C:\Users\anton\.stmcufinder\plugins\mcufinder//mcu/
2024-07-15 20:36:12,926 [WARN] DbFile:41 - Overriding database path with different value: C:\Users\anton\.stmcufinder\plugins\mcufinder/ => C:\Users\anton\.stmcufinder\plugins\mcufinder
2024-07-15 20:36:12,926 [WARN] DbFile:41 - Overriding database path with different value: C:\Users\anton\.stmcufinder\plugins\mcufinder/ => C:\Users\anton\.stmcufinder\plugins\mcufinder
2024-07-15 20:36:12,926 [INFO] CrossReferenceDbSqlite:203 - Set database path to: C:\Users\anton\.stmcufinder\plugins\mcufinder//mcu/cs/
2024-07-15 20:36:13,000 [INFO] MainPanel:264 - HeapMemory: 268435456
2024-07-15 20:36:13,076 [INFO] DbMcusXml:78 - Set database path to: C:\ST\STM32CubeIDE_1.14.1\STM32CubeIDE\plugins\com.st.stm32cube.common.mx_6.11.1.202404110753\\db\/mcu/
2024-07-15 20:36:13,076 [INFO] ApiDb:274 - Set plugin database path to: C:\ST\STM32CubeIDE_1.14.1\STM32CubeIDE\plugins\com.st.stm32cube.common.mx_6.11.1.202404110753\\db\/plugins/boardmanager/
2024-07-15 20:36:13,076 [INFO] ApiDb:261 - Set plugin images path to: C:\ST\STM32CubeIDE_1.14.1\STM32CubeIDE\plugins\com.st.stm32cube.common.mx_6.11.1.202404110753\\db\/plugins/mcufinder/images/
2024-07-15 20:36:13,076 [WARN] DbFile:41 - Overriding database path with different value: C:\Users\anton\.stmcufinder\plugins\mcufinder/ => C:\Users\anton\.stmcufinder\plugins\mcufinder
2024-07-15 20:36:13,076 [INFO] ApiDb:250 - Set database path to: C:\Users\anton\.stmcufinder\plugins\mcufinder//mcu/
2024-07-15 20:36:13,076 [WARN] DbFile:41 - Overriding database path with different value: C:\Users\anton\.stmcufinder\plugins\mcufinder/ => C:\Users\anton\.stmcufinder\plugins\mcufinder
2024-07-15 20:36:13,076 [INFO] DbMcusAds:125 - Set database path to: C:\Users\anton\.stmcufinder\plugins\mcufinder//mcu/
2024-07-15 20:36:13,077 [WARN] DbFile:41 - Overriding database path with different value: C:\Users\anton\.stmcufinder\plugins\mcufinder/ => C:\Users\anton\.stmcufinder\plugins\mcufinder
2024-07-15 20:36:13,077 [WARN] DbFile:41 - Overriding database path with different value: C:\Users\anton\.stmcufinder\plugins\mcufinder/ => C:\Users\anton\.stmcufinder\plugins\mcufinder
2024-07-15 20:36:13,077 [INFO] CrossReferenceDbSqlite:203 - Set database path to: C:\Users\anton\.stmcufinder\plugins\mcufinder//mcu/cs/
2024-07-15 20:36:13,090 [INFO] ApplicationProperties:184 - Using Application install path: C:\ST\STM32CubeIDE_1.14.1\STM32CubeIDE\plugins\com.st.stm32cube.common.mx_6.11.1.202404110753
2024-07-15 20:36:13,093 [INFO] PluginManage:196 - Search for loadable plugins [exclusion list=, ]
2024-07-15 20:36:13,094 [INFO] PluginManage:310 - Check plugin analytics
2024-07-15 20:36:13,280 [INFO] AnalyticsPlugin:253 - Accepted Software Licenses: 
2024-07-15 20:36:13,281 [INFO] AnalyticsPlugin:255 - Accepted CMSIS Pack Licenses: 
2024-07-15 20:36:13,281 [INFO] AnalyticsPlugin:257 - Accepted Firmware Licenses: FW.F4.1.28.0
2024-07-15 20:36:13,285 [INFO] PluginManage:359 - Loaded plugin analytics (category:tool,tabindex:-1)
2024-07-15 20:36:13,285 [INFO] PluginManage:310 - Check plugin cadmodel
2024-07-15 20:36:13,303 [INFO] CADModel:105 - Init CAD model plugin
2024-07-15 20:36:13,303 [INFO] PluginManage:359 - Loaded plugin cadmodel (category:power,tabindex:5)
2024-07-15 20:36:13,303 [INFO] PluginManage:310 - Check plugin clock
2024-07-15 20:36:13,338 [INFO] PluginManage:359 - Loaded plugin clock (category:base,tabindex:2)
2024-07-15 20:36:13,339 [INFO] PluginManage:310 - Check plugin ddr
2024-07-15 20:36:13,341 [INFO] PluginManage:359 - Loaded plugin ddr (category:tool,tabindex:6)
2024-07-15 20:36:13,341 [INFO] PluginManage:310 - Check plugin filemanager
2024-07-15 20:36:13,503 [INFO] PluginManage:359 - Loaded plugin filemanager (category:base,tabindex:10)
2024-07-15 20:36:13,503 [INFO] PluginManage:310 - Check plugin ipmanager
2024-07-15 20:36:13,512 [INFO] PluginManage:359 - Loaded plugin ipmanager (category:base,tabindex:5)
2024-07-15 20:36:13,512 [INFO] PluginManage:310 - Check plugin lpbam
2024-07-15 20:36:13,534 [INFO] PluginManage:359 - Loaded plugin lpbam (category:base,tabindex:0)
2024-07-15 20:36:13,534 [INFO] PluginManage:310 - Check plugin memorymap
2024-07-15 20:36:13,574 [INFO] PluginManage:359 - Loaded plugin memorymap (category:base,tabindex:4)
2024-07-15 20:36:13,575 [INFO] PluginManage:310 - Check plugin pinoutandconfiguration
2024-07-15 20:36:13,601 [INFO] PluginManage:359 - Loaded plugin pinoutandconfiguration (category:base,tabindex:1)
2024-07-15 20:36:13,601 [INFO] PluginManage:310 - Check plugin pinoutconfig
2024-07-15 20:36:13,700 [WARN] SupportedApi:132 - Cannot load RTOS API schema: s4s-elt-must-match.1: The content of 'definitions' must match (annotation?, (simpleType | complexType)?, (unique | key | keyref)*)). A problem was found starting at: attribute.
2024-07-15 20:36:13,826 [INFO] PluginManage:359 - Loaded plugin pinoutconfig (category:base,tabindex:0)
2024-07-15 20:36:13,827 [INFO] PluginManage:310 - Check plugin power
2024-07-15 20:36:13,844 [INFO] PluginManage:359 - Loaded plugin power (category:power,tabindex:4)
2024-07-15 20:36:13,844 [INFO] PluginManage:310 - Check plugin projectmanager
2024-07-15 20:36:13,861 [INFO] PluginManage:359 - Loaded plugin projectmanager (category:projectmanager,tabindex:3)
2024-07-15 20:36:13,861 [INFO] PluginManage:310 - Check plugin thirdparty
2024-07-15 20:36:14,102 [INFO] PluginManage:359 - Loaded plugin thirdparty (category:base,tabindex:-1)
2024-07-15 20:36:14,102 [INFO] PluginManage:310 - Check plugin tools
2024-07-15 20:36:14,102 [WARN] IntegrityCheckThread:84 - waiting for thirdparty lock release [integrity check]
2024-07-15 20:36:14,103 [INFO] IntegrityCheckThread:86 - entering critical section [integrity check]
2024-07-15 20:36:14,103 [INFO] ThirdPartyUpdaterWithRetryManager:70 - Updater plugin not ready yet. [1/15]
2024-07-15 20:36:14,132 [INFO] PluginManage:359 - Loaded plugin tools (category:base,tabindex:7)
2024-07-15 20:36:14,133 [INFO] PluginManage:310 - Check plugin tutovideos
2024-07-15 20:36:14,297 [INFO] PluginManage:359 - Loaded plugin tutovideos (category:base,tabindex:-1)
2024-07-15 20:36:14,297 [INFO] PluginManage:310 - Check plugin updater
2024-07-15 20:36:14,307 [INFO] PluginManage:359 - Loaded plugin updater (category:base,tabindex:12)
2024-07-15 20:36:14,307 [INFO] PluginManage:310 - Check plugin userauth
2024-07-15 20:36:14,311 [INFO] UserAuth:114 - Init User Auth plugin
2024-07-15 20:36:14,311 [INFO] PluginManage:359 - Loaded plugin userauth (category:base,tabindex:14)
2024-07-15 20:36:14,311 [INFO] PluginManage:283 - PluginManage : Loaded plugins [17]
2024-07-15 20:36:14,490 [INFO] PinOutPanel:1561 - setPackage(No Configuration,No Configuration)
2024-07-15 20:36:14,563 [INFO] CADModel:165 - CPN selected for project level
2024-07-15 20:36:14,563 [INFO] CADModel:114 - Register for checkConnection events
2024-07-15 20:36:14,591 [INFO] IPUIPlugin:80 - create IPUIPlugin
2024-07-15 20:36:14,591 [INFO] PluginManager:220 - loadIPPluginJar : add adc
2024-07-15 20:36:14,624 [INFO] IPUIPlugin:80 - create IPUIPlugin
2024-07-15 20:36:14,625 [INFO] PluginManager:220 - loadIPPluginJar : add aes
2024-07-15 20:36:14,657 [INFO] IPUIPlugin:80 - create IPUIPlugin
2024-07-15 20:36:14,657 [INFO] PluginManager:220 - loadIPPluginJar : add can
2024-07-15 20:36:14,675 [INFO] IPUIPlugin:80 - create IPUIPlugin
2024-07-15 20:36:14,675 [INFO] PluginManager:220 - loadIPPluginJar : add comp
2024-07-15 20:36:14,700 [INFO] IPUIPlugin:80 - create IPUIPlugin
2024-07-15 20:36:14,701 [INFO] PluginManager:220 - loadIPPluginJar : add cryp
2024-07-15 20:36:14,722 [INFO] IPUIPlugin:80 - create IPUIPlugin
2024-07-15 20:36:14,722 [INFO] PluginManager:220 - loadIPPluginJar : add dfsdm
2024-07-15 20:36:14,738 [INFO] IPUIPlugin:80 - create IPUIPlugin
2024-07-15 20:36:14,739 [INFO] PluginManager:220 - loadIPPluginJar : add dma
2024-07-15 20:36:14,768 [INFO] IPUIPlugin:80 - create IPUIPlugin
2024-07-15 20:36:14,768 [INFO] PluginManager:220 - loadIPPluginJar : add dma3
2024-07-15 20:36:14,806 [INFO] IPUIPlugin:80 - create IPUIPlugin
2024-07-15 20:36:14,806 [INFO] PluginManager:220 - loadIPPluginJar : add extmemmanager
2024-07-15 20:36:14,821 [INFO] IPUIPlugin:80 - create IPUIPlugin
2024-07-15 20:36:14,821 [INFO] PluginManager:220 - loadIPPluginJar : add fatfs
2024-07-15 20:36:14,855 [INFO] IPUIPlugin:80 - create IPUIPlugin
2024-07-15 20:36:14,855 [INFO] PluginManager:220 - loadIPPluginJar : add fmc
2024-07-15 20:36:14,867 [INFO] IPUIPlugin:80 - create IPUIPlugin
2024-07-15 20:36:14,867 [INFO] PluginManager:220 - loadIPPluginJar : add freertos
2024-07-15 20:36:14,891 [INFO] IPUIPlugin:80 - create IPUIPlugin
2024-07-15 20:36:14,891 [INFO] PluginManager:220 - loadIPPluginJar : add genericplugin
2024-07-15 20:36:14,951 [INFO] IPUIPlugin:80 - create IPUIPlugin
2024-07-15 20:36:14,951 [INFO] PluginManager:220 - loadIPPluginJar : add gfxmmu
2024-07-15 20:36:15,051 [INFO] IPUIPlugin:80 - create IPUIPlugin
2024-07-15 20:36:15,051 [INFO] PluginManager:220 - loadIPPluginJar : add gic
2024-07-15 20:36:15,059 [INFO] IPUIPlugin:80 - create IPUIPlugin
2024-07-15 20:36:15,059 [INFO] PluginManager:220 - loadIPPluginJar : add gpio
2024-07-15 20:36:15,133 [INFO] IPUIPlugin:80 - create IPUIPlugin
2024-07-15 20:36:15,134 [INFO] PluginManager:220 - loadIPPluginJar : add gtzc
2024-07-15 20:36:15,156 [INFO] IPUIPlugin:80 - create IPUIPlugin
2024-07-15 20:36:15,156 [INFO] PluginManager:220 - loadIPPluginJar : add hash
2024-07-15 20:36:15,194 [INFO] IPUIPlugin:80 - create IPUIPlugin
2024-07-15 20:36:15,194 [INFO] PluginManager:220 - loadIPPluginJar : add i2c
2024-07-15 20:36:15,222 [INFO] IPUIPlugin:80 - create IPUIPlugin
2024-07-15 20:36:15,223 [INFO] PluginManager:220 - loadIPPluginJar : add i2s
2024-07-15 20:36:15,257 [INFO] IPUIPlugin:80 - create IPUIPlugin
2024-07-15 20:36:15,257 [INFO] PluginManager:220 - loadIPPluginJar : add i3c
2024-07-15 20:36:15,336 [INFO] IPUIPlugin:80 - create IPUIPlugin
2024-07-15 20:36:15,336 [INFO] PluginManager:220 - loadIPPluginJar : add ipddr
2024-07-15 20:36:15,428 [INFO] IPUIPlugin:80 - create IPUIPlugin
2024-07-15 20:36:15,428 [INFO] PluginManager:220 - loadIPPluginJar : add linkedlist
2024-07-15 20:36:15,457 [INFO] IPUIPlugin:80 - create IPUIPlugin
2024-07-15 20:36:15,457 [INFO] PluginManager:220 - loadIPPluginJar : add lorawan
2024-07-15 20:36:15,488 [INFO] IPUIPlugin:80 - create IPUIPlugin
2024-07-15 20:36:15,488 [INFO] PluginManager:220 - loadIPPluginJar : add ltdc
2024-07-15 20:36:15,499 [INFO] IPUIPlugin:80 - create IPUIPlugin
2024-07-15 20:36:15,499 [INFO] PluginManager:220 - loadIPPluginJar : add mdma
2024-07-15 20:36:15,512 [INFO] IPUIPlugin:80 - create IPUIPlugin
2024-07-15 20:36:15,512 [INFO] PluginManager:220 - loadIPPluginJar : add nvic
2024-07-15 20:36:15,542 [INFO] IPUIPlugin:80 - create IPUIPlugin
2024-07-15 20:36:15,542 [INFO] PluginManager:220 - loadIPPluginJar : add opamp
2024-07-15 20:36:15,591 [INFO] IPUIPlugin:80 - create IPUIPlugin
2024-07-15 20:36:15,591 [INFO] PluginManager:220 - loadIPPluginJar : add openamp
2024-07-15 20:36:15,625 [INFO] IPUIPlugin:80 - create IPUIPlugin
2024-07-15 20:36:15,625 [INFO] PluginManager:220 - loadIPPluginJar : add pdm2pcm
2024-07-15 20:36:15,637 [INFO] IPUIPlugin:80 - create IPUIPlugin
2024-07-15 20:36:15,639 [INFO] PluginManager:220 - loadIPPluginJar : add plateformsettings
2024-07-15 20:36:15,656 [INFO] IPUIPlugin:80 - create IPUIPlugin
2024-07-15 20:36:15,656 [INFO] PluginManager:220 - loadIPPluginJar : add quadspi
2024-07-15 20:36:15,666 [INFO] IPUIPlugin:80 - create IPUIPlugin
2024-07-15 20:36:15,666 [INFO] PluginManager:220 - loadIPPluginJar : add resmgrutility
2024-07-15 20:36:15,705 [INFO] IPUIPlugin:80 - create IPUIPlugin
2024-07-15 20:36:15,705 [INFO] PluginManager:220 - loadIPPluginJar : add sai
2024-07-15 20:36:15,738 [INFO] IPUIPlugin:80 - create IPUIPlugin
2024-07-15 20:36:15,738 [INFO] PluginManager:220 - loadIPPluginJar : add spi
2024-07-15 20:36:15,808 [INFO] IPUIPlugin:80 - create IPUIPlugin
2024-07-15 20:36:15,808 [INFO] PluginManager:220 - loadIPPluginJar : add stm32_wpan
2024-07-15 20:36:15,828 [INFO] IPUIPlugin:80 - create IPUIPlugin
2024-07-15 20:36:15,828 [INFO] PluginManager:220 - loadIPPluginJar : add tim
2024-07-15 20:36:15,876 [INFO] IPUIPlugin:80 - create IPUIPlugin
2024-07-15 20:36:15,876 [INFO] PluginManager:220 - loadIPPluginJar : add touchsensing
2024-07-15 20:36:15,896 [INFO] IPUIPlugin:80 - create IPUIPlugin
2024-07-15 20:36:15,896 [INFO] PluginManager:220 - loadIPPluginJar : add tracer_emb
2024-07-15 20:36:15,926 [INFO] IPUIPlugin:80 - create IPUIPlugin
2024-07-15 20:36:15,926 [INFO] PluginManager:220 - loadIPPluginJar : add ts
2024-07-15 20:36:15,953 [INFO] IPUIPlugin:80 - create IPUIPlugin
2024-07-15 20:36:15,953 [INFO] PluginManager:220 - loadIPPluginJar : add tsc
2024-07-15 20:36:15,976 [INFO] IPUIPlugin:80 - create IPUIPlugin
2024-07-15 20:36:15,976 [INFO] PluginManager:220 - loadIPPluginJar : add ucpd
2024-07-15 20:36:16,027 [INFO] IPUIPlugin:80 - create IPUIPlugin
2024-07-15 20:36:16,027 [INFO] PluginManager:220 - loadIPPluginJar : add usart
2024-07-15 20:36:16,084 [INFO] IPUIPlugin:80 - create IPUIPlugin
2024-07-15 20:36:16,084 [INFO] PluginManager:220 - loadIPPluginJar : add usbx
2024-07-15 20:36:16,233 [INFO] CADModel:165 - CPN selected for project level
2024-07-15 20:36:16,233 [INFO] CADModel:114 - Register for checkConnection events
2024-07-15 20:36:16,235 [FATAL] Updater:308 - Updater called before beeing initialized
2024-07-15 20:36:16,235 [ERROR] CADModel:125 - Updater not yet initialized, retry later 
2024-07-15 20:36:16,368 [INFO] CADModel:165 - CPN selected for project level
2024-07-15 20:36:16,368 [INFO] CADModel:114 - Register for checkConnection events
2024-07-15 20:36:16,370 [FATAL] Updater:308 - Updater called before beeing initialized
2024-07-15 20:36:16,370 [ERROR] CADModel:125 - Updater not yet initialized, retry later 
2024-07-15 20:36:16,372 [FATAL] Updater:308 - Updater called before beeing initialized
2024-07-15 20:36:16,472 [FATAL] Updater:308 - Updater called before beeing initialized
2024-07-15 20:36:16,482 [INFO] DbMcusAds:53 - JSON generation date=Thu May 16 11:22:00 CEST 2024 (1715851320667)
2024-07-15 20:36:16,482 [FATAL] Updater:308 - Updater called before beeing initialized
2024-07-15 20:36:16,555 [WARN] DetailPanel:346 - Failed to get advertising image, set to default
2024-07-15 20:36:16,631 [FATAL] Updater:308 - Updater called before beeing initialized
2024-07-15 20:36:16,633 [FATAL] Updater:308 - Updater called before beeing initialized
2024-07-15 20:36:16,633 [FATAL] Updater:308 - Updater called before beeing initialized
2024-07-15 20:36:16,633 [WARN] DetailPanel:346 - Failed to get advertising image, set to default
2024-07-15 20:36:16,633 [FATAL] Updater:308 - Updater called before beeing initialized
2024-07-15 20:36:16,704 [ERROR] Updater:1120 - MainUpdater not yet initialized. External WinMGr cannot be set.
2024-07-15 20:36:16,719 [INFO] Updater:1056 - Updater Version found : 6.11.1
2024-07-15 20:36:16,745 [INFO] ApplicationProperties:184 - Using Application install path: C:\ST\STM32CubeIDE_1.14.1\STM32CubeIDE\plugins\com.st.stm32cube.common.mx_6.11.1.202404110753
2024-07-15 20:36:17,106 [INFO] ThirdPartyUpdaterWithRetryManager:70 - Updater plugin not ready yet. [2/15]
2024-07-15 20:36:18,330 [ERROR] LogOutputStream:75 - [STDERR_REDIRECT] Jul 15, 2024 8:36:18 PM java.util.prefs.WindowsPreferences <init>
2024-07-15 20:36:18,331 [ERROR] LogOutputStream:75 - [STDERR_REDIRECT] WARNING: Could not open/create prefs root node Software\JavaSoft\Prefs at root 0xffffffff80000002. Windows RegCreateKeyEx(...) returned error code 5.
2024-07-15 20:36:18,332 [ERROR] LogOutputStream:75 - [STDERR_REDIRECT] 
2024-07-15 20:36:18,699 [INFO] MainUpdater:2873 - connection check result : 10
2024-07-15 20:36:18,700 [INFO] MainUpdater:290 - Updater Check For Update Now.
2024-07-15 20:36:18,700 [INFO] MicroXplorer:498 - Change Database Version : DB.6.0.111
2024-07-15 20:36:18,739 [INFO] McuFinderGlobals:63 - Set McuFinder mode to 2 (CubeIDE integrated)
2024-07-15 20:36:18,755 [INFO] UserAuth:415 - Internet connection configuration mode: 1
2024-07-15 20:36:18,786 [INFO] JxBrowserEngine:152 - Initiate JxBrowser Engine with user profile folder
2024-07-15 20:36:18,915 [INFO] CheckServerUpdateThread:120 - End of CheckServer Thread
2024-07-15 20:36:20,285 [WARN] PackLoader:240 - Cannot read IP mode file for STMicroelectronics.FP-SNS-MOTENVWB1.1.4.0
2024-07-15 20:36:20,306 [WARN] PackLoader:240 - Cannot read IP mode file for STMicroelectronics.X-CUBE-SMBUS.2.1.0
2024-07-15 20:36:20,320 [WARN] PackLoader:240 - Cannot read IP mode file for STMicroelectronics.X-CUBE-TOUCHGFX.4.23.1
2024-07-15 20:36:20,332 [WARN] PackLoader:240 - Cannot read IP mode file for STMicroelectronics.X-CUBE-TOUCHGFX.4.23.0
2024-07-15 20:36:20,343 [WARN] PackLoader:240 - Cannot read IP mode file for STMicroelectronics.X-CUBE-TOUCHGFX.4.23.2
2024-07-15 20:36:20,383 [WARN] PackLoader:240 - Cannot read IP mode file for STMicroelectronics.X-CUBE-AZRTOS-F7.1.1.0
2024-07-15 20:36:20,408 [WARN] PackLoader:240 - Cannot read IP mode file for STMicroelectronics.FP-SNS-MOTENV1.4.3.2
2024-07-15 20:36:20,426 [WARN] PackLoader:240 - Cannot read IP mode file for STMicroelectronics.FP-SNS-FLIGHT1.5.0.2
2024-07-15 20:36:20,448 [WARN] PackLoader:240 - Cannot read IP mode file for STMicroelectronics.X-CUBE-DISPLAY.3.0.0
2024-07-15 20:36:20,476 [WARN] PackLoader:240 - Cannot read IP mode file for STMicroelectronics.X-CUBE-BLE1.7.0.0
2024-07-15 20:36:20,498 [WARN] PackLoader:240 - Cannot read IP mode file for emotas.I-CUBE-CANOPEN.1.3.0
2024-07-15 20:36:20,523 [WARN] PackLoader:240 - Cannot read IP mode file for STMicroelectronics.X-CUBE-BLEMGR.3.1.0
2024-07-15 20:36:20,543 [WARN] PackLoader:240 - Cannot read IP mode file for STMicroelectronics.FP-SNS-SMARTAG2.1.2.0
2024-07-15 20:36:20,567 [INFO] LogOutputStream:77 - [STDOUT_REDIRECT] 1 : Invalid condition id : UX_CORESTACK_Condition cause : null
2024-07-15 20:36:20,568 [INFO] LogOutputStream:77 - [STDOUT_REDIRECT] 1 : Invalid condition id : UX_CORESTACK_Condition cause : null
2024-07-15 20:36:20,569 [INFO] LogOutputStream:77 - [STDOUT_REDIRECT] 1 : Invalid condition id : UX_CORESTACK_Condition cause : null
2024-07-15 20:36:20,570 [INFO] LogOutputStream:77 - [STDOUT_REDIRECT] 1 : Invalid condition id : UX_CORESTACK_Condition cause : null
2024-07-15 20:36:20,571 [INFO] LogOutputStream:77 - [STDOUT_REDIRECT] 1 : Invalid condition id : UX_CORESTACK_Condition cause : null
2024-07-15 20:36:20,575 [WARN] PackLoader:240 - Cannot read IP mode file for STMicroelectronics.X-CUBE-AZRTOS-WL.2.0.0
2024-07-15 20:36:20,590 [WARN] PackLoader:240 - Cannot read IP mode file for STMicroelectronics.FP-SNS-MOTENV1.5.0.0
2024-07-15 20:36:20,603 [WARN] PackLoader:240 - Cannot read IP mode file for wolfSSL.I-CUBE-wolfMQTT.1.19.0
2024-07-15 20:36:20,621 [WARN] PackLoader:240 - Cannot read IP mode file for WES.I-CUBE-Cesium.1.3.0
2024-07-15 20:36:20,638 [WARN] PackLoader:240 - Cannot read IP mode file for STMicroelectronics.X-CUBE-BLE2.3.3.0
2024-07-15 20:36:20,653 [WARN] PackLoader:240 - Cannot read IP mode file for STMicroelectronics.X-CUBE-TCPP.4.1.0
2024-07-15 20:36:20,669 [WARN] PackLoader:240 - Cannot read IP mode file for STMicroelectronics.X-CUBE-ALGOBUILD.1.3.0
2024-07-15 20:36:20,703 [WARN] PackLoader:240 - Cannot read IP mode file for STMicroelectronics.X-CUBE-AZRTOS-G0.1.1.0
2024-07-15 20:36:20,721 [WARN] PackLoader:240 - Cannot read IP mode file for STMicroelectronics.X-CUBE-SAFEA1.1.2.2
2024-07-15 20:36:20,738 [WARN] PackLoader:240 - Cannot read IP mode file for STMicroelectronics.X-CUBE-NFC4.3.0.0
2024-07-15 20:36:20,760 [WARN] PackLoader:240 - Cannot read IP mode file for EmbeddedOffice.I-CUBE-FS-RTOS.1.0.1
2024-07-15 20:36:20,762 [ERROR] ConditionMgr:805 - Attr not supported : Dmpu
2024-07-15 20:36:20,762 [ERROR] ConditionMgr:805 - Attr not supported : Dmpu
2024-07-15 20:36:20,762 [ERROR] ConditionMgr:805 - Attr not supported : Dmpu
2024-07-15 20:36:20,762 [ERROR] ConditionMgr:805 - Attr not supported : Dmpu
2024-07-15 20:36:20,762 [ERROR] ConditionMgr:805 - Attr not supported : Dmpu
2024-07-15 20:36:20,762 [ERROR] ConditionMgr:805 - Attr not supported : Dmpu
2024-07-15 20:36:20,762 [ERROR] ConditionMgr:805 - Attr not supported : Dmpu
2024-07-15 20:36:20,762 [ERROR] ConditionMgr:805 - Attr not supported : Dmpu
2024-07-15 20:36:20,762 [ERROR] ConditionMgr:805 - Attr not supported : Dmpu
2024-07-15 20:36:20,762 [ERROR] ConditionMgr:805 - Attr not supported : Dmpu
2024-07-15 20:36:20,763 [ERROR] ConditionMgr:805 - Attr not supported : Dmpu
2024-07-15 20:36:20,763 [ERROR] ConditionMgr:805 - Attr not supported : Dmpu
2024-07-15 20:36:20,763 [ERROR] ConditionMgr:805 - Attr not supported : Dmpu
2024-07-15 20:36:20,763 [ERROR] ConditionMgr:805 - Attr not supported : Dmpu
2024-07-15 20:36:20,764 [ERROR] ConditionMgr:805 - Attr not supported : Dmpu
2024-07-15 20:36:20,764 [ERROR] ConditionMgr:805 - Attr not supported : Dmpu
2024-07-15 20:36:20,764 [ERROR] ConditionMgr:805 - Attr not supported : Dmpu
2024-07-15 20:36:20,764 [ERROR] ConditionMgr:805 - Attr not supported : Dmpu
2024-07-15 20:36:20,764 [ERROR] ConditionMgr:805 - Attr not supported : Dmpu
2024-07-15 20:36:20,764 [ERROR] ConditionMgr:805 - Attr not supported : Dmpu
2024-07-15 20:36:20,764 [ERROR] ConditionMgr:805 - Attr not supported : Dmpu
2024-07-15 20:36:20,765 [ERROR] ConditionMgr:805 - Attr not supported : Dmpu
2024-07-15 20:36:20,765 [ERROR] ConditionMgr:805 - Attr not supported : Dmpu
2024-07-15 20:36:20,765 [ERROR] ConditionMgr:805 - Attr not supported : Dmpu
2024-07-15 20:36:20,765 [ERROR] ConditionMgr:805 - Attr not supported : Dmpu
2024-07-15 20:36:20,765 [ERROR] ConditionMgr:805 - Attr not supported : Dmpu
2024-07-15 20:36:20,765 [ERROR] ConditionMgr:805 - Attr not supported : Dmpu
2024-07-15 20:36:20,765 [ERROR] ConditionMgr:805 - Attr not supported : Dmpu
2024-07-15 20:36:20,765 [ERROR] ConditionMgr:805 - Attr not supported : Dmpu
2024-07-15 20:36:20,765 [ERROR] ConditionMgr:805 - Attr not supported : Dmpu
2024-07-15 20:36:20,765 [ERROR] ConditionMgr:805 - Attr not supported : Dmpu
2024-07-15 20:36:20,765 [ERROR] ConditionMgr:805 - Attr not supported : Dmpu
2024-07-15 20:36:20,766 [ERROR] ConditionMgr:805 - Attr not supported : Dmpu
2024-07-15 20:36:20,766 [ERROR] ConditionMgr:805 - Attr not supported : Dmpu
2024-07-15 20:36:20,766 [ERROR] ConditionMgr:805 - Attr not supported : Dmpu
2024-07-15 20:36:20,766 [ERROR] ConditionMgr:805 - Attr not supported : Dmpu
2024-07-15 20:36:20,766 [ERROR] ConditionMgr:805 - Attr not supported : Dmpu
2024-07-15 20:36:20,766 [ERROR] ConditionMgr:805 - Attr not supported : Dmpu
2024-07-15 20:36:20,766 [ERROR] ConditionMgr:805 - Attr not supported : Dmpu
2024-07-15 20:36:20,766 [ERROR] ConditionMgr:805 - Attr not supported : Dmpu
2024-07-15 20:36:20,766 [ERROR] ConditionMgr:805 - Attr not supported : Dmpu
2024-07-15 20:36:20,768 [ERROR] ConditionMgr:805 - Attr not supported : Dmpu
2024-07-15 20:36:20,768 [ERROR] ConditionMgr:805 - Attr not supported : Dmpu
2024-07-15 20:36:20,768 [ERROR] ConditionMgr:805 - Attr not supported : Dmpu
2024-07-15 20:36:20,768 [ERROR] ConditionMgr:805 - Attr not supported : Dmpu
2024-07-15 20:36:20,768 [ERROR] ConditionMgr:805 - Attr not supported : Dmpu
2024-07-15 20:36:20,768 [ERROR] ConditionMgr:805 - Attr not supported : Dmpu
2024-07-15 20:36:20,768 [ERROR] ConditionMgr:805 - Attr not supported : Dmpu
2024-07-15 20:36:20,768 [ERROR] ConditionMgr:805 - Attr not supported : Dmpu
2024-07-15 20:36:20,768 [ERROR] ConditionMgr:805 - Attr not supported : Dmpu
2024-07-15 20:36:20,776 [ERROR] ConditionMgr:805 - Attr not supported : Dmpu
2024-07-15 20:36:20,776 [ERROR] ConditionMgr:805 - Attr not supported : Dmpu
2024-07-15 20:36:20,776 [ERROR] ConditionMgr:805 - Attr not supported : Dmpu
2024-07-15 20:36:20,776 [ERROR] ConditionMgr:805 - Attr not supported : Dmpu
2024-07-15 20:36:20,776 [ERROR] ConditionMgr:805 - Attr not supported : Dmpu
2024-07-15 20:36:20,776 [ERROR] ConditionMgr:805 - Attr not supported : Dmpu
2024-07-15 20:36:20,776 [ERROR] ConditionMgr:805 - Attr not supported : Dmpu
2024-07-15 20:36:20,777 [ERROR] ConditionMgr:805 - Attr not supported : Dmpu
2024-07-15 20:36:20,777 [ERROR] ConditionMgr:805 - Attr not supported : Dmpu
2024-07-15 20:36:20,777 [ERROR] ConditionMgr:805 - Attr not supported : Dmpu
2024-07-15 20:36:20,777 [ERROR] ConditionMgr:805 - Attr not supported : Dmpu
2024-07-15 20:36:20,777 [ERROR] ConditionMgr:805 - Attr not supported : Dmpu
2024-07-15 20:36:20,777 [ERROR] ConditionMgr:805 - Attr not supported : Dmpu
2024-07-15 20:36:20,777 [ERROR] ConditionMgr:805 - Attr not supported : Dmpu
2024-07-15 20:36:20,794 [WARN] PackLoader:240 - Cannot read IP mode file for RealThread.X-CUBE-RT-Thread_Nano.4.1.1
2024-07-15 20:36:20,811 [WARN] PackLoader:240 - Cannot read IP mode file for STMicroelectronics.FP-ATR-SIGFOX1.3.2.0
2024-07-15 20:36:20,834 [WARN] PackLoader:240 - Cannot read IP mode file for STMicroelectronics.X-CUBE-EEPRMA1.5.1.0
2024-07-15 20:36:20,886 [WARN] PackLoader:240 - Cannot read IP mode file for SEGGER.I-CUBE-embOS.1.3.1
2024-07-15 20:36:20,954 [WARN] PackLoader:240 - Cannot read IP mode file for STMicroelectronics.X-CUBE-ALGOBUILD.1.4.0
2024-07-15 20:36:20,974 [WARN] PackLoader:240 - Cannot read IP mode file for STMicroelectronics.X-CUBE-GNSS1.6.0.0
2024-07-15 20:36:21,016 [WARN] PackLoader:240 - Cannot read IP mode file for STMicroelectronics.X-CUBE-AZRTOS-F4.1.1.0
2024-07-15 20:36:21,036 [WARN] PackLoader:240 - Cannot read IP mode file for STMicroelectronics.X-CUBE-FREERTOS.1.2.0
2024-07-15 20:36:21,055 [WARN] PackLoader:240 - Cannot read IP mode file for wolfSSL.I-CUBE-wolfSSL.5.6.6
2024-07-15 20:36:21,092 [WARN] PackLoader:240 - Cannot read IP mode file for STMicroelectronics.X-CUBE-AZRTOS-L5.2.0.0
2024-07-15 20:36:21,121 [WARN] PackLoader:240 - Cannot read IP mode file for STMicroelectronics.X-CUBE-NFC6.3.1.0
2024-07-15 20:36:21,141 [WARN] PackLoader:240 - Cannot read IP mode file for ITTIA_DB.I-CUBE-ITTIADB.8.8.0
2024-07-15 20:36:21,159 [WARN] PackLoader:240 - Cannot read IP mode file for STMicroelectronics.X-CUBE-DPower.1.2.0
2024-07-15 20:36:21,181 [WARN] PackLoader:240 - Cannot read IP mode file for STMicroelectronics.X-CUBE-AI.9.0.0
2024-07-15 20:36:21,206 [WARN] PackLoader:240 - Cannot read IP mode file for STMicroelectronics.X-CUBE-NFC7.1.0.1
2024-07-15 20:36:21,231 [WARN] PackLoader:240 - Cannot read IP mode file for wolfSSL.I-CUBE-wolfTPM.3.2.0
2024-07-15 20:36:21,259 [WARN] PackLoader:240 - Cannot read IP mode file for STMicroelectronics.X-CUBE-NFC6.3.0.0
2024-07-15 20:36:21,281 [WARN] PackLoader:240 - Cannot read IP mode file for STMicroelectronics.X-CUBE-AI.8.1.0
2024-07-15 20:36:21,345 [WARN] ConditionMgr:438 - getConditionDescription Invalid condition id : LAN8742 Phy interface Condition cause : null
2024-07-15 20:36:21,349 [WARN] PackLoader:240 - Cannot read IP mode file for STMicroelectronics.X-CUBE-AZRTOS-L4.2.0.0
2024-07-15 20:36:21,357 [WARN] ConditionMgr:1039 - genDependencies : Invalid condition id : LAN8742 Phy interface Condition cause : null
2024-07-15 20:36:21,359 [WARN] ConditionMgr:1039 - genDependencies : Invalid condition id : LAN8742 Phy interface Condition cause : null
2024-07-15 20:36:21,362 [WARN] ConditionMgr:1039 - genDependencies : Invalid condition id : LAN8742 Phy interface Condition cause : null
2024-07-15 20:36:21,425 [WARN] PackLoader:240 - Cannot read IP mode file for STMicroelectronics.X-CUBE-SFXS2LP1.4.0.0
2024-07-15 20:36:21,477 [WARN] ConditionMgr:438 - getConditionDescription Invalid condition id : UX DEVICE CLASS RTOS Condition cause : null
2024-07-15 20:36:21,477 [WARN] ConditionMgr:438 - getConditionDescription Invalid condition id : UX DEVICE CLASS RTOS Condition cause : null
2024-07-15 20:36:21,480 [WARN] PackLoader:240 - Cannot read IP mode file for STMicroelectronics.X-CUBE-AZRTOS-WB.2.0.0
2024-07-15 20:36:21,480 [WARN] ConditionMgr:1039 - genDependencies : Invalid condition id : UX DEVICE CLASS RTOS Condition cause : null
2024-07-15 20:36:21,480 [WARN] ConditionMgr:1039 - genDependencies : Invalid condition id : UX DEVICE CLASS RTOS Condition cause : null
2024-07-15 20:36:21,481 [WARN] ConditionMgr:1039 - genDependencies : Invalid condition id : UX DEVICE CLASS RTOS Condition cause : null
2024-07-15 20:36:21,481 [WARN] ConditionMgr:1039 - genDependencies : Invalid condition id : UX DEVICE CLASS RTOS Condition cause : null
2024-07-15 20:36:21,481 [WARN] ConditionMgr:1039 - genDependencies : Invalid condition id : UX DEVICE CLASS RTOS Condition cause : null
2024-07-15 20:36:21,521 [WARN] PackLoader:240 - Cannot read IP mode file for STMicroelectronics.X-CUBE-SUBG2.5.0.0
2024-07-15 20:36:21,561 [WARN] PackLoader:240 - Cannot read IP mode file for STMicroelectronics.X-CUBE-AZRTOS-G4.2.0.0
2024-07-15 20:36:21,592 [WARN] PackLoader:240 - Cannot read IP mode file for Infineon.AIROC-Wi-Fi-Bluetooth-STM32.1.5.1
2024-07-15 20:36:21,616 [WARN] PackLoader:240 - Cannot read IP mode file for STMicroelectronics.FP-SNS-MOTENVWB1.1.3.1
2024-07-15 20:36:21,635 [WARN] PackLoader:240 - Cannot read IP mode file for STMicroelectronics.X-CUBE-ISPU.2.0.0
2024-07-15 20:36:21,656 [WARN] PackLoader:240 - Cannot read IP mode file for STMicroelectronics.X-CUBE-ALS.1.0.2
2024-07-15 20:36:21,724 [WARN] PackLoader:240 - Cannot read IP mode file for STMicroelectronics.X-CUBE-MEMS1.10.0.0
2024-07-15 20:36:21,904 [WARN] PackLoader:240 - Cannot read IP mode file for STMicroelectronics.X-CUBE-FREERTOS.1.1.0
2024-07-15 20:36:21,923 [WARN] PackLoader:240 - Cannot read IP mode file for STMicroelectronics.X-CUBE-TOUCHGFX.4.24.0
2024-07-15 20:36:21,944 [WARN] PackLoader:240 - Cannot read IP mode file for portGmbH.I-Cube-SoM-uGOAL.1.1.0
2024-07-15 20:36:21,970 [WARN] PackLoader:240 - Cannot read IP mode file for STMicroelectronics.X-CUBE-ALS.1.0.1
2024-07-15 20:36:22,017 [WARN] PackLoader:240 - Cannot read IP mode file for STMicroelectronics.X-CUBE-AZRTOS-H7RS.1.0.0
2024-07-15 20:36:22,042 [WARN] PackLoader:240 - Cannot read IP mode file for STMicroelectronics.FP-ATR-ASTRA1.2.0.0
2024-07-15 20:36:22,074 [WARN] PackLoader:240 - Cannot read IP mode file for STMicroelectronics.X-CUBE-TOF1.3.4.1
2024-07-15 20:36:22,149 [WARN] PackLoader:240 - Cannot read IP mode file for STMicroelectronics.X-CUBE-AZRTOS-H7.3.2.0
2024-07-15 20:36:22,175 [WARN] PackLoader:240 - Cannot read IP mode file for wolfSSL.I-CUBE-wolfSSH.1.4.17
2024-07-15 20:36:22,177 [INFO] ThirdParty:978 - Integrity check success = true
2024-07-15 20:36:22,177 [INFO] IntegrityCheckThread:100 - exiting critical section [integrity check]
2024-07-15 20:36:22,177 [INFO] IntegrityCheckThread:103 - End integrity checks thread
2024-07-15 20:36:23,517 [INFO] WebApp:161 - Instantiating new browser for Auth
2024-07-15 20:36:24,334 [INFO] WebApp:779 - Register for checkConnection events
2024-07-15 20:36:24,336 [INFO] WebApp:414 - Apply proxy settings
2024-07-15 20:36:24,336 [INFO] WebApp:499 - Chromium requires no authentication
2024-07-15 20:36:24,341 [INFO] WebApp:442 - Direct internet connection detected
2024-07-15 20:36:24,461 [INFO] WebApp:192 - Starting web application
2024-07-15 20:36:24,461 [INFO] WebApp:544 - Web application path used C:\ST\STM32CubeIDE_1.14.1\STM32CubeIDE\plugins\com.st.stm32cube.common.mx_6.11.1.202404110753\db\plugins\mcufinder\reactClient1\index.html
