2024-07-21 23:53:11,689 [INFO] Activator:176 - 


2024-07-21 23:53:11,692 [INFO] Activator:177 - !SESSION log4j initialized
2024-07-21 23:53:16,074 [INFO] LogOutputStream:77 - [STDOUT_REDIRECT] 
2024-07-21 23:53:18,617 [INFO] ApplicationProperties:184 - Using Application install path: C:\ST\STM32CubeIDE_1.14.1\STM32CubeIDE\plugins\com.st.stm32cube.common.mx_6.11.1.202404110753
2024-07-21 23:53:18,632 [INFO] DbMcusXml:78 - Set database path to: C:\ST\STM32CubeIDE_1.14.1\STM32CubeIDE\plugins\com.st.stm32cube.common.mx_6.11.1.202404110753\\db\/mcu/
2024-07-21 23:53:18,632 [INFO] ApiDb:274 - Set plugin database path to: C:\ST\STM32CubeIDE_1.14.1\STM32CubeIDE\plugins\com.st.stm32cube.common.mx_6.11.1.202404110753\\db\/plugins/boardmanager/
2024-07-21 23:53:18,632 [WARN] ApiDb:259 - Overriding images path with different value:  => C:\ST\STM32CubeIDE_1.14.1\STM32CubeIDE\plugins\com.st.stm32cube.common.mx_6.11.1.202404110753\\db\/plugins/mcufinder/images/
2024-07-21 23:53:18,639 [INFO] ApiDb:250 - Set database path to: C:\Users\anton\.stmcufinder\plugins\mcufinder//mcu/
2024-07-21 23:53:18,640 [INFO] DbMcusAds:125 - Set database path to: C:\Users\anton\.stmcufinder\plugins\mcufinder//mcu/
2024-07-21 23:53:18,641 [INFO] CrossReferenceDbSqlite:203 - Set database path to: C:\Users\anton\.stmcufinder\plugins\mcufinder//mcu/cs/
2024-07-21 23:53:18,757 [INFO] RulesReader:64 - Compatibility file has been processed (297 Rules)
2024-07-21 23:53:18,873 [INFO] DbMcusXml:78 - Set database path to: C:\ST\STM32CubeIDE_1.14.1\STM32CubeIDE\plugins\com.st.stm32cube.common.mx_6.11.1.202404110753\\db\/mcu/
2024-07-21 23:53:18,874 [INFO] ApiDb:274 - Set plugin database path to: C:\ST\STM32CubeIDE_1.14.1\STM32CubeIDE\plugins\com.st.stm32cube.common.mx_6.11.1.202404110753\\db\/plugins/boardmanager/
2024-07-21 23:53:18,874 [INFO] ApiDb:261 - Set plugin images path to: C:\ST\STM32CubeIDE_1.14.1\STM32CubeIDE\plugins\com.st.stm32cube.common.mx_6.11.1.202404110753\\db\/plugins/mcufinder/images/
2024-07-21 23:53:18,874 [WARN] DbFile:41 - Overriding database path with different value: C:\Users\anton\.stmcufinder\plugins\mcufinder/ => C:\Users\anton\.stmcufinder\plugins\mcufinder
2024-07-21 23:53:18,874 [INFO] ApiDb:250 - Set database path to: C:\Users\anton\.stmcufinder\plugins\mcufinder//mcu/
2024-07-21 23:53:18,874 [WARN] DbFile:41 - Overriding database path with different value: C:\Users\anton\.stmcufinder\plugins\mcufinder/ => C:\Users\anton\.stmcufinder\plugins\mcufinder
2024-07-21 23:53:18,874 [INFO] DbMcusAds:125 - Set database path to: C:\Users\anton\.stmcufinder\plugins\mcufinder//mcu/
2024-07-21 23:53:18,874 [WARN] DbFile:41 - Overriding database path with different value: C:\Users\anton\.stmcufinder\plugins\mcufinder/ => C:\Users\anton\.stmcufinder\plugins\mcufinder
2024-07-21 23:53:18,875 [WARN] DbFile:41 - Overriding database path with different value: C:\Users\anton\.stmcufinder\plugins\mcufinder/ => C:\Users\anton\.stmcufinder\plugins\mcufinder
2024-07-21 23:53:18,875 [INFO] CrossReferenceDbSqlite:203 - Set database path to: C:\Users\anton\.stmcufinder\plugins\mcufinder//mcu/cs/
2024-07-21 23:53:18,962 [INFO] MainPanel:264 - HeapMemory: 268435456
2024-07-21 23:53:19,062 [INFO] DbMcusXml:78 - Set database path to: C:\ST\STM32CubeIDE_1.14.1\STM32CubeIDE\plugins\com.st.stm32cube.common.mx_6.11.1.202404110753\\db\/mcu/
2024-07-21 23:53:19,062 [INFO] ApiDb:274 - Set plugin database path to: C:\ST\STM32CubeIDE_1.14.1\STM32CubeIDE\plugins\com.st.stm32cube.common.mx_6.11.1.202404110753\\db\/plugins/boardmanager/
2024-07-21 23:53:19,062 [INFO] ApiDb:261 - Set plugin images path to: C:\ST\STM32CubeIDE_1.14.1\STM32CubeIDE\plugins\com.st.stm32cube.common.mx_6.11.1.202404110753\\db\/plugins/mcufinder/images/
2024-07-21 23:53:19,062 [WARN] DbFile:41 - Overriding database path with different value: C:\Users\anton\.stmcufinder\plugins\mcufinder/ => C:\Users\anton\.stmcufinder\plugins\mcufinder
2024-07-21 23:53:19,062 [INFO] ApiDb:250 - Set database path to: C:\Users\anton\.stmcufinder\plugins\mcufinder//mcu/
2024-07-21 23:53:19,063 [WARN] DbFile:41 - Overriding database path with different value: C:\Users\anton\.stmcufinder\plugins\mcufinder/ => C:\Users\anton\.stmcufinder\plugins\mcufinder
2024-07-21 23:53:19,063 [INFO] DbMcusAds:125 - Set database path to: C:\Users\anton\.stmcufinder\plugins\mcufinder//mcu/
2024-07-21 23:53:19,063 [WARN] DbFile:41 - Overriding database path with different value: C:\Users\anton\.stmcufinder\plugins\mcufinder/ => C:\Users\anton\.stmcufinder\plugins\mcufinder
2024-07-21 23:53:19,063 [WARN] DbFile:41 - Overriding database path with different value: C:\Users\anton\.stmcufinder\plugins\mcufinder/ => C:\Users\anton\.stmcufinder\plugins\mcufinder
2024-07-21 23:53:19,063 [INFO] CrossReferenceDbSqlite:203 - Set database path to: C:\Users\anton\.stmcufinder\plugins\mcufinder//mcu/cs/
2024-07-21 23:53:19,082 [INFO] ApplicationProperties:184 - Using Application install path: C:\ST\STM32CubeIDE_1.14.1\STM32CubeIDE\plugins\com.st.stm32cube.common.mx_6.11.1.202404110753
2024-07-21 23:53:19,083 [INFO] PluginManage:196 - Search for loadable plugins [exclusion list=, ]
2024-07-21 23:53:19,084 [INFO] PluginManage:310 - Check plugin analytics
2024-07-21 23:53:19,248 [INFO] AnalyticsPlugin:253 - Accepted Software Licenses: 
2024-07-21 23:53:19,248 [INFO] AnalyticsPlugin:255 - Accepted CMSIS Pack Licenses: 
2024-07-21 23:53:19,248 [INFO] AnalyticsPlugin:257 - Accepted Firmware Licenses: FW.F4.1.28.0
2024-07-21 23:53:19,251 [INFO] PluginManage:359 - Loaded plugin analytics (category:tool,tabindex:-1)
2024-07-21 23:53:19,252 [INFO] PluginManage:310 - Check plugin cadmodel
2024-07-21 23:53:19,267 [INFO] CADModel:105 - Init CAD model plugin
2024-07-21 23:53:19,267 [INFO] PluginManage:359 - Loaded plugin cadmodel (category:power,tabindex:5)
2024-07-21 23:53:19,267 [INFO] PluginManage:310 - Check plugin clock
2024-07-21 23:53:19,288 [INFO] PluginManage:359 - Loaded plugin clock (category:base,tabindex:2)
2024-07-21 23:53:19,288 [INFO] PluginManage:310 - Check plugin ddr
2024-07-21 23:53:19,290 [INFO] PluginManage:359 - Loaded plugin ddr (category:tool,tabindex:6)
2024-07-21 23:53:19,290 [INFO] PluginManage:310 - Check plugin filemanager
2024-07-21 23:53:19,449 [INFO] PluginManage:359 - Loaded plugin filemanager (category:base,tabindex:10)
2024-07-21 23:53:19,449 [INFO] PluginManage:310 - Check plugin ipmanager
2024-07-21 23:53:19,455 [INFO] PluginManage:359 - Loaded plugin ipmanager (category:base,tabindex:5)
2024-07-21 23:53:19,455 [INFO] PluginManage:310 - Check plugin lpbam
2024-07-21 23:53:19,469 [INFO] PluginManage:359 - Loaded plugin lpbam (category:base,tabindex:0)
2024-07-21 23:53:19,469 [INFO] PluginManage:310 - Check plugin memorymap
2024-07-21 23:53:19,486 [INFO] PluginManage:359 - Loaded plugin memorymap (category:base,tabindex:4)
2024-07-21 23:53:19,487 [INFO] PluginManage:310 - Check plugin pinoutandconfiguration
2024-07-21 23:53:19,508 [INFO] PluginManage:359 - Loaded plugin pinoutandconfiguration (category:base,tabindex:1)
2024-07-21 23:53:19,508 [INFO] PluginManage:310 - Check plugin pinoutconfig
2024-07-21 23:53:19,578 [WARN] SupportedApi:132 - Cannot load RTOS API schema: s4s-elt-must-match.1: The content of 'definitions' must match (annotation?, (simpleType | complexType)?, (unique | key | keyref)*)). A problem was found starting at: attribute.
2024-07-21 23:53:19,682 [INFO] PluginManage:359 - Loaded plugin pinoutconfig (category:base,tabindex:0)
2024-07-21 23:53:19,682 [INFO] PluginManage:310 - Check plugin power
2024-07-21 23:53:19,700 [INFO] PluginManage:359 - Loaded plugin power (category:power,tabindex:4)
2024-07-21 23:53:19,700 [INFO] PluginManage:310 - Check plugin projectmanager
2024-07-21 23:53:19,713 [INFO] PluginManage:359 - Loaded plugin projectmanager (category:projectmanager,tabindex:3)
2024-07-21 23:53:19,713 [INFO] PluginManage:310 - Check plugin thirdparty
2024-07-21 23:53:19,917 [INFO] PluginManage:359 - Loaded plugin thirdparty (category:base,tabindex:-1)
2024-07-21 23:53:19,917 [INFO] PluginManage:310 - Check plugin tools
2024-07-21 23:53:19,917 [WARN] IntegrityCheckThread:84 - waiting for thirdparty lock release [integrity check]
2024-07-21 23:53:19,917 [INFO] IntegrityCheckThread:86 - entering critical section [integrity check]
2024-07-21 23:53:19,917 [INFO] ThirdPartyUpdaterWithRetryManager:70 - Updater plugin not ready yet. [1/15]
2024-07-21 23:53:19,939 [INFO] PluginManage:359 - Loaded plugin tools (category:base,tabindex:7)
2024-07-21 23:53:19,940 [INFO] PluginManage:310 - Check plugin tutovideos
2024-07-21 23:53:20,075 [INFO] PluginManage:359 - Loaded plugin tutovideos (category:base,tabindex:-1)
2024-07-21 23:53:20,077 [INFO] PluginManage:310 - Check plugin updater
2024-07-21 23:53:20,084 [INFO] PluginManage:359 - Loaded plugin updater (category:base,tabindex:12)
2024-07-21 23:53:20,084 [INFO] PluginManage:310 - Check plugin userauth
2024-07-21 23:53:20,089 [INFO] UserAuth:114 - Init User Auth plugin
2024-07-21 23:53:20,089 [INFO] PluginManage:359 - Loaded plugin userauth (category:base,tabindex:14)
2024-07-21 23:53:20,089 [INFO] PluginManage:283 - PluginManage : Loaded plugins [17]
2024-07-21 23:53:20,275 [INFO] PinOutPanel:1561 - setPackage(No Configuration,No Configuration)
2024-07-21 23:53:20,348 [INFO] CADModel:165 - CPN selected for project level
2024-07-21 23:53:20,348 [INFO] CADModel:114 - Register for checkConnection events
2024-07-21 23:53:20,372 [INFO] IPUIPlugin:80 - create IPUIPlugin
2024-07-21 23:53:20,372 [INFO] PluginManager:220 - loadIPPluginJar : add adc
2024-07-21 23:53:20,405 [INFO] IPUIPlugin:80 - create IPUIPlugin
2024-07-21 23:53:20,405 [INFO] PluginManager:220 - loadIPPluginJar : add aes
2024-07-21 23:53:20,446 [INFO] IPUIPlugin:80 - create IPUIPlugin
2024-07-21 23:53:20,446 [INFO] PluginManager:220 - loadIPPluginJar : add can
2024-07-21 23:53:20,467 [INFO] IPUIPlugin:80 - create IPUIPlugin
2024-07-21 23:53:20,467 [INFO] PluginManager:220 - loadIPPluginJar : add comp
2024-07-21 23:53:20,509 [INFO] IPUIPlugin:80 - create IPUIPlugin
2024-07-21 23:53:20,509 [INFO] PluginManager:220 - loadIPPluginJar : add cryp
2024-07-21 23:53:20,541 [INFO] IPUIPlugin:80 - create IPUIPlugin
2024-07-21 23:53:20,541 [INFO] PluginManager:220 - loadIPPluginJar : add dfsdm
2024-07-21 23:53:20,556 [INFO] IPUIPlugin:80 - create IPUIPlugin
2024-07-21 23:53:20,556 [INFO] PluginManager:220 - loadIPPluginJar : add dma
2024-07-21 23:53:20,598 [INFO] IPUIPlugin:80 - create IPUIPlugin
2024-07-21 23:53:20,598 [INFO] PluginManager:220 - loadIPPluginJar : add dma3
2024-07-21 23:53:20,637 [INFO] IPUIPlugin:80 - create IPUIPlugin
2024-07-21 23:53:20,637 [INFO] PluginManager:220 - loadIPPluginJar : add extmemmanager
2024-07-21 23:53:20,654 [INFO] IPUIPlugin:80 - create IPUIPlugin
2024-07-21 23:53:20,654 [INFO] PluginManager:220 - loadIPPluginJar : add fatfs
2024-07-21 23:53:20,689 [INFO] IPUIPlugin:80 - create IPUIPlugin
2024-07-21 23:53:20,689 [INFO] PluginManager:220 - loadIPPluginJar : add fmc
2024-07-21 23:53:20,701 [INFO] IPUIPlugin:80 - create IPUIPlugin
2024-07-21 23:53:20,701 [INFO] PluginManager:220 - loadIPPluginJar : add freertos
2024-07-21 23:53:20,716 [INFO] IPUIPlugin:80 - create IPUIPlugin
2024-07-21 23:53:20,716 [INFO] PluginManager:220 - loadIPPluginJar : add genericplugin
2024-07-21 23:53:20,775 [INFO] IPUIPlugin:80 - create IPUIPlugin
2024-07-21 23:53:20,776 [INFO] PluginManager:220 - loadIPPluginJar : add gfxmmu
2024-07-21 23:53:20,856 [INFO] IPUIPlugin:80 - create IPUIPlugin
2024-07-21 23:53:20,856 [INFO] PluginManager:220 - loadIPPluginJar : add gic
2024-07-21 23:53:20,865 [INFO] IPUIPlugin:80 - create IPUIPlugin
2024-07-21 23:53:20,865 [INFO] PluginManager:220 - loadIPPluginJar : add gpio
2024-07-21 23:53:20,926 [INFO] IPUIPlugin:80 - create IPUIPlugin
2024-07-21 23:53:20,926 [INFO] PluginManager:220 - loadIPPluginJar : add gtzc
2024-07-21 23:53:20,953 [INFO] IPUIPlugin:80 - create IPUIPlugin
2024-07-21 23:53:20,953 [INFO] PluginManager:220 - loadIPPluginJar : add hash
2024-07-21 23:53:21,001 [INFO] IPUIPlugin:80 - create IPUIPlugin
2024-07-21 23:53:21,001 [INFO] PluginManager:220 - loadIPPluginJar : add i2c
2024-07-21 23:53:21,049 [INFO] IPUIPlugin:80 - create IPUIPlugin
2024-07-21 23:53:21,050 [INFO] PluginManager:220 - loadIPPluginJar : add i2s
2024-07-21 23:53:21,087 [INFO] IPUIPlugin:80 - create IPUIPlugin
2024-07-21 23:53:21,087 [INFO] PluginManager:220 - loadIPPluginJar : add i3c
2024-07-21 23:53:21,182 [INFO] IPUIPlugin:80 - create IPUIPlugin
2024-07-21 23:53:21,182 [INFO] PluginManager:220 - loadIPPluginJar : add ipddr
2024-07-21 23:53:21,267 [INFO] IPUIPlugin:80 - create IPUIPlugin
2024-07-21 23:53:21,267 [INFO] PluginManager:220 - loadIPPluginJar : add linkedlist
2024-07-21 23:53:21,296 [INFO] IPUIPlugin:80 - create IPUIPlugin
2024-07-21 23:53:21,297 [INFO] PluginManager:220 - loadIPPluginJar : add lorawan
2024-07-21 23:53:21,324 [INFO] IPUIPlugin:80 - create IPUIPlugin
2024-07-21 23:53:21,324 [INFO] PluginManager:220 - loadIPPluginJar : add ltdc
2024-07-21 23:53:21,337 [INFO] IPUIPlugin:80 - create IPUIPlugin
2024-07-21 23:53:21,337 [INFO] PluginManager:220 - loadIPPluginJar : add mdma
2024-07-21 23:53:21,347 [INFO] IPUIPlugin:80 - create IPUIPlugin
2024-07-21 23:53:21,347 [INFO] PluginManager:220 - loadIPPluginJar : add nvic
2024-07-21 23:53:21,375 [INFO] IPUIPlugin:80 - create IPUIPlugin
2024-07-21 23:53:21,375 [INFO] PluginManager:220 - loadIPPluginJar : add opamp
2024-07-21 23:53:21,419 [INFO] IPUIPlugin:80 - create IPUIPlugin
2024-07-21 23:53:21,420 [INFO] PluginManager:220 - loadIPPluginJar : add openamp
2024-07-21 23:53:21,447 [INFO] IPUIPlugin:80 - create IPUIPlugin
2024-07-21 23:53:21,447 [INFO] PluginManager:220 - loadIPPluginJar : add pdm2pcm
2024-07-21 23:53:21,457 [INFO] IPUIPlugin:80 - create IPUIPlugin
2024-07-21 23:53:21,458 [INFO] PluginManager:220 - loadIPPluginJar : add plateformsettings
2024-07-21 23:53:21,473 [INFO] IPUIPlugin:80 - create IPUIPlugin
2024-07-21 23:53:21,473 [INFO] PluginManager:220 - loadIPPluginJar : add quadspi
2024-07-21 23:53:21,481 [INFO] IPUIPlugin:80 - create IPUIPlugin
2024-07-21 23:53:21,481 [INFO] PluginManager:220 - loadIPPluginJar : add resmgrutility
2024-07-21 23:53:21,511 [INFO] IPUIPlugin:80 - create IPUIPlugin
2024-07-21 23:53:21,511 [INFO] PluginManager:220 - loadIPPluginJar : add sai
2024-07-21 23:53:21,534 [INFO] IPUIPlugin:80 - create IPUIPlugin
2024-07-21 23:53:21,534 [INFO] PluginManager:220 - loadIPPluginJar : add spi
2024-07-21 23:53:21,583 [INFO] IPUIPlugin:80 - create IPUIPlugin
2024-07-21 23:53:21,583 [INFO] PluginManager:220 - loadIPPluginJar : add stm32_wpan
2024-07-21 23:53:21,604 [INFO] IPUIPlugin:80 - create IPUIPlugin
2024-07-21 23:53:21,604 [INFO] PluginManager:220 - loadIPPluginJar : add tim
2024-07-21 23:53:21,641 [INFO] IPUIPlugin:80 - create IPUIPlugin
2024-07-21 23:53:21,641 [INFO] PluginManager:220 - loadIPPluginJar : add touchsensing
2024-07-21 23:53:21,657 [INFO] IPUIPlugin:80 - create IPUIPlugin
2024-07-21 23:53:21,657 [INFO] PluginManager:220 - loadIPPluginJar : add tracer_emb
2024-07-21 23:53:21,671 [INFO] IPUIPlugin:80 - create IPUIPlugin
2024-07-21 23:53:21,671 [INFO] PluginManager:220 - loadIPPluginJar : add ts
2024-07-21 23:53:21,687 [INFO] IPUIPlugin:80 - create IPUIPlugin
2024-07-21 23:53:21,687 [INFO] PluginManager:220 - loadIPPluginJar : add tsc
2024-07-21 23:53:21,702 [INFO] IPUIPlugin:80 - create IPUIPlugin
2024-07-21 23:53:21,702 [INFO] PluginManager:220 - loadIPPluginJar : add ucpd
2024-07-21 23:53:21,731 [INFO] IPUIPlugin:80 - create IPUIPlugin
2024-07-21 23:53:21,731 [INFO] PluginManager:220 - loadIPPluginJar : add usart
2024-07-21 23:53:21,760 [INFO] IPUIPlugin:80 - create IPUIPlugin
2024-07-21 23:53:21,760 [INFO] PluginManager:220 - loadIPPluginJar : add usbx
2024-07-21 23:53:21,876 [INFO] CADModel:165 - CPN selected for project level
2024-07-21 23:53:21,876 [INFO] CADModel:114 - Register for checkConnection events
2024-07-21 23:53:21,876 [FATAL] Updater:308 - Updater called before beeing initialized
2024-07-21 23:53:21,878 [ERROR] CADModel:125 - Updater not yet initialized, retry later 
2024-07-21 23:53:22,004 [INFO] CADModel:165 - CPN selected for project level
2024-07-21 23:53:22,004 [INFO] CADModel:114 - Register for checkConnection events
2024-07-21 23:53:22,004 [FATAL] Updater:308 - Updater called before beeing initialized
2024-07-21 23:53:22,004 [ERROR] CADModel:125 - Updater not yet initialized, retry later 
2024-07-21 23:53:22,006 [FATAL] Updater:308 - Updater called before beeing initialized
2024-07-21 23:53:22,097 [FATAL] Updater:308 - Updater called before beeing initialized
2024-07-21 23:53:22,107 [INFO] DbMcusAds:53 - JSON generation date=Thu May 16 11:22:00 CEST 2024 (1715851320667)
2024-07-21 23:53:22,107 [FATAL] Updater:308 - Updater called before beeing initialized
2024-07-21 23:53:22,171 [WARN] DetailPanel:346 - Failed to get advertising image, set to default
2024-07-21 23:53:22,294 [FATAL] Updater:308 - Updater called before beeing initialized
2024-07-21 23:53:22,297 [FATAL] Updater:308 - Updater called before beeing initialized
2024-07-21 23:53:22,297 [FATAL] Updater:308 - Updater called before beeing initialized
2024-07-21 23:53:22,297 [WARN] DetailPanel:346 - Failed to get advertising image, set to default
2024-07-21 23:53:22,298 [FATAL] Updater:308 - Updater called before beeing initialized
2024-07-21 23:53:22,358 [ERROR] Updater:1120 - MainUpdater not yet initialized. External WinMGr cannot be set.
2024-07-21 23:53:22,371 [INFO] Updater:1056 - Updater Version found : 6.11.1
2024-07-21 23:53:22,389 [INFO] ApplicationProperties:184 - Using Application install path: C:\ST\STM32CubeIDE_1.14.1\STM32CubeIDE\plugins\com.st.stm32cube.common.mx_6.11.1.202404110753
2024-07-21 23:53:22,918 [INFO] ThirdPartyUpdaterWithRetryManager:70 - Updater plugin not ready yet. [2/15]
2024-07-21 23:53:24,000 [ERROR] LogOutputStream:75 - [STDERR_REDIRECT] Jul 21, 2024 11:53:23 PM java.util.prefs.WindowsPreferences <init>
2024-07-21 23:53:24,003 [ERROR] LogOutputStream:75 - [STDERR_REDIRECT] WARNING: Could not open/create prefs root node Software\JavaSoft\Prefs at root 0xffffffff80000002. Windows RegCreateKeyEx(...) returned error code 5.
2024-07-21 23:53:24,003 [ERROR] LogOutputStream:75 - [STDERR_REDIRECT] 
2024-07-21 23:53:24,432 [INFO] MainUpdater:2873 - connection check result : 10
2024-07-21 23:53:24,432 [INFO] MainUpdater:3567 - Updater definition file requires update
2024-07-21 23:53:24,433 [INFO] MainUpdater:290 - Updater Check For Update Now.
2024-07-21 23:53:24,433 [INFO] MicroXplorer:498 - Change Database Version : DB.6.0.111
2024-07-21 23:53:24,447 [INFO] McuFinderGlobals:63 - Set McuFinder mode to 2 (CubeIDE integrated)
2024-07-21 23:53:24,456 [INFO] UserAuth:415 - Internet connection configuration mode: 1
2024-07-21 23:53:24,475 [INFO] JxBrowserEngine:152 - Initiate JxBrowser Engine with user profile folder
2024-07-21 23:53:24,608 [INFO] ServerAccessManage:473 - Download File updaters.zip
2024-07-21 23:53:24,695 [INFO] FileExtend:240 - Unzip File : updaters.zip
2024-07-21 23:53:24,695 [INFO] FileExtend:255 - Standard Zip Deflate
2024-07-21 23:53:25,179 [INFO] ServerAccessManage:473 - Download File PacksControlFlags.xml
2024-07-21 23:53:25,342 [INFO] ServerAccessManage:473 - Download File cubemx.pidx
2024-07-21 23:53:25,635 [INFO] ServerAccessManage:473 - Download File STMicroelectronics.FP-SNS-STBOX1.pdsc
2024-07-21 23:53:25,919 [WARN] MainUpdater:1194 - Updater busy. Cannot search thirdparties
2024-07-21 23:53:25,919 [INFO] ThirdPartyUpdaterWithRetryManager:96 - Updater plugin is busy. [1/15]
2024-07-21 23:53:26,833 [WARN] PackLoader:240 - Cannot read IP mode file for STMicroelectronics.FP-SNS-STBOX1.2.0.0
2024-07-21 23:53:26,838 [INFO] PopulateThirdPartyThread:66 - Ending populate Thread
2024-07-21 23:53:26,841 [INFO] ThirdParty:1030 - CMSIS Pack Vendor :STMicroelectronics FP-SNS-STBOX1 2.0.0
2024-07-21 23:53:26,841 [INFO] LoadServerUpdatesThread:375 - End of LoadServerUpdate Thread
2024-07-21 23:53:26,927 [INFO] CheckServerUpdateThread:120 - End of CheckServer Thread
2024-07-21 23:53:28,264 [INFO] WebApp:161 - Instantiating new browser for Auth
2024-07-21 23:53:28,763 [INFO] WebApp:779 - Register for checkConnection events
2024-07-21 23:53:28,763 [INFO] WebApp:414 - Apply proxy settings
2024-07-21 23:53:28,763 [INFO] WebApp:499 - Chromium requires no authentication
2024-07-21 23:53:28,769 [INFO] WebApp:442 - Direct internet connection detected
2024-07-21 23:53:28,904 [INFO] WebApp:192 - Starting web application
2024-07-21 23:53:28,905 [INFO] WebApp:544 - Web application path used C:\ST\STM32CubeIDE_1.14.1\STM32CubeIDE\plugins\com.st.stm32cube.common.mx_6.11.1.202404110753\db\plugins\mcufinder\reactClient1\index.html
2024-07-21 23:53:29,072 [WARN] PackLoader:240 - Cannot read IP mode file for STMicroelectronics.FP-SNS-MOTENVWB1.1.4.0
2024-07-21 23:53:29,085 [WARN] PackLoader:240 - Cannot read IP mode file for STMicroelectronics.X-CUBE-SMBUS.2.1.0
2024-07-21 23:53:29,095 [WARN] PackLoader:240 - Cannot read IP mode file for STMicroelectronics.X-CUBE-TOUCHGFX.4.23.1
2024-07-21 23:53:29,107 [WARN] PackLoader:240 - Cannot read IP mode file for STMicroelectronics.X-CUBE-TOUCHGFX.4.23.0
2024-07-21 23:53:29,116 [WARN] PackLoader:240 - Cannot read IP mode file for STMicroelectronics.X-CUBE-TOUCHGFX.4.23.2
2024-07-21 23:53:29,146 [WARN] PackLoader:240 - Cannot read IP mode file for STMicroelectronics.X-CUBE-AZRTOS-F7.1.1.0
2024-07-21 23:53:29,164 [WARN] PackLoader:240 - Cannot read IP mode file for STMicroelectronics.FP-SNS-MOTENV1.4.3.2
2024-07-21 23:53:29,172 [WARN] PackLoader:240 - Cannot read IP mode file for STMicroelectronics.FP-SNS-FLIGHT1.5.0.2
2024-07-21 23:53:29,187 [WARN] PackLoader:240 - Cannot read IP mode file for STMicroelectronics.X-CUBE-DISPLAY.3.0.0
2024-07-21 23:53:29,208 [WARN] PackLoader:240 - Cannot read IP mode file for STMicroelectronics.X-CUBE-BLE1.7.0.0
2024-07-21 23:53:29,220 [WARN] PackLoader:240 - Cannot read IP mode file for emotas.I-CUBE-CANOPEN.1.3.0
2024-07-21 23:53:29,234 [WARN] PackLoader:240 - Cannot read IP mode file for STMicroelectronics.X-CUBE-BLEMGR.3.1.0
2024-07-21 23:53:29,248 [WARN] PackLoader:240 - Cannot read IP mode file for STMicroelectronics.FP-SNS-SMARTAG2.1.2.0
2024-07-21 23:53:29,264 [INFO] LogOutputStream:77 - [STDOUT_REDIRECT] 1 : Invalid condition id : UX_CORESTACK_Condition cause : null
2024-07-21 23:53:29,265 [INFO] LogOutputStream:77 - [STDOUT_REDIRECT] 1 : Invalid condition id : UX_CORESTACK_Condition cause : null
2024-07-21 23:53:29,265 [INFO] LogOutputStream:77 - [STDOUT_REDIRECT] 1 : Invalid condition id : UX_CORESTACK_Condition cause : null
2024-07-21 23:53:29,266 [INFO] LogOutputStream:77 - [STDOUT_REDIRECT] 1 : Invalid condition id : UX_CORESTACK_Condition cause : null
2024-07-21 23:53:29,266 [INFO] LogOutputStream:77 - [STDOUT_REDIRECT] 1 : Invalid condition id : UX_CORESTACK_Condition cause : null
2024-07-21 23:53:29,269 [WARN] PackLoader:240 - Cannot read IP mode file for STMicroelectronics.X-CUBE-AZRTOS-WL.2.0.0
2024-07-21 23:53:29,284 [WARN] PackLoader:240 - Cannot read IP mode file for STMicroelectronics.FP-SNS-MOTENV1.5.0.0
2024-07-21 23:53:29,289 [WARN] PackLoader:240 - Cannot read IP mode file for wolfSSL.I-CUBE-wolfMQTT.1.19.0
2024-07-21 23:53:29,300 [WARN] PackLoader:240 - Cannot read IP mode file for WES.I-CUBE-Cesium.1.3.0
2024-07-21 23:53:29,312 [WARN] PackLoader:240 - Cannot read IP mode file for STMicroelectronics.X-CUBE-BLE2.3.3.0
2024-07-21 23:53:29,324 [WARN] PackLoader:240 - Cannot read IP mode file for STMicroelectronics.X-CUBE-TCPP.4.1.0
2024-07-21 23:53:29,340 [WARN] PackLoader:240 - Cannot read IP mode file for STMicroelectronics.X-CUBE-ALGOBUILD.1.3.0
2024-07-21 23:53:29,362 [WARN] PackLoader:240 - Cannot read IP mode file for STMicroelectronics.X-CUBE-AZRTOS-G0.1.1.0
2024-07-21 23:53:29,380 [WARN] PackLoader:240 - Cannot read IP mode file for STMicroelectronics.X-CUBE-SAFEA1.1.2.2
2024-07-21 23:53:29,392 [WARN] PackLoader:240 - Cannot read IP mode file for STMicroelectronics.X-CUBE-NFC4.3.0.0
2024-07-21 23:53:29,407 [WARN] PackLoader:240 - Cannot read IP mode file for EmbeddedOffice.I-CUBE-FS-RTOS.1.0.1
2024-07-21 23:53:29,407 [ERROR] ConditionMgr:805 - Attr not supported : Dmpu
2024-07-21 23:53:29,407 [ERROR] ConditionMgr:805 - Attr not supported : Dmpu
2024-07-21 23:53:29,407 [ERROR] ConditionMgr:805 - Attr not supported : Dmpu
2024-07-21 23:53:29,407 [ERROR] ConditionMgr:805 - Attr not supported : Dmpu
2024-07-21 23:53:29,407 [ERROR] ConditionMgr:805 - Attr not supported : Dmpu
2024-07-21 23:53:29,407 [ERROR] ConditionMgr:805 - Attr not supported : Dmpu
2024-07-21 23:53:29,407 [ERROR] ConditionMgr:805 - Attr not supported : Dmpu
2024-07-21 23:53:29,407 [ERROR] ConditionMgr:805 - Attr not supported : Dmpu
2024-07-21 23:53:29,407 [ERROR] ConditionMgr:805 - Attr not supported : Dmpu
2024-07-21 23:53:29,407 [ERROR] ConditionMgr:805 - Attr not supported : Dmpu
2024-07-21 23:53:29,407 [ERROR] ConditionMgr:805 - Attr not supported : Dmpu
2024-07-21 23:53:29,407 [ERROR] ConditionMgr:805 - Attr not supported : Dmpu
2024-07-21 23:53:29,407 [ERROR] ConditionMgr:805 - Attr not supported : Dmpu
2024-07-21 23:53:29,407 [ERROR] ConditionMgr:805 - Attr not supported : Dmpu
2024-07-21 23:53:29,407 [ERROR] ConditionMgr:805 - Attr not supported : Dmpu
2024-07-21 23:53:29,408 [ERROR] ConditionMgr:805 - Attr not supported : Dmpu
2024-07-21 23:53:29,408 [ERROR] ConditionMgr:805 - Attr not supported : Dmpu
2024-07-21 23:53:29,408 [ERROR] ConditionMgr:805 - Attr not supported : Dmpu
2024-07-21 23:53:29,408 [ERROR] ConditionMgr:805 - Attr not supported : Dmpu
2024-07-21 23:53:29,408 [ERROR] ConditionMgr:805 - Attr not supported : Dmpu
2024-07-21 23:53:29,408 [ERROR] ConditionMgr:805 - Attr not supported : Dmpu
2024-07-21 23:53:29,408 [ERROR] ConditionMgr:805 - Attr not supported : Dmpu
2024-07-21 23:53:29,408 [ERROR] ConditionMgr:805 - Attr not supported : Dmpu
2024-07-21 23:53:29,408 [ERROR] ConditionMgr:805 - Attr not supported : Dmpu
2024-07-21 23:53:29,408 [ERROR] ConditionMgr:805 - Attr not supported : Dmpu
2024-07-21 23:53:29,408 [ERROR] ConditionMgr:805 - Attr not supported : Dmpu
2024-07-21 23:53:29,408 [ERROR] ConditionMgr:805 - Attr not supported : Dmpu
2024-07-21 23:53:29,408 [ERROR] ConditionMgr:805 - Attr not supported : Dmpu
2024-07-21 23:53:29,408 [ERROR] ConditionMgr:805 - Attr not supported : Dmpu
2024-07-21 23:53:29,408 [ERROR] ConditionMgr:805 - Attr not supported : Dmpu
2024-07-21 23:53:29,408 [ERROR] ConditionMgr:805 - Attr not supported : Dmpu
2024-07-21 23:53:29,408 [ERROR] ConditionMgr:805 - Attr not supported : Dmpu
2024-07-21 23:53:29,408 [ERROR] ConditionMgr:805 - Attr not supported : Dmpu
2024-07-21 23:53:29,408 [ERROR] ConditionMgr:805 - Attr not supported : Dmpu
2024-07-21 23:53:29,408 [ERROR] ConditionMgr:805 - Attr not supported : Dmpu
2024-07-21 23:53:29,408 [ERROR] ConditionMgr:805 - Attr not supported : Dmpu
2024-07-21 23:53:29,408 [ERROR] ConditionMgr:805 - Attr not supported : Dmpu
2024-07-21 23:53:29,408 [ERROR] ConditionMgr:805 - Attr not supported : Dmpu
2024-07-21 23:53:29,408 [ERROR] ConditionMgr:805 - Attr not supported : Dmpu
2024-07-21 23:53:29,408 [ERROR] ConditionMgr:805 - Attr not supported : Dmpu
2024-07-21 23:53:29,408 [ERROR] ConditionMgr:805 - Attr not supported : Dmpu
2024-07-21 23:53:29,408 [ERROR] ConditionMgr:805 - Attr not supported : Dmpu
2024-07-21 23:53:29,408 [ERROR] ConditionMgr:805 - Attr not supported : Dmpu
2024-07-21 23:53:29,408 [ERROR] ConditionMgr:805 - Attr not supported : Dmpu
2024-07-21 23:53:29,409 [ERROR] ConditionMgr:805 - Attr not supported : Dmpu
2024-07-21 23:53:29,409 [ERROR] ConditionMgr:805 - Attr not supported : Dmpu
2024-07-21 23:53:29,409 [ERROR] ConditionMgr:805 - Attr not supported : Dmpu
2024-07-21 23:53:29,409 [ERROR] ConditionMgr:805 - Attr not supported : Dmpu
2024-07-21 23:53:29,409 [ERROR] ConditionMgr:805 - Attr not supported : Dmpu
2024-07-21 23:53:29,409 [ERROR] ConditionMgr:805 - Attr not supported : Dmpu
2024-07-21 23:53:29,409 [ERROR] ConditionMgr:805 - Attr not supported : Dmpu
2024-07-21 23:53:29,409 [ERROR] ConditionMgr:805 - Attr not supported : Dmpu
2024-07-21 23:53:29,409 [ERROR] ConditionMgr:805 - Attr not supported : Dmpu
2024-07-21 23:53:29,409 [ERROR] ConditionMgr:805 - Attr not supported : Dmpu
2024-07-21 23:53:29,409 [ERROR] ConditionMgr:805 - Attr not supported : Dmpu
2024-07-21 23:53:29,409 [ERROR] ConditionMgr:805 - Attr not supported : Dmpu
2024-07-21 23:53:29,409 [ERROR] ConditionMgr:805 - Attr not supported : Dmpu
2024-07-21 23:53:29,409 [ERROR] ConditionMgr:805 - Attr not supported : Dmpu
2024-07-21 23:53:29,409 [ERROR] ConditionMgr:805 - Attr not supported : Dmpu
2024-07-21 23:53:29,409 [ERROR] ConditionMgr:805 - Attr not supported : Dmpu
2024-07-21 23:53:29,409 [ERROR] ConditionMgr:805 - Attr not supported : Dmpu
2024-07-21 23:53:29,409 [ERROR] ConditionMgr:805 - Attr not supported : Dmpu
2024-07-21 23:53:29,409 [ERROR] ConditionMgr:805 - Attr not supported : Dmpu
2024-07-21 23:53:29,409 [ERROR] ConditionMgr:805 - Attr not supported : Dmpu
2024-07-21 23:53:29,420 [WARN] PackLoader:240 - Cannot read IP mode file for RealThread.X-CUBE-RT-Thread_Nano.4.1.1
2024-07-21 23:53:29,424 [WARN] PackLoader:240 - Cannot read IP mode file for STMicroelectronics.FP-ATR-SIGFOX1.3.2.0
2024-07-21 23:53:29,436 [WARN] PackLoader:240 - Cannot read IP mode file for STMicroelectronics.X-CUBE-EEPRMA1.5.1.0
2024-07-21 23:53:29,464 [WARN] PackLoader:240 - Cannot read IP mode file for SEGGER.I-CUBE-embOS.1.3.1
2024-07-21 23:53:29,496 [WARN] PackLoader:240 - Cannot read IP mode file for STMicroelectronics.X-CUBE-ALGOBUILD.1.4.0
2024-07-21 23:53:29,508 [WARN] PackLoader:240 - Cannot read IP mode file for STMicroelectronics.X-CUBE-GNSS1.6.0.0
2024-07-21 23:53:29,529 [WARN] PackLoader:240 - Cannot read IP mode file for STMicroelectronics.X-CUBE-AZRTOS-F4.1.1.0
2024-07-21 23:53:29,541 [WARN] PackLoader:240 - Cannot read IP mode file for STMicroelectronics.X-CUBE-FREERTOS.1.2.0
2024-07-21 23:53:29,551 [WARN] PackLoader:240 - Cannot read IP mode file for wolfSSL.I-CUBE-wolfSSL.5.6.6
2024-07-21 23:53:29,579 [WARN] PackLoader:240 - Cannot read IP mode file for STMicroelectronics.X-CUBE-AZRTOS-L5.2.0.0
2024-07-21 23:53:29,600 [WARN] PackLoader:240 - Cannot read IP mode file for STMicroelectronics.X-CUBE-NFC6.3.1.0
2024-07-21 23:53:29,612 [WARN] PackLoader:240 - Cannot read IP mode file for ITTIA_DB.I-CUBE-ITTIADB.8.8.0
2024-07-21 23:53:29,624 [WARN] PackLoader:240 - Cannot read IP mode file for STMicroelectronics.X-CUBE-DPower.1.2.0
2024-07-21 23:53:29,634 [WARN] PackLoader:240 - Cannot read IP mode file for STMicroelectronics.X-CUBE-AI.9.0.0
2024-07-21 23:53:29,646 [WARN] PackLoader:240 - Cannot read IP mode file for STMicroelectronics.X-CUBE-NFC7.1.0.1
2024-07-21 23:53:29,651 [WARN] PackLoader:240 - Cannot read IP mode file for wolfSSL.I-CUBE-wolfTPM.3.2.0
2024-07-21 23:53:29,666 [WARN] PackLoader:240 - Cannot read IP mode file for STMicroelectronics.X-CUBE-NFC6.3.0.0
2024-07-21 23:53:29,679 [WARN] PackLoader:240 - Cannot read IP mode file for STMicroelectronics.X-CUBE-AI.8.1.0
2024-07-21 23:53:29,702 [WARN] ConditionMgr:438 - getConditionDescription Invalid condition id : LAN8742 Phy interface Condition cause : null
2024-07-21 23:53:29,703 [WARN] PackLoader:240 - Cannot read IP mode file for STMicroelectronics.X-CUBE-AZRTOS-L4.2.0.0
2024-07-21 23:53:29,704 [WARN] ConditionMgr:1039 - genDependencies : Invalid condition id : LAN8742 Phy interface Condition cause : null
2024-07-21 23:53:29,704 [WARN] ConditionMgr:1039 - genDependencies : Invalid condition id : LAN8742 Phy interface Condition cause : null
2024-07-21 23:53:29,704 [WARN] ConditionMgr:1039 - genDependencies : Invalid condition id : LAN8742 Phy interface Condition cause : null
2024-07-21 23:53:29,716 [WARN] PackLoader:240 - Cannot read IP mode file for STMicroelectronics.X-CUBE-SFXS2LP1.4.0.0
2024-07-21 23:53:29,734 [WARN] ConditionMgr:438 - getConditionDescription Invalid condition id : UX DEVICE CLASS RTOS Condition cause : null
2024-07-21 23:53:29,734 [WARN] ConditionMgr:438 - getConditionDescription Invalid condition id : UX DEVICE CLASS RTOS Condition cause : null
2024-07-21 23:53:29,735 [WARN] PackLoader:240 - Cannot read IP mode file for STMicroelectronics.X-CUBE-AZRTOS-WB.2.0.0
2024-07-21 23:53:29,735 [WARN] ConditionMgr:1039 - genDependencies : Invalid condition id : UX DEVICE CLASS RTOS Condition cause : null
2024-07-21 23:53:29,736 [WARN] ConditionMgr:1039 - genDependencies : Invalid condition id : UX DEVICE CLASS RTOS Condition cause : null
2024-07-21 23:53:29,736 [WARN] ConditionMgr:1039 - genDependencies : Invalid condition id : UX DEVICE CLASS RTOS Condition cause : null
2024-07-21 23:53:29,736 [WARN] ConditionMgr:1039 - genDependencies : Invalid condition id : UX DEVICE CLASS RTOS Condition cause : null
2024-07-21 23:53:29,736 [WARN] ConditionMgr:1039 - genDependencies : Invalid condition id : UX DEVICE CLASS RTOS Condition cause : null
2024-07-21 23:53:29,743 [WARN] PackLoader:240 - Cannot read IP mode file for STMicroelectronics.FP-SNS-STBOX1.2.0.0
2024-07-21 23:53:29,760 [WARN] PackLoader:240 - Cannot read IP mode file for STMicroelectronics.X-CUBE-SUBG2.5.0.0
2024-07-21 23:53:29,783 [WARN] PackLoader:240 - Cannot read IP mode file for STMicroelectronics.X-CUBE-AZRTOS-G4.2.0.0
2024-07-21 23:53:29,803 [WARN] PackLoader:240 - Cannot read IP mode file for Infineon.AIROC-Wi-Fi-Bluetooth-STM32.1.5.1
2024-07-21 23:53:29,817 [WARN] PackLoader:240 - Cannot read IP mode file for STMicroelectronics.FP-SNS-MOTENVWB1.1.3.1
2024-07-21 23:53:29,829 [WARN] PackLoader:240 - Cannot read IP mode file for STMicroelectronics.X-CUBE-ISPU.2.0.0
2024-07-21 23:53:29,841 [WARN] PackLoader:240 - Cannot read IP mode file for STMicroelectronics.X-CUBE-ALS.1.0.2
2024-07-21 23:53:29,884 [WARN] PackLoader:240 - Cannot read IP mode file for STMicroelectronics.X-CUBE-MEMS1.10.0.0
2024-07-21 23:53:29,984 [WARN] PackLoader:240 - Cannot read IP mode file for STMicroelectronics.X-CUBE-FREERTOS.1.1.0
2024-07-21 23:53:30,000 [WARN] PackLoader:240 - Cannot read IP mode file for STMicroelectronics.X-CUBE-TOUCHGFX.4.24.0
2024-07-21 23:53:30,014 [WARN] PackLoader:240 - Cannot read IP mode file for portGmbH.I-Cube-SoM-uGOAL.1.1.0
2024-07-21 23:53:30,026 [WARN] PackLoader:240 - Cannot read IP mode file for STMicroelectronics.X-CUBE-ALS.1.0.1
2024-07-21 23:53:30,050 [WARN] PackLoader:240 - Cannot read IP mode file for STMicroelectronics.X-CUBE-AZRTOS-H7RS.1.0.0
2024-07-21 23:53:30,058 [WARN] PackLoader:240 - Cannot read IP mode file for STMicroelectronics.FP-ATR-ASTRA1.2.0.0
2024-07-21 23:53:30,074 [WARN] PackLoader:240 - Cannot read IP mode file for STMicroelectronics.X-CUBE-TOF1.3.4.1
2024-07-21 23:53:30,102 [WARN] PackLoader:240 - Cannot read IP mode file for STMicroelectronics.X-CUBE-AZRTOS-H7.3.2.0
2024-07-21 23:53:30,110 [WARN] PackLoader:240 - Cannot read IP mode file for wolfSSL.I-CUBE-wolfSSH.1.4.17
2024-07-21 23:53:30,110 [INFO] ThirdParty:978 - Integrity check success = true
2024-07-21 23:53:30,110 [INFO] IntegrityCheckThread:100 - exiting critical section [integrity check]
2024-07-21 23:53:30,110 [INFO] IntegrityCheckThread:103 - End integrity checks thread
