2024-05-03 16:23:22,624 [INFO] Activator:176 - 


2024-05-03 16:23:22,628 [INFO] Activator:177 - !SESSION log4j initialized
2024-05-03 16:23:28,174 [INFO] LogOutputStream:77 - [STDOUT_REDIRECT] 
2024-05-03 16:23:29,969 [INFO] ApplicationProperties:184 - Using Application install path: C:\ST\STM32CubeIDE_1.14.1\STM32CubeIDE\plugins\com.st.stm32cube.common.mx_6.10.0.202311202037
2024-05-03 16:23:29,984 [INFO] DbMcusXml:78 - Set database path to: C:\ST\STM32CubeIDE_1.14.1\STM32CubeIDE\plugins\com.st.stm32cube.common.mx_6.10.0.202311202037\\db\/mcu/
2024-05-03 16:23:29,984 [INFO] ApiDb:274 - Set plugin database path to: C:\ST\STM32CubeIDE_1.14.1\STM32CubeIDE\plugins\com.st.stm32cube.common.mx_6.10.0.202311202037\\db\/plugins/boardmanager/
2024-05-03 16:23:29,985 [WARN] ApiDb:259 - Overriding images path with different value:  => C:\ST\STM32CubeIDE_1.14.1\STM32CubeIDE\plugins\com.st.stm32cube.common.mx_6.10.0.202311202037\\db\/plugins/mcufinder/images/
2024-05-03 16:23:29,991 [INFO] ApiDb:250 - Set database path to: C:\Users\anton\.stmcufinder\plugins\mcufinder//mcu/
2024-05-03 16:23:29,993 [INFO] DbMcusAds:125 - Set database path to: C:\Users\anton\.stmcufinder\plugins\mcufinder//mcu/
2024-05-03 16:23:29,994 [INFO] CrossReferenceDbSqlite:203 - Set database path to: C:\Users\anton\.stmcufinder\plugins\mcufinder//mcu/cs/
2024-05-03 16:23:30,141 [INFO] RulesReader:64 - Compatibility file has been processed (297 Rules)
2024-05-03 16:23:30,254 [INFO] DbMcusXml:78 - Set database path to: C:\ST\STM32CubeIDE_1.14.1\STM32CubeIDE\plugins\com.st.stm32cube.common.mx_6.10.0.202311202037\\db\/mcu/
2024-05-03 16:23:30,254 [INFO] ApiDb:274 - Set plugin database path to: C:\ST\STM32CubeIDE_1.14.1\STM32CubeIDE\plugins\com.st.stm32cube.common.mx_6.10.0.202311202037\\db\/plugins/boardmanager/
2024-05-03 16:23:30,254 [INFO] ApiDb:261 - Set plugin images path to: C:\ST\STM32CubeIDE_1.14.1\STM32CubeIDE\plugins\com.st.stm32cube.common.mx_6.10.0.202311202037\\db\/plugins/mcufinder/images/
2024-05-03 16:23:30,254 [WARN] DbFile:41 - Overriding database path with different value: C:\Users\anton\.stmcufinder\plugins\mcufinder/ => C:\Users\anton\.stmcufinder\plugins\mcufinder
2024-05-03 16:23:30,256 [INFO] ApiDb:250 - Set database path to: C:\Users\anton\.stmcufinder\plugins\mcufinder//mcu/
2024-05-03 16:23:30,256 [WARN] DbFile:41 - Overriding database path with different value: C:\Users\anton\.stmcufinder\plugins\mcufinder/ => C:\Users\anton\.stmcufinder\plugins\mcufinder
2024-05-03 16:23:30,256 [INFO] DbMcusAds:125 - Set database path to: C:\Users\anton\.stmcufinder\plugins\mcufinder//mcu/
2024-05-03 16:23:30,256 [WARN] DbFile:41 - Overriding database path with different value: C:\Users\anton\.stmcufinder\plugins\mcufinder/ => C:\Users\anton\.stmcufinder\plugins\mcufinder
2024-05-03 16:23:30,256 [WARN] DbFile:41 - Overriding database path with different value: C:\Users\anton\.stmcufinder\plugins\mcufinder/ => C:\Users\anton\.stmcufinder\plugins\mcufinder
2024-05-03 16:23:30,256 [INFO] CrossReferenceDbSqlite:203 - Set database path to: C:\Users\anton\.stmcufinder\plugins\mcufinder//mcu/cs/
2024-05-03 16:23:30,350 [INFO] MainPanel:264 - HeapMemory: 308281344
2024-05-03 16:23:30,415 [INFO] DbMcusXml:78 - Set database path to: C:\ST\STM32CubeIDE_1.14.1\STM32CubeIDE\plugins\com.st.stm32cube.common.mx_6.10.0.202311202037\\db\/mcu/
2024-05-03 16:23:30,415 [INFO] ApiDb:274 - Set plugin database path to: C:\ST\STM32CubeIDE_1.14.1\STM32CubeIDE\plugins\com.st.stm32cube.common.mx_6.10.0.202311202037\\db\/plugins/boardmanager/
2024-05-03 16:23:30,415 [INFO] ApiDb:261 - Set plugin images path to: C:\ST\STM32CubeIDE_1.14.1\STM32CubeIDE\plugins\com.st.stm32cube.common.mx_6.10.0.202311202037\\db\/plugins/mcufinder/images/
2024-05-03 16:23:30,415 [WARN] DbFile:41 - Overriding database path with different value: C:\Users\anton\.stmcufinder\plugins\mcufinder/ => C:\Users\anton\.stmcufinder\plugins\mcufinder
2024-05-03 16:23:30,415 [INFO] ApiDb:250 - Set database path to: C:\Users\anton\.stmcufinder\plugins\mcufinder//mcu/
2024-05-03 16:23:30,415 [WARN] DbFile:41 - Overriding database path with different value: C:\Users\anton\.stmcufinder\plugins\mcufinder/ => C:\Users\anton\.stmcufinder\plugins\mcufinder
2024-05-03 16:23:30,415 [INFO] DbMcusAds:125 - Set database path to: C:\Users\anton\.stmcufinder\plugins\mcufinder//mcu/
2024-05-03 16:23:30,415 [WARN] DbFile:41 - Overriding database path with different value: C:\Users\anton\.stmcufinder\plugins\mcufinder/ => C:\Users\anton\.stmcufinder\plugins\mcufinder
2024-05-03 16:23:30,415 [WARN] DbFile:41 - Overriding database path with different value: C:\Users\anton\.stmcufinder\plugins\mcufinder/ => C:\Users\anton\.stmcufinder\plugins\mcufinder
2024-05-03 16:23:30,415 [INFO] CrossReferenceDbSqlite:203 - Set database path to: C:\Users\anton\.stmcufinder\plugins\mcufinder//mcu/cs/
2024-05-03 16:23:30,433 [INFO] ApplicationProperties:184 - Using Application install path: C:\ST\STM32CubeIDE_1.14.1\STM32CubeIDE\plugins\com.st.stm32cube.common.mx_6.10.0.202311202037
2024-05-03 16:23:30,434 [INFO] PluginManage:196 - Search for loadable plugins [exclusion list=, ]
2024-05-03 16:23:30,435 [INFO] PluginManage:310 - Check plugin analytics
2024-05-03 16:23:30,674 [INFO] AnalyticsPlugin:253 - Accepted Software Licenses: 
2024-05-03 16:23:30,674 [INFO] AnalyticsPlugin:255 - Accepted CMSIS Pack Licenses: 
2024-05-03 16:23:30,674 [INFO] AnalyticsPlugin:257 - Accepted Firmware Licenses: FW.F4.1.28.0
2024-05-03 16:23:30,679 [INFO] PluginManage:359 - Loaded plugin analytics (category:tool,tabindex:-1)
2024-05-03 16:23:30,679 [INFO] PluginManage:310 - Check plugin cadmodel
2024-05-03 16:23:30,700 [INFO] CADModel:105 - Init CAD model plugin
2024-05-03 16:23:30,701 [INFO] PluginManage:359 - Loaded plugin cadmodel (category:power,tabindex:5)
2024-05-03 16:23:30,701 [INFO] PluginManage:310 - Check plugin clock
2024-05-03 16:23:30,727 [INFO] PluginManage:359 - Loaded plugin clock (category:base,tabindex:2)
2024-05-03 16:23:30,727 [INFO] PluginManage:310 - Check plugin ddr
2024-05-03 16:23:30,731 [INFO] PluginManage:359 - Loaded plugin ddr (category:tool,tabindex:6)
2024-05-03 16:23:30,731 [INFO] PluginManage:310 - Check plugin filemanager
2024-05-03 16:23:30,901 [INFO] PluginManage:359 - Loaded plugin filemanager (category:base,tabindex:10)
2024-05-03 16:23:30,901 [INFO] PluginManage:310 - Check plugin ipmanager
2024-05-03 16:23:30,909 [INFO] PluginManage:359 - Loaded plugin ipmanager (category:base,tabindex:5)
2024-05-03 16:23:30,909 [INFO] PluginManage:310 - Check plugin lpbam
2024-05-03 16:23:30,925 [INFO] PluginManage:359 - Loaded plugin lpbam (category:base,tabindex:0)
2024-05-03 16:23:30,925 [INFO] PluginManage:310 - Check plugin memorymap
2024-05-03 16:23:30,944 [INFO] PluginManage:359 - Loaded plugin memorymap (category:base,tabindex:4)
2024-05-03 16:23:30,944 [INFO] PluginManage:310 - Check plugin pinoutandconfiguration
2024-05-03 16:23:30,958 [INFO] PluginManage:359 - Loaded plugin pinoutandconfiguration (category:base,tabindex:1)
2024-05-03 16:23:30,958 [INFO] PluginManage:310 - Check plugin pinoutconfig
2024-05-03 16:23:31,031 [WARN] SupportedApi:132 - Cannot load RTOS API schema: s4s-elt-must-match.1: The content of 'definitions' must match (annotation?, (simpleType | complexType)?, (unique | key | keyref)*)). A problem was found starting at: attribute.
2024-05-03 16:23:31,133 [INFO] PluginManage:359 - Loaded plugin pinoutconfig (category:base,tabindex:0)
2024-05-03 16:23:31,133 [INFO] PluginManage:310 - Check plugin power
2024-05-03 16:23:31,146 [INFO] PluginManage:359 - Loaded plugin power (category:power,tabindex:4)
2024-05-03 16:23:31,147 [INFO] PluginManage:310 - Check plugin projectmanager
2024-05-03 16:23:31,169 [INFO] PluginManage:359 - Loaded plugin projectmanager (category:projectmanager,tabindex:3)
2024-05-03 16:23:31,170 [INFO] PluginManage:310 - Check plugin thirdparty
2024-05-03 16:23:31,427 [INFO] PluginManage:359 - Loaded plugin thirdparty (category:base,tabindex:-1)
2024-05-03 16:23:31,428 [INFO] PluginManage:310 - Check plugin tools
2024-05-03 16:23:31,427 [WARN] IntegrityCheckThread:84 - waiting for thirdparty lock release [integrity check]
2024-05-03 16:23:31,428 [INFO] IntegrityCheckThread:86 - entering critical section [integrity check]
2024-05-03 16:23:31,429 [INFO] ThirdPartyUpdaterWithRetryManager:70 - Updater plugin not ready yet. [1/15]
2024-05-03 16:23:31,459 [INFO] PluginManage:359 - Loaded plugin tools (category:base,tabindex:7)
2024-05-03 16:23:31,460 [INFO] PluginManage:310 - Check plugin tutovideos
2024-05-03 16:23:31,656 [INFO] PluginManage:359 - Loaded plugin tutovideos (category:base,tabindex:-1)
2024-05-03 16:23:31,657 [INFO] PluginManage:310 - Check plugin updater
2024-05-03 16:23:31,671 [INFO] PluginManage:359 - Loaded plugin updater (category:base,tabindex:12)
2024-05-03 16:23:31,671 [INFO] PluginManage:310 - Check plugin userauth
2024-05-03 16:23:31,680 [INFO] UserAuth:114 - Init User Auth plugin
2024-05-03 16:23:31,680 [INFO] PluginManage:359 - Loaded plugin userauth (category:base,tabindex:14)
2024-05-03 16:23:31,681 [INFO] PluginManage:283 - PluginManage : Loaded plugins [17]
2024-05-03 16:23:31,990 [INFO] PinOutPanel:1499 - setPackage(No Configuration,No Configuration)
2024-05-03 16:23:32,103 [INFO] CADModel:165 - CPN selected for project level
2024-05-03 16:23:32,103 [INFO] CADModel:114 - Register for checkConnection events
2024-05-03 16:23:32,135 [INFO] IPUIPlugin:80 - create IPUIPlugin
2024-05-03 16:23:32,136 [INFO] PluginManager:220 - loadIPPluginJar : add adc
2024-05-03 16:23:32,162 [INFO] IPUIPlugin:80 - create IPUIPlugin
2024-05-03 16:23:32,162 [INFO] PluginManager:220 - loadIPPluginJar : add aes
2024-05-03 16:23:32,194 [INFO] IPUIPlugin:80 - create IPUIPlugin
2024-05-03 16:23:32,195 [INFO] PluginManager:220 - loadIPPluginJar : add can
2024-05-03 16:23:32,211 [INFO] IPUIPlugin:80 - create IPUIPlugin
2024-05-03 16:23:32,211 [INFO] PluginManager:220 - loadIPPluginJar : add comp
2024-05-03 16:23:32,237 [INFO] IPUIPlugin:80 - create IPUIPlugin
2024-05-03 16:23:32,237 [INFO] PluginManager:220 - loadIPPluginJar : add cryp
2024-05-03 16:23:32,261 [INFO] IPUIPlugin:80 - create IPUIPlugin
2024-05-03 16:23:32,261 [INFO] PluginManager:220 - loadIPPluginJar : add dfsdm
2024-05-03 16:23:32,277 [INFO] IPUIPlugin:80 - create IPUIPlugin
2024-05-03 16:23:32,277 [INFO] PluginManager:220 - loadIPPluginJar : add dma
2024-05-03 16:23:32,317 [INFO] IPUIPlugin:80 - create IPUIPlugin
2024-05-03 16:23:32,317 [INFO] PluginManager:220 - loadIPPluginJar : add dma3
2024-05-03 16:23:32,332 [INFO] IPUIPlugin:80 - create IPUIPlugin
2024-05-03 16:23:32,333 [INFO] PluginManager:220 - loadIPPluginJar : add fatfs
2024-05-03 16:23:32,367 [INFO] IPUIPlugin:80 - create IPUIPlugin
2024-05-03 16:23:32,367 [INFO] PluginManager:220 - loadIPPluginJar : add fmc
2024-05-03 16:23:32,380 [INFO] IPUIPlugin:80 - create IPUIPlugin
2024-05-03 16:23:32,380 [INFO] PluginManager:220 - loadIPPluginJar : add freertos
2024-05-03 16:23:32,396 [INFO] IPUIPlugin:80 - create IPUIPlugin
2024-05-03 16:23:32,396 [INFO] PluginManager:220 - loadIPPluginJar : add genericplugin
2024-05-03 16:23:32,455 [INFO] IPUIPlugin:80 - create IPUIPlugin
2024-05-03 16:23:32,456 [INFO] PluginManager:220 - loadIPPluginJar : add gfxmmu
2024-05-03 16:23:32,543 [INFO] IPUIPlugin:80 - create IPUIPlugin
2024-05-03 16:23:32,543 [INFO] PluginManager:220 - loadIPPluginJar : add gic
2024-05-03 16:23:32,552 [INFO] IPUIPlugin:80 - create IPUIPlugin
2024-05-03 16:23:32,552 [INFO] PluginManager:220 - loadIPPluginJar : add gpio
2024-05-03 16:23:32,623 [INFO] IPUIPlugin:80 - create IPUIPlugin
2024-05-03 16:23:32,623 [INFO] PluginManager:220 - loadIPPluginJar : add gtzc
2024-05-03 16:23:32,646 [INFO] IPUIPlugin:80 - create IPUIPlugin
2024-05-03 16:23:32,646 [INFO] PluginManager:220 - loadIPPluginJar : add hash
2024-05-03 16:23:32,679 [INFO] IPUIPlugin:80 - create IPUIPlugin
2024-05-03 16:23:32,679 [INFO] PluginManager:220 - loadIPPluginJar : add i2c
2024-05-03 16:23:32,727 [INFO] IPUIPlugin:80 - create IPUIPlugin
2024-05-03 16:23:32,727 [INFO] PluginManager:220 - loadIPPluginJar : add i2s
2024-05-03 16:23:32,780 [INFO] IPUIPlugin:80 - create IPUIPlugin
2024-05-03 16:23:32,780 [INFO] PluginManager:220 - loadIPPluginJar : add i3c
2024-05-03 16:23:32,900 [INFO] IPUIPlugin:80 - create IPUIPlugin
2024-05-03 16:23:32,900 [INFO] PluginManager:220 - loadIPPluginJar : add ipddr
2024-05-03 16:23:33,033 [INFO] IPUIPlugin:80 - create IPUIPlugin
2024-05-03 16:23:33,033 [INFO] PluginManager:220 - loadIPPluginJar : add linkedlist
2024-05-03 16:23:33,079 [INFO] IPUIPlugin:80 - create IPUIPlugin
2024-05-03 16:23:33,079 [INFO] PluginManager:220 - loadIPPluginJar : add lorawan
2024-05-03 16:23:33,124 [INFO] IPUIPlugin:80 - create IPUIPlugin
2024-05-03 16:23:33,124 [INFO] PluginManager:220 - loadIPPluginJar : add ltdc
2024-05-03 16:23:33,137 [INFO] IPUIPlugin:80 - create IPUIPlugin
2024-05-03 16:23:33,137 [INFO] PluginManager:220 - loadIPPluginJar : add mdma
2024-05-03 16:23:33,150 [INFO] IPUIPlugin:80 - create IPUIPlugin
2024-05-03 16:23:33,150 [INFO] PluginManager:220 - loadIPPluginJar : add nvic
2024-05-03 16:23:33,200 [INFO] IPUIPlugin:80 - create IPUIPlugin
2024-05-03 16:23:33,200 [INFO] PluginManager:220 - loadIPPluginJar : add opamp
2024-05-03 16:23:33,282 [INFO] IPUIPlugin:80 - create IPUIPlugin
2024-05-03 16:23:33,282 [INFO] PluginManager:220 - loadIPPluginJar : add openamp
2024-05-03 16:23:33,357 [INFO] IPUIPlugin:80 - create IPUIPlugin
2024-05-03 16:23:33,357 [INFO] PluginManager:220 - loadIPPluginJar : add pdm2pcm
2024-05-03 16:23:33,383 [INFO] IPUIPlugin:80 - create IPUIPlugin
2024-05-03 16:23:33,387 [INFO] PluginManager:220 - loadIPPluginJar : add plateformsettings
2024-05-03 16:23:33,424 [INFO] IPUIPlugin:80 - create IPUIPlugin
2024-05-03 16:23:33,425 [INFO] PluginManager:220 - loadIPPluginJar : add quadspi
2024-05-03 16:23:33,441 [INFO] IPUIPlugin:80 - create IPUIPlugin
2024-05-03 16:23:33,441 [INFO] PluginManager:220 - loadIPPluginJar : add resmgrutility
2024-05-03 16:23:33,501 [INFO] IPUIPlugin:80 - create IPUIPlugin
2024-05-03 16:23:33,501 [INFO] PluginManager:220 - loadIPPluginJar : add sai
2024-05-03 16:23:33,539 [INFO] IPUIPlugin:80 - create IPUIPlugin
2024-05-03 16:23:33,539 [INFO] PluginManager:220 - loadIPPluginJar : add spi
2024-05-03 16:23:33,605 [INFO] IPUIPlugin:80 - create IPUIPlugin
2024-05-03 16:23:33,605 [INFO] PluginManager:220 - loadIPPluginJar : add stm32_wpan
2024-05-03 16:23:33,634 [INFO] IPUIPlugin:80 - create IPUIPlugin
2024-05-03 16:23:33,634 [INFO] PluginManager:220 - loadIPPluginJar : add tim
2024-05-03 16:23:33,700 [INFO] IPUIPlugin:80 - create IPUIPlugin
2024-05-03 16:23:33,700 [INFO] PluginManager:220 - loadIPPluginJar : add touchsensing
2024-05-03 16:23:33,718 [INFO] IPUIPlugin:80 - create IPUIPlugin
2024-05-03 16:23:33,718 [INFO] PluginManager:220 - loadIPPluginJar : add tracer_emb
2024-05-03 16:23:33,737 [INFO] IPUIPlugin:80 - create IPUIPlugin
2024-05-03 16:23:33,737 [INFO] PluginManager:220 - loadIPPluginJar : add ts
2024-05-03 16:23:33,756 [INFO] IPUIPlugin:80 - create IPUIPlugin
2024-05-03 16:23:33,756 [INFO] PluginManager:220 - loadIPPluginJar : add tsc
2024-05-03 16:23:33,773 [INFO] IPUIPlugin:80 - create IPUIPlugin
2024-05-03 16:23:33,773 [INFO] PluginManager:220 - loadIPPluginJar : add ucpd
2024-05-03 16:23:33,799 [INFO] IPUIPlugin:80 - create IPUIPlugin
2024-05-03 16:23:33,799 [INFO] PluginManager:220 - loadIPPluginJar : add usart
2024-05-03 16:23:33,825 [INFO] IPUIPlugin:80 - create IPUIPlugin
2024-05-03 16:23:33,826 [INFO] PluginManager:220 - loadIPPluginJar : add usbx
2024-05-03 16:23:33,948 [INFO] CADModel:165 - CPN selected for project level
2024-05-03 16:23:33,948 [INFO] CADModel:114 - Register for checkConnection events
2024-05-03 16:23:33,948 [FATAL] Updater:308 - Updater called before beeing initialized
2024-05-03 16:23:33,948 [ERROR] CADModel:125 - Updater not yet initialized, retry later 
2024-05-03 16:23:34,119 [INFO] CADModel:165 - CPN selected for project level
2024-05-03 16:23:34,121 [INFO] CADModel:114 - Register for checkConnection events
2024-05-03 16:23:34,121 [FATAL] Updater:308 - Updater called before beeing initialized
2024-05-03 16:23:34,121 [ERROR] CADModel:125 - Updater not yet initialized, retry later 
2024-05-03 16:23:34,123 [FATAL] Updater:308 - Updater called before beeing initialized
2024-05-03 16:23:34,225 [FATAL] Updater:308 - Updater called before beeing initialized
2024-05-03 16:23:34,232 [INFO] DbMcusAds:53 - JSON generation date=Wed Nov 29 11:52:27 CET 2023 (1701255147349)
2024-05-03 16:23:34,232 [FATAL] Updater:308 - Updater called before beeing initialized
2024-05-03 16:23:34,285 [WARN] DetailPanel:346 - Failed to get advertising image, set to default
2024-05-03 16:23:34,351 [FATAL] Updater:308 - Updater called before beeing initialized
2024-05-03 16:23:34,353 [FATAL] Updater:308 - Updater called before beeing initialized
2024-05-03 16:23:34,353 [FATAL] Updater:308 - Updater called before beeing initialized
2024-05-03 16:23:34,353 [WARN] DetailPanel:346 - Failed to get advertising image, set to default
2024-05-03 16:23:34,354 [FATAL] Updater:308 - Updater called before beeing initialized
2024-05-03 16:23:34,425 [ERROR] Updater:1120 - MainUpdater not yet initialized. External WinMGr cannot be set.
2024-05-03 16:23:34,430 [INFO] ThirdPartyUpdaterWithRetryManager:70 - Updater plugin not ready yet. [2/15]
2024-05-03 16:23:34,433 [INFO] Updater:1056 - Updater Version found : 6.10.0
2024-05-03 16:23:34,452 [INFO] ApplicationProperties:184 - Using Application install path: C:\ST\STM32CubeIDE_1.14.1\STM32CubeIDE\plugins\com.st.stm32cube.common.mx_6.10.0.202311202037
2024-05-03 16:23:36,068 [ERROR] LogOutputStream:75 - [STDERR_REDIRECT] May 03, 2024 4:23:36 PM java.util.prefs.WindowsPreferences <init>
2024-05-03 16:23:36,070 [ERROR] LogOutputStream:75 - [STDERR_REDIRECT] WARNING: Could not open/create prefs root node Software\JavaSoft\Prefs at root 0xffffffff80000002. Windows RegCreateKeyEx(...) returned error code 5.
2024-05-03 16:23:36,071 [ERROR] LogOutputStream:75 - [STDERR_REDIRECT] 
2024-05-03 16:23:36,389 [INFO] MainUpdater:2873 - connection check result : 10
2024-05-03 16:23:36,390 [INFO] MainUpdater:3567 - Updater definition file requires update
2024-05-03 16:23:36,392 [INFO] MainUpdater:290 - Updater Check For Update Now.
2024-05-03 16:23:36,392 [INFO] MicroXplorer:498 - Change Database Version : DB.6.0.100
2024-05-03 16:23:36,415 [INFO] McuFinderGlobals:63 - Set McuFinder mode to 2 (CubeIDE integrated)
2024-05-03 16:23:36,464 [INFO] ServerAccessManage:473 - Download File updaters.zip
2024-05-03 16:23:36,569 [INFO] FileExtend:240 - Unzip File : updaters.zip
2024-05-03 16:23:36,569 [INFO] FileExtend:255 - Standard Zip Deflate
2024-05-03 16:23:36,778 [INFO] UserAuth:404 - Internet connection configuration mode: 1
2024-05-03 16:23:36,804 [INFO] JxBrowserEngine:152 - Initiate JxBrowser Engine with user profile folder
2024-05-03 16:23:37,004 [INFO] ServerAccessManage:473 - Download File PacksControlFlags.xml
2024-05-03 16:23:37,098 [INFO] ServerAccessManage:473 - Download File cubemx.pidx
2024-05-03 16:23:37,254 [INFO] LoadServerUpdatesThread:375 - End of LoadServerUpdate Thread
2024-05-03 16:23:37,431 [WARN] MainUpdater:1194 - Updater busy. Cannot search thirdparties
2024-05-03 16:23:37,431 [INFO] ThirdPartyUpdaterWithRetryManager:96 - Updater plugin is busy. [1/15]
2024-05-03 16:23:37,476 [INFO] CheckServerUpdateThread:120 - End of CheckServer Thread
2024-05-03 16:23:38,984 [INFO] WebApp:161 - Instantiating new browser for Auth
2024-05-03 16:23:39,484 [INFO] WebApp:780 - Register for checkConnection events
2024-05-03 16:23:39,485 [INFO] WebApp:414 - Apply proxy settings
2024-05-03 16:23:39,485 [INFO] WebApp:499 - Chromium requires no authentication
2024-05-03 16:23:39,490 [INFO] WebApp:442 - Direct internet connection detected
2024-05-03 16:23:39,620 [INFO] WebApp:192 - Starting web application
2024-05-03 16:23:39,620 [INFO] WebApp:544 - Web application path used C:\ST\STM32CubeIDE_1.14.1\STM32CubeIDE\plugins\com.st.stm32cube.common.mx_6.10.0.202311202037\db\plugins\mcufinder\reactClient1\index.html
2024-05-03 16:23:40,639 [WARN] PackLoader:240 - Cannot read IP mode file for STMicroelectronics.FP-SNS-MOTENVWB1.1.4.0
2024-05-03 16:23:40,654 [WARN] PackLoader:240 - Cannot read IP mode file for STMicroelectronics.X-CUBE-SMBUS.2.1.0
2024-05-03 16:23:40,665 [WARN] PackLoader:240 - Cannot read IP mode file for STMicroelectronics.X-CUBE-TOUCHGFX.4.23.1
2024-05-03 16:23:40,672 [WARN] PackLoader:240 - Cannot read IP mode file for STMicroelectronics.X-CUBE-TOUCHGFX.4.23.0
2024-05-03 16:23:40,680 [WARN] PackLoader:240 - Cannot read IP mode file for STMicroelectronics.X-CUBE-TOUCHGFX.4.23.2
2024-05-03 16:23:40,720 [WARN] PackLoader:240 - Cannot read IP mode file for STMicroelectronics.X-CUBE-AZRTOS-F7.1.1.0
2024-05-03 16:23:40,747 [WARN] PackLoader:240 - Cannot read IP mode file for STMicroelectronics.FP-SNS-MOTENV1.4.3.2
2024-05-03 16:23:40,766 [WARN] PackLoader:240 - Cannot read IP mode file for STMicroelectronics.FP-SNS-FLIGHT1.5.0.2
2024-05-03 16:23:40,788 [WARN] PackLoader:240 - Cannot read IP mode file for STMicroelectronics.X-CUBE-DISPLAY.3.0.0
2024-05-03 16:23:40,812 [WARN] PackLoader:240 - Cannot read IP mode file for STMicroelectronics.X-CUBE-BLE1.7.0.0
2024-05-03 16:23:40,828 [WARN] PackLoader:240 - Cannot read IP mode file for emotas.I-CUBE-CANOPEN.1.3.0
2024-05-03 16:23:40,843 [WARN] PackLoader:240 - Cannot read IP mode file for STMicroelectronics.X-CUBE-BLEMGR.3.1.0
2024-05-03 16:23:40,854 [WARN] PackLoader:240 - Cannot read IP mode file for STMicroelectronics.FP-SNS-SMARTAG2.1.2.0
2024-05-03 16:23:40,871 [INFO] LogOutputStream:77 - [STDOUT_REDIRECT] 1 : Invalid condition id : UX_CORESTACK_Condition cause : null
2024-05-03 16:23:40,872 [INFO] LogOutputStream:77 - [STDOUT_REDIRECT] 1 : Invalid condition id : UX_CORESTACK_Condition cause : null
2024-05-03 16:23:40,873 [INFO] LogOutputStream:77 - [STDOUT_REDIRECT] 1 : Invalid condition id : UX_CORESTACK_Condition cause : null
2024-05-03 16:23:40,873 [INFO] LogOutputStream:77 - [STDOUT_REDIRECT] 1 : Invalid condition id : UX_CORESTACK_Condition cause : null
2024-05-03 16:23:40,874 [INFO] LogOutputStream:77 - [STDOUT_REDIRECT] 1 : Invalid condition id : UX_CORESTACK_Condition cause : null
2024-05-03 16:23:40,876 [WARN] PackLoader:240 - Cannot read IP mode file for STMicroelectronics.X-CUBE-AZRTOS-WL.2.0.0
2024-05-03 16:23:40,887 [WARN] PackLoader:240 - Cannot read IP mode file for STMicroelectronics.FP-SNS-MOTENV1.5.0.0
2024-05-03 16:23:40,900 [WARN] PackLoader:240 - Cannot read IP mode file for WES.I-CUBE-Cesium.1.3.0
2024-05-03 16:23:40,912 [WARN] PackLoader:240 - Cannot read IP mode file for STMicroelectronics.X-CUBE-BLE2.3.3.0
2024-05-03 16:23:40,923 [WARN] PackLoader:240 - Cannot read IP mode file for STMicroelectronics.X-CUBE-TCPP.4.1.0
2024-05-03 16:23:40,935 [WARN] PackLoader:240 - Cannot read IP mode file for STMicroelectronics.X-CUBE-ALGOBUILD.1.3.0
2024-05-03 16:23:40,970 [WARN] PackLoader:240 - Cannot read IP mode file for STMicroelectronics.X-CUBE-AZRTOS-G0.1.1.0
2024-05-03 16:23:40,986 [WARN] PackLoader:240 - Cannot read IP mode file for STMicroelectronics.X-CUBE-SAFEA1.1.2.2
2024-05-03 16:23:41,005 [WARN] PackLoader:240 - Cannot read IP mode file for STMicroelectronics.X-CUBE-NFC4.3.0.0
2024-05-03 16:23:41,019 [WARN] PackLoader:240 - Cannot read IP mode file for STMicroelectronics.FP-ATR-SIGFOX1.3.2.0
2024-05-03 16:23:41,034 [WARN] PackLoader:240 - Cannot read IP mode file for STMicroelectronics.X-CUBE-EEPRMA1.5.1.0
2024-05-03 16:23:41,069 [WARN] PackLoader:240 - Cannot read IP mode file for SEGGER.I-CUBE-embOS.1.3.1
2024-05-03 16:23:41,114 [WARN] PackLoader:240 - Cannot read IP mode file for STMicroelectronics.X-CUBE-GNSS1.6.0.0
2024-05-03 16:23:41,141 [WARN] PackLoader:240 - Cannot read IP mode file for STMicroelectronics.X-CUBE-AZRTOS-F4.1.1.0
2024-05-03 16:23:41,163 [WARN] PackLoader:240 - Cannot read IP mode file for STMicroelectronics.X-CUBE-FREERTOS.1.2.0
2024-05-03 16:23:41,186 [WARN] PackLoader:240 - Cannot read IP mode file for wolfSSL.I-CUBE-wolfSSL.5.6.6
2024-05-03 16:23:41,217 [WARN] PackLoader:240 - Cannot read IP mode file for STMicroelectronics.X-CUBE-AZRTOS-L5.2.0.0
2024-05-03 16:23:41,234 [WARN] PackLoader:240 - Cannot read IP mode file for STMicroelectronics.X-CUBE-NFC6.3.1.0
2024-05-03 16:23:41,253 [WARN] PackLoader:240 - Cannot read IP mode file for ITTIA_DB.I-CUBE-ITTIADB.8.8.0
2024-05-03 16:23:41,269 [WARN] PackLoader:240 - Cannot read IP mode file for STMicroelectronics.X-CUBE-AI.9.0.0
2024-05-03 16:23:41,292 [WARN] PackLoader:240 - Cannot read IP mode file for STMicroelectronics.X-CUBE-NFC7.1.0.1
2024-05-03 16:23:41,312 [WARN] PackLoader:240 - Cannot read IP mode file for STMicroelectronics.X-CUBE-NFC6.3.0.0
2024-05-03 16:23:41,330 [WARN] PackLoader:240 - Cannot read IP mode file for STMicroelectronics.X-CUBE-AI.8.1.0
2024-05-03 16:23:41,373 [WARN] ConditionMgr:438 - getConditionDescription Invalid condition id : LAN8742 Phy interface Condition cause : null
2024-05-03 16:23:41,374 [WARN] PackLoader:240 - Cannot read IP mode file for STMicroelectronics.X-CUBE-AZRTOS-L4.2.0.0
2024-05-03 16:23:41,377 [WARN] ConditionMgr:1039 - genDependencies : Invalid condition id : LAN8742 Phy interface Condition cause : null
2024-05-03 16:23:41,377 [WARN] ConditionMgr:1039 - genDependencies : Invalid condition id : LAN8742 Phy interface Condition cause : null
2024-05-03 16:23:41,378 [WARN] ConditionMgr:1039 - genDependencies : Invalid condition id : LAN8742 Phy interface Condition cause : null
2024-05-03 16:23:41,405 [WARN] PackLoader:240 - Cannot read IP mode file for STMicroelectronics.X-CUBE-SFXS2LP1.4.0.0
2024-05-03 16:23:41,440 [WARN] ConditionMgr:438 - getConditionDescription Invalid condition id : UX DEVICE CLASS RTOS Condition cause : null
2024-05-03 16:23:41,440 [WARN] ConditionMgr:438 - getConditionDescription Invalid condition id : UX DEVICE CLASS RTOS Condition cause : null
2024-05-03 16:23:41,442 [WARN] PackLoader:240 - Cannot read IP mode file for STMicroelectronics.X-CUBE-AZRTOS-WB.2.0.0
2024-05-03 16:23:41,444 [WARN] ConditionMgr:1039 - genDependencies : Invalid condition id : UX DEVICE CLASS RTOS Condition cause : null
2024-05-03 16:23:41,444 [WARN] ConditionMgr:1039 - genDependencies : Invalid condition id : UX DEVICE CLASS RTOS Condition cause : null
2024-05-03 16:23:41,445 [WARN] ConditionMgr:1039 - genDependencies : Invalid condition id : UX DEVICE CLASS RTOS Condition cause : null
2024-05-03 16:23:41,445 [WARN] ConditionMgr:1039 - genDependencies : Invalid condition id : UX DEVICE CLASS RTOS Condition cause : null
2024-05-03 16:23:41,446 [WARN] ConditionMgr:1039 - genDependencies : Invalid condition id : UX DEVICE CLASS RTOS Condition cause : null
2024-05-03 16:23:41,469 [WARN] PackLoader:240 - Cannot read IP mode file for STMicroelectronics.X-CUBE-SUBG2.5.0.0
2024-05-03 16:23:41,505 [WARN] PackLoader:240 - Cannot read IP mode file for STMicroelectronics.X-CUBE-AZRTOS-G4.2.0.0
2024-05-03 16:23:41,537 [WARN] PackLoader:240 - Cannot read IP mode file for Infineon.AIROC-Wi-Fi-Bluetooth-STM32.1.5.1
2024-05-03 16:23:41,555 [WARN] PackLoader:240 - Cannot read IP mode file for STMicroelectronics.FP-SNS-MOTENVWB1.1.3.1
2024-05-03 16:23:41,572 [WARN] PackLoader:240 - Cannot read IP mode file for STMicroelectronics.X-CUBE-ISPU.2.0.0
2024-05-03 16:23:41,654 [WARN] PackLoader:240 - Cannot read IP mode file for STMicroelectronics.X-CUBE-MEMS1.10.0.0
2024-05-03 16:23:41,801 [WARN] PackLoader:240 - Cannot read IP mode file for STMicroelectronics.X-CUBE-FREERTOS.1.1.0
2024-05-03 16:23:41,820 [WARN] PackLoader:240 - Cannot read IP mode file for portGmbH.I-Cube-SoM-uGOAL.1.1.0
2024-05-03 16:23:41,836 [WARN] PackLoader:240 - Cannot read IP mode file for STMicroelectronics.X-CUBE-ALS.1.0.1
2024-05-03 16:23:41,869 [WARN] PackLoader:240 - Cannot read IP mode file for STMicroelectronics.X-CUBE-AZRTOS-H7RS.1.0.0
2024-05-03 16:23:41,888 [WARN] PackLoader:240 - Cannot read IP mode file for STMicroelectronics.FP-ATR-ASTRA1.2.0.0
2024-05-03 16:23:41,919 [WARN] PackLoader:240 - Cannot read IP mode file for STMicroelectronics.X-CUBE-TOF1.3.4.1
2024-05-03 16:23:41,966 [WARN] PackLoader:240 - Cannot read IP mode file for STMicroelectronics.X-CUBE-AZRTOS-H7.3.2.0
2024-05-03 16:23:41,969 [INFO] ThirdParty:978 - Integrity check success = true
2024-05-03 16:23:41,969 [INFO] IntegrityCheckThread:100 - exiting critical section [integrity check]
2024-05-03 16:23:41,969 [INFO] IntegrityCheckThread:103 - End integrity checks thread
2024-05-03 16:24:00,547 [ERROR] LogOutputStream:75 - [STDERR_REDIRECT] SLF4J: Failed to load class "org.slf4j.impl.StaticLoggerBinder".
2024-05-03 16:24:00,548 [ERROR] LogOutputStream:75 - [STDERR_REDIRECT] SLF4J: Defaulting to no-operation (NOP) logger implementation
2024-05-03 16:24:00,549 [ERROR] LogOutputStream:75 - [STDERR_REDIRECT] SLF4J: See http://www.slf4j.org/codes.html#StaticLoggerBinder for further details.
2024-05-03 16:28:40,998 [INFO] WebApp:354 - JxBrowser engine has been closed 
2024-05-03 16:44:17,060 [INFO] Activator:176 - 


2024-05-03 16:44:17,062 [INFO] Activator:177 - !SESSION log4j initialized
2024-05-03 16:44:23,084 [INFO] LogOutputStream:77 - [STDOUT_REDIRECT] 
2024-05-03 16:44:24,759 [INFO] ApplicationProperties:184 - Using Application install path: C:\ST\STM32CubeIDE_1.14.1\STM32CubeIDE\plugins\com.st.stm32cube.common.mx_6.10.0.202311202037
2024-05-03 16:44:24,775 [INFO] DbMcusXml:78 - Set database path to: C:\ST\STM32CubeIDE_1.14.1\STM32CubeIDE\plugins\com.st.stm32cube.common.mx_6.10.0.202311202037\\db\/mcu/
2024-05-03 16:44:24,775 [INFO] ApiDb:274 - Set plugin database path to: C:\ST\STM32CubeIDE_1.14.1\STM32CubeIDE\plugins\com.st.stm32cube.common.mx_6.10.0.202311202037\\db\/plugins/boardmanager/
2024-05-03 16:44:24,775 [WARN] ApiDb:259 - Overriding images path with different value:  => C:\ST\STM32CubeIDE_1.14.1\STM32CubeIDE\plugins\com.st.stm32cube.common.mx_6.10.0.202311202037\\db\/plugins/mcufinder/images/
2024-05-03 16:44:24,790 [INFO] ApiDb:250 - Set database path to: C:\Users\anton\.stmcufinder\plugins\mcufinder//mcu/
2024-05-03 16:44:24,790 [INFO] DbMcusAds:125 - Set database path to: C:\Users\anton\.stmcufinder\plugins\mcufinder//mcu/
2024-05-03 16:44:24,790 [INFO] CrossReferenceDbSqlite:203 - Set database path to: C:\Users\anton\.stmcufinder\plugins\mcufinder//mcu/cs/
2024-05-03 16:44:24,916 [INFO] RulesReader:64 - Compatibility file has been processed (297 Rules)
2024-05-03 16:44:25,003 [INFO] DbMcusXml:78 - Set database path to: C:\ST\STM32CubeIDE_1.14.1\STM32CubeIDE\plugins\com.st.stm32cube.common.mx_6.10.0.202311202037\\db\/mcu/
2024-05-03 16:44:25,003 [INFO] ApiDb:274 - Set plugin database path to: C:\ST\STM32CubeIDE_1.14.1\STM32CubeIDE\plugins\com.st.stm32cube.common.mx_6.10.0.202311202037\\db\/plugins/boardmanager/
2024-05-03 16:44:25,003 [INFO] ApiDb:261 - Set plugin images path to: C:\ST\STM32CubeIDE_1.14.1\STM32CubeIDE\plugins\com.st.stm32cube.common.mx_6.10.0.202311202037\\db\/plugins/mcufinder/images/
2024-05-03 16:44:25,003 [WARN] DbFile:41 - Overriding database path with different value: C:\Users\anton\.stmcufinder\plugins\mcufinder/ => C:\Users\anton\.stmcufinder\plugins\mcufinder
2024-05-03 16:44:25,003 [INFO] ApiDb:250 - Set database path to: C:\Users\anton\.stmcufinder\plugins\mcufinder//mcu/
2024-05-03 16:44:25,003 [WARN] DbFile:41 - Overriding database path with different value: C:\Users\anton\.stmcufinder\plugins\mcufinder/ => C:\Users\anton\.stmcufinder\plugins\mcufinder
2024-05-03 16:44:25,003 [INFO] DbMcusAds:125 - Set database path to: C:\Users\anton\.stmcufinder\plugins\mcufinder//mcu/
2024-05-03 16:44:25,003 [WARN] DbFile:41 - Overriding database path with different value: C:\Users\anton\.stmcufinder\plugins\mcufinder/ => C:\Users\anton\.stmcufinder\plugins\mcufinder
2024-05-03 16:44:25,003 [WARN] DbFile:41 - Overriding database path with different value: C:\Users\anton\.stmcufinder\plugins\mcufinder/ => C:\Users\anton\.stmcufinder\plugins\mcufinder
2024-05-03 16:44:25,003 [INFO] CrossReferenceDbSqlite:203 - Set database path to: C:\Users\anton\.stmcufinder\plugins\mcufinder//mcu/cs/
2024-05-03 16:44:25,074 [INFO] MainPanel:264 - HeapMemory: 268435456
2024-05-03 16:44:25,153 [INFO] DbMcusXml:78 - Set database path to: C:\ST\STM32CubeIDE_1.14.1\STM32CubeIDE\plugins\com.st.stm32cube.common.mx_6.10.0.202311202037\\db\/mcu/
2024-05-03 16:44:25,153 [INFO] ApiDb:274 - Set plugin database path to: C:\ST\STM32CubeIDE_1.14.1\STM32CubeIDE\plugins\com.st.stm32cube.common.mx_6.10.0.202311202037\\db\/plugins/boardmanager/
2024-05-03 16:44:25,153 [INFO] ApiDb:261 - Set plugin images path to: C:\ST\STM32CubeIDE_1.14.1\STM32CubeIDE\plugins\com.st.stm32cube.common.mx_6.10.0.202311202037\\db\/plugins/mcufinder/images/
2024-05-03 16:44:25,153 [WARN] DbFile:41 - Overriding database path with different value: C:\Users\anton\.stmcufinder\plugins\mcufinder/ => C:\Users\anton\.stmcufinder\plugins\mcufinder
2024-05-03 16:44:25,153 [INFO] ApiDb:250 - Set database path to: C:\Users\anton\.stmcufinder\plugins\mcufinder//mcu/
2024-05-03 16:44:25,153 [WARN] DbFile:41 - Overriding database path with different value: C:\Users\anton\.stmcufinder\plugins\mcufinder/ => C:\Users\anton\.stmcufinder\plugins\mcufinder
2024-05-03 16:44:25,153 [INFO] DbMcusAds:125 - Set database path to: C:\Users\anton\.stmcufinder\plugins\mcufinder//mcu/
2024-05-03 16:44:25,153 [WARN] DbFile:41 - Overriding database path with different value: C:\Users\anton\.stmcufinder\plugins\mcufinder/ => C:\Users\anton\.stmcufinder\plugins\mcufinder
2024-05-03 16:44:25,153 [WARN] DbFile:41 - Overriding database path with different value: C:\Users\anton\.stmcufinder\plugins\mcufinder/ => C:\Users\anton\.stmcufinder\plugins\mcufinder
2024-05-03 16:44:25,153 [INFO] CrossReferenceDbSqlite:203 - Set database path to: C:\Users\anton\.stmcufinder\plugins\mcufinder//mcu/cs/
2024-05-03 16:44:25,168 [INFO] ApplicationProperties:184 - Using Application install path: C:\ST\STM32CubeIDE_1.14.1\STM32CubeIDE\plugins\com.st.stm32cube.common.mx_6.10.0.202311202037
2024-05-03 16:44:25,168 [INFO] PluginManage:196 - Search for loadable plugins [exclusion list=, ]
2024-05-03 16:44:25,168 [INFO] PluginManage:310 - Check plugin analytics
2024-05-03 16:44:25,421 [INFO] AnalyticsPlugin:253 - Accepted Software Licenses: 
2024-05-03 16:44:25,421 [INFO] AnalyticsPlugin:255 - Accepted CMSIS Pack Licenses: 
2024-05-03 16:44:25,421 [INFO] AnalyticsPlugin:257 - Accepted Firmware Licenses: FW.F4.1.28.0
2024-05-03 16:44:25,421 [INFO] PluginManage:359 - Loaded plugin analytics (category:tool,tabindex:-1)
2024-05-03 16:44:25,421 [INFO] PluginManage:310 - Check plugin cadmodel
2024-05-03 16:44:25,453 [INFO] CADModel:105 - Init CAD model plugin
2024-05-03 16:44:25,453 [INFO] PluginManage:359 - Loaded plugin cadmodel (category:power,tabindex:5)
2024-05-03 16:44:25,453 [INFO] PluginManage:310 - Check plugin clock
2024-05-03 16:44:25,484 [INFO] PluginManage:359 - Loaded plugin clock (category:base,tabindex:2)
2024-05-03 16:44:25,484 [INFO] PluginManage:310 - Check plugin ddr
2024-05-03 16:44:25,484 [INFO] PluginManage:359 - Loaded plugin ddr (category:tool,tabindex:6)
2024-05-03 16:44:25,484 [INFO] PluginManage:310 - Check plugin filemanager
2024-05-03 16:44:25,658 [INFO] PluginManage:359 - Loaded plugin filemanager (category:base,tabindex:10)
2024-05-03 16:44:25,658 [INFO] PluginManage:310 - Check plugin ipmanager
2024-05-03 16:44:25,674 [INFO] PluginManage:359 - Loaded plugin ipmanager (category:base,tabindex:5)
2024-05-03 16:44:25,674 [INFO] PluginManage:310 - Check plugin lpbam
2024-05-03 16:44:25,690 [INFO] PluginManage:359 - Loaded plugin lpbam (category:base,tabindex:0)
2024-05-03 16:44:25,690 [INFO] PluginManage:310 - Check plugin memorymap
2024-05-03 16:44:25,721 [INFO] PluginManage:359 - Loaded plugin memorymap (category:base,tabindex:4)
2024-05-03 16:44:25,721 [INFO] PluginManage:310 - Check plugin pinoutandconfiguration
2024-05-03 16:44:25,737 [INFO] PluginManage:359 - Loaded plugin pinoutandconfiguration (category:base,tabindex:1)
2024-05-03 16:44:25,737 [INFO] PluginManage:310 - Check plugin pinoutconfig
2024-05-03 16:44:25,816 [WARN] SupportedApi:132 - Cannot load RTOS API schema: s4s-elt-must-match.1: The content of 'definitions' must match (annotation?, (simpleType | complexType)?, (unique | key | keyref)*)). A problem was found starting at: attribute.
2024-05-03 16:44:25,958 [INFO] PluginManage:359 - Loaded plugin pinoutconfig (category:base,tabindex:0)
2024-05-03 16:44:25,958 [INFO] PluginManage:310 - Check plugin power
2024-05-03 16:44:25,973 [INFO] PluginManage:359 - Loaded plugin power (category:power,tabindex:4)
2024-05-03 16:44:25,973 [INFO] PluginManage:310 - Check plugin projectmanager
2024-05-03 16:44:25,989 [INFO] PluginManage:359 - Loaded plugin projectmanager (category:projectmanager,tabindex:3)
2024-05-03 16:44:25,989 [INFO] PluginManage:310 - Check plugin thirdparty
2024-05-03 16:44:26,209 [INFO] PluginManage:359 - Loaded plugin thirdparty (category:base,tabindex:-1)
2024-05-03 16:44:26,209 [INFO] PluginManage:310 - Check plugin tools
2024-05-03 16:44:26,209 [WARN] IntegrityCheckThread:84 - waiting for thirdparty lock release [integrity check]
2024-05-03 16:44:26,209 [INFO] IntegrityCheckThread:86 - entering critical section [integrity check]
2024-05-03 16:44:26,209 [INFO] ThirdPartyUpdaterWithRetryManager:70 - Updater plugin not ready yet. [1/15]
2024-05-03 16:44:26,241 [INFO] PluginManage:359 - Loaded plugin tools (category:base,tabindex:7)
2024-05-03 16:44:26,241 [INFO] PluginManage:310 - Check plugin tutovideos
2024-05-03 16:44:26,406 [INFO] PluginManage:359 - Loaded plugin tutovideos (category:base,tabindex:-1)
2024-05-03 16:44:26,406 [INFO] PluginManage:310 - Check plugin updater
2024-05-03 16:44:26,426 [INFO] PluginManage:359 - Loaded plugin updater (category:base,tabindex:12)
2024-05-03 16:44:26,426 [INFO] PluginManage:310 - Check plugin userauth
2024-05-03 16:44:26,426 [INFO] UserAuth:114 - Init User Auth plugin
2024-05-03 16:44:26,426 [INFO] PluginManage:359 - Loaded plugin userauth (category:base,tabindex:14)
2024-05-03 16:44:26,426 [INFO] PluginManage:283 - PluginManage : Loaded plugins [17]
2024-05-03 16:44:26,606 [INFO] PinOutPanel:1499 - setPackage(No Configuration,No Configuration)
2024-05-03 16:44:26,668 [INFO] CADModel:165 - CPN selected for project level
2024-05-03 16:44:26,668 [INFO] CADModel:114 - Register for checkConnection events
2024-05-03 16:44:26,706 [INFO] IPUIPlugin:80 - create IPUIPlugin
2024-05-03 16:44:26,706 [INFO] PluginManager:220 - loadIPPluginJar : add adc
2024-05-03 16:44:26,731 [INFO] IPUIPlugin:80 - create IPUIPlugin
2024-05-03 16:44:26,731 [INFO] PluginManager:220 - loadIPPluginJar : add aes
2024-05-03 16:44:26,763 [INFO] IPUIPlugin:80 - create IPUIPlugin
2024-05-03 16:44:26,763 [INFO] PluginManager:220 - loadIPPluginJar : add can
2024-05-03 16:44:26,778 [INFO] IPUIPlugin:80 - create IPUIPlugin
2024-05-03 16:44:26,778 [INFO] PluginManager:220 - loadIPPluginJar : add comp
2024-05-03 16:44:26,794 [INFO] IPUIPlugin:80 - create IPUIPlugin
2024-05-03 16:44:26,794 [INFO] PluginManager:220 - loadIPPluginJar : add cryp
2024-05-03 16:44:26,810 [INFO] IPUIPlugin:80 - create IPUIPlugin
2024-05-03 16:44:26,810 [INFO] PluginManager:220 - loadIPPluginJar : add dfsdm
2024-05-03 16:44:26,826 [INFO] IPUIPlugin:80 - create IPUIPlugin
2024-05-03 16:44:26,826 [INFO] PluginManager:220 - loadIPPluginJar : add dma
2024-05-03 16:44:26,857 [INFO] IPUIPlugin:80 - create IPUIPlugin
2024-05-03 16:44:26,857 [INFO] PluginManager:220 - loadIPPluginJar : add dma3
2024-05-03 16:44:26,873 [INFO] IPUIPlugin:80 - create IPUIPlugin
2024-05-03 16:44:26,873 [INFO] PluginManager:220 - loadIPPluginJar : add fatfs
2024-05-03 16:44:26,906 [INFO] IPUIPlugin:80 - create IPUIPlugin
2024-05-03 16:44:26,906 [INFO] PluginManager:220 - loadIPPluginJar : add fmc
2024-05-03 16:44:26,906 [INFO] IPUIPlugin:80 - create IPUIPlugin
2024-05-03 16:44:26,906 [INFO] PluginManager:220 - loadIPPluginJar : add freertos
2024-05-03 16:44:26,920 [INFO] IPUIPlugin:80 - create IPUIPlugin
2024-05-03 16:44:26,920 [INFO] PluginManager:220 - loadIPPluginJar : add genericplugin
2024-05-03 16:44:26,983 [INFO] IPUIPlugin:80 - create IPUIPlugin
2024-05-03 16:44:26,983 [INFO] PluginManager:220 - loadIPPluginJar : add gfxmmu
2024-05-03 16:44:27,061 [INFO] IPUIPlugin:80 - create IPUIPlugin
2024-05-03 16:44:27,061 [INFO] PluginManager:220 - loadIPPluginJar : add gic
2024-05-03 16:44:27,077 [INFO] IPUIPlugin:80 - create IPUIPlugin
2024-05-03 16:44:27,077 [INFO] PluginManager:220 - loadIPPluginJar : add gpio
2024-05-03 16:44:27,140 [INFO] IPUIPlugin:80 - create IPUIPlugin
2024-05-03 16:44:27,140 [INFO] PluginManager:220 - loadIPPluginJar : add gtzc
2024-05-03 16:44:27,156 [INFO] IPUIPlugin:80 - create IPUIPlugin
2024-05-03 16:44:27,156 [INFO] PluginManager:220 - loadIPPluginJar : add hash
2024-05-03 16:44:27,187 [INFO] IPUIPlugin:80 - create IPUIPlugin
2024-05-03 16:44:27,187 [INFO] PluginManager:220 - loadIPPluginJar : add i2c
2024-05-03 16:44:27,219 [INFO] IPUIPlugin:80 - create IPUIPlugin
2024-05-03 16:44:27,219 [INFO] PluginManager:220 - loadIPPluginJar : add i2s
2024-05-03 16:44:27,250 [INFO] IPUIPlugin:80 - create IPUIPlugin
2024-05-03 16:44:27,250 [INFO] PluginManager:220 - loadIPPluginJar : add i3c
2024-05-03 16:44:27,313 [INFO] IPUIPlugin:80 - create IPUIPlugin
2024-05-03 16:44:27,313 [INFO] PluginManager:220 - loadIPPluginJar : add ipddr
2024-05-03 16:44:27,376 [INFO] IPUIPlugin:80 - create IPUIPlugin
2024-05-03 16:44:27,376 [INFO] PluginManager:220 - loadIPPluginJar : add linkedlist
2024-05-03 16:44:27,392 [INFO] IPUIPlugin:80 - create IPUIPlugin
2024-05-03 16:44:27,392 [INFO] PluginManager:220 - loadIPPluginJar : add lorawan
2024-05-03 16:44:27,423 [INFO] IPUIPlugin:80 - create IPUIPlugin
2024-05-03 16:44:27,423 [INFO] PluginManager:220 - loadIPPluginJar : add ltdc
2024-05-03 16:44:27,423 [INFO] IPUIPlugin:80 - create IPUIPlugin
2024-05-03 16:44:27,439 [INFO] PluginManager:220 - loadIPPluginJar : add mdma
2024-05-03 16:44:27,439 [INFO] IPUIPlugin:80 - create IPUIPlugin
2024-05-03 16:44:27,439 [INFO] PluginManager:220 - loadIPPluginJar : add nvic
2024-05-03 16:44:27,470 [INFO] IPUIPlugin:80 - create IPUIPlugin
2024-05-03 16:44:27,470 [INFO] PluginManager:220 - loadIPPluginJar : add opamp
2024-05-03 16:44:27,518 [INFO] IPUIPlugin:80 - create IPUIPlugin
2024-05-03 16:44:27,518 [INFO] PluginManager:220 - loadIPPluginJar : add openamp
2024-05-03 16:44:27,549 [INFO] IPUIPlugin:80 - create IPUIPlugin
2024-05-03 16:44:27,549 [INFO] PluginManager:220 - loadIPPluginJar : add pdm2pcm
2024-05-03 16:44:27,565 [INFO] IPUIPlugin:80 - create IPUIPlugin
2024-05-03 16:44:27,565 [INFO] PluginManager:220 - loadIPPluginJar : add plateformsettings
2024-05-03 16:44:27,580 [INFO] IPUIPlugin:80 - create IPUIPlugin
2024-05-03 16:44:27,580 [INFO] PluginManager:220 - loadIPPluginJar : add quadspi
2024-05-03 16:44:27,596 [INFO] IPUIPlugin:80 - create IPUIPlugin
2024-05-03 16:44:27,596 [INFO] PluginManager:220 - loadIPPluginJar : add resmgrutility
2024-05-03 16:44:27,628 [INFO] IPUIPlugin:80 - create IPUIPlugin
2024-05-03 16:44:27,628 [INFO] PluginManager:220 - loadIPPluginJar : add sai
2024-05-03 16:44:27,643 [INFO] IPUIPlugin:80 - create IPUIPlugin
2024-05-03 16:44:27,643 [INFO] PluginManager:220 - loadIPPluginJar : add spi
2024-05-03 16:44:27,690 [INFO] IPUIPlugin:80 - create IPUIPlugin
2024-05-03 16:44:27,706 [INFO] PluginManager:220 - loadIPPluginJar : add stm32_wpan
2024-05-03 16:44:27,708 [INFO] IPUIPlugin:80 - create IPUIPlugin
2024-05-03 16:44:27,722 [INFO] PluginManager:220 - loadIPPluginJar : add tim
2024-05-03 16:44:27,754 [INFO] IPUIPlugin:80 - create IPUIPlugin
2024-05-03 16:44:27,754 [INFO] PluginManager:220 - loadIPPluginJar : add touchsensing
2024-05-03 16:44:27,800 [INFO] IPUIPlugin:80 - create IPUIPlugin
2024-05-03 16:44:27,800 [INFO] PluginManager:220 - loadIPPluginJar : add tracer_emb
2024-05-03 16:44:27,809 [INFO] IPUIPlugin:80 - create IPUIPlugin
2024-05-03 16:44:27,809 [INFO] PluginManager:220 - loadIPPluginJar : add ts
2024-05-03 16:44:27,817 [INFO] IPUIPlugin:80 - create IPUIPlugin
2024-05-03 16:44:27,817 [INFO] PluginManager:220 - loadIPPluginJar : add tsc
2024-05-03 16:44:27,832 [INFO] IPUIPlugin:80 - create IPUIPlugin
2024-05-03 16:44:27,832 [INFO] PluginManager:220 - loadIPPluginJar : add ucpd
2024-05-03 16:44:27,864 [INFO] IPUIPlugin:80 - create IPUIPlugin
2024-05-03 16:44:27,864 [INFO] PluginManager:220 - loadIPPluginJar : add usart
2024-05-03 16:44:27,879 [INFO] IPUIPlugin:80 - create IPUIPlugin
2024-05-03 16:44:27,879 [INFO] PluginManager:220 - loadIPPluginJar : add usbx
2024-05-03 16:44:28,006 [INFO] CADModel:165 - CPN selected for project level
2024-05-03 16:44:28,006 [INFO] CADModel:114 - Register for checkConnection events
2024-05-03 16:44:28,006 [FATAL] Updater:308 - Updater called before beeing initialized
2024-05-03 16:44:28,006 [ERROR] CADModel:125 - Updater not yet initialized, retry later 
2024-05-03 16:44:28,158 [INFO] CADModel:165 - CPN selected for project level
2024-05-03 16:44:28,158 [INFO] CADModel:114 - Register for checkConnection events
2024-05-03 16:44:28,158 [FATAL] Updater:308 - Updater called before beeing initialized
2024-05-03 16:44:28,158 [ERROR] CADModel:125 - Updater not yet initialized, retry later 
2024-05-03 16:44:28,158 [FATAL] Updater:308 - Updater called before beeing initialized
2024-05-03 16:44:28,276 [FATAL] Updater:308 - Updater called before beeing initialized
2024-05-03 16:44:28,285 [INFO] DbMcusAds:53 - JSON generation date=Wed Nov 29 11:52:27 CET 2023 (1701255147349)
2024-05-03 16:44:28,285 [FATAL] Updater:308 - Updater called before beeing initialized
2024-05-03 16:44:28,383 [WARN] DetailPanel:346 - Failed to get advertising image, set to default
2024-05-03 16:44:28,461 [FATAL] Updater:308 - Updater called before beeing initialized
2024-05-03 16:44:28,461 [FATAL] Updater:308 - Updater called before beeing initialized
2024-05-03 16:44:28,461 [FATAL] Updater:308 - Updater called before beeing initialized
2024-05-03 16:44:28,461 [WARN] DetailPanel:346 - Failed to get advertising image, set to default
2024-05-03 16:44:28,461 [FATAL] Updater:308 - Updater called before beeing initialized
2024-05-03 16:44:28,526 [ERROR] Updater:1120 - MainUpdater not yet initialized. External WinMGr cannot be set.
2024-05-03 16:44:28,526 [INFO] Updater:1056 - Updater Version found : 6.10.0
2024-05-03 16:44:28,557 [INFO] ApplicationProperties:184 - Using Application install path: C:\ST\STM32CubeIDE_1.14.1\STM32CubeIDE\plugins\com.st.stm32cube.common.mx_6.10.0.202311202037
2024-05-03 16:44:29,220 [INFO] ThirdPartyUpdaterWithRetryManager:70 - Updater plugin not ready yet. [2/15]
2024-05-03 16:44:30,180 [ERROR] LogOutputStream:75 - [STDERR_REDIRECT] May 03, 2024 4:44:30 PM java.util.prefs.WindowsPreferences <init>
2024-05-03 16:44:30,181 [ERROR] LogOutputStream:75 - [STDERR_REDIRECT] WARNING: Could not open/create prefs root node Software\JavaSoft\Prefs at root 0xffffffff80000002. Windows RegCreateKeyEx(...) returned error code 5.
2024-05-03 16:44:30,181 [ERROR] LogOutputStream:75 - [STDERR_REDIRECT] 
2024-05-03 16:44:30,505 [INFO] MainUpdater:2873 - connection check result : 10
2024-05-03 16:44:30,507 [INFO] MainUpdater:290 - Updater Check For Update Now.
2024-05-03 16:44:30,507 [INFO] MicroXplorer:498 - Change Database Version : DB.6.0.100
2024-05-03 16:44:30,568 [INFO] McuFinderGlobals:63 - Set McuFinder mode to 2 (CubeIDE integrated)
2024-05-03 16:44:30,825 [INFO] CheckServerUpdateThread:120 - End of CheckServer Thread
2024-05-03 16:44:30,917 [INFO] UserAuth:404 - Internet connection configuration mode: 1
2024-05-03 16:44:30,933 [INFO] JxBrowserEngine:152 - Initiate JxBrowser Engine with user profile folder
2024-05-03 16:44:32,425 [WARN] PackLoader:240 - Cannot read IP mode file for STMicroelectronics.FP-SNS-MOTENVWB1.1.4.0
2024-05-03 16:44:32,457 [WARN] PackLoader:240 - Cannot read IP mode file for STMicroelectronics.X-CUBE-SMBUS.2.1.0
2024-05-03 16:44:32,473 [WARN] PackLoader:240 - Cannot read IP mode file for STMicroelectronics.X-CUBE-TOUCHGFX.4.23.1
2024-05-03 16:44:32,473 [WARN] PackLoader:240 - Cannot read IP mode file for STMicroelectronics.X-CUBE-TOUCHGFX.4.23.0
2024-05-03 16:44:32,488 [WARN] PackLoader:240 - Cannot read IP mode file for STMicroelectronics.X-CUBE-TOUCHGFX.4.23.2
2024-05-03 16:44:32,536 [WARN] PackLoader:240 - Cannot read IP mode file for STMicroelectronics.X-CUBE-AZRTOS-F7.1.1.0
2024-05-03 16:44:32,569 [WARN] PackLoader:240 - Cannot read IP mode file for STMicroelectronics.FP-SNS-MOTENV1.4.3.2
2024-05-03 16:44:32,585 [WARN] PackLoader:240 - Cannot read IP mode file for STMicroelectronics.FP-SNS-FLIGHT1.5.0.2
2024-05-03 16:44:32,613 [WARN] PackLoader:240 - Cannot read IP mode file for STMicroelectronics.X-CUBE-DISPLAY.3.0.0
2024-05-03 16:44:32,648 [WARN] PackLoader:240 - Cannot read IP mode file for STMicroelectronics.X-CUBE-BLE1.7.0.0
2024-05-03 16:44:32,664 [WARN] PackLoader:240 - Cannot read IP mode file for emotas.I-CUBE-CANOPEN.1.3.0
2024-05-03 16:44:32,696 [WARN] PackLoader:240 - Cannot read IP mode file for STMicroelectronics.X-CUBE-BLEMGR.3.1.0
2024-05-03 16:44:32,714 [WARN] PackLoader:240 - Cannot read IP mode file for STMicroelectronics.FP-SNS-SMARTAG2.1.2.0
2024-05-03 16:44:32,743 [INFO] LogOutputStream:77 - [STDOUT_REDIRECT] 1 : Invalid condition id : UX_CORESTACK_Condition cause : null
2024-05-03 16:44:32,743 [INFO] LogOutputStream:77 - [STDOUT_REDIRECT] 1 : Invalid condition id : UX_CORESTACK_Condition cause : null
2024-05-03 16:44:32,743 [INFO] LogOutputStream:77 - [STDOUT_REDIRECT] 1 : Invalid condition id : UX_CORESTACK_Condition cause : null
2024-05-03 16:44:32,743 [INFO] LogOutputStream:77 - [STDOUT_REDIRECT] 1 : Invalid condition id : UX_CORESTACK_Condition cause : null
2024-05-03 16:44:32,743 [INFO] LogOutputStream:77 - [STDOUT_REDIRECT] 1 : Invalid condition id : UX_CORESTACK_Condition cause : null
2024-05-03 16:44:32,743 [WARN] PackLoader:240 - Cannot read IP mode file for STMicroelectronics.X-CUBE-AZRTOS-WL.2.0.0
2024-05-03 16:44:32,759 [WARN] PackLoader:240 - Cannot read IP mode file for STMicroelectronics.FP-SNS-MOTENV1.5.0.0
2024-05-03 16:44:32,792 [WARN] PackLoader:240 - Cannot read IP mode file for WES.I-CUBE-Cesium.1.3.0
2024-05-03 16:44:32,824 [WARN] PackLoader:240 - Cannot read IP mode file for STMicroelectronics.X-CUBE-BLE2.3.3.0
2024-05-03 16:44:32,852 [WARN] PackLoader:240 - Cannot read IP mode file for STMicroelectronics.X-CUBE-TCPP.4.1.0
2024-05-03 16:44:32,878 [WARN] PackLoader:240 - Cannot read IP mode file for STMicroelectronics.X-CUBE-ALGOBUILD.1.3.0
2024-05-03 16:44:32,918 [WARN] PackLoader:240 - Cannot read IP mode file for STMicroelectronics.X-CUBE-AZRTOS-G0.1.1.0
2024-05-03 16:44:32,941 [WARN] PackLoader:240 - Cannot read IP mode file for STMicroelectronics.X-CUBE-SAFEA1.1.2.2
2024-05-03 16:44:32,957 [WARN] PackLoader:240 - Cannot read IP mode file for STMicroelectronics.X-CUBE-NFC4.3.0.0
2024-05-03 16:44:32,973 [WARN] PackLoader:240 - Cannot read IP mode file for STMicroelectronics.FP-ATR-SIGFOX1.3.2.0
2024-05-03 16:44:32,999 [WARN] PackLoader:240 - Cannot read IP mode file for STMicroelectronics.X-CUBE-EEPRMA1.5.1.0
2024-05-03 16:44:33,053 [WARN] PackLoader:240 - Cannot read IP mode file for SEGGER.I-CUBE-embOS.1.3.1
2024-05-03 16:44:33,108 [WARN] PackLoader:240 - Cannot read IP mode file for STMicroelectronics.X-CUBE-GNSS1.6.0.0
2024-05-03 16:44:33,140 [WARN] PackLoader:240 - Cannot read IP mode file for STMicroelectronics.X-CUBE-AZRTOS-F4.1.1.0
2024-05-03 16:44:33,156 [WARN] PackLoader:240 - Cannot read IP mode file for STMicroelectronics.X-CUBE-FREERTOS.1.2.0
2024-05-03 16:44:33,187 [WARN] PackLoader:240 - Cannot read IP mode file for wolfSSL.I-CUBE-wolfSSL.5.6.6
2024-05-03 16:44:33,220 [WARN] PackLoader:240 - Cannot read IP mode file for STMicroelectronics.X-CUBE-AZRTOS-L5.2.0.0
2024-05-03 16:44:33,251 [WARN] PackLoader:240 - Cannot read IP mode file for STMicroelectronics.X-CUBE-NFC6.3.1.0
2024-05-03 16:44:33,314 [WARN] PackLoader:240 - Cannot read IP mode file for ITTIA_DB.I-CUBE-ITTIADB.8.8.0
2024-05-03 16:44:33,346 [WARN] PackLoader:240 - Cannot read IP mode file for STMicroelectronics.X-CUBE-AI.9.0.0
2024-05-03 16:44:33,361 [WARN] PackLoader:240 - Cannot read IP mode file for STMicroelectronics.X-CUBE-NFC7.1.0.1
2024-05-03 16:44:33,377 [WARN] PackLoader:240 - Cannot read IP mode file for STMicroelectronics.X-CUBE-NFC6.3.0.0
2024-05-03 16:44:33,414 [WARN] PackLoader:240 - Cannot read IP mode file for STMicroelectronics.X-CUBE-AI.8.1.0
2024-05-03 16:44:33,457 [WARN] ConditionMgr:438 - getConditionDescription Invalid condition id : LAN8742 Phy interface Condition cause : null
2024-05-03 16:44:33,457 [WARN] PackLoader:240 - Cannot read IP mode file for STMicroelectronics.X-CUBE-AZRTOS-L4.2.0.0
2024-05-03 16:44:33,457 [WARN] ConditionMgr:1039 - genDependencies : Invalid condition id : LAN8742 Phy interface Condition cause : null
2024-05-03 16:44:33,457 [WARN] ConditionMgr:1039 - genDependencies : Invalid condition id : LAN8742 Phy interface Condition cause : null
2024-05-03 16:44:33,472 [WARN] ConditionMgr:1039 - genDependencies : Invalid condition id : LAN8742 Phy interface Condition cause : null
2024-05-03 16:44:33,488 [WARN] PackLoader:240 - Cannot read IP mode file for STMicroelectronics.X-CUBE-SFXS2LP1.4.0.0
2024-05-03 16:44:33,551 [WARN] ConditionMgr:438 - getConditionDescription Invalid condition id : UX DEVICE CLASS RTOS Condition cause : null
2024-05-03 16:44:33,551 [WARN] ConditionMgr:438 - getConditionDescription Invalid condition id : UX DEVICE CLASS RTOS Condition cause : null
2024-05-03 16:44:33,551 [WARN] PackLoader:240 - Cannot read IP mode file for STMicroelectronics.X-CUBE-AZRTOS-WB.2.0.0
2024-05-03 16:44:33,551 [WARN] ConditionMgr:1039 - genDependencies : Invalid condition id : UX DEVICE CLASS RTOS Condition cause : null
2024-05-03 16:44:33,551 [WARN] ConditionMgr:1039 - genDependencies : Invalid condition id : UX DEVICE CLASS RTOS Condition cause : null
2024-05-03 16:44:33,551 [WARN] ConditionMgr:1039 - genDependencies : Invalid condition id : UX DEVICE CLASS RTOS Condition cause : null
2024-05-03 16:44:33,551 [WARN] ConditionMgr:1039 - genDependencies : Invalid condition id : UX DEVICE CLASS RTOS Condition cause : null
2024-05-03 16:44:33,551 [WARN] ConditionMgr:1039 - genDependencies : Invalid condition id : UX DEVICE CLASS RTOS Condition cause : null
2024-05-03 16:44:33,583 [WARN] PackLoader:240 - Cannot read IP mode file for STMicroelectronics.X-CUBE-SUBG2.5.0.0
2024-05-03 16:44:33,633 [WARN] PackLoader:240 - Cannot read IP mode file for STMicroelectronics.X-CUBE-AZRTOS-G4.2.0.0
2024-05-03 16:44:33,681 [WARN] PackLoader:240 - Cannot read IP mode file for Infineon.AIROC-Wi-Fi-Bluetooth-STM32.1.5.1
2024-05-03 16:44:33,697 [WARN] PackLoader:240 - Cannot read IP mode file for STMicroelectronics.FP-SNS-MOTENVWB1.1.3.1
2024-05-03 16:44:33,728 [WARN] PackLoader:240 - Cannot read IP mode file for STMicroelectronics.X-CUBE-ISPU.2.0.0
2024-05-03 16:44:33,808 [WARN] PackLoader:240 - Cannot read IP mode file for STMicroelectronics.X-CUBE-MEMS1.10.0.0
2024-05-03 16:44:34,015 [WARN] PackLoader:240 - Cannot read IP mode file for STMicroelectronics.X-CUBE-FREERTOS.1.1.0
2024-05-03 16:44:34,046 [WARN] PackLoader:240 - Cannot read IP mode file for portGmbH.I-Cube-SoM-uGOAL.1.1.0
2024-05-03 16:44:34,062 [WARN] PackLoader:240 - Cannot read IP mode file for STMicroelectronics.X-CUBE-ALS.1.0.1
2024-05-03 16:44:34,115 [WARN] PackLoader:240 - Cannot read IP mode file for STMicroelectronics.X-CUBE-AZRTOS-H7RS.1.0.0
2024-05-03 16:44:34,157 [WARN] PackLoader:240 - Cannot read IP mode file for STMicroelectronics.FP-ATR-ASTRA1.2.0.0
2024-05-03 16:44:34,189 [WARN] PackLoader:240 - Cannot read IP mode file for STMicroelectronics.X-CUBE-TOF1.3.4.1
2024-05-03 16:44:34,253 [WARN] PackLoader:240 - Cannot read IP mode file for STMicroelectronics.X-CUBE-AZRTOS-H7.3.2.0
2024-05-03 16:44:34,264 [INFO] ThirdParty:978 - Integrity check success = true
2024-05-03 16:44:34,264 [INFO] IntegrityCheckThread:100 - exiting critical section [integrity check]
2024-05-03 16:44:34,264 [INFO] IntegrityCheckThread:103 - End integrity checks thread
2024-05-03 16:44:34,884 [INFO] WebApp:161 - Instantiating new browser for Auth
2024-05-03 16:44:35,537 [INFO] WebApp:780 - Register for checkConnection events
2024-05-03 16:44:35,537 [INFO] WebApp:414 - Apply proxy settings
2024-05-03 16:44:35,537 [INFO] WebApp:499 - Chromium requires no authentication
2024-05-03 16:44:35,545 [INFO] WebApp:442 - Direct internet connection detected
2024-05-03 16:44:35,664 [INFO] WebApp:192 - Starting web application
2024-05-03 16:44:35,664 [INFO] WebApp:544 - Web application path used C:\ST\STM32CubeIDE_1.14.1\STM32CubeIDE\plugins\com.st.stm32cube.common.mx_6.10.0.202311202037\db\plugins\mcufinder\reactClient1\index.html
2024-05-03 16:44:56,703 [ERROR] LogOutputStream:75 - [STDERR_REDIRECT] SLF4J: Failed to load class "org.slf4j.impl.StaticLoggerBinder".
2024-05-03 16:44:56,704 [ERROR] LogOutputStream:75 - [STDERR_REDIRECT] SLF4J: Defaulting to no-operation (NOP) logger implementation
2024-05-03 16:44:56,705 [ERROR] LogOutputStream:75 - [STDERR_REDIRECT] SLF4J: See http://www.slf4j.org/codes.html#StaticLoggerBinder for further details.
2024-05-03 17:56:10,348 [INFO] LogOutputStream:77 - [STDOUT_REDIRECT] StartTraceHandler.execute(), success : Collect=true
2024-05-03 17:56:25,536 [INFO] LogOutputStream:77 - [STDOUT_REDIRECT] StartTraceHandler.execute(), success : Collect=false
2024-05-03 17:56:35,061 [INFO] LogOutputStream:77 - [STDOUT_REDIRECT] StartTraceHandler.execute(), success : Collect=true
2024-05-03 17:56:37,668 [INFO] LogOutputStream:77 - [STDOUT_REDIRECT] StartTraceHandler.execute(), success : Collect=false
2024-05-03 17:56:38,602 [INFO] LogOutputStream:77 - [STDOUT_REDIRECT] StartTraceHandler.execute(), success : Collect=true
2024-05-03 17:56:40,293 [INFO] LogOutputStream:77 - [STDOUT_REDIRECT] StartTraceHandler.execute(), success : Collect=false
2024-05-03 17:56:41,917 [INFO] LogOutputStream:77 - [STDOUT_REDIRECT] StartTraceHandler.execute(), success : Collect=true
2024-05-03 17:57:01,858 [INFO] LogOutputStream:77 - [STDOUT_REDIRECT] StartTraceHandler.execute(), success : Collect=false
2024-05-03 17:57:04,948 [INFO] LogOutputStream:77 - [STDOUT_REDIRECT] StartTraceHandler.execute(), success : Collect=true
2024-05-03 17:57:36,880 [INFO] LogOutputStream:77 - [STDOUT_REDIRECT] StartTraceHandler.execute(), success : Collect=false
2024-05-03 17:57:40,599 [INFO] LogOutputStream:77 - [STDOUT_REDIRECT] StartTraceHandler.execute(), success : Collect=true
2024-05-03 17:58:18,211 [INFO] LogOutputStream:77 - [STDOUT_REDIRECT] StartTraceHandler.execute(), success : Collect=false
2024-05-03 17:58:39,247 [INFO] LogOutputStream:77 - [STDOUT_REDIRECT] StartTraceHandler.execute(), success : Collect=true
2024-05-03 18:01:37,709 [INFO] LogOutputStream:77 - [STDOUT_REDIRECT] StartTraceHandler.execute(), success : Collect=false
2024-05-03 18:02:28,172 [INFO] LogOutputStream:77 - [STDOUT_REDIRECT] StartTraceHandler.execute(), success : Collect=true
2024-05-03 18:03:25,537 [ERROR] LogOutputStream:75 - [STDERR_REDIRECT] Exception in thread "SWV client thread" java.lang.NullPointerException: Cannot invoke "com.st.stm32cube.ide.mcu.debug.swv.core.SWVPlugin.isDebugging()" because "com.st.stm32cube.ide.mcu.debug.swv.core.SWVPlugin.plugin" is null
2024-05-03 18:03:25,541 [ERROR] LogOutputStream:75 - [STDERR_REDIRECT] 	at com.st.stm32cube.ide.mcu.debug.swv.core.SWVPlugin.debugTrace(SWVPlugin.java:85)
2024-05-03 18:03:25,544 [ERROR] LogOutputStream:75 - [STDERR_REDIRECT] 	at com.st.stm32cube.ide.mcu.debug.swv.core.SWVClient.TRACE(SWVClient.java:768)
2024-05-03 18:03:25,549 [ERROR] LogOutputStream:75 - [STDERR_REDIRECT] 	at com.st.stm32cube.ide.mcu.debug.swv.core.SWVClient.readByte(SWVClient.java:296)
2024-05-03 18:03:25,554 [ERROR] LogOutputStream:75 - [STDERR_REDIRECT] 	at com.st.stm32cube.ide.mcu.debug.swv.core.SWVClient.getNextByte(SWVClient.java:277)
2024-05-03 18:03:25,559 [ERROR] LogOutputStream:75 - [STDERR_REDIRECT] 	at com.st.stm32cube.ide.mcu.debug.swv.core.SWVClient.run(SWVClient.java:313)
2024-05-03 18:03:26,326 [ERROR] LogOutputStream:75 - [STDERR_REDIRECT] 
2024-05-03 18:03:26,326 [ERROR] LogOutputStream:75 - [STDERR_REDIRECT] 
2024-05-03 18:03:40,357 [INFO] Activator:176 - 


2024-05-03 18:03:40,360 [INFO] Activator:177 - !SESSION log4j initialized
2024-05-03 18:03:45,377 [INFO] LogOutputStream:77 - [STDOUT_REDIRECT] 
2024-05-03 18:03:46,640 [INFO] ApplicationProperties:184 - Using Application install path: C:\ST\STM32CubeIDE_1.14.1\STM32CubeIDE\plugins\com.st.stm32cube.common.mx_6.10.0.202311202037
2024-05-03 18:03:46,656 [INFO] DbMcusXml:78 - Set database path to: C:\ST\STM32CubeIDE_1.14.1\STM32CubeIDE\plugins\com.st.stm32cube.common.mx_6.10.0.202311202037\\db\/mcu/
2024-05-03 18:03:46,657 [INFO] ApiDb:274 - Set plugin database path to: C:\ST\STM32CubeIDE_1.14.1\STM32CubeIDE\plugins\com.st.stm32cube.common.mx_6.10.0.202311202037\\db\/plugins/boardmanager/
2024-05-03 18:03:46,657 [WARN] ApiDb:259 - Overriding images path with different value:  => C:\ST\STM32CubeIDE_1.14.1\STM32CubeIDE\plugins\com.st.stm32cube.common.mx_6.10.0.202311202037\\db\/plugins/mcufinder/images/
2024-05-03 18:03:46,663 [INFO] ApiDb:250 - Set database path to: C:\Users\anton\.stmcufinder\plugins\mcufinder//mcu/
2024-05-03 18:03:46,664 [INFO] DbMcusAds:125 - Set database path to: C:\Users\anton\.stmcufinder\plugins\mcufinder//mcu/
2024-05-03 18:03:46,666 [INFO] CrossReferenceDbSqlite:203 - Set database path to: C:\Users\anton\.stmcufinder\plugins\mcufinder//mcu/cs/
2024-05-03 18:03:46,788 [INFO] RulesReader:64 - Compatibility file has been processed (297 Rules)
2024-05-03 18:03:46,879 [INFO] DbMcusXml:78 - Set database path to: C:\ST\STM32CubeIDE_1.14.1\STM32CubeIDE\plugins\com.st.stm32cube.common.mx_6.10.0.202311202037\\db\/mcu/
2024-05-03 18:03:46,879 [INFO] ApiDb:274 - Set plugin database path to: C:\ST\STM32CubeIDE_1.14.1\STM32CubeIDE\plugins\com.st.stm32cube.common.mx_6.10.0.202311202037\\db\/plugins/boardmanager/
2024-05-03 18:03:46,879 [INFO] ApiDb:261 - Set plugin images path to: C:\ST\STM32CubeIDE_1.14.1\STM32CubeIDE\plugins\com.st.stm32cube.common.mx_6.10.0.202311202037\\db\/plugins/mcufinder/images/
2024-05-03 18:03:46,879 [WARN] DbFile:41 - Overriding database path with different value: C:\Users\anton\.stmcufinder\plugins\mcufinder/ => C:\Users\anton\.stmcufinder\plugins\mcufinder
2024-05-03 18:03:46,879 [INFO] ApiDb:250 - Set database path to: C:\Users\anton\.stmcufinder\plugins\mcufinder//mcu/
2024-05-03 18:03:46,880 [WARN] DbFile:41 - Overriding database path with different value: C:\Users\anton\.stmcufinder\plugins\mcufinder/ => C:\Users\anton\.stmcufinder\plugins\mcufinder
2024-05-03 18:03:46,880 [INFO] DbMcusAds:125 - Set database path to: C:\Users\anton\.stmcufinder\plugins\mcufinder//mcu/
2024-05-03 18:03:46,880 [WARN] DbFile:41 - Overriding database path with different value: C:\Users\anton\.stmcufinder\plugins\mcufinder/ => C:\Users\anton\.stmcufinder\plugins\mcufinder
2024-05-03 18:03:46,880 [WARN] DbFile:41 - Overriding database path with different value: C:\Users\anton\.stmcufinder\plugins\mcufinder/ => C:\Users\anton\.stmcufinder\plugins\mcufinder
2024-05-03 18:03:46,880 [INFO] CrossReferenceDbSqlite:203 - Set database path to: C:\Users\anton\.stmcufinder\plugins\mcufinder//mcu/cs/
2024-05-03 18:03:46,952 [INFO] MainPanel:264 - HeapMemory: 268435456
2024-05-03 18:03:47,016 [INFO] DbMcusXml:78 - Set database path to: C:\ST\STM32CubeIDE_1.14.1\STM32CubeIDE\plugins\com.st.stm32cube.common.mx_6.10.0.202311202037\\db\/mcu/
2024-05-03 18:03:47,016 [INFO] ApiDb:274 - Set plugin database path to: C:\ST\STM32CubeIDE_1.14.1\STM32CubeIDE\plugins\com.st.stm32cube.common.mx_6.10.0.202311202037\\db\/plugins/boardmanager/
2024-05-03 18:03:47,016 [INFO] ApiDb:261 - Set plugin images path to: C:\ST\STM32CubeIDE_1.14.1\STM32CubeIDE\plugins\com.st.stm32cube.common.mx_6.10.0.202311202037\\db\/plugins/mcufinder/images/
2024-05-03 18:03:47,017 [WARN] DbFile:41 - Overriding database path with different value: C:\Users\anton\.stmcufinder\plugins\mcufinder/ => C:\Users\anton\.stmcufinder\plugins\mcufinder
2024-05-03 18:03:47,017 [INFO] ApiDb:250 - Set database path to: C:\Users\anton\.stmcufinder\plugins\mcufinder//mcu/
2024-05-03 18:03:47,017 [WARN] DbFile:41 - Overriding database path with different value: C:\Users\anton\.stmcufinder\plugins\mcufinder/ => C:\Users\anton\.stmcufinder\plugins\mcufinder
2024-05-03 18:03:47,017 [INFO] DbMcusAds:125 - Set database path to: C:\Users\anton\.stmcufinder\plugins\mcufinder//mcu/
2024-05-03 18:03:47,017 [WARN] DbFile:41 - Overriding database path with different value: C:\Users\anton\.stmcufinder\plugins\mcufinder/ => C:\Users\anton\.stmcufinder\plugins\mcufinder
2024-05-03 18:03:47,017 [WARN] DbFile:41 - Overriding database path with different value: C:\Users\anton\.stmcufinder\plugins\mcufinder/ => C:\Users\anton\.stmcufinder\plugins\mcufinder
2024-05-03 18:03:47,018 [INFO] CrossReferenceDbSqlite:203 - Set database path to: C:\Users\anton\.stmcufinder\plugins\mcufinder//mcu/cs/
2024-05-03 18:03:47,035 [INFO] ApplicationProperties:184 - Using Application install path: C:\ST\STM32CubeIDE_1.14.1\STM32CubeIDE\plugins\com.st.stm32cube.common.mx_6.10.0.202311202037
2024-05-03 18:03:47,037 [INFO] PluginManage:196 - Search for loadable plugins [exclusion list=, ]
2024-05-03 18:03:47,038 [INFO] PluginManage:310 - Check plugin analytics
2024-05-03 18:03:47,267 [INFO] AnalyticsPlugin:253 - Accepted Software Licenses: 
2024-05-03 18:03:47,267 [INFO] AnalyticsPlugin:255 - Accepted CMSIS Pack Licenses: 
2024-05-03 18:03:47,267 [INFO] AnalyticsPlugin:257 - Accepted Firmware Licenses: FW.F4.1.28.0
2024-05-03 18:03:47,273 [INFO] PluginManage:359 - Loaded plugin analytics (category:tool,tabindex:-1)
2024-05-03 18:03:47,273 [INFO] PluginManage:310 - Check plugin cadmodel
2024-05-03 18:03:47,277 [INFO] CADModel:105 - Init CAD model plugin
2024-05-03 18:03:47,277 [INFO] PluginManage:359 - Loaded plugin cadmodel (category:power,tabindex:5)
2024-05-03 18:03:47,278 [INFO] PluginManage:310 - Check plugin clock
2024-05-03 18:03:47,290 [INFO] PluginManage:359 - Loaded plugin clock (category:base,tabindex:2)
2024-05-03 18:03:47,290 [INFO] PluginManage:310 - Check plugin ddr
2024-05-03 18:03:47,293 [INFO] PluginManage:359 - Loaded plugin ddr (category:tool,tabindex:6)
2024-05-03 18:03:47,293 [INFO] PluginManage:310 - Check plugin filemanager
2024-05-03 18:03:47,468 [INFO] PluginManage:359 - Loaded plugin filemanager (category:base,tabindex:10)
2024-05-03 18:03:47,468 [INFO] PluginManage:310 - Check plugin ipmanager
2024-05-03 18:03:47,478 [INFO] PluginManage:359 - Loaded plugin ipmanager (category:base,tabindex:5)
2024-05-03 18:03:47,478 [INFO] PluginManage:310 - Check plugin lpbam
2024-05-03 18:03:47,491 [INFO] PluginManage:359 - Loaded plugin lpbam (category:base,tabindex:0)
2024-05-03 18:03:47,491 [INFO] PluginManage:310 - Check plugin memorymap
2024-05-03 18:03:47,503 [INFO] PluginManage:359 - Loaded plugin memorymap (category:base,tabindex:4)
2024-05-03 18:03:47,503 [INFO] PluginManage:310 - Check plugin pinoutandconfiguration
2024-05-03 18:03:47,511 [INFO] PluginManage:359 - Loaded plugin pinoutandconfiguration (category:base,tabindex:1)
2024-05-03 18:03:47,511 [INFO] PluginManage:310 - Check plugin pinoutconfig
2024-05-03 18:03:47,602 [WARN] SupportedApi:132 - Cannot load RTOS API schema: s4s-elt-must-match.1: The content of 'definitions' must match (annotation?, (simpleType | complexType)?, (unique | key | keyref)*)). A problem was found starting at: attribute.
2024-05-03 18:03:47,739 [INFO] PluginManage:359 - Loaded plugin pinoutconfig (category:base,tabindex:0)
2024-05-03 18:03:47,739 [INFO] PluginManage:310 - Check plugin power
2024-05-03 18:03:47,750 [INFO] PluginManage:359 - Loaded plugin power (category:power,tabindex:4)
2024-05-03 18:03:47,750 [INFO] PluginManage:310 - Check plugin projectmanager
2024-05-03 18:03:47,768 [INFO] PluginManage:359 - Loaded plugin projectmanager (category:projectmanager,tabindex:3)
2024-05-03 18:03:47,768 [INFO] PluginManage:310 - Check plugin thirdparty
2024-05-03 18:03:47,934 [WARN] IntegrityCheckThread:84 - waiting for thirdparty lock release [integrity check]
2024-05-03 18:03:47,934 [INFO] IntegrityCheckThread:86 - entering critical section [integrity check]
2024-05-03 18:03:47,935 [INFO] PluginManage:359 - Loaded plugin thirdparty (category:base,tabindex:-1)
2024-05-03 18:03:47,935 [INFO] PluginManage:310 - Check plugin tools
2024-05-03 18:03:47,936 [INFO] ThirdPartyUpdaterWithRetryManager:70 - Updater plugin not ready yet. [1/15]
2024-05-03 18:03:47,938 [INFO] PluginManage:359 - Loaded plugin tools (category:base,tabindex:7)
2024-05-03 18:03:47,938 [INFO] PluginManage:310 - Check plugin tutovideos
2024-05-03 18:03:48,096 [INFO] PluginManage:359 - Loaded plugin tutovideos (category:base,tabindex:-1)
2024-05-03 18:03:48,097 [INFO] PluginManage:310 - Check plugin updater
2024-05-03 18:03:48,109 [INFO] PluginManage:359 - Loaded plugin updater (category:base,tabindex:12)
2024-05-03 18:03:48,109 [INFO] PluginManage:310 - Check plugin userauth
2024-05-03 18:03:48,113 [INFO] UserAuth:114 - Init User Auth plugin
2024-05-03 18:03:48,113 [INFO] PluginManage:359 - Loaded plugin userauth (category:base,tabindex:14)
2024-05-03 18:03:48,114 [INFO] PluginManage:283 - PluginManage : Loaded plugins [17]
2024-05-03 18:03:48,317 [INFO] PinOutPanel:1499 - setPackage(No Configuration,No Configuration)
2024-05-03 18:03:48,390 [INFO] CADModel:165 - CPN selected for project level
2024-05-03 18:03:48,391 [INFO] CADModel:114 - Register for checkConnection events
2024-05-03 18:03:48,407 [INFO] IPUIPlugin:80 - create IPUIPlugin
2024-05-03 18:03:48,408 [INFO] PluginManager:220 - loadIPPluginJar : add adc
2024-05-03 18:03:48,410 [INFO] IPUIPlugin:80 - create IPUIPlugin
2024-05-03 18:03:48,410 [INFO] PluginManager:220 - loadIPPluginJar : add aes
2024-05-03 18:03:48,413 [INFO] IPUIPlugin:80 - create IPUIPlugin
2024-05-03 18:03:48,414 [INFO] PluginManager:220 - loadIPPluginJar : add can
2024-05-03 18:03:48,415 [INFO] IPUIPlugin:80 - create IPUIPlugin
2024-05-03 18:03:48,415 [INFO] PluginManager:220 - loadIPPluginJar : add comp
2024-05-03 18:03:48,418 [INFO] IPUIPlugin:80 - create IPUIPlugin
2024-05-03 18:03:48,418 [INFO] PluginManager:220 - loadIPPluginJar : add cryp
2024-05-03 18:03:48,419 [INFO] IPUIPlugin:80 - create IPUIPlugin
2024-05-03 18:03:48,419 [INFO] PluginManager:220 - loadIPPluginJar : add dfsdm
2024-05-03 18:03:48,425 [INFO] IPUIPlugin:80 - create IPUIPlugin
2024-05-03 18:03:48,426 [INFO] PluginManager:220 - loadIPPluginJar : add dma
2024-05-03 18:03:48,429 [INFO] IPUIPlugin:80 - create IPUIPlugin
2024-05-03 18:03:48,429 [INFO] PluginManager:220 - loadIPPluginJar : add dma3
2024-05-03 18:03:48,430 [INFO] IPUIPlugin:80 - create IPUIPlugin
2024-05-03 18:03:48,430 [INFO] PluginManager:220 - loadIPPluginJar : add fatfs
2024-05-03 18:03:48,433 [INFO] IPUIPlugin:80 - create IPUIPlugin
2024-05-03 18:03:48,434 [INFO] PluginManager:220 - loadIPPluginJar : add fmc
2024-05-03 18:03:48,438 [INFO] IPUIPlugin:80 - create IPUIPlugin
2024-05-03 18:03:48,438 [INFO] PluginManager:220 - loadIPPluginJar : add freertos
2024-05-03 18:03:48,439 [INFO] IPUIPlugin:80 - create IPUIPlugin
2024-05-03 18:03:48,439 [INFO] PluginManager:220 - loadIPPluginJar : add genericplugin
2024-05-03 18:03:48,441 [INFO] IPUIPlugin:80 - create IPUIPlugin
2024-05-03 18:03:48,441 [INFO] PluginManager:220 - loadIPPluginJar : add gfxmmu
2024-05-03 18:03:48,447 [INFO] IPUIPlugin:80 - create IPUIPlugin
2024-05-03 18:03:48,447 [INFO] PluginManager:220 - loadIPPluginJar : add gic
2024-05-03 18:03:48,451 [INFO] IPUIPlugin:80 - create IPUIPlugin
2024-05-03 18:03:48,452 [INFO] PluginManager:220 - loadIPPluginJar : add gpio
2024-05-03 18:03:48,454 [INFO] IPUIPlugin:80 - create IPUIPlugin
2024-05-03 18:03:48,454 [INFO] PluginManager:220 - loadIPPluginJar : add gtzc
2024-05-03 18:03:48,456 [INFO] IPUIPlugin:80 - create IPUIPlugin
2024-05-03 18:03:48,456 [INFO] PluginManager:220 - loadIPPluginJar : add hash
2024-05-03 18:03:48,458 [INFO] IPUIPlugin:80 - create IPUIPlugin
2024-05-03 18:03:48,458 [INFO] PluginManager:220 - loadIPPluginJar : add i2c
2024-05-03 18:03:48,460 [INFO] IPUIPlugin:80 - create IPUIPlugin
2024-05-03 18:03:48,460 [INFO] PluginManager:220 - loadIPPluginJar : add i2s
2024-05-03 18:03:48,462 [INFO] IPUIPlugin:80 - create IPUIPlugin
2024-05-03 18:03:48,462 [INFO] PluginManager:220 - loadIPPluginJar : add i3c
2024-05-03 18:03:48,466 [INFO] IPUIPlugin:80 - create IPUIPlugin
2024-05-03 18:03:48,467 [INFO] PluginManager:220 - loadIPPluginJar : add ipddr
2024-05-03 18:03:48,473 [INFO] IPUIPlugin:80 - create IPUIPlugin
2024-05-03 18:03:48,474 [INFO] PluginManager:220 - loadIPPluginJar : add linkedlist
2024-05-03 18:03:48,476 [INFO] IPUIPlugin:80 - create IPUIPlugin
2024-05-03 18:03:48,476 [INFO] PluginManager:220 - loadIPPluginJar : add lorawan
2024-05-03 18:03:48,477 [INFO] IPUIPlugin:80 - create IPUIPlugin
2024-05-03 18:03:48,479 [INFO] PluginManager:220 - loadIPPluginJar : add ltdc
2024-05-03 18:03:48,485 [INFO] IPUIPlugin:80 - create IPUIPlugin
2024-05-03 18:03:48,485 [INFO] PluginManager:220 - loadIPPluginJar : add mdma
2024-05-03 18:03:48,489 [INFO] IPUIPlugin:80 - create IPUIPlugin
2024-05-03 18:03:48,490 [INFO] PluginManager:220 - loadIPPluginJar : add nvic
2024-05-03 18:03:48,493 [INFO] IPUIPlugin:80 - create IPUIPlugin
2024-05-03 18:03:48,493 [INFO] PluginManager:220 - loadIPPluginJar : add opamp
2024-05-03 18:03:48,498 [INFO] IPUIPlugin:80 - create IPUIPlugin
2024-05-03 18:03:48,498 [INFO] PluginManager:220 - loadIPPluginJar : add openamp
2024-05-03 18:03:48,507 [INFO] IPUIPlugin:80 - create IPUIPlugin
2024-05-03 18:03:48,507 [INFO] PluginManager:220 - loadIPPluginJar : add pdm2pcm
2024-05-03 18:03:48,513 [INFO] IPUIPlugin:80 - create IPUIPlugin
2024-05-03 18:03:48,517 [INFO] PluginManager:220 - loadIPPluginJar : add plateformsettings
2024-05-03 18:03:48,518 [INFO] IPUIPlugin:80 - create IPUIPlugin
2024-05-03 18:03:48,518 [INFO] PluginManager:220 - loadIPPluginJar : add quadspi
2024-05-03 18:03:48,521 [INFO] IPUIPlugin:80 - create IPUIPlugin
2024-05-03 18:03:48,521 [INFO] PluginManager:220 - loadIPPluginJar : add resmgrutility
2024-05-03 18:03:48,524 [INFO] IPUIPlugin:80 - create IPUIPlugin
2024-05-03 18:03:48,524 [INFO] PluginManager:220 - loadIPPluginJar : add sai
2024-05-03 18:03:48,527 [INFO] IPUIPlugin:80 - create IPUIPlugin
2024-05-03 18:03:48,527 [INFO] PluginManager:220 - loadIPPluginJar : add spi
2024-05-03 18:03:48,534 [INFO] IPUIPlugin:80 - create IPUIPlugin
2024-05-03 18:03:48,534 [INFO] PluginManager:220 - loadIPPluginJar : add stm32_wpan
2024-05-03 18:03:48,537 [INFO] IPUIPlugin:80 - create IPUIPlugin
2024-05-03 18:03:48,537 [INFO] PluginManager:220 - loadIPPluginJar : add tim
2024-05-03 18:03:48,540 [INFO] IPUIPlugin:80 - create IPUIPlugin
2024-05-03 18:03:48,540 [INFO] PluginManager:220 - loadIPPluginJar : add touchsensing
2024-05-03 18:03:48,541 [INFO] IPUIPlugin:80 - create IPUIPlugin
2024-05-03 18:03:48,541 [INFO] PluginManager:220 - loadIPPluginJar : add tracer_emb
2024-05-03 18:03:48,543 [INFO] IPUIPlugin:80 - create IPUIPlugin
2024-05-03 18:03:48,543 [INFO] PluginManager:220 - loadIPPluginJar : add ts
2024-05-03 18:03:48,544 [INFO] IPUIPlugin:80 - create IPUIPlugin
2024-05-03 18:03:48,544 [INFO] PluginManager:220 - loadIPPluginJar : add tsc
2024-05-03 18:03:48,547 [INFO] IPUIPlugin:80 - create IPUIPlugin
2024-05-03 18:03:48,547 [INFO] PluginManager:220 - loadIPPluginJar : add ucpd
2024-05-03 18:03:48,549 [INFO] IPUIPlugin:80 - create IPUIPlugin
2024-05-03 18:03:48,549 [INFO] PluginManager:220 - loadIPPluginJar : add usart
2024-05-03 18:03:48,551 [INFO] IPUIPlugin:80 - create IPUIPlugin
2024-05-03 18:03:48,551 [INFO] PluginManager:220 - loadIPPluginJar : add usbx
2024-05-03 18:03:48,691 [INFO] CADModel:165 - CPN selected for project level
2024-05-03 18:03:48,691 [INFO] CADModel:114 - Register for checkConnection events
2024-05-03 18:03:48,691 [FATAL] Updater:308 - Updater called before beeing initialized
2024-05-03 18:03:48,691 [ERROR] CADModel:125 - Updater not yet initialized, retry later 
2024-05-03 18:03:48,866 [INFO] CADModel:165 - CPN selected for project level
2024-05-03 18:03:48,866 [INFO] CADModel:114 - Register for checkConnection events
2024-05-03 18:03:48,866 [FATAL] Updater:308 - Updater called before beeing initialized
2024-05-03 18:03:48,866 [ERROR] CADModel:125 - Updater not yet initialized, retry later 
2024-05-03 18:03:48,869 [FATAL] Updater:308 - Updater called before beeing initialized
2024-05-03 18:03:48,990 [FATAL] Updater:308 - Updater called before beeing initialized
2024-05-03 18:03:48,998 [INFO] DbMcusAds:53 - JSON generation date=Wed Nov 29 11:52:27 CET 2023 (1701255147349)
2024-05-03 18:03:48,998 [FATAL] Updater:308 - Updater called before beeing initialized
2024-05-03 18:03:49,039 [WARN] DetailPanel:346 - Failed to get advertising image, set to default
2024-05-03 18:03:49,121 [FATAL] Updater:308 - Updater called before beeing initialized
2024-05-03 18:03:49,123 [FATAL] Updater:308 - Updater called before beeing initialized
2024-05-03 18:03:49,123 [FATAL] Updater:308 - Updater called before beeing initialized
2024-05-03 18:03:49,124 [WARN] DetailPanel:346 - Failed to get advertising image, set to default
2024-05-03 18:03:49,124 [FATAL] Updater:308 - Updater called before beeing initialized
2024-05-03 18:03:49,182 [ERROR] Updater:1120 - MainUpdater not yet initialized. External WinMGr cannot be set.
2024-05-03 18:03:49,184 [INFO] Updater:1056 - Updater Version found : 6.10.0
2024-05-03 18:03:49,199 [INFO] ApplicationProperties:184 - Using Application install path: C:\ST\STM32CubeIDE_1.14.1\STM32CubeIDE\plugins\com.st.stm32cube.common.mx_6.10.0.202311202037
2024-05-03 18:03:50,791 [ERROR] LogOutputStream:75 - [STDERR_REDIRECT] May 03, 2024 6:03:50 PM java.util.prefs.WindowsPreferences <init>
2024-05-03 18:03:50,794 [ERROR] LogOutputStream:75 - [STDERR_REDIRECT] WARNING: Could not open/create prefs root node Software\JavaSoft\Prefs at root 0xffffffff80000002. Windows RegCreateKeyEx(...) returned error code 5.
2024-05-03 18:03:50,794 [ERROR] LogOutputStream:75 - [STDERR_REDIRECT] 
2024-05-03 18:03:50,938 [INFO] ThirdPartyUpdaterWithRetryManager:70 - Updater plugin not ready yet. [2/15]
2024-05-03 18:03:51,155 [INFO] MainUpdater:2873 - connection check result : 10
2024-05-03 18:03:51,156 [INFO] MainUpdater:290 - Updater Check For Update Now.
2024-05-03 18:03:51,156 [INFO] MicroXplorer:498 - Change Database Version : DB.6.0.100
2024-05-03 18:03:51,162 [INFO] McuFinderGlobals:63 - Set McuFinder mode to 2 (CubeIDE integrated)
2024-05-03 18:03:51,381 [INFO] CheckServerUpdateThread:120 - End of CheckServer Thread
2024-05-03 18:03:51,461 [INFO] UserAuth:404 - Internet connection configuration mode: 1
2024-05-03 18:03:51,472 [INFO] JxBrowserEngine:152 - Initiate JxBrowser Engine with user profile folder
2024-05-03 18:03:51,999 [INFO] WebApp:161 - Instantiating new browser for Auth
2024-05-03 18:03:52,575 [INFO] WebApp:780 - Register for checkConnection events
2024-05-03 18:03:52,575 [INFO] WebApp:414 - Apply proxy settings
2024-05-03 18:03:52,575 [INFO] WebApp:499 - Chromium requires no authentication
2024-05-03 18:03:52,582 [INFO] WebApp:442 - Direct internet connection detected
2024-05-03 18:03:52,709 [INFO] WebApp:192 - Starting web application
2024-05-03 18:03:52,709 [INFO] WebApp:544 - Web application path used C:\ST\STM32CubeIDE_1.14.1\STM32CubeIDE\plugins\com.st.stm32cube.common.mx_6.10.0.202311202037\db\plugins\mcufinder\reactClient1\index.html
2024-05-03 18:03:54,068 [WARN] PackLoader:240 - Cannot read IP mode file for STMicroelectronics.FP-SNS-MOTENVWB1.1.4.0
2024-05-03 18:03:54,086 [WARN] PackLoader:240 - Cannot read IP mode file for STMicroelectronics.X-CUBE-SMBUS.2.1.0
2024-05-03 18:03:54,091 [WARN] PackLoader:240 - Cannot read IP mode file for STMicroelectronics.X-CUBE-TOUCHGFX.4.23.1
2024-05-03 18:03:54,093 [WARN] PackLoader:240 - Cannot read IP mode file for STMicroelectronics.X-CUBE-TOUCHGFX.4.23.0
2024-05-03 18:03:54,095 [WARN] PackLoader:240 - Cannot read IP mode file for STMicroelectronics.X-CUBE-TOUCHGFX.4.23.2
2024-05-03 18:03:54,127 [WARN] PackLoader:240 - Cannot read IP mode file for STMicroelectronics.X-CUBE-AZRTOS-F7.1.1.0
2024-05-03 18:03:54,144 [WARN] PackLoader:240 - Cannot read IP mode file for STMicroelectronics.FP-SNS-MOTENV1.4.3.2
2024-05-03 18:03:54,158 [WARN] PackLoader:240 - Cannot read IP mode file for STMicroelectronics.FP-SNS-FLIGHT1.5.0.2
2024-05-03 18:03:54,175 [WARN] PackLoader:240 - Cannot read IP mode file for STMicroelectronics.X-CUBE-DISPLAY.3.0.0
2024-05-03 18:03:54,203 [WARN] PackLoader:240 - Cannot read IP mode file for STMicroelectronics.X-CUBE-BLE1.7.0.0
2024-05-03 18:03:54,212 [WARN] PackLoader:240 - Cannot read IP mode file for emotas.I-CUBE-CANOPEN.1.3.0
2024-05-03 18:03:54,233 [WARN] PackLoader:240 - Cannot read IP mode file for STMicroelectronics.X-CUBE-BLEMGR.3.1.0
2024-05-03 18:03:54,245 [WARN] PackLoader:240 - Cannot read IP mode file for STMicroelectronics.FP-SNS-SMARTAG2.1.2.0
2024-05-03 18:03:54,259 [INFO] LogOutputStream:77 - [STDOUT_REDIRECT] 1 : Invalid condition id : UX_CORESTACK_Condition cause : null
2024-05-03 18:03:54,260 [INFO] LogOutputStream:77 - [STDOUT_REDIRECT] 1 : Invalid condition id : UX_CORESTACK_Condition cause : null
2024-05-03 18:03:54,261 [INFO] LogOutputStream:77 - [STDOUT_REDIRECT] 1 : Invalid condition id : UX_CORESTACK_Condition cause : null
2024-05-03 18:03:54,264 [INFO] LogOutputStream:77 - [STDOUT_REDIRECT] 1 : Invalid condition id : UX_CORESTACK_Condition cause : null
2024-05-03 18:03:54,265 [INFO] LogOutputStream:77 - [STDOUT_REDIRECT] 1 : Invalid condition id : UX_CORESTACK_Condition cause : null
2024-05-03 18:03:54,271 [WARN] PackLoader:240 - Cannot read IP mode file for STMicroelectronics.X-CUBE-AZRTOS-WL.2.0.0
2024-05-03 18:03:54,280 [WARN] PackLoader:240 - Cannot read IP mode file for STMicroelectronics.FP-SNS-MOTENV1.5.0.0
2024-05-03 18:03:54,299 [WARN] PackLoader:240 - Cannot read IP mode file for WES.I-CUBE-Cesium.1.3.0
2024-05-03 18:03:54,308 [WARN] PackLoader:240 - Cannot read IP mode file for STMicroelectronics.X-CUBE-BLE2.3.3.0
2024-05-03 18:03:54,318 [WARN] PackLoader:240 - Cannot read IP mode file for STMicroelectronics.X-CUBE-TCPP.4.1.0
2024-05-03 18:03:54,329 [WARN] PackLoader:240 - Cannot read IP mode file for STMicroelectronics.X-CUBE-ALGOBUILD.1.3.0
2024-05-03 18:03:54,364 [WARN] PackLoader:240 - Cannot read IP mode file for STMicroelectronics.X-CUBE-AZRTOS-G0.1.1.0
2024-05-03 18:03:54,378 [WARN] PackLoader:240 - Cannot read IP mode file for STMicroelectronics.X-CUBE-SAFEA1.1.2.2
2024-05-03 18:03:54,386 [WARN] PackLoader:240 - Cannot read IP mode file for STMicroelectronics.X-CUBE-NFC4.3.0.0
2024-05-03 18:03:54,394 [WARN] PackLoader:240 - Cannot read IP mode file for STMicroelectronics.FP-ATR-SIGFOX1.3.2.0
2024-05-03 18:03:54,413 [WARN] PackLoader:240 - Cannot read IP mode file for STMicroelectronics.X-CUBE-EEPRMA1.5.1.0
2024-05-03 18:03:54,485 [WARN] PackLoader:240 - Cannot read IP mode file for SEGGER.I-CUBE-embOS.1.3.1
2024-05-03 18:03:54,595 [WARN] PackLoader:240 - Cannot read IP mode file for STMicroelectronics.X-CUBE-GNSS1.6.0.0
2024-05-03 18:03:54,634 [WARN] PackLoader:240 - Cannot read IP mode file for STMicroelectronics.X-CUBE-AZRTOS-F4.1.1.0
2024-05-03 18:03:54,651 [WARN] PackLoader:240 - Cannot read IP mode file for STMicroelectronics.X-CUBE-FREERTOS.1.2.0
2024-05-03 18:03:54,662 [WARN] PackLoader:240 - Cannot read IP mode file for wolfSSL.I-CUBE-wolfSSL.5.6.6
2024-05-03 18:03:54,689 [WARN] PackLoader:240 - Cannot read IP mode file for STMicroelectronics.X-CUBE-AZRTOS-L5.2.0.0
2024-05-03 18:03:54,704 [WARN] PackLoader:240 - Cannot read IP mode file for STMicroelectronics.X-CUBE-NFC6.3.1.0
2024-05-03 18:03:54,715 [WARN] PackLoader:240 - Cannot read IP mode file for ITTIA_DB.I-CUBE-ITTIADB.8.8.0
2024-05-03 18:03:54,722 [WARN] PackLoader:240 - Cannot read IP mode file for STMicroelectronics.X-CUBE-AI.9.0.0
2024-05-03 18:03:54,730 [WARN] PackLoader:240 - Cannot read IP mode file for STMicroelectronics.X-CUBE-NFC7.1.0.1
2024-05-03 18:03:54,739 [WARN] PackLoader:240 - Cannot read IP mode file for STMicroelectronics.X-CUBE-NFC6.3.0.0
2024-05-03 18:03:54,746 [WARN] PackLoader:240 - Cannot read IP mode file for STMicroelectronics.X-CUBE-AI.8.1.0
2024-05-03 18:03:54,793 [WARN] ConditionMgr:438 - getConditionDescription Invalid condition id : LAN8742 Phy interface Condition cause : null
2024-05-03 18:03:54,796 [WARN] PackLoader:240 - Cannot read IP mode file for STMicroelectronics.X-CUBE-AZRTOS-L4.2.0.0
2024-05-03 18:03:54,802 [WARN] ConditionMgr:1039 - genDependencies : Invalid condition id : LAN8742 Phy interface Condition cause : null
2024-05-03 18:03:54,803 [WARN] ConditionMgr:1039 - genDependencies : Invalid condition id : LAN8742 Phy interface Condition cause : null
2024-05-03 18:03:54,807 [WARN] ConditionMgr:1039 - genDependencies : Invalid condition id : LAN8742 Phy interface Condition cause : null
2024-05-03 18:03:54,845 [WARN] PackLoader:240 - Cannot read IP mode file for STMicroelectronics.X-CUBE-SFXS2LP1.4.0.0
2024-05-03 18:03:54,934 [WARN] ConditionMgr:438 - getConditionDescription Invalid condition id : UX DEVICE CLASS RTOS Condition cause : null
2024-05-03 18:03:54,936 [WARN] ConditionMgr:438 - getConditionDescription Invalid condition id : UX DEVICE CLASS RTOS Condition cause : null
2024-05-03 18:03:54,953 [WARN] PackLoader:240 - Cannot read IP mode file for STMicroelectronics.X-CUBE-AZRTOS-WB.2.0.0
2024-05-03 18:03:54,954 [WARN] ConditionMgr:1039 - genDependencies : Invalid condition id : UX DEVICE CLASS RTOS Condition cause : null
2024-05-03 18:03:54,954 [WARN] ConditionMgr:1039 - genDependencies : Invalid condition id : UX DEVICE CLASS RTOS Condition cause : null
2024-05-03 18:03:54,955 [WARN] ConditionMgr:1039 - genDependencies : Invalid condition id : UX DEVICE CLASS RTOS Condition cause : null
2024-05-03 18:03:54,956 [WARN] ConditionMgr:1039 - genDependencies : Invalid condition id : UX DEVICE CLASS RTOS Condition cause : null
2024-05-03 18:03:54,956 [WARN] ConditionMgr:1039 - genDependencies : Invalid condition id : UX DEVICE CLASS RTOS Condition cause : null
2024-05-03 18:03:54,972 [WARN] PackLoader:240 - Cannot read IP mode file for STMicroelectronics.X-CUBE-SUBG2.5.0.0
2024-05-03 18:03:55,006 [WARN] PackLoader:240 - Cannot read IP mode file for STMicroelectronics.X-CUBE-AZRTOS-G4.2.0.0
2024-05-03 18:03:55,028 [WARN] PackLoader:240 - Cannot read IP mode file for Infineon.AIROC-Wi-Fi-Bluetooth-STM32.1.5.1
2024-05-03 18:03:55,039 [WARN] PackLoader:240 - Cannot read IP mode file for STMicroelectronics.FP-SNS-MOTENVWB1.1.3.1
2024-05-03 18:03:55,054 [WARN] PackLoader:240 - Cannot read IP mode file for STMicroelectronics.X-CUBE-ISPU.2.0.0
2024-05-03 18:03:55,143 [WARN] PackLoader:240 - Cannot read IP mode file for STMicroelectronics.X-CUBE-MEMS1.10.0.0
2024-05-03 18:03:55,402 [WARN] PackLoader:240 - Cannot read IP mode file for STMicroelectronics.X-CUBE-FREERTOS.1.1.0
2024-05-03 18:03:55,411 [WARN] PackLoader:240 - Cannot read IP mode file for portGmbH.I-Cube-SoM-uGOAL.1.1.0
2024-05-03 18:03:55,419 [WARN] PackLoader:240 - Cannot read IP mode file for STMicroelectronics.X-CUBE-ALS.1.0.1
2024-05-03 18:03:55,455 [WARN] PackLoader:240 - Cannot read IP mode file for STMicroelectronics.X-CUBE-AZRTOS-H7RS.1.0.0
2024-05-03 18:03:55,466 [WARN] PackLoader:240 - Cannot read IP mode file for STMicroelectronics.FP-ATR-ASTRA1.2.0.0
2024-05-03 18:03:55,479 [WARN] PackLoader:240 - Cannot read IP mode file for STMicroelectronics.X-CUBE-TOF1.3.4.1
2024-05-03 18:03:55,518 [WARN] PackLoader:240 - Cannot read IP mode file for STMicroelectronics.X-CUBE-AZRTOS-H7.3.2.0
2024-05-03 18:03:55,523 [INFO] ThirdParty:978 - Integrity check success = true
2024-05-03 18:03:55,523 [INFO] IntegrityCheckThread:100 - exiting critical section [integrity check]
2024-05-03 18:03:55,523 [INFO] IntegrityCheckThread:103 - End integrity checks thread
2024-05-03 18:04:13,567 [ERROR] LogOutputStream:75 - [STDERR_REDIRECT] SLF4J: Failed to load class "org.slf4j.impl.StaticLoggerBinder".
2024-05-03 18:04:13,568 [ERROR] LogOutputStream:75 - [STDERR_REDIRECT] SLF4J: Defaulting to no-operation (NOP) logger implementation
2024-05-03 18:04:13,569 [ERROR] LogOutputStream:75 - [STDERR_REDIRECT] SLF4J: See http://www.slf4j.org/codes.html#StaticLoggerBinder for further details.
2024-05-03 18:04:15,216 [INFO] LogOutputStream:77 - [STDOUT_REDIRECT] StartTraceHandler.execute(), success : Collect=false
2024-05-03 18:04:17,102 [INFO] LogOutputStream:77 - [STDOUT_REDIRECT] StartTraceHandler.execute(), success : Collect=true
2024-05-03 19:09:21,006 [ERROR] LogOutputStream:75 - [STDERR_REDIRECT] Exception in thread "SWV client thread" java.lang.NullPointerException: Cannot invoke "com.st.stm32cube.ide.mcu.debug.swv.core.SWVPlugin.isDebugging()" because "com.st.stm32cube.ide.mcu.debug.swv.core.SWVPlugin.plugin" is null
2024-05-03 19:09:21,009 [ERROR] LogOutputStream:75 - [STDERR_REDIRECT] 	at com.st.stm32cube.ide.mcu.debug.swv.core.SWVPlugin.debugTrace(SWVPlugin.java:85)
2024-05-03 19:09:21,011 [ERROR] LogOutputStream:75 - [STDERR_REDIRECT] 	at com.st.stm32cube.ide.mcu.debug.swv.core.SWVClient.TRACE(SWVClient.java:768)
2024-05-03 19:09:21,013 [ERROR] LogOutputStream:75 - [STDERR_REDIRECT] 	at com.st.stm32cube.ide.mcu.debug.swv.core.SWVClient.readByte(SWVClient.java:296)
2024-05-03 19:09:21,014 [ERROR] LogOutputStream:75 - [STDERR_REDIRECT] 	at com.st.stm32cube.ide.mcu.debug.swv.core.SWVClient.getNextByte(SWVClient.java:277)
2024-05-03 19:09:21,016 [ERROR] LogOutputStream:75 - [STDERR_REDIRECT] 	at com.st.stm32cube.ide.mcu.debug.swv.core.SWVClient.run(SWVClient.java:313)
2024-05-03 19:09:21,673 [ERROR] LogOutputStream:75 - [STDERR_REDIRECT] 
2024-05-03 19:09:21,674 [ERROR] LogOutputStream:75 - [STDERR_REDIRECT] 
