2024-05-09 16:40:59,489 [INFO] Activator:176 - 


2024-05-09 16:40:59,496 [INFO] Activator:177 - !SESSION log4j initialized
2024-05-09 16:41:08,886 [INFO] LogOutputStream:77 - [STDOUT_REDIRECT] 
2024-05-09 16:41:11,039 [INFO] ApplicationProperties:184 - Using Application install path: C:\ST\STM32CubeIDE_1.14.1\STM32CubeIDE\plugins\com.st.stm32cube.common.mx_6.10.0.202311202037
2024-05-09 16:41:11,058 [INFO] DbMcusXml:78 - Set database path to: C:\ST\STM32CubeIDE_1.14.1\STM32CubeIDE\plugins\com.st.stm32cube.common.mx_6.10.0.202311202037\\db\/mcu/
2024-05-09 16:41:11,059 [INFO] ApiDb:274 - Set plugin database path to: C:\ST\STM32CubeIDE_1.14.1\STM32CubeIDE\plugins\com.st.stm32cube.common.mx_6.10.0.202311202037\\db\/plugins/boardmanager/
2024-05-09 16:41:11,059 [WARN] ApiDb:259 - Overriding images path with different value:  => C:\ST\STM32CubeIDE_1.14.1\STM32CubeIDE\plugins\com.st.stm32cube.common.mx_6.10.0.202311202037\\db\/plugins/mcufinder/images/
2024-05-09 16:41:11,066 [INFO] ApiDb:250 - Set database path to: C:\Users\anton\.stmcufinder\plugins\mcufinder//mcu/
2024-05-09 16:41:11,067 [INFO] DbMcusAds:125 - Set database path to: C:\Users\anton\.stmcufinder\plugins\mcufinder//mcu/
2024-05-09 16:41:11,068 [INFO] CrossReferenceDbSqlite:203 - Set database path to: C:\Users\anton\.stmcufinder\plugins\mcufinder//mcu/cs/
2024-05-09 16:41:11,206 [INFO] RulesReader:64 - Compatibility file has been processed (297 Rules)
2024-05-09 16:41:11,300 [INFO] DbMcusXml:78 - Set database path to: C:\ST\STM32CubeIDE_1.14.1\STM32CubeIDE\plugins\com.st.stm32cube.common.mx_6.10.0.202311202037\\db\/mcu/
2024-05-09 16:41:11,302 [INFO] ApiDb:274 - Set plugin database path to: C:\ST\STM32CubeIDE_1.14.1\STM32CubeIDE\plugins\com.st.stm32cube.common.mx_6.10.0.202311202037\\db\/plugins/boardmanager/
2024-05-09 16:41:11,302 [INFO] ApiDb:261 - Set plugin images path to: C:\ST\STM32CubeIDE_1.14.1\STM32CubeIDE\plugins\com.st.stm32cube.common.mx_6.10.0.202311202037\\db\/plugins/mcufinder/images/
2024-05-09 16:41:11,302 [WARN] DbFile:41 - Overriding database path with different value: C:\Users\anton\.stmcufinder\plugins\mcufinder/ => C:\Users\anton\.stmcufinder\plugins\mcufinder
2024-05-09 16:41:11,302 [INFO] ApiDb:250 - Set database path to: C:\Users\anton\.stmcufinder\plugins\mcufinder//mcu/
2024-05-09 16:41:11,302 [WARN] DbFile:41 - Overriding database path with different value: C:\Users\anton\.stmcufinder\plugins\mcufinder/ => C:\Users\anton\.stmcufinder\plugins\mcufinder
2024-05-09 16:41:11,303 [INFO] DbMcusAds:125 - Set database path to: C:\Users\anton\.stmcufinder\plugins\mcufinder//mcu/
2024-05-09 16:41:11,303 [WARN] DbFile:41 - Overriding database path with different value: C:\Users\anton\.stmcufinder\plugins\mcufinder/ => C:\Users\anton\.stmcufinder\plugins\mcufinder
2024-05-09 16:41:11,303 [WARN] DbFile:41 - Overriding database path with different value: C:\Users\anton\.stmcufinder\plugins\mcufinder/ => C:\Users\anton\.stmcufinder\plugins\mcufinder
2024-05-09 16:41:11,303 [INFO] CrossReferenceDbSqlite:203 - Set database path to: C:\Users\anton\.stmcufinder\plugins\mcufinder//mcu/cs/
2024-05-09 16:41:11,401 [INFO] MainPanel:264 - HeapMemory: 268435456
2024-05-09 16:41:11,508 [INFO] DbMcusXml:78 - Set database path to: C:\ST\STM32CubeIDE_1.14.1\STM32CubeIDE\plugins\com.st.stm32cube.common.mx_6.10.0.202311202037\\db\/mcu/
2024-05-09 16:41:11,508 [INFO] ApiDb:274 - Set plugin database path to: C:\ST\STM32CubeIDE_1.14.1\STM32CubeIDE\plugins\com.st.stm32cube.common.mx_6.10.0.202311202037\\db\/plugins/boardmanager/
2024-05-09 16:41:11,508 [INFO] ApiDb:261 - Set plugin images path to: C:\ST\STM32CubeIDE_1.14.1\STM32CubeIDE\plugins\com.st.stm32cube.common.mx_6.10.0.202311202037\\db\/plugins/mcufinder/images/
2024-05-09 16:41:11,508 [WARN] DbFile:41 - Overriding database path with different value: C:\Users\anton\.stmcufinder\plugins\mcufinder/ => C:\Users\anton\.stmcufinder\plugins\mcufinder
2024-05-09 16:41:11,508 [INFO] ApiDb:250 - Set database path to: C:\Users\anton\.stmcufinder\plugins\mcufinder//mcu/
2024-05-09 16:41:11,508 [WARN] DbFile:41 - Overriding database path with different value: C:\Users\anton\.stmcufinder\plugins\mcufinder/ => C:\Users\anton\.stmcufinder\plugins\mcufinder
2024-05-09 16:41:11,509 [INFO] DbMcusAds:125 - Set database path to: C:\Users\anton\.stmcufinder\plugins\mcufinder//mcu/
2024-05-09 16:41:11,509 [WARN] DbFile:41 - Overriding database path with different value: C:\Users\anton\.stmcufinder\plugins\mcufinder/ => C:\Users\anton\.stmcufinder\plugins\mcufinder
2024-05-09 16:41:11,509 [WARN] DbFile:41 - Overriding database path with different value: C:\Users\anton\.stmcufinder\plugins\mcufinder/ => C:\Users\anton\.stmcufinder\plugins\mcufinder
2024-05-09 16:41:11,509 [INFO] CrossReferenceDbSqlite:203 - Set database path to: C:\Users\anton\.stmcufinder\plugins\mcufinder//mcu/cs/
2024-05-09 16:41:11,531 [INFO] ApplicationProperties:184 - Using Application install path: C:\ST\STM32CubeIDE_1.14.1\STM32CubeIDE\plugins\com.st.stm32cube.common.mx_6.10.0.202311202037
2024-05-09 16:41:11,534 [INFO] PluginManage:196 - Search for loadable plugins [exclusion list=, ]
2024-05-09 16:41:11,535 [INFO] PluginManage:310 - Check plugin analytics
2024-05-09 16:41:11,808 [INFO] AnalyticsPlugin:253 - Accepted Software Licenses: 
2024-05-09 16:41:11,808 [INFO] AnalyticsPlugin:255 - Accepted CMSIS Pack Licenses: 
2024-05-09 16:41:11,808 [INFO] AnalyticsPlugin:257 - Accepted Firmware Licenses: FW.F4.1.28.0
2024-05-09 16:41:11,813 [INFO] PluginManage:359 - Loaded plugin analytics (category:tool,tabindex:-1)
2024-05-09 16:41:11,815 [INFO] PluginManage:310 - Check plugin cadmodel
2024-05-09 16:41:11,836 [INFO] CADModel:105 - Init CAD model plugin
2024-05-09 16:41:11,836 [INFO] PluginManage:359 - Loaded plugin cadmodel (category:power,tabindex:5)
2024-05-09 16:41:11,837 [INFO] PluginManage:310 - Check plugin clock
2024-05-09 16:41:11,863 [INFO] PluginManage:359 - Loaded plugin clock (category:base,tabindex:2)
2024-05-09 16:41:11,865 [INFO] PluginManage:310 - Check plugin ddr
2024-05-09 16:41:11,868 [INFO] PluginManage:359 - Loaded plugin ddr (category:tool,tabindex:6)
2024-05-09 16:41:11,868 [INFO] PluginManage:310 - Check plugin filemanager
2024-05-09 16:41:12,062 [INFO] PluginManage:359 - Loaded plugin filemanager (category:base,tabindex:10)
2024-05-09 16:41:12,063 [INFO] PluginManage:310 - Check plugin ipmanager
2024-05-09 16:41:12,076 [INFO] PluginManage:359 - Loaded plugin ipmanager (category:base,tabindex:5)
2024-05-09 16:41:12,076 [INFO] PluginManage:310 - Check plugin lpbam
2024-05-09 16:41:12,096 [INFO] PluginManage:359 - Loaded plugin lpbam (category:base,tabindex:0)
2024-05-09 16:41:12,096 [INFO] PluginManage:310 - Check plugin memorymap
2024-05-09 16:41:12,121 [INFO] PluginManage:359 - Loaded plugin memorymap (category:base,tabindex:4)
2024-05-09 16:41:12,122 [INFO] PluginManage:310 - Check plugin pinoutandconfiguration
2024-05-09 16:41:12,142 [INFO] PluginManage:359 - Loaded plugin pinoutandconfiguration (category:base,tabindex:1)
2024-05-09 16:41:12,142 [INFO] PluginManage:310 - Check plugin pinoutconfig
2024-05-09 16:41:12,247 [WARN] SupportedApi:132 - Cannot load RTOS API schema: s4s-elt-must-match.1: The content of 'definitions' must match (annotation?, (simpleType | complexType)?, (unique | key | keyref)*)). A problem was found starting at: attribute.
2024-05-09 16:41:12,386 [INFO] PluginManage:359 - Loaded plugin pinoutconfig (category:base,tabindex:0)
2024-05-09 16:41:12,387 [INFO] PluginManage:310 - Check plugin power
2024-05-09 16:41:12,408 [INFO] PluginManage:359 - Loaded plugin power (category:power,tabindex:4)
2024-05-09 16:41:12,408 [INFO] PluginManage:310 - Check plugin projectmanager
2024-05-09 16:41:12,429 [INFO] PluginManage:359 - Loaded plugin projectmanager (category:projectmanager,tabindex:3)
2024-05-09 16:41:12,429 [INFO] PluginManage:310 - Check plugin thirdparty
2024-05-09 16:41:12,754 [INFO] PluginManage:359 - Loaded plugin thirdparty (category:base,tabindex:-1)
2024-05-09 16:41:12,756 [INFO] PluginManage:310 - Check plugin tools
2024-05-09 16:41:12,754 [WARN] IntegrityCheckThread:84 - waiting for thirdparty lock release [integrity check]
2024-05-09 16:41:12,756 [INFO] IntegrityCheckThread:86 - entering critical section [integrity check]
2024-05-09 16:41:12,756 [INFO] ThirdPartyUpdaterWithRetryManager:70 - Updater plugin not ready yet. [1/15]
2024-05-09 16:41:12,789 [INFO] PluginManage:359 - Loaded plugin tools (category:base,tabindex:7)
2024-05-09 16:41:12,789 [INFO] PluginManage:310 - Check plugin tutovideos
2024-05-09 16:41:12,999 [INFO] PluginManage:359 - Loaded plugin tutovideos (category:base,tabindex:-1)
2024-05-09 16:41:12,999 [INFO] PluginManage:310 - Check plugin updater
2024-05-09 16:41:13,029 [INFO] PluginManage:359 - Loaded plugin updater (category:base,tabindex:12)
2024-05-09 16:41:13,029 [INFO] PluginManage:310 - Check plugin userauth
2024-05-09 16:41:13,036 [INFO] UserAuth:114 - Init User Auth plugin
2024-05-09 16:41:13,036 [INFO] PluginManage:359 - Loaded plugin userauth (category:base,tabindex:14)
2024-05-09 16:41:13,036 [INFO] PluginManage:283 - PluginManage : Loaded plugins [17]
2024-05-09 16:41:13,268 [INFO] PinOutPanel:1499 - setPackage(No Configuration,No Configuration)
2024-05-09 16:41:13,351 [INFO] CADModel:165 - CPN selected for project level
2024-05-09 16:41:13,351 [INFO] CADModel:114 - Register for checkConnection events
2024-05-09 16:41:13,381 [INFO] IPUIPlugin:80 - create IPUIPlugin
2024-05-09 16:41:13,381 [INFO] PluginManager:220 - loadIPPluginJar : add adc
2024-05-09 16:41:13,414 [INFO] IPUIPlugin:80 - create IPUIPlugin
2024-05-09 16:41:13,414 [INFO] PluginManager:220 - loadIPPluginJar : add aes
2024-05-09 16:41:13,453 [INFO] IPUIPlugin:80 - create IPUIPlugin
2024-05-09 16:41:13,453 [INFO] PluginManager:220 - loadIPPluginJar : add can
2024-05-09 16:41:13,475 [INFO] IPUIPlugin:80 - create IPUIPlugin
2024-05-09 16:41:13,476 [INFO] PluginManager:220 - loadIPPluginJar : add comp
2024-05-09 16:41:13,507 [INFO] IPUIPlugin:80 - create IPUIPlugin
2024-05-09 16:41:13,508 [INFO] PluginManager:220 - loadIPPluginJar : add cryp
2024-05-09 16:41:13,534 [INFO] IPUIPlugin:80 - create IPUIPlugin
2024-05-09 16:41:13,534 [INFO] PluginManager:220 - loadIPPluginJar : add dfsdm
2024-05-09 16:41:13,546 [INFO] IPUIPlugin:80 - create IPUIPlugin
2024-05-09 16:41:13,547 [INFO] PluginManager:220 - loadIPPluginJar : add dma
2024-05-09 16:41:13,588 [INFO] IPUIPlugin:80 - create IPUIPlugin
2024-05-09 16:41:13,588 [INFO] PluginManager:220 - loadIPPluginJar : add dma3
2024-05-09 16:41:13,605 [INFO] IPUIPlugin:80 - create IPUIPlugin
2024-05-09 16:41:13,605 [INFO] PluginManager:220 - loadIPPluginJar : add fatfs
2024-05-09 16:41:13,642 [INFO] IPUIPlugin:80 - create IPUIPlugin
2024-05-09 16:41:13,643 [INFO] PluginManager:220 - loadIPPluginJar : add fmc
2024-05-09 16:41:13,657 [INFO] IPUIPlugin:80 - create IPUIPlugin
2024-05-09 16:41:13,658 [INFO] PluginManager:220 - loadIPPluginJar : add freertos
2024-05-09 16:41:13,675 [INFO] IPUIPlugin:80 - create IPUIPlugin
2024-05-09 16:41:13,675 [INFO] PluginManager:220 - loadIPPluginJar : add genericplugin
2024-05-09 16:41:13,760 [INFO] IPUIPlugin:80 - create IPUIPlugin
2024-05-09 16:41:13,760 [INFO] PluginManager:220 - loadIPPluginJar : add gfxmmu
2024-05-09 16:41:13,904 [INFO] IPUIPlugin:80 - create IPUIPlugin
2024-05-09 16:41:13,904 [INFO] PluginManager:220 - loadIPPluginJar : add gic
2024-05-09 16:41:13,920 [INFO] IPUIPlugin:80 - create IPUIPlugin
2024-05-09 16:41:13,920 [INFO] PluginManager:220 - loadIPPluginJar : add gpio
2024-05-09 16:41:13,997 [INFO] IPUIPlugin:80 - create IPUIPlugin
2024-05-09 16:41:13,997 [INFO] PluginManager:220 - loadIPPluginJar : add gtzc
2024-05-09 16:41:14,031 [INFO] IPUIPlugin:80 - create IPUIPlugin
2024-05-09 16:41:14,031 [INFO] PluginManager:220 - loadIPPluginJar : add hash
2024-05-09 16:41:14,070 [INFO] IPUIPlugin:80 - create IPUIPlugin
2024-05-09 16:41:14,070 [INFO] PluginManager:220 - loadIPPluginJar : add i2c
2024-05-09 16:41:14,105 [INFO] IPUIPlugin:80 - create IPUIPlugin
2024-05-09 16:41:14,105 [INFO] PluginManager:220 - loadIPPluginJar : add i2s
2024-05-09 16:41:14,136 [INFO] IPUIPlugin:80 - create IPUIPlugin
2024-05-09 16:41:14,136 [INFO] PluginManager:220 - loadIPPluginJar : add i3c
2024-05-09 16:41:14,229 [INFO] IPUIPlugin:80 - create IPUIPlugin
2024-05-09 16:41:14,229 [INFO] PluginManager:220 - loadIPPluginJar : add ipddr
2024-05-09 16:41:14,328 [INFO] IPUIPlugin:80 - create IPUIPlugin
2024-05-09 16:41:14,328 [INFO] PluginManager:220 - loadIPPluginJar : add linkedlist
2024-05-09 16:41:14,362 [INFO] IPUIPlugin:80 - create IPUIPlugin
2024-05-09 16:41:14,362 [INFO] PluginManager:220 - loadIPPluginJar : add lorawan
2024-05-09 16:41:14,397 [INFO] IPUIPlugin:80 - create IPUIPlugin
2024-05-09 16:41:14,398 [INFO] PluginManager:220 - loadIPPluginJar : add ltdc
2024-05-09 16:41:14,408 [INFO] IPUIPlugin:80 - create IPUIPlugin
2024-05-09 16:41:14,410 [INFO] PluginManager:220 - loadIPPluginJar : add mdma
2024-05-09 16:41:14,425 [INFO] IPUIPlugin:80 - create IPUIPlugin
2024-05-09 16:41:14,425 [INFO] PluginManager:220 - loadIPPluginJar : add nvic
2024-05-09 16:41:14,458 [INFO] IPUIPlugin:80 - create IPUIPlugin
2024-05-09 16:41:14,458 [INFO] PluginManager:220 - loadIPPluginJar : add opamp
2024-05-09 16:41:14,512 [INFO] IPUIPlugin:80 - create IPUIPlugin
2024-05-09 16:41:14,512 [INFO] PluginManager:220 - loadIPPluginJar : add openamp
2024-05-09 16:41:14,551 [INFO] IPUIPlugin:80 - create IPUIPlugin
2024-05-09 16:41:14,552 [INFO] PluginManager:220 - loadIPPluginJar : add pdm2pcm
2024-05-09 16:41:14,568 [INFO] IPUIPlugin:80 - create IPUIPlugin
2024-05-09 16:41:14,570 [INFO] PluginManager:220 - loadIPPluginJar : add plateformsettings
2024-05-09 16:41:14,590 [INFO] IPUIPlugin:80 - create IPUIPlugin
2024-05-09 16:41:14,590 [INFO] PluginManager:220 - loadIPPluginJar : add quadspi
2024-05-09 16:41:14,604 [INFO] IPUIPlugin:80 - create IPUIPlugin
2024-05-09 16:41:14,604 [INFO] PluginManager:220 - loadIPPluginJar : add resmgrutility
2024-05-09 16:41:14,655 [INFO] IPUIPlugin:80 - create IPUIPlugin
2024-05-09 16:41:14,655 [INFO] PluginManager:220 - loadIPPluginJar : add sai
2024-05-09 16:41:14,689 [INFO] IPUIPlugin:80 - create IPUIPlugin
2024-05-09 16:41:14,689 [INFO] PluginManager:220 - loadIPPluginJar : add spi
2024-05-09 16:41:14,749 [INFO] IPUIPlugin:80 - create IPUIPlugin
2024-05-09 16:41:14,749 [INFO] PluginManager:220 - loadIPPluginJar : add stm32_wpan
2024-05-09 16:41:14,775 [INFO] IPUIPlugin:80 - create IPUIPlugin
2024-05-09 16:41:14,775 [INFO] PluginManager:220 - loadIPPluginJar : add tim
2024-05-09 16:41:14,819 [INFO] IPUIPlugin:80 - create IPUIPlugin
2024-05-09 16:41:14,819 [INFO] PluginManager:220 - loadIPPluginJar : add touchsensing
2024-05-09 16:41:14,838 [INFO] IPUIPlugin:80 - create IPUIPlugin
2024-05-09 16:41:14,838 [INFO] PluginManager:220 - loadIPPluginJar : add tracer_emb
2024-05-09 16:41:14,858 [INFO] IPUIPlugin:80 - create IPUIPlugin
2024-05-09 16:41:14,858 [INFO] PluginManager:220 - loadIPPluginJar : add ts
2024-05-09 16:41:14,876 [INFO] IPUIPlugin:80 - create IPUIPlugin
2024-05-09 16:41:14,876 [INFO] PluginManager:220 - loadIPPluginJar : add tsc
2024-05-09 16:41:14,904 [INFO] IPUIPlugin:80 - create IPUIPlugin
2024-05-09 16:41:14,904 [INFO] PluginManager:220 - loadIPPluginJar : add ucpd
2024-05-09 16:41:14,949 [INFO] IPUIPlugin:80 - create IPUIPlugin
2024-05-09 16:41:14,949 [INFO] PluginManager:220 - loadIPPluginJar : add usart
2024-05-09 16:41:14,985 [INFO] IPUIPlugin:80 - create IPUIPlugin
2024-05-09 16:41:14,985 [INFO] PluginManager:220 - loadIPPluginJar : add usbx
2024-05-09 16:41:15,158 [INFO] CADModel:165 - CPN selected for project level
2024-05-09 16:41:15,158 [INFO] CADModel:114 - Register for checkConnection events
2024-05-09 16:41:15,158 [FATAL] Updater:308 - Updater called before beeing initialized
2024-05-09 16:41:15,158 [ERROR] CADModel:125 - Updater not yet initialized, retry later 
2024-05-09 16:41:15,423 [INFO] CADModel:165 - CPN selected for project level
2024-05-09 16:41:15,425 [INFO] CADModel:114 - Register for checkConnection events
2024-05-09 16:41:15,425 [FATAL] Updater:308 - Updater called before beeing initialized
2024-05-09 16:41:15,425 [ERROR] CADModel:125 - Updater not yet initialized, retry later 
2024-05-09 16:41:15,431 [FATAL] Updater:308 - Updater called before beeing initialized
2024-05-09 16:41:15,681 [FATAL] Updater:308 - Updater called before beeing initialized
2024-05-09 16:41:15,715 [INFO] DbMcusAds:53 - JSON generation date=Thu May 02 10:37:29 CEST 2024 (1714639049318)
2024-05-09 16:41:15,716 [FATAL] Updater:308 - Updater called before beeing initialized
2024-05-09 16:41:15,758 [INFO] ThirdPartyUpdaterWithRetryManager:70 - Updater plugin not ready yet. [2/15]
2024-05-09 16:41:15,890 [WARN] DetailPanel:346 - Failed to get advertising image, set to default
2024-05-09 16:41:16,062 [FATAL] Updater:308 - Updater called before beeing initialized
2024-05-09 16:41:16,065 [FATAL] Updater:308 - Updater called before beeing initialized
2024-05-09 16:41:16,065 [FATAL] Updater:308 - Updater called before beeing initialized
2024-05-09 16:41:16,066 [WARN] DetailPanel:346 - Failed to get advertising image, set to default
2024-05-09 16:41:16,067 [FATAL] Updater:308 - Updater called before beeing initialized
2024-05-09 16:41:16,221 [ERROR] Updater:1120 - MainUpdater not yet initialized. External WinMGr cannot be set.
2024-05-09 16:41:16,245 [INFO] Updater:1056 - Updater Version found : 6.10.0
2024-05-09 16:41:16,338 [INFO] ApplicationProperties:184 - Using Application install path: C:\ST\STM32CubeIDE_1.14.1\STM32CubeIDE\plugins\com.st.stm32cube.common.mx_6.10.0.202311202037
2024-05-09 16:41:17,985 [ERROR] LogOutputStream:75 - [STDERR_REDIRECT] May 09, 2024 4:41:17 PM java.util.prefs.WindowsPreferences <init>
2024-05-09 16:41:17,988 [ERROR] LogOutputStream:75 - [STDERR_REDIRECT] WARNING: Could not open/create prefs root node Software\JavaSoft\Prefs at root 0xffffffff80000002. Windows RegCreateKeyEx(...) returned error code 5.
2024-05-09 16:41:17,988 [ERROR] LogOutputStream:75 - [STDERR_REDIRECT] 
2024-05-09 16:41:18,347 [INFO] MainUpdater:2873 - connection check result : 10
2024-05-09 16:41:18,348 [INFO] MainUpdater:3567 - Updater definition file requires update
2024-05-09 16:41:18,350 [INFO] MainUpdater:290 - Updater Check For Update Now.
2024-05-09 16:41:18,350 [INFO] MicroXplorer:498 - Change Database Version : DB.6.0.100
2024-05-09 16:41:18,370 [INFO] McuFinderGlobals:63 - Set McuFinder mode to 2 (CubeIDE integrated)
2024-05-09 16:41:18,431 [INFO] ServerAccessManage:473 - Download File updaters.zip
2024-05-09 16:41:18,542 [INFO] FileExtend:240 - Unzip File : updaters.zip
2024-05-09 16:41:18,543 [INFO] FileExtend:255 - Standard Zip Deflate
2024-05-09 16:41:18,759 [WARN] MainUpdater:1194 - Updater busy. Cannot search thirdparties
2024-05-09 16:41:18,760 [INFO] ThirdPartyUpdaterWithRetryManager:96 - Updater plugin is busy. [1/15]
2024-05-09 16:41:18,832 [INFO] UserAuth:404 - Internet connection configuration mode: 1
2024-05-09 16:41:18,885 [INFO] JxBrowserEngine:152 - Initiate JxBrowser Engine with user profile folder
2024-05-09 16:41:19,247 [INFO] ServerAccessManage:473 - Download File PacksControlFlags.xml
2024-05-09 16:41:19,342 [INFO] ServerAccessManage:473 - Download File cubemx.pidx
2024-05-09 16:41:21,514 [INFO] ServerAccessManage:473 - Download File STMicroelectronics.X-CUBE-ALGOBUILD.pdsc
2024-05-09 16:41:21,761 [WARN] MainUpdater:1194 - Updater busy. Cannot search thirdparties
2024-05-09 16:41:21,761 [INFO] ThirdPartyUpdaterWithRetryManager:96 - Updater plugin is busy. [2/15]
2024-05-09 16:41:23,788 [INFO] ServerAccessManage:473 - Download File Cesanta.I-CUBE-Mongoose.pdsc
2024-05-09 16:41:24,222 [ERROR] ServerAccessManage:1089 - Problem, file not found on Server
2024-05-09 16:41:24,321 [WARN] PackLoader:240 - Cannot read IP mode file for STMicroelectronics.X-CUBE-ALGOBUILD.1.4.0
2024-05-09 16:41:24,330 [WARN] PackLoader:240 - Cannot read IP mode file for Cesanta.I-CUBE-Mongoose.7.13.0
2024-05-09 16:41:24,330 [INFO] PopulateThirdPartyThread:66 - Ending populate Thread
2024-05-09 16:41:24,331 [INFO] ThirdParty:1030 - CMSIS Pack Vendor :Cesanta I-CUBE-Mongoose 7.13.0
2024-05-09 16:41:24,331 [INFO] ThirdParty:1030 - CMSIS Pack Vendor :STMicroelectronics X-CUBE-ALGOBUILD 1.4.0
2024-05-09 16:41:24,331 [INFO] LoadServerUpdatesThread:375 - End of LoadServerUpdate Thread
2024-05-09 16:41:24,547 [INFO] CheckServerUpdateThread:120 - End of CheckServer Thread
2024-05-09 16:41:24,990 [INFO] WebApp:161 - Instantiating new browser for Auth
2024-05-09 16:41:25,401 [WARN] PackLoader:240 - Cannot read IP mode file for STMicroelectronics.FP-SNS-MOTENVWB1.1.4.0
2024-05-09 16:41:25,467 [WARN] PackLoader:240 - Cannot read IP mode file for STMicroelectronics.X-CUBE-SMBUS.2.1.0
2024-05-09 16:41:25,512 [WARN] PackLoader:240 - Cannot read IP mode file for STMicroelectronics.X-CUBE-TOUCHGFX.4.23.1
2024-05-09 16:41:25,550 [WARN] PackLoader:240 - Cannot read IP mode file for STMicroelectronics.X-CUBE-TOUCHGFX.4.23.0
2024-05-09 16:41:25,583 [WARN] PackLoader:240 - Cannot read IP mode file for STMicroelectronics.X-CUBE-TOUCHGFX.4.23.2
2024-05-09 16:41:25,661 [WARN] PackLoader:240 - Cannot read IP mode file for STMicroelectronics.X-CUBE-AZRTOS-F7.1.1.0
2024-05-09 16:41:25,768 [WARN] PackLoader:240 - Cannot read IP mode file for STMicroelectronics.FP-SNS-MOTENV1.4.3.2
2024-05-09 16:41:25,788 [WARN] PackLoader:240 - Cannot read IP mode file for STMicroelectronics.FP-SNS-FLIGHT1.5.0.2
2024-05-09 16:41:25,836 [WARN] PackLoader:240 - Cannot read IP mode file for STMicroelectronics.X-CUBE-DISPLAY.3.0.0
2024-05-09 16:41:25,888 [WARN] PackLoader:240 - Cannot read IP mode file for STMicroelectronics.X-CUBE-BLE1.7.0.0
2024-05-09 16:41:25,939 [WARN] PackLoader:240 - Cannot read IP mode file for emotas.I-CUBE-CANOPEN.1.3.0
2024-05-09 16:41:26,016 [WARN] PackLoader:240 - Cannot read IP mode file for STMicroelectronics.X-CUBE-BLEMGR.3.1.0
2024-05-09 16:41:26,085 [WARN] PackLoader:240 - Cannot read IP mode file for STMicroelectronics.FP-SNS-SMARTAG2.1.2.0
2024-05-09 16:41:26,142 [INFO] LogOutputStream:77 - [STDOUT_REDIRECT] 1 : Invalid condition id : UX_CORESTACK_Condition cause : null
2024-05-09 16:41:26,143 [INFO] LogOutputStream:77 - [STDOUT_REDIRECT] 1 : Invalid condition id : UX_CORESTACK_Condition cause : null
2024-05-09 16:41:26,145 [INFO] LogOutputStream:77 - [STDOUT_REDIRECT] 1 : Invalid condition id : UX_CORESTACK_Condition cause : null
2024-05-09 16:41:26,147 [INFO] LogOutputStream:77 - [STDOUT_REDIRECT] 1 : Invalid condition id : UX_CORESTACK_Condition cause : null
2024-05-09 16:41:26,148 [INFO] LogOutputStream:77 - [STDOUT_REDIRECT] 1 : Invalid condition id : UX_CORESTACK_Condition cause : null
2024-05-09 16:41:26,154 [WARN] PackLoader:240 - Cannot read IP mode file for STMicroelectronics.X-CUBE-AZRTOS-WL.2.0.0
2024-05-09 16:41:26,190 [WARN] PackLoader:240 - Cannot read IP mode file for STMicroelectronics.FP-SNS-MOTENV1.5.0.0
2024-05-09 16:41:26,234 [WARN] PackLoader:240 - Cannot read IP mode file for WES.I-CUBE-Cesium.1.3.0
2024-05-09 16:41:26,261 [WARN] PackLoader:240 - Cannot read IP mode file for STMicroelectronics.X-CUBE-BLE2.3.3.0
2024-05-09 16:41:26,294 [WARN] PackLoader:240 - Cannot read IP mode file for STMicroelectronics.X-CUBE-TCPP.4.1.0
2024-05-09 16:41:26,318 [WARN] PackLoader:240 - Cannot read IP mode file for STMicroelectronics.X-CUBE-ALGOBUILD.1.3.0
2024-05-09 16:41:26,365 [WARN] PackLoader:240 - Cannot read IP mode file for STMicroelectronics.X-CUBE-AZRTOS-G0.1.1.0
2024-05-09 16:41:26,405 [WARN] PackLoader:240 - Cannot read IP mode file for STMicroelectronics.X-CUBE-SAFEA1.1.2.2
2024-05-09 16:41:26,438 [WARN] PackLoader:240 - Cannot read IP mode file for STMicroelectronics.X-CUBE-NFC4.3.0.0
2024-05-09 16:41:26,449 [WARN] PackLoader:240 - Cannot read IP mode file for STMicroelectronics.FP-ATR-SIGFOX1.3.2.0
2024-05-09 16:41:26,482 [WARN] PackLoader:240 - Cannot read IP mode file for STMicroelectronics.X-CUBE-EEPRMA1.5.1.0
2024-05-09 16:41:26,486 [INFO] WebApp:780 - Register for checkConnection events
2024-05-09 16:41:26,487 [INFO] WebApp:414 - Apply proxy settings
2024-05-09 16:41:26,487 [INFO] WebApp:499 - Chromium requires no authentication
2024-05-09 16:41:26,505 [INFO] WebApp:442 - Direct internet connection detected
2024-05-09 16:41:26,564 [WARN] PackLoader:240 - Cannot read IP mode file for SEGGER.I-CUBE-embOS.1.3.1
2024-05-09 16:41:26,774 [WARN] PackLoader:240 - Cannot read IP mode file for STMicroelectronics.X-CUBE-ALGOBUILD.1.4.0
2024-05-09 16:41:26,815 [WARN] PackLoader:240 - Cannot read IP mode file for STMicroelectronics.X-CUBE-GNSS1.6.0.0
2024-05-09 16:41:26,906 [WARN] PackLoader:240 - Cannot read IP mode file for STMicroelectronics.X-CUBE-AZRTOS-F4.1.1.0
2024-05-09 16:41:27,221 [WARN] PackLoader:240 - Cannot read IP mode file for STMicroelectronics.X-CUBE-FREERTOS.1.2.0
2024-05-09 16:41:27,352 [WARN] PackLoader:240 - Cannot read IP mode file for wolfSSL.I-CUBE-wolfSSL.5.6.6
2024-05-09 16:41:27,410 [WARN] PackLoader:240 - Cannot read IP mode file for STMicroelectronics.X-CUBE-AZRTOS-L5.2.0.0
2024-05-09 16:41:27,459 [WARN] PackLoader:240 - Cannot read IP mode file for STMicroelectronics.X-CUBE-NFC6.3.1.0
2024-05-09 16:41:27,495 [WARN] PackLoader:240 - Cannot read IP mode file for ITTIA_DB.I-CUBE-ITTIADB.8.8.0
2024-05-09 16:41:27,519 [WARN] PackLoader:240 - Cannot read IP mode file for STMicroelectronics.X-CUBE-AI.9.0.0
2024-05-09 16:41:27,547 [WARN] PackLoader:240 - Cannot read IP mode file for STMicroelectronics.X-CUBE-NFC7.1.0.1
2024-05-09 16:41:27,656 [WARN] PackLoader:240 - Cannot read IP mode file for STMicroelectronics.X-CUBE-NFC6.3.0.0
2024-05-09 16:41:27,690 [WARN] PackLoader:240 - Cannot read IP mode file for STMicroelectronics.X-CUBE-AI.8.1.0
2024-05-09 16:41:27,779 [WARN] ConditionMgr:438 - getConditionDescription Invalid condition id : LAN8742 Phy interface Condition cause : null
2024-05-09 16:41:27,781 [WARN] PackLoader:240 - Cannot read IP mode file for STMicroelectronics.X-CUBE-AZRTOS-L4.2.0.0
2024-05-09 16:41:27,785 [WARN] ConditionMgr:1039 - genDependencies : Invalid condition id : LAN8742 Phy interface Condition cause : null
2024-05-09 16:41:27,786 [WARN] ConditionMgr:1039 - genDependencies : Invalid condition id : LAN8742 Phy interface Condition cause : null
2024-05-09 16:41:27,788 [WARN] ConditionMgr:1039 - genDependencies : Invalid condition id : LAN8742 Phy interface Condition cause : null
2024-05-09 16:41:28,259 [WARN] PackLoader:240 - Cannot read IP mode file for STMicroelectronics.X-CUBE-SFXS2LP1.4.0.0
2024-05-09 16:41:28,302 [WARN] ConditionMgr:438 - getConditionDescription Invalid condition id : UX DEVICE CLASS RTOS Condition cause : null
2024-05-09 16:41:28,302 [WARN] ConditionMgr:438 - getConditionDescription Invalid condition id : UX DEVICE CLASS RTOS Condition cause : null
2024-05-09 16:41:28,338 [WARN] PackLoader:240 - Cannot read IP mode file for STMicroelectronics.X-CUBE-AZRTOS-WB.2.0.0
2024-05-09 16:41:28,339 [WARN] ConditionMgr:1039 - genDependencies : Invalid condition id : UX DEVICE CLASS RTOS Condition cause : null
2024-05-09 16:41:28,340 [WARN] ConditionMgr:1039 - genDependencies : Invalid condition id : UX DEVICE CLASS RTOS Condition cause : null
2024-05-09 16:41:28,340 [WARN] ConditionMgr:1039 - genDependencies : Invalid condition id : UX DEVICE CLASS RTOS Condition cause : null
2024-05-09 16:41:28,341 [WARN] ConditionMgr:1039 - genDependencies : Invalid condition id : UX DEVICE CLASS RTOS Condition cause : null
2024-05-09 16:41:28,341 [WARN] ConditionMgr:1039 - genDependencies : Invalid condition id : UX DEVICE CLASS RTOS Condition cause : null
2024-05-09 16:41:28,483 [WARN] PackLoader:240 - Cannot read IP mode file for STMicroelectronics.X-CUBE-SUBG2.5.0.0
2024-05-09 16:41:28,788 [WARN] PackLoader:240 - Cannot read IP mode file for STMicroelectronics.X-CUBE-AZRTOS-G4.2.0.0
2024-05-09 16:41:28,851 [WARN] PackLoader:240 - Cannot read IP mode file for Infineon.AIROC-Wi-Fi-Bluetooth-STM32.1.5.1
2024-05-09 16:41:28,880 [WARN] PackLoader:240 - Cannot read IP mode file for STMicroelectronics.FP-SNS-MOTENVWB1.1.3.1
2024-05-09 16:41:28,901 [WARN] PackLoader:240 - Cannot read IP mode file for STMicroelectronics.X-CUBE-ISPU.2.0.0
2024-05-09 16:41:29,317 [WARN] PackLoader:240 - Cannot read IP mode file for STMicroelectronics.X-CUBE-MEMS1.10.0.0
2024-05-09 16:41:30,055 [WARN] PackLoader:240 - Cannot read IP mode file for STMicroelectronics.X-CUBE-FREERTOS.1.1.0
2024-05-09 16:41:30,100 [WARN] PackLoader:240 - Cannot read IP mode file for portGmbH.I-Cube-SoM-uGOAL.1.1.0
2024-05-09 16:41:30,126 [WARN] PackLoader:240 - Cannot read IP mode file for STMicroelectronics.X-CUBE-ALS.1.0.1
2024-05-09 16:41:30,188 [WARN] PackLoader:240 - Cannot read IP mode file for STMicroelectronics.X-CUBE-AZRTOS-H7RS.1.0.0
2024-05-09 16:41:30,201 [WARN] PackLoader:240 - Cannot read IP mode file for STMicroelectronics.FP-ATR-ASTRA1.2.0.0
2024-05-09 16:41:30,235 [WARN] PackLoader:240 - Cannot read IP mode file for STMicroelectronics.X-CUBE-TOF1.3.4.1
2024-05-09 16:41:30,329 [WARN] PackLoader:240 - Cannot read IP mode file for STMicroelectronics.X-CUBE-AZRTOS-H7.3.2.0
2024-05-09 16:41:30,342 [INFO] ThirdParty:978 - Integrity check success = true
2024-05-09 16:41:30,343 [INFO] IntegrityCheckThread:100 - exiting critical section [integrity check]
2024-05-09 16:41:30,345 [INFO] IntegrityCheckThread:103 - End integrity checks thread
2024-05-09 16:41:32,233 [INFO] WebApp:192 - Starting web application
2024-05-09 16:41:32,234 [INFO] WebApp:544 - Web application path used C:\ST\STM32CubeIDE_1.14.1\STM32CubeIDE\plugins\com.st.stm32cube.common.mx_6.10.0.202311202037\db\plugins\mcufinder\reactClient1\index.html
2024-05-09 16:41:54,554 [ERROR] LogOutputStream:75 - [STDERR_REDIRECT] SLF4J: Failed to load class "org.slf4j.impl.StaticLoggerBinder".
2024-05-09 16:41:54,556 [ERROR] LogOutputStream:75 - [STDERR_REDIRECT] SLF4J: Defaulting to no-operation (NOP) logger implementation
2024-05-09 16:41:54,558 [ERROR] LogOutputStream:75 - [STDERR_REDIRECT] SLF4J: See http://www.slf4j.org/codes.html#StaticLoggerBinder for further details.
2024-05-09 19:31:19,712 [ERROR] LogOutputStream:75 - [STDERR_REDIRECT] 
2024-05-09 19:31:19,712 [ERROR] LogOutputStream:75 - [STDERR_REDIRECT] 
