2024-05-19 16:38:17,275 [INFO] Activator:176 - 


2024-05-19 16:38:17,281 [INFO] Activator:177 - !SESSION log4j initialized
2024-05-19 16:38:24,141 [INFO] LogOutputStream:77 - [STDOUT_REDIRECT] 
2024-05-19 16:38:27,310 [INFO] ApplicationProperties:184 - Using Application install path: C:\ST\STM32CubeIDE_1.14.1\STM32CubeIDE\plugins\com.st.stm32cube.common.mx_6.11.1.202404110753
2024-05-19 16:38:27,325 [INFO] DbMcusXml:78 - Set database path to: C:\ST\STM32CubeIDE_1.14.1\STM32CubeIDE\plugins\com.st.stm32cube.common.mx_6.11.1.202404110753\\db\/mcu/
2024-05-19 16:38:27,325 [INFO] ApiDb:274 - Set plugin database path to: C:\ST\STM32CubeIDE_1.14.1\STM32CubeIDE\plugins\com.st.stm32cube.common.mx_6.11.1.202404110753\\db\/plugins/boardmanager/
2024-05-19 16:38:27,326 [WARN] ApiDb:259 - Overriding images path with different value:  => C:\ST\STM32CubeIDE_1.14.1\STM32CubeIDE\plugins\com.st.stm32cube.common.mx_6.11.1.202404110753\\db\/plugins/mcufinder/images/
2024-05-19 16:38:27,331 [INFO] ApiDb:250 - Set database path to: C:\Users\anton\.stmcufinder\plugins\mcufinder//mcu/
2024-05-19 16:38:27,332 [INFO] DbMcusAds:125 - Set database path to: C:\Users\anton\.stmcufinder\plugins\mcufinder//mcu/
2024-05-19 16:38:27,333 [INFO] CrossReferenceDbSqlite:203 - Set database path to: C:\Users\anton\.stmcufinder\plugins\mcufinder//mcu/cs/
2024-05-19 16:38:27,473 [INFO] RulesReader:64 - Compatibility file has been processed (297 Rules)
2024-05-19 16:38:27,614 [INFO] DbMcusXml:78 - Set database path to: C:\ST\STM32CubeIDE_1.14.1\STM32CubeIDE\plugins\com.st.stm32cube.common.mx_6.11.1.202404110753\\db\/mcu/
2024-05-19 16:38:27,614 [INFO] ApiDb:274 - Set plugin database path to: C:\ST\STM32CubeIDE_1.14.1\STM32CubeIDE\plugins\com.st.stm32cube.common.mx_6.11.1.202404110753\\db\/plugins/boardmanager/
2024-05-19 16:38:27,614 [INFO] ApiDb:261 - Set plugin images path to: C:\ST\STM32CubeIDE_1.14.1\STM32CubeIDE\plugins\com.st.stm32cube.common.mx_6.11.1.202404110753\\db\/plugins/mcufinder/images/
2024-05-19 16:38:27,615 [WARN] DbFile:41 - Overriding database path with different value: C:\Users\anton\.stmcufinder\plugins\mcufinder/ => C:\Users\anton\.stmcufinder\plugins\mcufinder
2024-05-19 16:38:27,615 [INFO] ApiDb:250 - Set database path to: C:\Users\anton\.stmcufinder\plugins\mcufinder//mcu/
2024-05-19 16:38:27,615 [WARN] DbFile:41 - Overriding database path with different value: C:\Users\anton\.stmcufinder\plugins\mcufinder/ => C:\Users\anton\.stmcufinder\plugins\mcufinder
2024-05-19 16:38:27,615 [INFO] DbMcusAds:125 - Set database path to: C:\Users\anton\.stmcufinder\plugins\mcufinder//mcu/
2024-05-19 16:38:27,615 [WARN] DbFile:41 - Overriding database path with different value: C:\Users\anton\.stmcufinder\plugins\mcufinder/ => C:\Users\anton\.stmcufinder\plugins\mcufinder
2024-05-19 16:38:27,615 [WARN] DbFile:41 - Overriding database path with different value: C:\Users\anton\.stmcufinder\plugins\mcufinder/ => C:\Users\anton\.stmcufinder\plugins\mcufinder
2024-05-19 16:38:27,616 [INFO] CrossReferenceDbSqlite:203 - Set database path to: C:\Users\anton\.stmcufinder\plugins\mcufinder//mcu/cs/
2024-05-19 16:38:27,763 [INFO] MainPanel:264 - HeapMemory: 268435456
2024-05-19 16:38:27,888 [INFO] DbMcusXml:78 - Set database path to: C:\ST\STM32CubeIDE_1.14.1\STM32CubeIDE\plugins\com.st.stm32cube.common.mx_6.11.1.202404110753\\db\/mcu/
2024-05-19 16:38:27,888 [INFO] ApiDb:274 - Set plugin database path to: C:\ST\STM32CubeIDE_1.14.1\STM32CubeIDE\plugins\com.st.stm32cube.common.mx_6.11.1.202404110753\\db\/plugins/boardmanager/
2024-05-19 16:38:27,889 [INFO] ApiDb:261 - Set plugin images path to: C:\ST\STM32CubeIDE_1.14.1\STM32CubeIDE\plugins\com.st.stm32cube.common.mx_6.11.1.202404110753\\db\/plugins/mcufinder/images/
2024-05-19 16:38:27,889 [WARN] DbFile:41 - Overriding database path with different value: C:\Users\anton\.stmcufinder\plugins\mcufinder/ => C:\Users\anton\.stmcufinder\plugins\mcufinder
2024-05-19 16:38:27,889 [INFO] ApiDb:250 - Set database path to: C:\Users\anton\.stmcufinder\plugins\mcufinder//mcu/
2024-05-19 16:38:27,889 [WARN] DbFile:41 - Overriding database path with different value: C:\Users\anton\.stmcufinder\plugins\mcufinder/ => C:\Users\anton\.stmcufinder\plugins\mcufinder
2024-05-19 16:38:27,889 [INFO] DbMcusAds:125 - Set database path to: C:\Users\anton\.stmcufinder\plugins\mcufinder//mcu/
2024-05-19 16:38:27,889 [WARN] DbFile:41 - Overriding database path with different value: C:\Users\anton\.stmcufinder\plugins\mcufinder/ => C:\Users\anton\.stmcufinder\plugins\mcufinder
2024-05-19 16:38:27,889 [WARN] DbFile:41 - Overriding database path with different value: C:\Users\anton\.stmcufinder\plugins\mcufinder/ => C:\Users\anton\.stmcufinder\plugins\mcufinder
2024-05-19 16:38:27,889 [INFO] CrossReferenceDbSqlite:203 - Set database path to: C:\Users\anton\.stmcufinder\plugins\mcufinder//mcu/cs/
2024-05-19 16:38:27,912 [INFO] ApplicationProperties:184 - Using Application install path: C:\ST\STM32CubeIDE_1.14.1\STM32CubeIDE\plugins\com.st.stm32cube.common.mx_6.11.1.202404110753
2024-05-19 16:38:27,914 [INFO] PluginManage:196 - Search for loadable plugins [exclusion list=, ]
2024-05-19 16:38:27,917 [INFO] PluginManage:310 - Check plugin analytics
2024-05-19 16:38:28,191 [INFO] AnalyticsPlugin:253 - Accepted Software Licenses: 
2024-05-19 16:38:28,192 [INFO] AnalyticsPlugin:255 - Accepted CMSIS Pack Licenses: 
2024-05-19 16:38:28,192 [INFO] AnalyticsPlugin:257 - Accepted Firmware Licenses: FW.F4.1.28.0
2024-05-19 16:38:28,200 [INFO] PluginManage:359 - Loaded plugin analytics (category:tool,tabindex:-1)
2024-05-19 16:38:28,200 [INFO] PluginManage:310 - Check plugin cadmodel
2024-05-19 16:38:28,223 [INFO] CADModel:105 - Init CAD model plugin
2024-05-19 16:38:28,223 [INFO] PluginManage:359 - Loaded plugin cadmodel (category:power,tabindex:5)
2024-05-19 16:38:28,224 [INFO] PluginManage:310 - Check plugin clock
2024-05-19 16:38:28,263 [INFO] PluginManage:359 - Loaded plugin clock (category:base,tabindex:2)
2024-05-19 16:38:28,263 [INFO] PluginManage:310 - Check plugin ddr
2024-05-19 16:38:28,271 [INFO] PluginManage:359 - Loaded plugin ddr (category:tool,tabindex:6)
2024-05-19 16:38:28,272 [INFO] PluginManage:310 - Check plugin filemanager
2024-05-19 16:38:28,564 [INFO] PluginManage:359 - Loaded plugin filemanager (category:base,tabindex:10)
2024-05-19 16:38:28,564 [INFO] PluginManage:310 - Check plugin ipmanager
2024-05-19 16:38:28,575 [INFO] PluginManage:359 - Loaded plugin ipmanager (category:base,tabindex:5)
2024-05-19 16:38:28,575 [INFO] PluginManage:310 - Check plugin lpbam
2024-05-19 16:38:28,608 [INFO] PluginManage:359 - Loaded plugin lpbam (category:base,tabindex:0)
2024-05-19 16:38:28,609 [INFO] PluginManage:310 - Check plugin memorymap
2024-05-19 16:38:28,658 [INFO] PluginManage:359 - Loaded plugin memorymap (category:base,tabindex:4)
2024-05-19 16:38:28,658 [INFO] PluginManage:310 - Check plugin pinoutandconfiguration
2024-05-19 16:38:28,685 [INFO] PluginManage:359 - Loaded plugin pinoutandconfiguration (category:base,tabindex:1)
2024-05-19 16:38:28,686 [INFO] PluginManage:310 - Check plugin pinoutconfig
2024-05-19 16:38:28,786 [WARN] SupportedApi:132 - Cannot load RTOS API schema: s4s-elt-must-match.1: The content of 'definitions' must match (annotation?, (simpleType | complexType)?, (unique | key | keyref)*)). A problem was found starting at: attribute.
2024-05-19 16:38:28,897 [INFO] PluginManage:359 - Loaded plugin pinoutconfig (category:base,tabindex:0)
2024-05-19 16:38:28,897 [INFO] PluginManage:310 - Check plugin power
2024-05-19 16:38:28,921 [INFO] PluginManage:359 - Loaded plugin power (category:power,tabindex:4)
2024-05-19 16:38:28,921 [INFO] PluginManage:310 - Check plugin projectmanager
2024-05-19 16:38:28,936 [INFO] PluginManage:359 - Loaded plugin projectmanager (category:projectmanager,tabindex:3)
2024-05-19 16:38:28,936 [INFO] PluginManage:310 - Check plugin thirdparty
2024-05-19 16:38:29,214 [INFO] PluginManage:359 - Loaded plugin thirdparty (category:base,tabindex:-1)
2024-05-19 16:38:29,214 [WARN] IntegrityCheckThread:84 - waiting for thirdparty lock release [integrity check]
2024-05-19 16:38:29,214 [INFO] PluginManage:310 - Check plugin tools
2024-05-19 16:38:29,214 [INFO] IntegrityCheckThread:86 - entering critical section [integrity check]
2024-05-19 16:38:29,215 [INFO] ThirdPartyUpdaterWithRetryManager:70 - Updater plugin not ready yet. [1/15]
2024-05-19 16:38:29,256 [INFO] PluginManage:359 - Loaded plugin tools (category:base,tabindex:7)
2024-05-19 16:38:29,257 [INFO] PluginManage:310 - Check plugin tutovideos
2024-05-19 16:38:29,556 [INFO] PluginManage:359 - Loaded plugin tutovideos (category:base,tabindex:-1)
2024-05-19 16:38:29,556 [INFO] PluginManage:310 - Check plugin updater
2024-05-19 16:38:29,572 [INFO] PluginManage:359 - Loaded plugin updater (category:base,tabindex:12)
2024-05-19 16:38:29,572 [INFO] PluginManage:310 - Check plugin userauth
2024-05-19 16:38:29,580 [INFO] UserAuth:114 - Init User Auth plugin
2024-05-19 16:38:29,580 [INFO] PluginManage:359 - Loaded plugin userauth (category:base,tabindex:14)
2024-05-19 16:38:29,580 [INFO] PluginManage:283 - PluginManage : Loaded plugins [17]
2024-05-19 16:38:29,923 [INFO] PinOutPanel:1561 - setPackage(No Configuration,No Configuration)
2024-05-19 16:38:30,037 [INFO] CADModel:165 - CPN selected for project level
2024-05-19 16:38:30,037 [INFO] CADModel:114 - Register for checkConnection events
2024-05-19 16:38:30,074 [INFO] IPUIPlugin:80 - create IPUIPlugin
2024-05-19 16:38:30,074 [INFO] PluginManager:220 - loadIPPluginJar : add adc
2024-05-19 16:38:30,169 [INFO] IPUIPlugin:80 - create IPUIPlugin
2024-05-19 16:38:30,169 [INFO] PluginManager:220 - loadIPPluginJar : add aes
2024-05-19 16:38:30,249 [INFO] IPUIPlugin:80 - create IPUIPlugin
2024-05-19 16:38:30,249 [INFO] PluginManager:220 - loadIPPluginJar : add can
2024-05-19 16:38:30,323 [INFO] IPUIPlugin:80 - create IPUIPlugin
2024-05-19 16:38:30,323 [INFO] PluginManager:220 - loadIPPluginJar : add comp
2024-05-19 16:38:30,419 [INFO] IPUIPlugin:80 - create IPUIPlugin
2024-05-19 16:38:30,419 [INFO] PluginManager:220 - loadIPPluginJar : add cryp
2024-05-19 16:38:30,483 [INFO] IPUIPlugin:80 - create IPUIPlugin
2024-05-19 16:38:30,484 [INFO] PluginManager:220 - loadIPPluginJar : add dfsdm
2024-05-19 16:38:30,506 [INFO] IPUIPlugin:80 - create IPUIPlugin
2024-05-19 16:38:30,506 [INFO] PluginManager:220 - loadIPPluginJar : add dma
2024-05-19 16:38:30,620 [INFO] IPUIPlugin:80 - create IPUIPlugin
2024-05-19 16:38:30,621 [INFO] PluginManager:220 - loadIPPluginJar : add dma3
2024-05-19 16:38:30,769 [INFO] IPUIPlugin:80 - create IPUIPlugin
2024-05-19 16:38:30,769 [INFO] PluginManager:220 - loadIPPluginJar : add extmemmanager
2024-05-19 16:38:30,827 [INFO] IPUIPlugin:80 - create IPUIPlugin
2024-05-19 16:38:30,827 [INFO] PluginManager:220 - loadIPPluginJar : add fatfs
2024-05-19 16:38:30,948 [INFO] IPUIPlugin:80 - create IPUIPlugin
2024-05-19 16:38:30,950 [INFO] PluginManager:220 - loadIPPluginJar : add fmc
2024-05-19 16:38:30,991 [INFO] IPUIPlugin:80 - create IPUIPlugin
2024-05-19 16:38:30,992 [INFO] PluginManager:220 - loadIPPluginJar : add freertos
2024-05-19 16:38:31,039 [INFO] IPUIPlugin:80 - create IPUIPlugin
2024-05-19 16:38:31,039 [INFO] PluginManager:220 - loadIPPluginJar : add genericplugin
2024-05-19 16:38:31,258 [INFO] IPUIPlugin:80 - create IPUIPlugin
2024-05-19 16:38:31,258 [INFO] PluginManager:220 - loadIPPluginJar : add gfxmmu
2024-05-19 16:38:31,575 [INFO] IPUIPlugin:80 - create IPUIPlugin
2024-05-19 16:38:31,576 [INFO] PluginManager:220 - loadIPPluginJar : add gic
2024-05-19 16:38:31,634 [INFO] IPUIPlugin:80 - create IPUIPlugin
2024-05-19 16:38:31,635 [INFO] PluginManager:220 - loadIPPluginJar : add gpio
2024-05-19 16:38:31,870 [INFO] IPUIPlugin:80 - create IPUIPlugin
2024-05-19 16:38:31,870 [INFO] PluginManager:220 - loadIPPluginJar : add gtzc
2024-05-19 16:38:31,939 [INFO] IPUIPlugin:80 - create IPUIPlugin
2024-05-19 16:38:31,940 [INFO] PluginManager:220 - loadIPPluginJar : add hash
2024-05-19 16:38:32,053 [INFO] IPUIPlugin:80 - create IPUIPlugin
2024-05-19 16:38:32,054 [INFO] PluginManager:220 - loadIPPluginJar : add i2c
2024-05-19 16:38:32,128 [INFO] IPUIPlugin:80 - create IPUIPlugin
2024-05-19 16:38:32,128 [INFO] PluginManager:220 - loadIPPluginJar : add i2s
2024-05-19 16:38:32,217 [INFO] ThirdPartyUpdaterWithRetryManager:70 - Updater plugin not ready yet. [2/15]
2024-05-19 16:38:32,217 [INFO] IPUIPlugin:80 - create IPUIPlugin
2024-05-19 16:38:32,217 [INFO] PluginManager:220 - loadIPPluginJar : add i3c
2024-05-19 16:38:32,444 [INFO] IPUIPlugin:80 - create IPUIPlugin
2024-05-19 16:38:32,444 [INFO] PluginManager:220 - loadIPPluginJar : add ipddr
2024-05-19 16:38:32,626 [INFO] IPUIPlugin:80 - create IPUIPlugin
2024-05-19 16:38:32,627 [INFO] PluginManager:220 - loadIPPluginJar : add linkedlist
2024-05-19 16:38:32,716 [INFO] IPUIPlugin:80 - create IPUIPlugin
2024-05-19 16:38:32,716 [INFO] PluginManager:220 - loadIPPluginJar : add lorawan
2024-05-19 16:38:32,799 [INFO] IPUIPlugin:80 - create IPUIPlugin
2024-05-19 16:38:32,799 [INFO] PluginManager:220 - loadIPPluginJar : add ltdc
2024-05-19 16:38:32,819 [INFO] IPUIPlugin:80 - create IPUIPlugin
2024-05-19 16:38:32,820 [INFO] PluginManager:220 - loadIPPluginJar : add mdma
2024-05-19 16:38:32,839 [INFO] IPUIPlugin:80 - create IPUIPlugin
2024-05-19 16:38:32,839 [INFO] PluginManager:220 - loadIPPluginJar : add nvic
2024-05-19 16:38:32,919 [INFO] IPUIPlugin:80 - create IPUIPlugin
2024-05-19 16:38:32,920 [INFO] PluginManager:220 - loadIPPluginJar : add opamp
2024-05-19 16:38:33,069 [INFO] IPUIPlugin:80 - create IPUIPlugin
2024-05-19 16:38:33,069 [INFO] PluginManager:220 - loadIPPluginJar : add openamp
2024-05-19 16:38:33,168 [INFO] IPUIPlugin:80 - create IPUIPlugin
2024-05-19 16:38:33,168 [INFO] PluginManager:220 - loadIPPluginJar : add pdm2pcm
2024-05-19 16:38:33,204 [INFO] IPUIPlugin:80 - create IPUIPlugin
2024-05-19 16:38:33,209 [INFO] PluginManager:220 - loadIPPluginJar : add plateformsettings
2024-05-19 16:38:33,230 [INFO] IPUIPlugin:80 - create IPUIPlugin
2024-05-19 16:38:33,230 [INFO] PluginManager:220 - loadIPPluginJar : add quadspi
2024-05-19 16:38:33,254 [INFO] IPUIPlugin:80 - create IPUIPlugin
2024-05-19 16:38:33,254 [INFO] PluginManager:220 - loadIPPluginJar : add resmgrutility
2024-05-19 16:38:33,356 [INFO] IPUIPlugin:80 - create IPUIPlugin
2024-05-19 16:38:33,356 [INFO] PluginManager:220 - loadIPPluginJar : add sai
2024-05-19 16:38:33,460 [INFO] IPUIPlugin:80 - create IPUIPlugin
2024-05-19 16:38:33,460 [INFO] PluginManager:220 - loadIPPluginJar : add spi
2024-05-19 16:38:33,612 [INFO] IPUIPlugin:80 - create IPUIPlugin
2024-05-19 16:38:33,612 [INFO] PluginManager:220 - loadIPPluginJar : add stm32_wpan
2024-05-19 16:38:33,645 [INFO] IPUIPlugin:80 - create IPUIPlugin
2024-05-19 16:38:33,645 [INFO] PluginManager:220 - loadIPPluginJar : add tim
2024-05-19 16:38:33,792 [INFO] IPUIPlugin:80 - create IPUIPlugin
2024-05-19 16:38:33,792 [INFO] PluginManager:220 - loadIPPluginJar : add touchsensing
2024-05-19 16:38:33,840 [INFO] IPUIPlugin:80 - create IPUIPlugin
2024-05-19 16:38:33,840 [INFO] PluginManager:220 - loadIPPluginJar : add tracer_emb
2024-05-19 16:38:33,895 [INFO] IPUIPlugin:80 - create IPUIPlugin
2024-05-19 16:38:33,896 [INFO] PluginManager:220 - loadIPPluginJar : add ts
2024-05-19 16:38:33,964 [INFO] IPUIPlugin:80 - create IPUIPlugin
2024-05-19 16:38:33,965 [INFO] PluginManager:220 - loadIPPluginJar : add tsc
2024-05-19 16:38:34,026 [INFO] IPUIPlugin:80 - create IPUIPlugin
2024-05-19 16:38:34,026 [INFO] PluginManager:220 - loadIPPluginJar : add ucpd
2024-05-19 16:38:34,140 [INFO] IPUIPlugin:80 - create IPUIPlugin
2024-05-19 16:38:34,140 [INFO] PluginManager:220 - loadIPPluginJar : add usart
2024-05-19 16:38:34,236 [INFO] IPUIPlugin:80 - create IPUIPlugin
2024-05-19 16:38:34,236 [INFO] PluginManager:220 - loadIPPluginJar : add usbx
2024-05-19 16:38:34,354 [INFO] CADModel:165 - CPN selected for project level
2024-05-19 16:38:34,355 [INFO] CADModel:114 - Register for checkConnection events
2024-05-19 16:38:34,355 [FATAL] Updater:308 - Updater called before beeing initialized
2024-05-19 16:38:34,355 [ERROR] CADModel:125 - Updater not yet initialized, retry later 
2024-05-19 16:38:34,560 [INFO] CADModel:165 - CPN selected for project level
2024-05-19 16:38:34,560 [INFO] CADModel:114 - Register for checkConnection events
2024-05-19 16:38:34,560 [FATAL] Updater:308 - Updater called before beeing initialized
2024-05-19 16:38:34,561 [ERROR] CADModel:125 - Updater not yet initialized, retry later 
2024-05-19 16:38:34,565 [FATAL] Updater:308 - Updater called before beeing initialized
2024-05-19 16:38:34,742 [FATAL] Updater:308 - Updater called before beeing initialized
2024-05-19 16:38:34,758 [INFO] DbMcusAds:53 - JSON generation date=Thu May 02 10:37:29 CEST 2024 (1714639049318)
2024-05-19 16:38:34,758 [FATAL] Updater:308 - Updater called before beeing initialized
2024-05-19 16:38:34,880 [WARN] DetailPanel:346 - Failed to get advertising image, set to default
2024-05-19 16:38:34,982 [FATAL] Updater:308 - Updater called before beeing initialized
2024-05-19 16:38:34,985 [FATAL] Updater:308 - Updater called before beeing initialized
2024-05-19 16:38:34,985 [FATAL] Updater:308 - Updater called before beeing initialized
2024-05-19 16:38:34,986 [WARN] DetailPanel:346 - Failed to get advertising image, set to default
2024-05-19 16:38:34,986 [FATAL] Updater:308 - Updater called before beeing initialized
2024-05-19 16:38:35,072 [ERROR] Updater:1120 - MainUpdater not yet initialized. External WinMGr cannot be set.
2024-05-19 16:38:35,088 [INFO] Updater:1056 - Updater Version found : 6.11.1
2024-05-19 16:38:35,116 [INFO] ApplicationProperties:184 - Using Application install path: C:\ST\STM32CubeIDE_1.14.1\STM32CubeIDE\plugins\com.st.stm32cube.common.mx_6.11.1.202404110753
2024-05-19 16:38:35,218 [INFO] ThirdPartyUpdaterWithRetryManager:70 - Updater plugin not ready yet. [3/15]
2024-05-19 16:38:36,714 [ERROR] LogOutputStream:75 - [STDERR_REDIRECT] May 19, 2024 4:38:36 PM java.util.prefs.WindowsPreferences <init>
2024-05-19 16:38:36,716 [ERROR] LogOutputStream:75 - [STDERR_REDIRECT] WARNING: Could not open/create prefs root node Software\JavaSoft\Prefs at root 0xffffffff80000002. Windows RegCreateKeyEx(...) returned error code 5.
2024-05-19 16:38:36,716 [ERROR] LogOutputStream:75 - [STDERR_REDIRECT] 
2024-05-19 16:38:37,157 [INFO] MainUpdater:2873 - connection check result : 10
2024-05-19 16:38:37,157 [INFO] MainUpdater:3567 - Updater definition file requires update
2024-05-19 16:38:37,159 [INFO] MainUpdater:290 - Updater Check For Update Now.
2024-05-19 16:38:37,159 [INFO] MicroXplorer:498 - Change Database Version : DB.6.0.111
2024-05-19 16:38:37,209 [INFO] McuFinderGlobals:63 - Set McuFinder mode to 2 (CubeIDE integrated)
2024-05-19 16:38:37,235 [INFO] UserAuth:415 - Internet connection configuration mode: 1
2024-05-19 16:38:37,270 [INFO] JxBrowserEngine:152 - Initiate JxBrowser Engine with user profile folder
2024-05-19 16:38:37,390 [INFO] ServerAccessManage:473 - Download File updaters.zip
2024-05-19 16:38:37,543 [INFO] FileExtend:240 - Unzip File : updaters.zip
2024-05-19 16:38:37,544 [INFO] FileExtend:255 - Standard Zip Deflate
2024-05-19 16:38:38,160 [INFO] ServerAccessManage:473 - Download File PacksControlFlags.xml
2024-05-19 16:38:38,220 [WARN] MainUpdater:1194 - Updater busy. Cannot search thirdparties
2024-05-19 16:38:38,221 [INFO] ThirdPartyUpdaterWithRetryManager:96 - Updater plugin is busy. [1/15]
2024-05-19 16:38:38,298 [INFO] ServerAccessManage:473 - Download File cubemx.pidx
2024-05-19 16:38:38,483 [INFO] LoadServerUpdatesThread:375 - End of LoadServerUpdate Thread
2024-05-19 16:38:38,745 [INFO] CheckServerUpdateThread:120 - End of CheckServer Thread
2024-05-19 16:38:41,403 [WARN] PackLoader:240 - Cannot read IP mode file for STMicroelectronics.FP-SNS-MOTENVWB1.1.4.0
2024-05-19 16:38:41,418 [WARN] PackLoader:240 - Cannot read IP mode file for STMicroelectronics.X-CUBE-SMBUS.2.1.0
2024-05-19 16:38:41,429 [WARN] PackLoader:240 - Cannot read IP mode file for STMicroelectronics.X-CUBE-TOUCHGFX.4.23.1
2024-05-19 16:38:41,438 [WARN] PackLoader:240 - Cannot read IP mode file for STMicroelectronics.X-CUBE-TOUCHGFX.4.23.0
2024-05-19 16:38:41,450 [WARN] PackLoader:240 - Cannot read IP mode file for STMicroelectronics.X-CUBE-TOUCHGFX.4.23.2
2024-05-19 16:38:41,505 [WARN] PackLoader:240 - Cannot read IP mode file for STMicroelectronics.X-CUBE-AZRTOS-F7.1.1.0
2024-05-19 16:38:41,524 [WARN] PackLoader:240 - Cannot read IP mode file for STMicroelectronics.FP-SNS-MOTENV1.4.3.2
2024-05-19 16:38:41,540 [WARN] PackLoader:240 - Cannot read IP mode file for STMicroelectronics.FP-SNS-FLIGHT1.5.0.2
2024-05-19 16:38:41,583 [WARN] PackLoader:240 - Cannot read IP mode file for STMicroelectronics.X-CUBE-DISPLAY.3.0.0
2024-05-19 16:38:41,604 [WARN] PackLoader:240 - Cannot read IP mode file for STMicroelectronics.X-CUBE-BLE1.7.0.0
2024-05-19 16:38:41,619 [WARN] PackLoader:240 - Cannot read IP mode file for emotas.I-CUBE-CANOPEN.1.3.0
2024-05-19 16:38:41,645 [WARN] PackLoader:240 - Cannot read IP mode file for STMicroelectronics.X-CUBE-BLEMGR.3.1.0
2024-05-19 16:38:41,664 [WARN] PackLoader:240 - Cannot read IP mode file for STMicroelectronics.FP-SNS-SMARTAG2.1.2.0
2024-05-19 16:38:41,688 [INFO] LogOutputStream:77 - [STDOUT_REDIRECT] 1 : Invalid condition id : UX_CORESTACK_Condition cause : null
2024-05-19 16:38:41,688 [INFO] LogOutputStream:77 - [STDOUT_REDIRECT] 1 : Invalid condition id : UX_CORESTACK_Condition cause : null
2024-05-19 16:38:41,689 [INFO] LogOutputStream:77 - [STDOUT_REDIRECT] 1 : Invalid condition id : UX_CORESTACK_Condition cause : null
2024-05-19 16:38:41,690 [INFO] LogOutputStream:77 - [STDOUT_REDIRECT] 1 : Invalid condition id : UX_CORESTACK_Condition cause : null
2024-05-19 16:38:41,691 [INFO] LogOutputStream:77 - [STDOUT_REDIRECT] 1 : Invalid condition id : UX_CORESTACK_Condition cause : null
2024-05-19 16:38:41,694 [WARN] PackLoader:240 - Cannot read IP mode file for STMicroelectronics.X-CUBE-AZRTOS-WL.2.0.0
2024-05-19 16:38:41,713 [WARN] PackLoader:240 - Cannot read IP mode file for STMicroelectronics.FP-SNS-MOTENV1.5.0.0
2024-05-19 16:38:41,729 [WARN] PackLoader:240 - Cannot read IP mode file for WES.I-CUBE-Cesium.1.3.0
2024-05-19 16:38:41,744 [WARN] PackLoader:240 - Cannot read IP mode file for STMicroelectronics.X-CUBE-BLE2.3.3.0
2024-05-19 16:38:41,758 [WARN] PackLoader:240 - Cannot read IP mode file for STMicroelectronics.X-CUBE-TCPP.4.1.0
2024-05-19 16:38:41,776 [WARN] PackLoader:240 - Cannot read IP mode file for STMicroelectronics.X-CUBE-ALGOBUILD.1.3.0
2024-05-19 16:38:41,810 [WARN] PackLoader:240 - Cannot read IP mode file for STMicroelectronics.X-CUBE-AZRTOS-G0.1.1.0
2024-05-19 16:38:41,830 [WARN] PackLoader:240 - Cannot read IP mode file for STMicroelectronics.X-CUBE-SAFEA1.1.2.2
2024-05-19 16:38:41,853 [WARN] PackLoader:240 - Cannot read IP mode file for STMicroelectronics.X-CUBE-NFC4.3.0.0
2024-05-19 16:38:41,870 [WARN] PackLoader:240 - Cannot read IP mode file for STMicroelectronics.FP-ATR-SIGFOX1.3.2.0
2024-05-19 16:38:41,892 [WARN] PackLoader:240 - Cannot read IP mode file for STMicroelectronics.X-CUBE-EEPRMA1.5.1.0
2024-05-19 16:38:41,959 [WARN] PackLoader:240 - Cannot read IP mode file for SEGGER.I-CUBE-embOS.1.3.1
2024-05-19 16:38:42,077 [WARN] PackLoader:240 - Cannot read IP mode file for STMicroelectronics.X-CUBE-ALGOBUILD.1.4.0
2024-05-19 16:38:42,108 [WARN] PackLoader:240 - Cannot read IP mode file for STMicroelectronics.X-CUBE-GNSS1.6.0.0
2024-05-19 16:38:42,168 [WARN] PackLoader:240 - Cannot read IP mode file for STMicroelectronics.X-CUBE-AZRTOS-F4.1.1.0
2024-05-19 16:38:42,197 [WARN] PackLoader:240 - Cannot read IP mode file for STMicroelectronics.X-CUBE-FREERTOS.1.2.0
2024-05-19 16:38:42,240 [WARN] PackLoader:240 - Cannot read IP mode file for wolfSSL.I-CUBE-wolfSSL.5.6.6
2024-05-19 16:38:42,330 [WARN] PackLoader:240 - Cannot read IP mode file for STMicroelectronics.X-CUBE-AZRTOS-L5.2.0.0
2024-05-19 16:38:42,396 [WARN] PackLoader:240 - Cannot read IP mode file for STMicroelectronics.X-CUBE-NFC6.3.1.0
2024-05-19 16:38:42,423 [WARN] PackLoader:240 - Cannot read IP mode file for ITTIA_DB.I-CUBE-ITTIADB.8.8.0
2024-05-19 16:38:42,455 [WARN] PackLoader:240 - Cannot read IP mode file for STMicroelectronics.X-CUBE-AI.9.0.0
2024-05-19 16:38:42,504 [WARN] PackLoader:240 - Cannot read IP mode file for STMicroelectronics.X-CUBE-NFC7.1.0.1
2024-05-19 16:38:42,565 [WARN] PackLoader:240 - Cannot read IP mode file for STMicroelectronics.X-CUBE-NFC6.3.0.0
2024-05-19 16:38:42,596 [WARN] PackLoader:240 - Cannot read IP mode file for STMicroelectronics.X-CUBE-AI.8.1.0
2024-05-19 16:38:42,648 [WARN] ConditionMgr:438 - getConditionDescription Invalid condition id : LAN8742 Phy interface Condition cause : null
2024-05-19 16:38:42,649 [WARN] PackLoader:240 - Cannot read IP mode file for STMicroelectronics.X-CUBE-AZRTOS-L4.2.0.0
2024-05-19 16:38:42,651 [WARN] ConditionMgr:1039 - genDependencies : Invalid condition id : LAN8742 Phy interface Condition cause : null
2024-05-19 16:38:42,652 [WARN] ConditionMgr:1039 - genDependencies : Invalid condition id : LAN8742 Phy interface Condition cause : null
2024-05-19 16:38:42,652 [WARN] ConditionMgr:1039 - genDependencies : Invalid condition id : LAN8742 Phy interface Condition cause : null
2024-05-19 16:38:42,676 [WARN] PackLoader:240 - Cannot read IP mode file for STMicroelectronics.X-CUBE-SFXS2LP1.4.0.0
2024-05-19 16:38:42,721 [WARN] ConditionMgr:438 - getConditionDescription Invalid condition id : UX DEVICE CLASS RTOS Condition cause : null
2024-05-19 16:38:42,721 [WARN] ConditionMgr:438 - getConditionDescription Invalid condition id : UX DEVICE CLASS RTOS Condition cause : null
2024-05-19 16:38:42,723 [WARN] PackLoader:240 - Cannot read IP mode file for STMicroelectronics.X-CUBE-AZRTOS-WB.2.0.0
2024-05-19 16:38:42,724 [WARN] ConditionMgr:1039 - genDependencies : Invalid condition id : UX DEVICE CLASS RTOS Condition cause : null
2024-05-19 16:38:42,725 [WARN] ConditionMgr:1039 - genDependencies : Invalid condition id : UX DEVICE CLASS RTOS Condition cause : null
2024-05-19 16:38:42,725 [WARN] ConditionMgr:1039 - genDependencies : Invalid condition id : UX DEVICE CLASS RTOS Condition cause : null
2024-05-19 16:38:42,727 [WARN] ConditionMgr:1039 - genDependencies : Invalid condition id : UX DEVICE CLASS RTOS Condition cause : null
2024-05-19 16:38:42,728 [WARN] ConditionMgr:1039 - genDependencies : Invalid condition id : UX DEVICE CLASS RTOS Condition cause : null
2024-05-19 16:38:42,763 [WARN] PackLoader:240 - Cannot read IP mode file for STMicroelectronics.X-CUBE-SUBG2.5.0.0
2024-05-19 16:38:42,817 [WARN] PackLoader:240 - Cannot read IP mode file for STMicroelectronics.X-CUBE-AZRTOS-G4.2.0.0
2024-05-19 16:38:42,857 [WARN] PackLoader:240 - Cannot read IP mode file for Infineon.AIROC-Wi-Fi-Bluetooth-STM32.1.5.1
2024-05-19 16:38:42,883 [WARN] PackLoader:240 - Cannot read IP mode file for STMicroelectronics.FP-SNS-MOTENVWB1.1.3.1
2024-05-19 16:38:42,907 [WARN] PackLoader:240 - Cannot read IP mode file for STMicroelectronics.X-CUBE-ISPU.2.0.0
2024-05-19 16:38:42,994 [WARN] PackLoader:240 - Cannot read IP mode file for STMicroelectronics.X-CUBE-MEMS1.10.0.0
2024-05-19 16:38:43,186 [WARN] PackLoader:240 - Cannot read IP mode file for STMicroelectronics.X-CUBE-FREERTOS.1.1.0
2024-05-19 16:38:43,208 [WARN] PackLoader:240 - Cannot read IP mode file for portGmbH.I-Cube-SoM-uGOAL.1.1.0
2024-05-19 16:38:43,229 [WARN] PackLoader:240 - Cannot read IP mode file for STMicroelectronics.X-CUBE-ALS.1.0.1
2024-05-19 16:38:43,269 [WARN] PackLoader:240 - Cannot read IP mode file for STMicroelectronics.X-CUBE-AZRTOS-H7RS.1.0.0
2024-05-19 16:38:43,289 [WARN] PackLoader:240 - Cannot read IP mode file for STMicroelectronics.FP-ATR-ASTRA1.2.0.0
2024-05-19 16:38:43,330 [WARN] PackLoader:240 - Cannot read IP mode file for STMicroelectronics.X-CUBE-TOF1.3.4.1
2024-05-19 16:38:43,387 [WARN] PackLoader:240 - Cannot read IP mode file for STMicroelectronics.X-CUBE-AZRTOS-H7.3.2.0
2024-05-19 16:38:43,391 [INFO] ThirdParty:978 - Integrity check success = true
2024-05-19 16:38:43,391 [INFO] IntegrityCheckThread:100 - exiting critical section [integrity check]
2024-05-19 16:38:43,391 [INFO] IntegrityCheckThread:103 - End integrity checks thread
2024-05-19 16:38:46,030 [INFO] WebApp:161 - Instantiating new browser for Auth
2024-05-19 16:38:47,085 [INFO] WebApp:779 - Register for checkConnection events
2024-05-19 16:38:47,085 [INFO] WebApp:414 - Apply proxy settings
2024-05-19 16:38:47,086 [INFO] WebApp:499 - Chromium requires no authentication
2024-05-19 16:38:47,095 [INFO] WebApp:442 - Direct internet connection detected
2024-05-19 16:38:47,314 [INFO] WebApp:192 - Starting web application
2024-05-19 16:38:47,314 [INFO] WebApp:544 - Web application path used C:\ST\STM32CubeIDE_1.14.1\STM32CubeIDE\plugins\com.st.stm32cube.common.mx_6.11.1.202404110753\db\plugins\mcufinder\reactClient1\index.html
