2024-05-10 09:52:33,131 [INFO] Activator:176 - 


2024-05-10 09:52:33,136 [INFO] Activator:177 - !SESSION log4j initialized
2024-05-10 09:52:41,939 [INFO] LogOutputStream:77 - [STDOUT_REDIRECT] 
2024-05-10 09:52:43,833 [INFO] ApplicationProperties:184 - Using Application install path: C:\ST\STM32CubeIDE_1.14.1\STM32CubeIDE\plugins\com.st.stm32cube.common.mx_6.10.0.202311202037
2024-05-10 09:52:43,858 [INFO] DbMcusXml:78 - Set database path to: C:\ST\STM32CubeIDE_1.14.1\STM32CubeIDE\plugins\com.st.stm32cube.common.mx_6.10.0.202311202037\\db\/mcu/
2024-05-10 09:52:43,859 [INFO] ApiDb:274 - Set plugin database path to: C:\ST\STM32CubeIDE_1.14.1\STM32CubeIDE\plugins\com.st.stm32cube.common.mx_6.10.0.202311202037\\db\/plugins/boardmanager/
2024-05-10 09:52:43,859 [WARN] ApiDb:259 - Overriding images path with different value:  => C:\ST\STM32CubeIDE_1.14.1\STM32CubeIDE\plugins\com.st.stm32cube.common.mx_6.10.0.202311202037\\db\/plugins/mcufinder/images/
2024-05-10 09:52:43,872 [INFO] ApiDb:250 - Set database path to: C:\Users\anton\.stmcufinder\plugins\mcufinder//mcu/
2024-05-10 09:52:43,875 [INFO] DbMcusAds:125 - Set database path to: C:\Users\anton\.stmcufinder\plugins\mcufinder//mcu/
2024-05-10 09:52:43,879 [INFO] CrossReferenceDbSqlite:203 - Set database path to: C:\Users\anton\.stmcufinder\plugins\mcufinder//mcu/cs/
2024-05-10 09:52:44,030 [INFO] RulesReader:64 - Compatibility file has been processed (297 Rules)
2024-05-10 09:52:44,113 [INFO] DbMcusXml:78 - Set database path to: C:\ST\STM32CubeIDE_1.14.1\STM32CubeIDE\plugins\com.st.stm32cube.common.mx_6.10.0.202311202037\\db\/mcu/
2024-05-10 09:52:44,113 [INFO] ApiDb:274 - Set plugin database path to: C:\ST\STM32CubeIDE_1.14.1\STM32CubeIDE\plugins\com.st.stm32cube.common.mx_6.10.0.202311202037\\db\/plugins/boardmanager/
2024-05-10 09:52:44,114 [INFO] ApiDb:261 - Set plugin images path to: C:\ST\STM32CubeIDE_1.14.1\STM32CubeIDE\plugins\com.st.stm32cube.common.mx_6.10.0.202311202037\\db\/plugins/mcufinder/images/
2024-05-10 09:52:44,114 [WARN] DbFile:41 - Overriding database path with different value: C:\Users\anton\.stmcufinder\plugins\mcufinder/ => C:\Users\anton\.stmcufinder\plugins\mcufinder
2024-05-10 09:52:44,114 [INFO] ApiDb:250 - Set database path to: C:\Users\anton\.stmcufinder\plugins\mcufinder//mcu/
2024-05-10 09:52:44,115 [WARN] DbFile:41 - Overriding database path with different value: C:\Users\anton\.stmcufinder\plugins\mcufinder/ => C:\Users\anton\.stmcufinder\plugins\mcufinder
2024-05-10 09:52:44,115 [INFO] DbMcusAds:125 - Set database path to: C:\Users\anton\.stmcufinder\plugins\mcufinder//mcu/
2024-05-10 09:52:44,115 [WARN] DbFile:41 - Overriding database path with different value: C:\Users\anton\.stmcufinder\plugins\mcufinder/ => C:\Users\anton\.stmcufinder\plugins\mcufinder
2024-05-10 09:52:44,115 [WARN] DbFile:41 - Overriding database path with different value: C:\Users\anton\.stmcufinder\plugins\mcufinder/ => C:\Users\anton\.stmcufinder\plugins\mcufinder
2024-05-10 09:52:44,115 [INFO] CrossReferenceDbSqlite:203 - Set database path to: C:\Users\anton\.stmcufinder\plugins\mcufinder//mcu/cs/
2024-05-10 09:52:44,202 [INFO] MainPanel:264 - HeapMemory: 268435456
2024-05-10 09:52:44,329 [INFO] DbMcusXml:78 - Set database path to: C:\ST\STM32CubeIDE_1.14.1\STM32CubeIDE\plugins\com.st.stm32cube.common.mx_6.10.0.202311202037\\db\/mcu/
2024-05-10 09:52:44,329 [INFO] ApiDb:274 - Set plugin database path to: C:\ST\STM32CubeIDE_1.14.1\STM32CubeIDE\plugins\com.st.stm32cube.common.mx_6.10.0.202311202037\\db\/plugins/boardmanager/
2024-05-10 09:52:44,329 [INFO] ApiDb:261 - Set plugin images path to: C:\ST\STM32CubeIDE_1.14.1\STM32CubeIDE\plugins\com.st.stm32cube.common.mx_6.10.0.202311202037\\db\/plugins/mcufinder/images/
2024-05-10 09:52:44,332 [WARN] DbFile:41 - Overriding database path with different value: C:\Users\anton\.stmcufinder\plugins\mcufinder/ => C:\Users\anton\.stmcufinder\plugins\mcufinder
2024-05-10 09:52:44,332 [INFO] ApiDb:250 - Set database path to: C:\Users\anton\.stmcufinder\plugins\mcufinder//mcu/
2024-05-10 09:52:44,332 [WARN] DbFile:41 - Overriding database path with different value: C:\Users\anton\.stmcufinder\plugins\mcufinder/ => C:\Users\anton\.stmcufinder\plugins\mcufinder
2024-05-10 09:52:44,332 [INFO] DbMcusAds:125 - Set database path to: C:\Users\anton\.stmcufinder\plugins\mcufinder//mcu/
2024-05-10 09:52:44,332 [WARN] DbFile:41 - Overriding database path with different value: C:\Users\anton\.stmcufinder\plugins\mcufinder/ => C:\Users\anton\.stmcufinder\plugins\mcufinder
2024-05-10 09:52:44,332 [WARN] DbFile:41 - Overriding database path with different value: C:\Users\anton\.stmcufinder\plugins\mcufinder/ => C:\Users\anton\.stmcufinder\plugins\mcufinder
2024-05-10 09:52:44,332 [INFO] CrossReferenceDbSqlite:203 - Set database path to: C:\Users\anton\.stmcufinder\plugins\mcufinder//mcu/cs/
2024-05-10 09:52:44,361 [INFO] ApplicationProperties:184 - Using Application install path: C:\ST\STM32CubeIDE_1.14.1\STM32CubeIDE\plugins\com.st.stm32cube.common.mx_6.10.0.202311202037
2024-05-10 09:52:44,362 [INFO] PluginManage:196 - Search for loadable plugins [exclusion list=, ]
2024-05-10 09:52:44,364 [INFO] PluginManage:310 - Check plugin analytics
2024-05-10 09:52:44,952 [INFO] AnalyticsPlugin:253 - Accepted Software Licenses: 
2024-05-10 09:52:44,952 [INFO] AnalyticsPlugin:255 - Accepted CMSIS Pack Licenses: 
2024-05-10 09:52:44,952 [INFO] AnalyticsPlugin:257 - Accepted Firmware Licenses: FW.F4.1.28.0
2024-05-10 09:52:44,958 [INFO] PluginManage:359 - Loaded plugin analytics (category:tool,tabindex:-1)
2024-05-10 09:52:44,958 [INFO] PluginManage:310 - Check plugin cadmodel
2024-05-10 09:52:44,981 [INFO] CADModel:105 - Init CAD model plugin
2024-05-10 09:52:44,982 [INFO] PluginManage:359 - Loaded plugin cadmodel (category:power,tabindex:5)
2024-05-10 09:52:44,983 [INFO] PluginManage:310 - Check plugin clock
2024-05-10 09:52:45,031 [INFO] PluginManage:359 - Loaded plugin clock (category:base,tabindex:2)
2024-05-10 09:52:45,031 [INFO] PluginManage:310 - Check plugin ddr
2024-05-10 09:52:45,036 [INFO] PluginManage:359 - Loaded plugin ddr (category:tool,tabindex:6)
2024-05-10 09:52:45,037 [INFO] PluginManage:310 - Check plugin filemanager
2024-05-10 09:52:45,232 [INFO] PluginManage:359 - Loaded plugin filemanager (category:base,tabindex:10)
2024-05-10 09:52:45,232 [INFO] PluginManage:310 - Check plugin ipmanager
2024-05-10 09:52:45,239 [INFO] PluginManage:359 - Loaded plugin ipmanager (category:base,tabindex:5)
2024-05-10 09:52:45,239 [INFO] PluginManage:310 - Check plugin lpbam
2024-05-10 09:52:45,258 [INFO] PluginManage:359 - Loaded plugin lpbam (category:base,tabindex:0)
2024-05-10 09:52:45,258 [INFO] PluginManage:310 - Check plugin memorymap
2024-05-10 09:52:45,283 [INFO] PluginManage:359 - Loaded plugin memorymap (category:base,tabindex:4)
2024-05-10 09:52:45,283 [INFO] PluginManage:310 - Check plugin pinoutandconfiguration
2024-05-10 09:52:45,301 [INFO] PluginManage:359 - Loaded plugin pinoutandconfiguration (category:base,tabindex:1)
2024-05-10 09:52:45,302 [INFO] PluginManage:310 - Check plugin pinoutconfig
2024-05-10 09:52:45,453 [WARN] SupportedApi:132 - Cannot load RTOS API schema: s4s-elt-must-match.1: The content of 'definitions' must match (annotation?, (simpleType | complexType)?, (unique | key | keyref)*)). A problem was found starting at: attribute.
2024-05-10 09:52:45,609 [INFO] PluginManage:359 - Loaded plugin pinoutconfig (category:base,tabindex:0)
2024-05-10 09:52:45,609 [INFO] PluginManage:310 - Check plugin power
2024-05-10 09:52:45,633 [INFO] PluginManage:359 - Loaded plugin power (category:power,tabindex:4)
2024-05-10 09:52:45,633 [INFO] PluginManage:310 - Check plugin projectmanager
2024-05-10 09:52:45,652 [INFO] PluginManage:359 - Loaded plugin projectmanager (category:projectmanager,tabindex:3)
2024-05-10 09:52:45,652 [INFO] PluginManage:310 - Check plugin thirdparty
2024-05-10 09:52:45,916 [INFO] PluginManage:359 - Loaded plugin thirdparty (category:base,tabindex:-1)
2024-05-10 09:52:45,916 [WARN] IntegrityCheckThread:84 - waiting for thirdparty lock release [integrity check]
2024-05-10 09:52:45,916 [INFO] PluginManage:310 - Check plugin tools
2024-05-10 09:52:45,916 [INFO] IntegrityCheckThread:86 - entering critical section [integrity check]
2024-05-10 09:52:45,917 [INFO] ThirdPartyUpdaterWithRetryManager:70 - Updater plugin not ready yet. [1/15]
2024-05-10 09:52:45,938 [INFO] PluginManage:359 - Loaded plugin tools (category:base,tabindex:7)
2024-05-10 09:52:45,938 [INFO] PluginManage:310 - Check plugin tutovideos
2024-05-10 09:52:46,092 [INFO] PluginManage:359 - Loaded plugin tutovideos (category:base,tabindex:-1)
2024-05-10 09:52:46,092 [INFO] PluginManage:310 - Check plugin updater
2024-05-10 09:52:46,119 [INFO] PluginManage:359 - Loaded plugin updater (category:base,tabindex:12)
2024-05-10 09:52:46,119 [INFO] PluginManage:310 - Check plugin userauth
2024-05-10 09:52:46,125 [INFO] UserAuth:114 - Init User Auth plugin
2024-05-10 09:52:46,125 [INFO] PluginManage:359 - Loaded plugin userauth (category:base,tabindex:14)
2024-05-10 09:52:46,126 [INFO] PluginManage:283 - PluginManage : Loaded plugins [17]
2024-05-10 09:52:46,424 [INFO] PinOutPanel:1499 - setPackage(No Configuration,No Configuration)
2024-05-10 09:52:46,515 [INFO] CADModel:165 - CPN selected for project level
2024-05-10 09:52:46,515 [INFO] CADModel:114 - Register for checkConnection events
2024-05-10 09:52:46,547 [INFO] IPUIPlugin:80 - create IPUIPlugin
2024-05-10 09:52:46,547 [INFO] PluginManager:220 - loadIPPluginJar : add adc
2024-05-10 09:52:46,587 [INFO] IPUIPlugin:80 - create IPUIPlugin
2024-05-10 09:52:46,587 [INFO] PluginManager:220 - loadIPPluginJar : add aes
2024-05-10 09:52:46,623 [INFO] IPUIPlugin:80 - create IPUIPlugin
2024-05-10 09:52:46,624 [INFO] PluginManager:220 - loadIPPluginJar : add can
2024-05-10 09:52:46,643 [INFO] IPUIPlugin:80 - create IPUIPlugin
2024-05-10 09:52:46,643 [INFO] PluginManager:220 - loadIPPluginJar : add comp
2024-05-10 09:52:46,673 [INFO] IPUIPlugin:80 - create IPUIPlugin
2024-05-10 09:52:46,673 [INFO] PluginManager:220 - loadIPPluginJar : add cryp
2024-05-10 09:52:46,702 [INFO] IPUIPlugin:80 - create IPUIPlugin
2024-05-10 09:52:46,702 [INFO] PluginManager:220 - loadIPPluginJar : add dfsdm
2024-05-10 09:52:46,714 [INFO] IPUIPlugin:80 - create IPUIPlugin
2024-05-10 09:52:46,715 [INFO] PluginManager:220 - loadIPPluginJar : add dma
2024-05-10 09:52:46,750 [INFO] IPUIPlugin:80 - create IPUIPlugin
2024-05-10 09:52:46,750 [INFO] PluginManager:220 - loadIPPluginJar : add dma3
2024-05-10 09:52:46,766 [INFO] IPUIPlugin:80 - create IPUIPlugin
2024-05-10 09:52:46,766 [INFO] PluginManager:220 - loadIPPluginJar : add fatfs
2024-05-10 09:52:46,815 [INFO] IPUIPlugin:80 - create IPUIPlugin
2024-05-10 09:52:46,816 [INFO] PluginManager:220 - loadIPPluginJar : add fmc
2024-05-10 09:52:46,834 [INFO] IPUIPlugin:80 - create IPUIPlugin
2024-05-10 09:52:46,834 [INFO] PluginManager:220 - loadIPPluginJar : add freertos
2024-05-10 09:52:46,857 [INFO] IPUIPlugin:80 - create IPUIPlugin
2024-05-10 09:52:46,857 [INFO] PluginManager:220 - loadIPPluginJar : add genericplugin
2024-05-10 09:52:46,945 [INFO] IPUIPlugin:80 - create IPUIPlugin
2024-05-10 09:52:46,945 [INFO] PluginManager:220 - loadIPPluginJar : add gfxmmu
2024-05-10 09:52:47,047 [INFO] IPUIPlugin:80 - create IPUIPlugin
2024-05-10 09:52:47,047 [INFO] PluginManager:220 - loadIPPluginJar : add gic
2024-05-10 09:52:47,064 [INFO] IPUIPlugin:80 - create IPUIPlugin
2024-05-10 09:52:47,064 [INFO] PluginManager:220 - loadIPPluginJar : add gpio
2024-05-10 09:52:47,144 [INFO] IPUIPlugin:80 - create IPUIPlugin
2024-05-10 09:52:47,144 [INFO] PluginManager:220 - loadIPPluginJar : add gtzc
2024-05-10 09:52:47,174 [INFO] IPUIPlugin:80 - create IPUIPlugin
2024-05-10 09:52:47,174 [INFO] PluginManager:220 - loadIPPluginJar : add hash
2024-05-10 09:52:47,211 [INFO] IPUIPlugin:80 - create IPUIPlugin
2024-05-10 09:52:47,211 [INFO] PluginManager:220 - loadIPPluginJar : add i2c
2024-05-10 09:52:47,238 [INFO] IPUIPlugin:80 - create IPUIPlugin
2024-05-10 09:52:47,238 [INFO] PluginManager:220 - loadIPPluginJar : add i2s
2024-05-10 09:52:47,267 [INFO] IPUIPlugin:80 - create IPUIPlugin
2024-05-10 09:52:47,268 [INFO] PluginManager:220 - loadIPPluginJar : add i3c
2024-05-10 09:52:47,349 [INFO] IPUIPlugin:80 - create IPUIPlugin
2024-05-10 09:52:47,349 [INFO] PluginManager:220 - loadIPPluginJar : add ipddr
2024-05-10 09:52:47,441 [INFO] IPUIPlugin:80 - create IPUIPlugin
2024-05-10 09:52:47,442 [INFO] PluginManager:220 - loadIPPluginJar : add linkedlist
2024-05-10 09:52:47,490 [INFO] IPUIPlugin:80 - create IPUIPlugin
2024-05-10 09:52:47,491 [INFO] PluginManager:220 - loadIPPluginJar : add lorawan
2024-05-10 09:52:47,540 [INFO] IPUIPlugin:80 - create IPUIPlugin
2024-05-10 09:52:47,540 [INFO] PluginManager:220 - loadIPPluginJar : add ltdc
2024-05-10 09:52:47,556 [INFO] IPUIPlugin:80 - create IPUIPlugin
2024-05-10 09:52:47,556 [INFO] PluginManager:220 - loadIPPluginJar : add mdma
2024-05-10 09:52:47,571 [INFO] IPUIPlugin:80 - create IPUIPlugin
2024-05-10 09:52:47,572 [INFO] PluginManager:220 - loadIPPluginJar : add nvic
2024-05-10 09:52:47,607 [INFO] IPUIPlugin:80 - create IPUIPlugin
2024-05-10 09:52:47,607 [INFO] PluginManager:220 - loadIPPluginJar : add opamp
2024-05-10 09:52:47,658 [INFO] IPUIPlugin:80 - create IPUIPlugin
2024-05-10 09:52:47,659 [INFO] PluginManager:220 - loadIPPluginJar : add openamp
2024-05-10 09:52:47,698 [INFO] IPUIPlugin:80 - create IPUIPlugin
2024-05-10 09:52:47,699 [INFO] PluginManager:220 - loadIPPluginJar : add pdm2pcm
2024-05-10 09:52:47,712 [INFO] IPUIPlugin:80 - create IPUIPlugin
2024-05-10 09:52:47,714 [INFO] PluginManager:220 - loadIPPluginJar : add plateformsettings
2024-05-10 09:52:47,737 [INFO] IPUIPlugin:80 - create IPUIPlugin
2024-05-10 09:52:47,737 [INFO] PluginManager:220 - loadIPPluginJar : add quadspi
2024-05-10 09:52:47,748 [INFO] IPUIPlugin:80 - create IPUIPlugin
2024-05-10 09:52:47,748 [INFO] PluginManager:220 - loadIPPluginJar : add resmgrutility
2024-05-10 09:52:47,790 [INFO] IPUIPlugin:80 - create IPUIPlugin
2024-05-10 09:52:47,790 [INFO] PluginManager:220 - loadIPPluginJar : add sai
2024-05-10 09:52:47,822 [INFO] IPUIPlugin:80 - create IPUIPlugin
2024-05-10 09:52:47,822 [INFO] PluginManager:220 - loadIPPluginJar : add spi
2024-05-10 09:52:47,911 [INFO] IPUIPlugin:80 - create IPUIPlugin
2024-05-10 09:52:47,911 [INFO] PluginManager:220 - loadIPPluginJar : add stm32_wpan
2024-05-10 09:52:47,930 [INFO] IPUIPlugin:80 - create IPUIPlugin
2024-05-10 09:52:47,930 [INFO] PluginManager:220 - loadIPPluginJar : add tim
2024-05-10 09:52:47,979 [INFO] IPUIPlugin:80 - create IPUIPlugin
2024-05-10 09:52:47,979 [INFO] PluginManager:220 - loadIPPluginJar : add touchsensing
2024-05-10 09:52:48,004 [INFO] IPUIPlugin:80 - create IPUIPlugin
2024-05-10 09:52:48,004 [INFO] PluginManager:220 - loadIPPluginJar : add tracer_emb
2024-05-10 09:52:48,032 [INFO] IPUIPlugin:80 - create IPUIPlugin
2024-05-10 09:52:48,033 [INFO] PluginManager:220 - loadIPPluginJar : add ts
2024-05-10 09:52:48,056 [INFO] IPUIPlugin:80 - create IPUIPlugin
2024-05-10 09:52:48,056 [INFO] PluginManager:220 - loadIPPluginJar : add tsc
2024-05-10 09:52:48,079 [INFO] IPUIPlugin:80 - create IPUIPlugin
2024-05-10 09:52:48,080 [INFO] PluginManager:220 - loadIPPluginJar : add ucpd
2024-05-10 09:52:48,123 [INFO] IPUIPlugin:80 - create IPUIPlugin
2024-05-10 09:52:48,123 [INFO] PluginManager:220 - loadIPPluginJar : add usart
2024-05-10 09:52:48,181 [INFO] IPUIPlugin:80 - create IPUIPlugin
2024-05-10 09:52:48,181 [INFO] PluginManager:220 - loadIPPluginJar : add usbx
2024-05-10 09:52:48,350 [INFO] CADModel:165 - CPN selected for project level
2024-05-10 09:52:48,350 [INFO] CADModel:114 - Register for checkConnection events
2024-05-10 09:52:48,350 [FATAL] Updater:308 - Updater called before beeing initialized
2024-05-10 09:52:48,351 [ERROR] CADModel:125 - Updater not yet initialized, retry later 
2024-05-10 09:52:48,811 [INFO] CADModel:165 - CPN selected for project level
2024-05-10 09:52:48,811 [INFO] CADModel:114 - Register for checkConnection events
2024-05-10 09:52:48,812 [FATAL] Updater:308 - Updater called before beeing initialized
2024-05-10 09:52:48,812 [ERROR] CADModel:125 - Updater not yet initialized, retry later 
2024-05-10 09:52:48,815 [FATAL] Updater:308 - Updater called before beeing initialized
2024-05-10 09:52:48,918 [INFO] ThirdPartyUpdaterWithRetryManager:70 - Updater plugin not ready yet. [2/15]
2024-05-10 09:52:48,955 [FATAL] Updater:308 - Updater called before beeing initialized
2024-05-10 09:52:48,965 [INFO] DbMcusAds:53 - JSON generation date=Thu May 02 10:37:29 CEST 2024 (1714639049318)
2024-05-10 09:52:48,965 [FATAL] Updater:308 - Updater called before beeing initialized
2024-05-10 09:52:49,041 [WARN] DetailPanel:346 - Failed to get advertising image, set to default
2024-05-10 09:52:49,111 [FATAL] Updater:308 - Updater called before beeing initialized
2024-05-10 09:52:49,114 [FATAL] Updater:308 - Updater called before beeing initialized
2024-05-10 09:52:49,114 [FATAL] Updater:308 - Updater called before beeing initialized
2024-05-10 09:52:49,114 [WARN] DetailPanel:346 - Failed to get advertising image, set to default
2024-05-10 09:52:49,114 [FATAL] Updater:308 - Updater called before beeing initialized
2024-05-10 09:52:49,201 [ERROR] Updater:1120 - MainUpdater not yet initialized. External WinMGr cannot be set.
2024-05-10 09:52:49,210 [INFO] Updater:1056 - Updater Version found : 6.10.0
2024-05-10 09:52:49,230 [INFO] ApplicationProperties:184 - Using Application install path: C:\ST\STM32CubeIDE_1.14.1\STM32CubeIDE\plugins\com.st.stm32cube.common.mx_6.10.0.202311202037
2024-05-10 09:52:50,805 [ERROR] LogOutputStream:75 - [STDERR_REDIRECT] May 10, 2024 9:52:50 AM java.util.prefs.WindowsPreferences <init>
2024-05-10 09:52:50,806 [ERROR] LogOutputStream:75 - [STDERR_REDIRECT] WARNING: Could not open/create prefs root node Software\JavaSoft\Prefs at root 0xffffffff80000002. Windows RegCreateKeyEx(...) returned error code 5.
2024-05-10 09:52:50,806 [ERROR] LogOutputStream:75 - [STDERR_REDIRECT] 
2024-05-10 09:52:51,229 [INFO] MainUpdater:2873 - connection check result : 10
2024-05-10 09:52:51,230 [INFO] MainUpdater:290 - Updater Check For Update Now.
2024-05-10 09:52:51,230 [INFO] MicroXplorer:498 - Change Database Version : DB.6.0.100
2024-05-10 09:52:51,263 [INFO] McuFinderGlobals:63 - Set McuFinder mode to 2 (CubeIDE integrated)
2024-05-10 09:52:51,484 [INFO] CheckServerUpdateThread:120 - End of CheckServer Thread
2024-05-10 09:52:51,646 [INFO] UserAuth:404 - Internet connection configuration mode: 1
2024-05-10 09:52:51,673 [INFO] JxBrowserEngine:152 - Initiate JxBrowser Engine with user profile folder
2024-05-10 09:52:52,123 [WARN] PackLoader:240 - Cannot read IP mode file for STMicroelectronics.FP-SNS-MOTENVWB1.1.4.0
2024-05-10 09:52:52,148 [WARN] PackLoader:240 - Cannot read IP mode file for STMicroelectronics.X-CUBE-SMBUS.2.1.0
2024-05-10 09:52:52,162 [WARN] PackLoader:240 - Cannot read IP mode file for STMicroelectronics.X-CUBE-TOUCHGFX.4.23.1
2024-05-10 09:52:52,173 [WARN] PackLoader:240 - Cannot read IP mode file for STMicroelectronics.X-CUBE-TOUCHGFX.4.23.0
2024-05-10 09:52:52,184 [WARN] PackLoader:240 - Cannot read IP mode file for STMicroelectronics.X-CUBE-TOUCHGFX.4.23.2
2024-05-10 09:52:52,240 [WARN] PackLoader:240 - Cannot read IP mode file for STMicroelectronics.X-CUBE-AZRTOS-F7.1.1.0
2024-05-10 09:52:52,262 [WARN] PackLoader:240 - Cannot read IP mode file for STMicroelectronics.FP-SNS-MOTENV1.4.3.2
2024-05-10 09:52:52,280 [WARN] PackLoader:240 - Cannot read IP mode file for STMicroelectronics.FP-SNS-FLIGHT1.5.0.2
2024-05-10 09:52:52,300 [WARN] PackLoader:240 - Cannot read IP mode file for STMicroelectronics.X-CUBE-DISPLAY.3.0.0
2024-05-10 09:52:52,327 [WARN] PackLoader:240 - Cannot read IP mode file for STMicroelectronics.X-CUBE-BLE1.7.0.0
2024-05-10 09:52:52,343 [WARN] PackLoader:240 - Cannot read IP mode file for emotas.I-CUBE-CANOPEN.1.3.0
2024-05-10 09:52:52,368 [WARN] PackLoader:240 - Cannot read IP mode file for STMicroelectronics.X-CUBE-BLEMGR.3.1.0
2024-05-10 09:52:52,382 [WARN] PackLoader:240 - Cannot read IP mode file for STMicroelectronics.FP-SNS-SMARTAG2.1.2.0
2024-05-10 09:52:52,399 [INFO] LogOutputStream:77 - [STDOUT_REDIRECT] 1 : Invalid condition id : UX_CORESTACK_Condition cause : null
2024-05-10 09:52:52,400 [INFO] LogOutputStream:77 - [STDOUT_REDIRECT] 1 : Invalid condition id : UX_CORESTACK_Condition cause : null
2024-05-10 09:52:52,401 [INFO] LogOutputStream:77 - [STDOUT_REDIRECT] 1 : Invalid condition id : UX_CORESTACK_Condition cause : null
2024-05-10 09:52:52,402 [INFO] LogOutputStream:77 - [STDOUT_REDIRECT] 1 : Invalid condition id : UX_CORESTACK_Condition cause : null
2024-05-10 09:52:52,402 [INFO] LogOutputStream:77 - [STDOUT_REDIRECT] 1 : Invalid condition id : UX_CORESTACK_Condition cause : null
2024-05-10 09:52:52,404 [WARN] PackLoader:240 - Cannot read IP mode file for STMicroelectronics.X-CUBE-AZRTOS-WL.2.0.0
2024-05-10 09:52:52,415 [WARN] PackLoader:240 - Cannot read IP mode file for STMicroelectronics.FP-SNS-MOTENV1.5.0.0
2024-05-10 09:52:52,432 [WARN] PackLoader:240 - Cannot read IP mode file for WES.I-CUBE-Cesium.1.3.0
2024-05-10 09:52:52,446 [WARN] PackLoader:240 - Cannot read IP mode file for STMicroelectronics.X-CUBE-BLE2.3.3.0
2024-05-10 09:52:52,456 [WARN] PackLoader:240 - Cannot read IP mode file for STMicroelectronics.X-CUBE-TCPP.4.1.0
2024-05-10 09:52:48,511 [WARN] PackLoader:240 - Cannot read IP mode file for STMicroelectronics.X-CUBE-ALGOBUILD.1.3.0
2024-05-10 09:52:48,547 [WARN] PackLoader:240 - Cannot read IP mode file for STMicroelectronics.X-CUBE-AZRTOS-G0.1.1.0
2024-05-10 09:52:48,569 [WARN] PackLoader:240 - Cannot read IP mode file for STMicroelectronics.X-CUBE-SAFEA1.1.2.2
2024-05-10 09:52:48,586 [WARN] PackLoader:240 - Cannot read IP mode file for STMicroelectronics.X-CUBE-NFC4.3.0.0
2024-05-10 09:52:48,602 [WARN] PackLoader:240 - Cannot read IP mode file for STMicroelectronics.FP-ATR-SIGFOX1.3.2.0
2024-05-10 09:52:48,620 [WARN] PackLoader:240 - Cannot read IP mode file for STMicroelectronics.X-CUBE-EEPRMA1.5.1.0
2024-05-10 09:52:48,674 [WARN] PackLoader:240 - Cannot read IP mode file for SEGGER.I-CUBE-embOS.1.3.1
2024-05-10 09:52:48,739 [WARN] PackLoader:240 - Cannot read IP mode file for STMicroelectronics.X-CUBE-ALGOBUILD.1.4.0
2024-05-10 09:52:48,762 [WARN] PackLoader:240 - Cannot read IP mode file for STMicroelectronics.X-CUBE-GNSS1.6.0.0
2024-05-10 09:52:48,844 [WARN] PackLoader:240 - Cannot read IP mode file for STMicroelectronics.X-CUBE-AZRTOS-F4.1.1.0
2024-05-10 09:52:48,904 [WARN] PackLoader:240 - Cannot read IP mode file for STMicroelectronics.X-CUBE-FREERTOS.1.2.0
2024-05-10 09:52:48,937 [WARN] PackLoader:240 - Cannot read IP mode file for wolfSSL.I-CUBE-wolfSSL.5.6.6
2024-05-10 09:52:48,996 [WARN] PackLoader:240 - Cannot read IP mode file for STMicroelectronics.X-CUBE-AZRTOS-L5.2.0.0
2024-05-10 09:52:49,017 [WARN] PackLoader:240 - Cannot read IP mode file for STMicroelectronics.X-CUBE-NFC6.3.1.0
2024-05-10 09:52:49,041 [WARN] PackLoader:240 - Cannot read IP mode file for ITTIA_DB.I-CUBE-ITTIADB.8.8.0
2024-05-10 09:52:49,061 [WARN] PackLoader:240 - Cannot read IP mode file for STMicroelectronics.X-CUBE-AI.9.0.0
2024-05-10 09:52:49,084 [WARN] PackLoader:240 - Cannot read IP mode file for STMicroelectronics.X-CUBE-NFC7.1.0.1
2024-05-10 09:52:49,105 [WARN] PackLoader:240 - Cannot read IP mode file for STMicroelectronics.X-CUBE-NFC6.3.0.0
2024-05-10 09:52:49,124 [WARN] PackLoader:240 - Cannot read IP mode file for STMicroelectronics.X-CUBE-AI.8.1.0
2024-05-10 09:52:49,165 [WARN] ConditionMgr:438 - getConditionDescription Invalid condition id : LAN8742 Phy interface Condition cause : null
2024-05-10 09:52:49,167 [WARN] PackLoader:240 - Cannot read IP mode file for STMicroelectronics.X-CUBE-AZRTOS-L4.2.0.0
2024-05-10 09:52:49,170 [WARN] ConditionMgr:1039 - genDependencies : Invalid condition id : LAN8742 Phy interface Condition cause : null
2024-05-10 09:52:49,170 [WARN] ConditionMgr:1039 - genDependencies : Invalid condition id : LAN8742 Phy interface Condition cause : null
2024-05-10 09:52:49,172 [WARN] ConditionMgr:1039 - genDependencies : Invalid condition id : LAN8742 Phy interface Condition cause : null
2024-05-10 09:52:49,202 [WARN] PackLoader:240 - Cannot read IP mode file for STMicroelectronics.X-CUBE-SFXS2LP1.4.0.0
2024-05-10 09:52:49,237 [WARN] ConditionMgr:438 - getConditionDescription Invalid condition id : UX DEVICE CLASS RTOS Condition cause : null
2024-05-10 09:52:49,238 [WARN] ConditionMgr:438 - getConditionDescription Invalid condition id : UX DEVICE CLASS RTOS Condition cause : null
2024-05-10 09:52:49,240 [WARN] PackLoader:240 - Cannot read IP mode file for STMicroelectronics.X-CUBE-AZRTOS-WB.2.0.0
2024-05-10 09:52:49,240 [WARN] ConditionMgr:1039 - genDependencies : Invalid condition id : UX DEVICE CLASS RTOS Condition cause : null
2024-05-10 09:52:49,240 [WARN] ConditionMgr:1039 - genDependencies : Invalid condition id : UX DEVICE CLASS RTOS Condition cause : null
2024-05-10 09:52:49,241 [WARN] ConditionMgr:1039 - genDependencies : Invalid condition id : UX DEVICE CLASS RTOS Condition cause : null
2024-05-10 09:52:49,241 [WARN] ConditionMgr:1039 - genDependencies : Invalid condition id : UX DEVICE CLASS RTOS Condition cause : null
2024-05-10 09:52:49,241 [WARN] ConditionMgr:1039 - genDependencies : Invalid condition id : UX DEVICE CLASS RTOS Condition cause : null
2024-05-10 09:52:49,273 [WARN] PackLoader:240 - Cannot read IP mode file for STMicroelectronics.X-CUBE-SUBG2.5.0.0
2024-05-10 09:52:49,316 [WARN] PackLoader:240 - Cannot read IP mode file for STMicroelectronics.X-CUBE-AZRTOS-G4.2.0.0
2024-05-10 09:52:49,347 [WARN] PackLoader:240 - Cannot read IP mode file for Infineon.AIROC-Wi-Fi-Bluetooth-STM32.1.5.1
2024-05-10 09:52:49,364 [WARN] PackLoader:240 - Cannot read IP mode file for STMicroelectronics.FP-SNS-MOTENVWB1.1.3.1
2024-05-10 09:52:49,385 [WARN] PackLoader:240 - Cannot read IP mode file for STMicroelectronics.X-CUBE-ISPU.2.0.0
2024-05-10 09:52:49,477 [WARN] PackLoader:240 - Cannot read IP mode file for STMicroelectronics.X-CUBE-MEMS1.10.0.0
2024-05-10 09:52:49,616 [WARN] PackLoader:240 - Cannot read IP mode file for STMicroelectronics.X-CUBE-FREERTOS.1.1.0
2024-05-10 09:52:49,634 [WARN] PackLoader:240 - Cannot read IP mode file for portGmbH.I-Cube-SoM-uGOAL.1.1.0
2024-05-10 09:52:49,650 [WARN] PackLoader:240 - Cannot read IP mode file for STMicroelectronics.X-CUBE-ALS.1.0.1
2024-05-10 09:52:49,689 [WARN] PackLoader:240 - Cannot read IP mode file for STMicroelectronics.X-CUBE-AZRTOS-H7RS.1.0.0
2024-05-10 09:52:49,706 [WARN] PackLoader:240 - Cannot read IP mode file for STMicroelectronics.FP-ATR-ASTRA1.2.0.0
2024-05-10 09:52:49,734 [WARN] PackLoader:240 - Cannot read IP mode file for STMicroelectronics.X-CUBE-TOF1.3.4.1
2024-05-10 09:52:49,785 [WARN] PackLoader:240 - Cannot read IP mode file for STMicroelectronics.X-CUBE-AZRTOS-H7.3.2.0
2024-05-10 09:52:49,788 [INFO] ThirdParty:978 - Integrity check success = true
2024-05-10 09:52:49,789 [INFO] IntegrityCheckThread:100 - exiting critical section [integrity check]
2024-05-10 09:52:49,789 [INFO] IntegrityCheckThread:103 - End integrity checks thread
2024-05-10 09:52:53,131 [INFO] WebApp:161 - Instantiating new browser for Auth
2024-05-10 09:52:55,605 [INFO] WebApp:780 - Register for checkConnection events
2024-05-10 09:52:55,605 [INFO] WebApp:414 - Apply proxy settings
2024-05-10 09:52:55,605 [INFO] WebApp:499 - Chromium requires no authentication
2024-05-10 09:52:55,612 [INFO] WebApp:442 - Direct internet connection detected
2024-05-10 09:52:55,770 [INFO] WebApp:192 - Starting web application
2024-05-10 09:52:55,770 [INFO] WebApp:544 - Web application path used C:\ST\STM32CubeIDE_1.14.1\STM32CubeIDE\plugins\com.st.stm32cube.common.mx_6.10.0.202311202037\db\plugins\mcufinder\reactClient1\index.html
2024-05-10 09:53:16,746 [ERROR] LogOutputStream:75 - [STDERR_REDIRECT] SLF4J: Failed to load class "org.slf4j.impl.StaticLoggerBinder".
2024-05-10 09:53:16,747 [ERROR] LogOutputStream:75 - [STDERR_REDIRECT] SLF4J: Defaulting to no-operation (NOP) logger implementation
2024-05-10 09:53:16,748 [ERROR] LogOutputStream:75 - [STDERR_REDIRECT] SLF4J: See http://www.slf4j.org/codes.html#StaticLoggerBinder for further details.
2024-05-10 10:26:05,169 [INFO] LogOutputStream:77 - [STDOUT_REDIRECT] StartTraceHandler.execute(), success : Collect=true
2024-05-10 10:43:13,606 [INFO] McuFinderGlobals:63 - Set McuFinder mode to 2 (CubeIDE integrated)
2024-05-10 10:43:13,622 [INFO] MainUpdater:2873 - connection check result : 10
2024-05-10 10:43:13,639 [INFO] McuFinderGlobals:76 - Set McuFinderConnectedMode to true
2024-05-10 10:43:14,185 [INFO] ServerAccessManage:473 - Download File mcusAds.json._tmp_
2024-05-10 10:43:14,326 [INFO] LoadUrlFilesThread:156 - End of LoadUrlFiles Thread
2024-05-10 10:43:14,624 [INFO] ServerAccessManage:473 - Download File cube-finder-db.zip
2024-05-10 10:43:18,146 [INFO] FileExtend:240 - Unzip File : cube-finder-db.zip
2024-05-10 10:43:18,146 [INFO] FileExtend:255 - Standard Zip Deflate
2024-05-10 10:43:19,133 [INFO] LoadUrlFilesThread:156 - End of LoadUrlFiles Thread
2024-05-10 10:43:19,510 [INFO] ServerAccessManage:473 - Download File crdb.zip
2024-05-10 10:43:19,864 [INFO] FileExtend:240 - Unzip File : crdb.zip
2024-05-10 10:43:19,865 [INFO] FileExtend:255 - Standard Zip Deflate
2024-05-10 10:43:20,018 [INFO] LoadUrlFilesThread:156 - End of LoadUrlFiles Thread
2024-05-10 10:43:20,147 [INFO] ServerAccessManage:473 - Download File tutoVideoDB.zip
2024-05-10 10:43:20,160 [INFO] FileExtend:240 - Unzip File : tutoVideoDB.zip
2024-05-10 10:43:20,160 [INFO] FileExtend:255 - Standard Zip Deflate
2024-05-10 10:43:20,314 [INFO] LoadUrlFilesThread:156 - End of LoadUrlFiles Thread
2024-05-10 10:43:20,317 [WARN] DbFile:41 - Overriding database path with different value: C:\Users\anton\.stmcufinder\plugins\mcufinder/ => C:\Users\anton\.stmcufinder\plugins\mcufinder
2024-05-10 10:43:20,393 [INFO] ServerAccessManage:473 - Download File api_config.json
2024-05-10 10:43:20,508 [INFO] LoadUrlFilesThread:156 - End of LoadUrlFiles Thread
2024-05-10 10:43:20,511 [INFO] DbMcusAds:53 - JSON generation date=Thu May 02 10:37:29 CEST 2024 (1714639049318)
2024-05-10 10:43:20,540 [INFO] LoadUrlFilesThread:185 - End of LoadServerUrlFiles without Thread
2024-05-10 10:43:20,541 [INFO] TargetSelectorAdapter:259 - Refresh data is successful
2024-05-10 10:43:20,701 [INFO] ApiDb:581 - Connected to CubeFinder SQLite database (C:\Users\anton\.stmcufinder\plugins\mcufinder\mcu\cube-finder-db.db)
2024-05-10 10:43:20,741 [INFO] ApiDb:668 - CubeFinder database Data Model version=2.1
2024-05-10 10:43:20,742 [INFO] ApiDb:669 - CubeFinder database Configuration version=3.0.39
2024-05-10 10:43:20,742 [INFO] ApiDb:670 - CubeFinder database generation date=2024-04-15 (1713193726)
2024-05-10 10:43:20,742 [INFO] ApiDb:671 - CubeFinder database FW Pack versions=[FP-ATR-ASTRA1_V2.0.0, FP-SNS-FLIGHT1_V5.0.1, FP-SNS-FLIGHT1_V5.0.2, FP-SNS-MOTENV1_V4.3.1, FP-SNS-MOTENV1_V4.3.2, FP-SNS-MOTENVWB1_V1.3.1, FP-SNS-SMARTAG2_V1.2.0, STM32Cube_FW_C0_V1.1.0, STM32Cube_FW_F4_V1.28.0, STM32Cube_FW_F7_V1.17.0, STM32Cube_FW_G0_V1.6.2, STM32Cube_FW_G4_V1.5.2, STM32Cube_FW_H5_V0.5.1, STM32Cube_FW_H5_V1.1.1, STM32Cube_FW_H5_V1.2.0, STM32Cube_FW_H5_V1.2.0RC4, STM32Cube_FW_H7RS_V1.0.0, STM32Cube_FW_H7RS_V1.0.0RC4, STM32Cube_FW_H7_V1.11.0, STM32Cube_FW_L0_V1.12.2, STM32Cube_FW_L5_V1.5.1, STM32Cube_FW_U0_V1.0.0, STM32Cube_FW_U0_V1.0.0RC1, STM32Cube_FW_U5_V1.3.0RC4, STM32Cube_FW_U5_V1.5.0, STM32Cube_FW_U5_V1.5.0RC1, STM32Cube_FW_WBA_V1.0.0RC1, STM32Cube_FW_WBA_V1.2.0, STM32Cube_FW_WBA_V1.2.0RC2, STM32Cube_FW_WBA_V1.3.0, STM32Cube_FW_WBA_V1.3.0RC1, STM32Cube_FW_WB_V1.15.0RC1, STM32Cube_FW_WB_V1.16.0, STM32Cube_FW_WB_V1.16.0RC2, STM32Cube_FW_WB_V1.18.0, STM32Cube_FW_WB_V1.19.0, STM32Cube_FW_WL_V1.3.0, X-CUBE-ALGOBUILD_V1.3.0, X-CUBE-ALS_V1.0.1, X-CUBE-AZRTOS-F4_V1.1.0, X-CUBE-AZRTOS-F7_V1.1.0, X-CUBE-AZRTOS-G0_V1.1.0, X-CUBE-AZRTOS-G4_V2.0.0, X-CUBE-AZRTOS-H7_V3.2.0, X-CUBE-AZRTOS-L4_V1.0.0, X-CUBE-AZRTOS-L4_V2.0.0, X-CUBE-AZRTOS-L5_V1.1.0, X-CUBE-AZRTOS-WB_V2.0.0, X-CUBE-AZRTOS-WL_V2.0.0, X-CUBE-BLE1_V7.0.0, X-CUBE-BLE2_V3.3.0, X-CUBE-BLEMGR_V3.1.0, X-CUBE-EEPRMA1_V4.1.0, X-CUBE-EEPRMA1_V5.1.0, X-CUBE-FREERTOS_V1.1.0, X-CUBE-GNSS1_V6.0.0, X-CUBE-MEMS1_V10.0.0, X-CUBE-MEMS1_V9.1.0, X-CUBE-MEMS1_V9.4.0, X-CUBE-MEMS1_V9.6.0, X-CUBE-NFC4_V3.0.0, X-CUBE-NFC7_V1.0.1, X-CUBE-SFXS2LP1_V4.0.0, X-CUBE-SUBG2_V5.0.0, X-CUBE-TOF1_V3.4.0]
2024-05-10 10:43:22,258 [INFO] ApiDb:240 - Found 371 in-development CPN: [B-G473E-ZEST1S, B-WB1M-WPAN1, B-WL5M-SUBG1, NUCLEO-C031C6, NUCLEO-H503RB, NUCLEO-H563ZI, NUCLEO-U545RE-Q, NUCLEO-U5A5ZJ-Q, NUCLEO-WBA52CG, NUCLEO-WBA55CG, STEVAL-MKBOXPRO, STEVAL-PROTEUS1, STEVAL-STWINBX1, STM320518-EVAL, STM32C0116-DK, STM32C011D6Y3TR, STM32C011D6Y6TR, STM32C011F4P3, STM32C011F4P6, STM32C011F4U3, STM32C011F4U6TR, STM32C011F6P3, STM32C011F6P6, STM32C011F6U3, STM32C011F6U6TR, STM32C011J4M3, STM32C011J4M6, STM32C011J6M3, STM32C011J6M6, STM32C0316-DK, STM32C031C4T3, STM32C031C4T6, STM32C031C4U3, STM32C031C4U6, STM32C031C6T3, STM32C031C6T6, STM32C031C6U3, STM32C031C6U6, STM32C031F4P3, STM32C031F4P6, STM32C031F6P3, STM32C031F6P6, STM32C031G4U3, STM32C031G4U6, STM32C031G6U3, STM32C031G6U6, STM32C031K4T3, STM32C031K4T6, STM32C031K4U3, STM32C031K4U6, STM32C031K6T3, STM32C031K6T6, STM32C031K6U3, STM32C031K6U6, STM32G071K8TXN, STM32G071K8UXN, STM32G081GBU6N, STM32G081KBT6N, STM32G081KBUXN, STM32G0B1CCT6N, STM32G0B1KCT6, STM32G0B1NEY6TR, STM32G0B1RCT6N, STM32G0C1CCT6, STM32G0C1CCT6N, STM32G0C1CCU6N, STM32G0C1CET6N, STM32G0C1CEU6N, STM32G0C1KCT6, STM32G0C1NEY6TR, STM32G0C1RCI6N, STM32G0C1RCT6N, STM32G0C1REI6N, STM32G0C1RET6N, STM32G0C1VCI6, STM32G0C1VEI6, STM32G471CCT6, STM32G471CCU6, STM32G471CET3, STM32G471CET6, STM32G471CEU3, STM32G471CEU6, STM32G471MCT6, STM32G471MET3, STM32G471MET6, STM32G471MEY6TR, STM32G471QCT6, STM32G471QET3, STM32G471RCT6, STM32G471RET3, STM32G471RET6, STM32G471VCH6, STM32G471VCI6, STM32G471VCT6, STM32G471VEH3, STM32G471VEH6, STM32G471VEI3, STM32G471VEI6, STM32G471VET3, STM32G471VET6, STM32G474CCT6, STM32H503CBT6, STM32H503CBU6, STM32H503EBY6TR, STM32H503KBU6, STM32H503RBT6, STM32H562AGI6, STM32H562AII6, STM32H562IGK6, STM32H562IGT6, STM32H562IIK6, STM32H562IIT6, STM32H562RGT6, STM32H562RGV6, STM32H562RIT6, STM32H562RIV6, STM32H562VGT6, STM32H562VIT6, STM32H562ZGT6, STM32H562ZIT6, STM32H563AGI6, STM32H563AII3Q, STM32H563AII6, STM32H563IGK6, STM32H563IGT6, STM32H563IIK3Q, STM32H563IIK6, STM32H563IIT3Q, STM32H563IIT6, STM32H563MIY3QTR, STM32H563RGT6, STM32H563RGV6, STM32H563RIT6, STM32H563RIV6, STM32H563VGT6, STM32H563VIT3Q, STM32H563VIT6, STM32H563ZGT6, STM32H563ZIT3Q, STM32H563ZIT6, STM32H573AII3Q, STM32H573AII6, STM32H573I-DK, STM32H573IIK3Q, STM32H573IIK6, STM32H573IIT3Q, STM32H573IIT6, STM32H573MIY3QTR, STM32H573RIT6, STM32H573RIV6, STM32H573VIT3Q, STM32H573VIT6, STM32H573ZIT3Q, STM32H573ZIT6, STM32L4R5QGI6STR, STM32MP131AAE3, STM32MP131AAF3, STM32MP131AAG3, STM32MP131CAE3, STM32MP131CAF3, STM32MP131CAG3, STM32MP131DAE7, STM32MP131DAF7, STM32MP131DAG7, STM32MP131FAE7, STM32MP131FAF7, STM32MP131FAG7, STM32MP133AAE3, STM32MP133AAF3, STM32MP133AAG3, STM32MP133CAE3, STM32MP133CAF3, STM32MP133CAG3, STM32MP133DAE7, STM32MP133DAF7, STM32MP133DAG7, STM32MP133FAE7, STM32MP133FAF7, STM32MP133FAG7, STM32MP135AAE3, STM32MP135AAF3, STM32MP135AAG3, STM32MP135CAE3, STM32MP135CAF3, STM32MP135CAG3, STM32MP135DAE7, STM32MP135DAF7, STM32MP135DAG7, STM32MP135F-DK, STM32MP135FAE7, STM32MP135FAF7, STM32MP135FAF7T, STM32MP135FAF7U, STM32MP135FAG7, STM32U535CBT6, STM32U535CBT6Q, STM32U535CBU6, STM32U535CBU6Q, STM32U535CCT6, STM32U535CCT6Q, STM32U535CCU6, STM32U535CCU6Q, STM32U535CET6, STM32U535CET6Q, STM32U535CEU6, STM32U535CEU6Q, STM32U535JEY6QTR, STM32U535NCY6QTR, STM32U535NEY6QTR, STM32U535RBI6, STM32U535RBI6Q, STM32U535RBT6, STM32U535RBT6Q, STM32U535RCI6, STM32U535RCI6Q, STM32U535RCT6, STM32U535RCT6Q, STM32U535REI6, STM32U535REI6Q, STM32U535RET6, STM32U535RET6Q, STM32U535VCI6, STM32U535VCI6Q, STM32U535VCT6, STM32U535VCT6Q, STM32U535VEI6, STM32U535VEI6Q, STM32U535VET6, STM32U535VET6Q, STM32U545CET6, STM32U545CET6Q, STM32U545CEU6, STM32U545CEU6Q, STM32U545JEY6QTR, STM32U545NEY6QTR, STM32U545REI6, STM32U545REI6Q, STM32U545RET6, STM32U545RET6Q, STM32U545VEI6, STM32U545VEI6Q, STM32U545VET6, STM32U545VET6Q, STM32U595AIH6, STM32U595AIH6Q, STM32U595AJH6, STM32U595AJH6Q, STM32U595QII6, STM32U595QII6Q, STM32U595QJI6, STM32U595QJI6Q, STM32U595RIT6, STM32U595RIT6Q, STM32U595RJT6, STM32U595RJT6Q, STM32U595VIT6, STM32U595VIT6Q, STM32U595VJT6, STM32U595VJT6Q, STM32U595ZIT6, STM32U595ZIT6Q, STM32U595ZIY6QTR, STM32U595ZJT6, STM32U595ZJT6Q, STM32U595ZJY6QTR, STM32U599BJY6QTR, STM32U599NIH6Q, STM32U599NJH6Q, STM32U599VIT6Q, STM32U599VJT6, STM32U599VJT6Q, STM32U599ZIT6Q, STM32U599ZIY6QTR, STM32U599ZJT6Q, STM32U599ZJY6QTR, STM32U5A5AJH6, STM32U5A5AJH6Q, STM32U5A5QJI6, STM32U5A5QJI6Q, STM32U5A5RJT6, STM32U5A5RJT6Q, STM32U5A5VJT6, STM32U5A5VJT6Q, STM32U5A5ZJT6, STM32U5A5ZJT6Q, STM32U5A5ZJY6QTR, STM32U5A9BJY6QTR, STM32U5A9J-DK, STM32U5A9NJH6Q, STM32U5A9VJT6Q, STM32U5A9ZJT6Q, STM32U5A9ZJY6QTR, STM32U5F7VIT6, STM32U5F7VIT6Q, STM32U5F7VJT6, STM32U5F7VJT6Q, STM32U5F9BJY6QTR, STM32U5F9NJH6Q, STM32U5F9VIT6Q, STM32U5F9VJT6Q, STM32U5F9ZIJ6QTR, STM32U5F9ZIT6Q, STM32U5F9ZJJ6QTR, STM32U5F9ZJT6Q, STM32U5G7VJT6, STM32U5G7VJT6Q, STM32U5G9BJY6QTR, STM32U5G9J-DK1, STM32U5G9J-DK2, STM32U5G9NJH6Q, STM32U5G9VJT6Q, STM32U5G9ZJJ6QTR, STM32U5G9ZJT6Q, STM32WB1MMCH6, STM32WBA50KEU6, STM32WBA50KEU6TR, STM32WBA50KGU6, STM32WBA50KGU6TR, STM32WBA52CEU6, STM32WBA52CEU6TR, STM32WBA52CEU7, STM32WBA52CEU7TR, STM32WBA52CGU6, STM32WBA52CGU6TR, STM32WBA52CGU6U, STM32WBA52CGU7, STM32WBA52CGU7TR, STM32WBA52KEU6, STM32WBA52KEU6TR, STM32WBA52KGU6, STM32WBA52KGU6TR, STM32WBA54CEU6, STM32WBA54CEU6TR, STM32WBA54CEU7, STM32WBA54CEU7TR, STM32WBA54CGU6, STM32WBA54CGU6TR, STM32WBA54CGU7, STM32WBA54CGU7TR, STM32WBA54KEU6, STM32WBA54KEU6TR, STM32WBA54KEU7, STM32WBA54KEU7TR, STM32WBA54KGU6, STM32WBA54KGU6TR, STM32WBA54KGU7, STM32WBA54KGU7TR, STM32WBA55CEU6, STM32WBA55CEU6TR, STM32WBA55CEU7, STM32WBA55CEU7TR, STM32WBA55CGU6, STM32WBA55CGU6TR, STM32WBA55CGU6U, STM32WBA55CGU7, STM32WBA55CGU7TR, STM32WBA55G-DK1, STM32WBA55HEF6, STM32WBA55HEF7, STM32WBA55HGF6, STM32WBA55HGF7, STM32WBA55UEI6, STM32WBA55UEI6TR, STM32WBA55UEI7, STM32WBA55UEI7TR, STM32WBA55UGI6, STM32WBA55UGI6TR, STM32WBA55UGI7, STM32WBA55UGI7TR, STM32WL5MOCH6, STM32WL5MOCH6TR]
2024-05-10 10:43:22,260 [INFO] DbMcus:218 - Found 4092 MCUs, 4092 are supported
2024-05-10 10:43:22,261 [INFO] ApiDb:423 - Load user favorites file C:\Users\anton/.stm32cubeide/favorites.mcus.txt: 0 item(s)
2024-05-10 10:43:22,261 [INFO] ApiDb:427 - User favorites MCUs=[]
2024-05-10 10:43:22,261 [INFO] DbMcus:224 - Set 0 / 0 favorites MCUs
2024-05-10 10:43:22,482 [INFO] ApiDb:668 - CubeFinder database Data Model version=2.1
2024-05-10 10:43:22,482 [INFO] ApiDb:669 - CubeFinder database Configuration version=3.0.39
2024-05-10 10:43:22,482 [INFO] ApiDb:670 - CubeFinder database generation date=2024-04-15 (1713193726)
2024-05-10 10:43:22,482 [INFO] ApiDb:671 - CubeFinder database FW Pack versions=[FP-ATR-ASTRA1_V2.0.0, FP-SNS-FLIGHT1_V5.0.1, FP-SNS-FLIGHT1_V5.0.2, FP-SNS-MOTENV1_V4.3.1, FP-SNS-MOTENV1_V4.3.2, FP-SNS-MOTENVWB1_V1.3.1, FP-SNS-SMARTAG2_V1.2.0, STM32Cube_FW_C0_V1.1.0, STM32Cube_FW_F4_V1.28.0, STM32Cube_FW_F7_V1.17.0, STM32Cube_FW_G0_V1.6.2, STM32Cube_FW_G4_V1.5.2, STM32Cube_FW_H5_V0.5.1, STM32Cube_FW_H5_V1.1.1, STM32Cube_FW_H5_V1.2.0, STM32Cube_FW_H5_V1.2.0RC4, STM32Cube_FW_H7RS_V1.0.0, STM32Cube_FW_H7RS_V1.0.0RC4, STM32Cube_FW_H7_V1.11.0, STM32Cube_FW_L0_V1.12.2, STM32Cube_FW_L5_V1.5.1, STM32Cube_FW_U0_V1.0.0, STM32Cube_FW_U0_V1.0.0RC1, STM32Cube_FW_U5_V1.3.0RC4, STM32Cube_FW_U5_V1.5.0, STM32Cube_FW_U5_V1.5.0RC1, STM32Cube_FW_WBA_V1.0.0RC1, STM32Cube_FW_WBA_V1.2.0, STM32Cube_FW_WBA_V1.2.0RC2, STM32Cube_FW_WBA_V1.3.0, STM32Cube_FW_WBA_V1.3.0RC1, STM32Cube_FW_WB_V1.15.0RC1, STM32Cube_FW_WB_V1.16.0, STM32Cube_FW_WB_V1.16.0RC2, STM32Cube_FW_WB_V1.18.0, STM32Cube_FW_WB_V1.19.0, STM32Cube_FW_WL_V1.3.0, X-CUBE-ALGOBUILD_V1.3.0, X-CUBE-ALS_V1.0.1, X-CUBE-AZRTOS-F4_V1.1.0, X-CUBE-AZRTOS-F7_V1.1.0, X-CUBE-AZRTOS-G0_V1.1.0, X-CUBE-AZRTOS-G4_V2.0.0, X-CUBE-AZRTOS-H7_V3.2.0, X-CUBE-AZRTOS-L4_V1.0.0, X-CUBE-AZRTOS-L4_V2.0.0, X-CUBE-AZRTOS-L5_V1.1.0, X-CUBE-AZRTOS-WB_V2.0.0, X-CUBE-AZRTOS-WL_V2.0.0, X-CUBE-BLE1_V7.0.0, X-CUBE-BLE2_V3.3.0, X-CUBE-BLEMGR_V3.1.0, X-CUBE-EEPRMA1_V4.1.0, X-CUBE-EEPRMA1_V5.1.0, X-CUBE-FREERTOS_V1.1.0, X-CUBE-GNSS1_V6.0.0, X-CUBE-MEMS1_V10.0.0, X-CUBE-MEMS1_V9.1.0, X-CUBE-MEMS1_V9.4.0, X-CUBE-MEMS1_V9.6.0, X-CUBE-NFC4_V3.0.0, X-CUBE-NFC7_V1.0.1, X-CUBE-SFXS2LP1_V4.0.0, X-CUBE-SUBG2_V5.0.0, X-CUBE-TOF1_V3.4.0]
2024-05-10 10:43:22,520 [INFO] DbBoardsSqlite:226 - include board P-NUCLEO-WB55-NUCLEO as a kit item of type 'Nucleo-64'
2024-05-10 10:43:22,521 [INFO] DbBoardsSqlite:226 - include board P-NUCLEO-WB55-USBDONGLE as a kit item of type 'Nucleo USB Dongle'
2024-05-10 10:43:22,521 [INFO] DbBoardsSqlite:226 - include board STEVAL-IDP005V1 as a kit item of type 'Evaluation Board'
2024-05-10 10:43:22,521 [INFO] DbBoardsSqlite:226 - include board STEVAL-IDP005V2 as a kit item of type 'Evaluation Board'
2024-05-10 10:43:22,557 [INFO] ApiDb:240 - Found 371 in-development CPN: [B-G473E-ZEST1S, B-WB1M-WPAN1, B-WL5M-SUBG1, NUCLEO-C031C6, NUCLEO-H503RB, NUCLEO-H563ZI, NUCLEO-U545RE-Q, NUCLEO-U5A5ZJ-Q, NUCLEO-WBA52CG, NUCLEO-WBA55CG, STEVAL-MKBOXPRO, STEVAL-PROTEUS1, STEVAL-STWINBX1, STM320518-EVAL, STM32C0116-DK, STM32C011D6Y3TR, STM32C011D6Y6TR, STM32C011F4P3, STM32C011F4P6, STM32C011F4U3, STM32C011F4U6TR, STM32C011F6P3, STM32C011F6P6, STM32C011F6U3, STM32C011F6U6TR, STM32C011J4M3, STM32C011J4M6, STM32C011J6M3, STM32C011J6M6, STM32C0316-DK, STM32C031C4T3, STM32C031C4T6, STM32C031C4U3, STM32C031C4U6, STM32C031C6T3, STM32C031C6T6, STM32C031C6U3, STM32C031C6U6, STM32C031F4P3, STM32C031F4P6, STM32C031F6P3, STM32C031F6P6, STM32C031G4U3, STM32C031G4U6, STM32C031G6U3, STM32C031G6U6, STM32C031K4T3, STM32C031K4T6, STM32C031K4U3, STM32C031K4U6, STM32C031K6T3, STM32C031K6T6, STM32C031K6U3, STM32C031K6U6, STM32G071K8TXN, STM32G071K8UXN, STM32G081GBU6N, STM32G081KBT6N, STM32G081KBUXN, STM32G0B1CCT6N, STM32G0B1KCT6, STM32G0B1NEY6TR, STM32G0B1RCT6N, STM32G0C1CCT6, STM32G0C1CCT6N, STM32G0C1CCU6N, STM32G0C1CET6N, STM32G0C1CEU6N, STM32G0C1KCT6, STM32G0C1NEY6TR, STM32G0C1RCI6N, STM32G0C1RCT6N, STM32G0C1REI6N, STM32G0C1RET6N, STM32G0C1VCI6, STM32G0C1VEI6, STM32G471CCT6, STM32G471CCU6, STM32G471CET3, STM32G471CET6, STM32G471CEU3, STM32G471CEU6, STM32G471MCT6, STM32G471MET3, STM32G471MET6, STM32G471MEY6TR, STM32G471QCT6, STM32G471QET3, STM32G471RCT6, STM32G471RET3, STM32G471RET6, STM32G471VCH6, STM32G471VCI6, STM32G471VCT6, STM32G471VEH3, STM32G471VEH6, STM32G471VEI3, STM32G471VEI6, STM32G471VET3, STM32G471VET6, STM32G474CCT6, STM32H503CBT6, STM32H503CBU6, STM32H503EBY6TR, STM32H503KBU6, STM32H503RBT6, STM32H562AGI6, STM32H562AII6, STM32H562IGK6, STM32H562IGT6, STM32H562IIK6, STM32H562IIT6, STM32H562RGT6, STM32H562RGV6, STM32H562RIT6, STM32H562RIV6, STM32H562VGT6, STM32H562VIT6, STM32H562ZGT6, STM32H562ZIT6, STM32H563AGI6, STM32H563AII3Q, STM32H563AII6, STM32H563IGK6, STM32H563IGT6, STM32H563IIK3Q, STM32H563IIK6, STM32H563IIT3Q, STM32H563IIT6, STM32H563MIY3QTR, STM32H563RGT6, STM32H563RGV6, STM32H563RIT6, STM32H563RIV6, STM32H563VGT6, STM32H563VIT3Q, STM32H563VIT6, STM32H563ZGT6, STM32H563ZIT3Q, STM32H563ZIT6, STM32H573AII3Q, STM32H573AII6, STM32H573I-DK, STM32H573IIK3Q, STM32H573IIK6, STM32H573IIT3Q, STM32H573IIT6, STM32H573MIY3QTR, STM32H573RIT6, STM32H573RIV6, STM32H573VIT3Q, STM32H573VIT6, STM32H573ZIT3Q, STM32H573ZIT6, STM32L4R5QGI6STR, STM32MP131AAE3, STM32MP131AAF3, STM32MP131AAG3, STM32MP131CAE3, STM32MP131CAF3, STM32MP131CAG3, STM32MP131DAE7, STM32MP131DAF7, STM32MP131DAG7, STM32MP131FAE7, STM32MP131FAF7, STM32MP131FAG7, STM32MP133AAE3, STM32MP133AAF3, STM32MP133AAG3, STM32MP133CAE3, STM32MP133CAF3, STM32MP133CAG3, STM32MP133DAE7, STM32MP133DAF7, STM32MP133DAG7, STM32MP133FAE7, STM32MP133FAF7, STM32MP133FAG7, STM32MP135AAE3, STM32MP135AAF3, STM32MP135AAG3, STM32MP135CAE3, STM32MP135CAF3, STM32MP135CAG3, STM32MP135DAE7, STM32MP135DAF7, STM32MP135DAG7, STM32MP135F-DK, STM32MP135FAE7, STM32MP135FAF7, STM32MP135FAF7T, STM32MP135FAF7U, STM32MP135FAG7, STM32U535CBT6, STM32U535CBT6Q, STM32U535CBU6, STM32U535CBU6Q, STM32U535CCT6, STM32U535CCT6Q, STM32U535CCU6, STM32U535CCU6Q, STM32U535CET6, STM32U535CET6Q, STM32U535CEU6, STM32U535CEU6Q, STM32U535JEY6QTR, STM32U535NCY6QTR, STM32U535NEY6QTR, STM32U535RBI6, STM32U535RBI6Q, STM32U535RBT6, STM32U535RBT6Q, STM32U535RCI6, STM32U535RCI6Q, STM32U535RCT6, STM32U535RCT6Q, STM32U535REI6, STM32U535REI6Q, STM32U535RET6, STM32U535RET6Q, STM32U535VCI6, STM32U535VCI6Q, STM32U535VCT6, STM32U535VCT6Q, STM32U535VEI6, STM32U535VEI6Q, STM32U535VET6, STM32U535VET6Q, STM32U545CET6, STM32U545CET6Q, STM32U545CEU6, STM32U545CEU6Q, STM32U545JEY6QTR, STM32U545NEY6QTR, STM32U545REI6, STM32U545REI6Q, STM32U545RET6, STM32U545RET6Q, STM32U545VEI6, STM32U545VEI6Q, STM32U545VET6, STM32U545VET6Q, STM32U595AIH6, STM32U595AIH6Q, STM32U595AJH6, STM32U595AJH6Q, STM32U595QII6, STM32U595QII6Q, STM32U595QJI6, STM32U595QJI6Q, STM32U595RIT6, STM32U595RIT6Q, STM32U595RJT6, STM32U595RJT6Q, STM32U595VIT6, STM32U595VIT6Q, STM32U595VJT6, STM32U595VJT6Q, STM32U595ZIT6, STM32U595ZIT6Q, STM32U595ZIY6QTR, STM32U595ZJT6, STM32U595ZJT6Q, STM32U595ZJY6QTR, STM32U599BJY6QTR, STM32U599NIH6Q, STM32U599NJH6Q, STM32U599VIT6Q, STM32U599VJT6, STM32U599VJT6Q, STM32U599ZIT6Q, STM32U599ZIY6QTR, STM32U599ZJT6Q, STM32U599ZJY6QTR, STM32U5A5AJH6, STM32U5A5AJH6Q, STM32U5A5QJI6, STM32U5A5QJI6Q, STM32U5A5RJT6, STM32U5A5RJT6Q, STM32U5A5VJT6, STM32U5A5VJT6Q, STM32U5A5ZJT6, STM32U5A5ZJT6Q, STM32U5A5ZJY6QTR, STM32U5A9BJY6QTR, STM32U5A9J-DK, STM32U5A9NJH6Q, STM32U5A9VJT6Q, STM32U5A9ZJT6Q, STM32U5A9ZJY6QTR, STM32U5F7VIT6, STM32U5F7VIT6Q, STM32U5F7VJT6, STM32U5F7VJT6Q, STM32U5F9BJY6QTR, STM32U5F9NJH6Q, STM32U5F9VIT6Q, STM32U5F9VJT6Q, STM32U5F9ZIJ6QTR, STM32U5F9ZIT6Q, STM32U5F9ZJJ6QTR, STM32U5F9ZJT6Q, STM32U5G7VJT6, STM32U5G7VJT6Q, STM32U5G9BJY6QTR, STM32U5G9J-DK1, STM32U5G9J-DK2, STM32U5G9NJH6Q, STM32U5G9VJT6Q, STM32U5G9ZJJ6QTR, STM32U5G9ZJT6Q, STM32WB1MMCH6, STM32WBA50KEU6, STM32WBA50KEU6TR, STM32WBA50KGU6, STM32WBA50KGU6TR, STM32WBA52CEU6, STM32WBA52CEU6TR, STM32WBA52CEU7, STM32WBA52CEU7TR, STM32WBA52CGU6, STM32WBA52CGU6TR, STM32WBA52CGU6U, STM32WBA52CGU7, STM32WBA52CGU7TR, STM32WBA52KEU6, STM32WBA52KEU6TR, STM32WBA52KGU6, STM32WBA52KGU6TR, STM32WBA54CEU6, STM32WBA54CEU6TR, STM32WBA54CEU7, STM32WBA54CEU7TR, STM32WBA54CGU6, STM32WBA54CGU6TR, STM32WBA54CGU7, STM32WBA54CGU7TR, STM32WBA54KEU6, STM32WBA54KEU6TR, STM32WBA54KEU7, STM32WBA54KEU7TR, STM32WBA54KGU6, STM32WBA54KGU6TR, STM32WBA54KGU7, STM32WBA54KGU7TR, STM32WBA55CEU6, STM32WBA55CEU6TR, STM32WBA55CEU7, STM32WBA55CEU7TR, STM32WBA55CGU6, STM32WBA55CGU6TR, STM32WBA55CGU6U, STM32WBA55CGU7, STM32WBA55CGU7TR, STM32WBA55G-DK1, STM32WBA55HEF6, STM32WBA55HEF7, STM32WBA55HGF6, STM32WBA55HGF7, STM32WBA55UEI6, STM32WBA55UEI6TR, STM32WBA55UEI7, STM32WBA55UEI7TR, STM32WBA55UGI6, STM32WBA55UGI6TR, STM32WBA55UGI7, STM32WBA55UGI7TR, STM32WL5MOCH6, STM32WL5MOCH6TR]
2024-05-10 10:43:22,624 [INFO] BoardInfo:889 - No configuration file found for board NUCLEO-H533RE
2024-05-10 10:43:22,625 [INFO] DbBoards:161 - Board is not supported: NUCLEO-H533RE
2024-05-10 10:43:22,631 [INFO] BoardInfo:889 - No configuration file found for board NUCLEO-H7S3L8
2024-05-10 10:43:22,631 [INFO] DbBoards:161 - Board is not supported: NUCLEO-H7S3L8
2024-05-10 10:43:22,648 [INFO] BoardInfo:889 - No configuration file found for board NUCLEO-U031R8
2024-05-10 10:43:22,649 [INFO] DbBoards:161 - Board is not supported: NUCLEO-U031R8
2024-05-10 10:43:22,649 [INFO] BoardInfo:889 - No configuration file found for board NUCLEO-U083RC
2024-05-10 10:43:22,649 [INFO] DbBoards:161 - Board is not supported: NUCLEO-U083RC
2024-05-10 10:43:22,660 [INFO] BoardInfo:889 - No configuration file found for board P-NUCLEO-WB55
2024-05-10 10:43:22,660 [INFO] DbBoards:161 - Kit is not supported: P-NUCLEO-WB55
2024-05-10 10:43:22,663 [INFO] BoardInfo:889 - No configuration file found for board STEVAL-BFA001V1B
2024-05-10 10:43:22,663 [INFO] DbBoards:161 - Kit is not supported: STEVAL-BFA001V1B
2024-05-10 10:43:22,664 [INFO] BoardInfo:889 - No configuration file found for board STEVAL-BFA001V2B
2024-05-10 10:43:22,664 [INFO] DbBoards:161 - Kit is not supported: STEVAL-BFA001V2B
2024-05-10 10:43:22,731 [INFO] BoardInfo:889 - No configuration file found for board STM32H7S78-DK
2024-05-10 10:43:22,732 [INFO] DbBoards:161 - Board is not supported: STM32H7S78-DK
2024-05-10 10:43:22,753 [INFO] BoardInfo:889 - No configuration file found for board STM32U083C-DK
2024-05-10 10:43:22,753 [INFO] DbBoards:161 - Board is not supported: STM32U083C-DK
2024-05-10 10:43:22,761 [INFO] DbBoards:168 - Found 199 boards, 190 are supported
2024-05-10 10:43:22,761 [INFO] DbBoards:169 - Found 199 boards, 3 of them is supported for  Bsp
2024-05-10 10:43:22,764 [INFO] ApiDb:423 - Load user favorites file C:\Users\anton/.stm32cubeide/favorites.boards.txt: 0 item(s)
2024-05-10 10:43:22,764 [INFO] ApiDb:427 - User favorites Boards=[]
2024-05-10 10:43:22,764 [INFO] DbBoards:198 - Set 0 / 0 favorites Boards
2024-05-10 10:43:22,766 [INFO] ApiDb:668 - CubeFinder database Data Model version=2.1
2024-05-10 10:43:22,767 [INFO] ApiDb:669 - CubeFinder database Configuration version=3.0.39
2024-05-10 10:43:22,767 [INFO] ApiDb:670 - CubeFinder database generation date=2024-04-15 (1713193726)
2024-05-10 10:43:22,767 [INFO] ApiDb:671 - CubeFinder database FW Pack versions=[FP-ATR-ASTRA1_V2.0.0, FP-SNS-FLIGHT1_V5.0.1, FP-SNS-FLIGHT1_V5.0.2, FP-SNS-MOTENV1_V4.3.1, FP-SNS-MOTENV1_V4.3.2, FP-SNS-MOTENVWB1_V1.3.1, FP-SNS-SMARTAG2_V1.2.0, STM32Cube_FW_C0_V1.1.0, STM32Cube_FW_F4_V1.28.0, STM32Cube_FW_F7_V1.17.0, STM32Cube_FW_G0_V1.6.2, STM32Cube_FW_G4_V1.5.2, STM32Cube_FW_H5_V0.5.1, STM32Cube_FW_H5_V1.1.1, STM32Cube_FW_H5_V1.2.0, STM32Cube_FW_H5_V1.2.0RC4, STM32Cube_FW_H7RS_V1.0.0, STM32Cube_FW_H7RS_V1.0.0RC4, STM32Cube_FW_H7_V1.11.0, STM32Cube_FW_L0_V1.12.2, STM32Cube_FW_L5_V1.5.1, STM32Cube_FW_U0_V1.0.0, STM32Cube_FW_U0_V1.0.0RC1, STM32Cube_FW_U5_V1.3.0RC4, STM32Cube_FW_U5_V1.5.0, STM32Cube_FW_U5_V1.5.0RC1, STM32Cube_FW_WBA_V1.0.0RC1, STM32Cube_FW_WBA_V1.2.0, STM32Cube_FW_WBA_V1.2.0RC2, STM32Cube_FW_WBA_V1.3.0, STM32Cube_FW_WBA_V1.3.0RC1, STM32Cube_FW_WB_V1.15.0RC1, STM32Cube_FW_WB_V1.16.0, STM32Cube_FW_WB_V1.16.0RC2, STM32Cube_FW_WB_V1.18.0, STM32Cube_FW_WB_V1.19.0, STM32Cube_FW_WL_V1.3.0, X-CUBE-ALGOBUILD_V1.3.0, X-CUBE-ALS_V1.0.1, X-CUBE-AZRTOS-F4_V1.1.0, X-CUBE-AZRTOS-F7_V1.1.0, X-CUBE-AZRTOS-G0_V1.1.0, X-CUBE-AZRTOS-G4_V2.0.0, X-CUBE-AZRTOS-H7_V3.2.0, X-CUBE-AZRTOS-L4_V1.0.0, X-CUBE-AZRTOS-L4_V2.0.0, X-CUBE-AZRTOS-L5_V1.1.0, X-CUBE-AZRTOS-WB_V2.0.0, X-CUBE-AZRTOS-WL_V2.0.0, X-CUBE-BLE1_V7.0.0, X-CUBE-BLE2_V3.3.0, X-CUBE-BLEMGR_V3.1.0, X-CUBE-EEPRMA1_V4.1.0, X-CUBE-EEPRMA1_V5.1.0, X-CUBE-FREERTOS_V1.1.0, X-CUBE-GNSS1_V6.0.0, X-CUBE-MEMS1_V10.0.0, X-CUBE-MEMS1_V9.1.0, X-CUBE-MEMS1_V9.4.0, X-CUBE-MEMS1_V9.6.0, X-CUBE-NFC4_V3.0.0, X-CUBE-NFC7_V1.0.1, X-CUBE-SFXS2LP1_V4.0.0, X-CUBE-SUBG2_V5.0.0, X-CUBE-TOF1_V3.4.0]
2024-05-10 10:43:23,319 [ERROR] DbExamplesSqlite:437 - Missing JSON key: board_cpn
2024-05-10 10:43:23,319 [ERROR] DbExamplesSqlite:437 - Missing JSON key: board_cpn
2024-05-10 10:43:23,319 [ERROR] DbExamplesSqlite:437 - Missing JSON key: board_cpn
2024-05-10 10:43:23,319 [ERROR] DbExamplesSqlite:437 - Missing JSON key: board_cpn
2024-05-10 10:43:23,384 [INFO] DbExamplesSqlite:395 - Ignored 60 examples not supported by CubeIDE
2024-05-10 10:43:23,384 [INFO] DbExamplesSqlite:396 - Found 8152 examples active
2024-05-10 10:43:23,384 [INFO] DbExamplesSqlite:397 - Found 871 examples obsolete
2024-05-10 10:43:23,384 [INFO] DbExamplesSqlite:398 - Found 0 examples under development
2024-05-10 10:43:23,384 [INFO] DbExamplesSqlite:399 - Found 10 examples not building
2024-05-10 10:43:23,386 [INFO] DbExamples:125 - Found 8102 examples
2024-05-10 10:43:23,396 [INFO] DbExamples:222 - Found 101 boards with related examples
2024-05-10 10:43:23,398 [INFO] DbExamples:235 - Found 86 MCUs with related examples
2024-05-10 10:43:23,415 [INFO] ApiDb:423 - Load user favorites file C:\Users\anton/.stm32cubeide/favorites.examples.txt: 0 item(s)
2024-05-10 10:43:23,415 [INFO] ApiDb:427 - User favorites Examples=[]
2024-05-10 10:43:23,415 [INFO] DbExamples:250 - Set 0 / 0 favorites Examples
2024-05-10 10:43:23,728 [INFO] McuFinderGlobals:76 - Set McuFinderConnectedMode to true
2024-05-10 10:43:23,736 [INFO] MultiScanPanel:200 - Auto-refresh data requested => check proxy status ongoing
2024-05-10 10:43:23,741 [INFO] FinderPluginLoader:95 - Searching for filters in installed packs
2024-05-10 10:43:25,121 [INFO] LoadUrlFilesThread:185 - End of LoadServerUrlFiles without Thread
2024-05-10 10:43:25,167 [INFO] DetailPanel:341 - Set advertising image to C:/Users/anton/STM32Cube/Repository/\en.prom-stm32h7rs-mcu-finder.png
2024-05-10 10:44:02,764 [INFO] McuFinderGlobals:76 - Set McuFinderConnectedMode to true
2024-05-10 10:44:02,771 [INFO] ApiDb:448 - Save user favorites file C:\Users\anton/.stm32cubeide/favorites.mcus.txt: 0 item(s)
2024-05-10 10:44:02,771 [INFO] ApiDb:452 - User favorites MCUs=[]
2024-05-10 10:54:10,902 [ERROR] LogOutputStream:75 - [STDERR_REDIRECT] 
2024-05-10 10:54:10,903 [ERROR] LogOutputStream:75 - [STDERR_REDIRECT] 
2024-05-10 10:54:32,023 [INFO] Activator:176 - 


2024-05-10 10:54:32,024 [INFO] Activator:177 - !SESSION log4j initialized
2024-05-10 10:54:36,859 [INFO] LogOutputStream:77 - [STDOUT_REDIRECT] 
2024-05-10 10:54:38,204 [INFO] ApplicationProperties:184 - Using Application install path: C:\ST\STM32CubeIDE_1.14.1\STM32CubeIDE\plugins\com.st.stm32cube.common.mx_6.10.0.202311202037
2024-05-10 10:54:38,218 [INFO] DbMcusXml:78 - Set database path to: C:\ST\STM32CubeIDE_1.14.1\STM32CubeIDE\plugins\com.st.stm32cube.common.mx_6.10.0.202311202037\\db\/mcu/
2024-05-10 10:54:38,218 [INFO] ApiDb:274 - Set plugin database path to: C:\ST\STM32CubeIDE_1.14.1\STM32CubeIDE\plugins\com.st.stm32cube.common.mx_6.10.0.202311202037\\db\/plugins/boardmanager/
2024-05-10 10:54:38,219 [WARN] ApiDb:259 - Overriding images path with different value:  => C:\ST\STM32CubeIDE_1.14.1\STM32CubeIDE\plugins\com.st.stm32cube.common.mx_6.10.0.202311202037\\db\/plugins/mcufinder/images/
2024-05-10 10:54:38,222 [INFO] ApiDb:250 - Set database path to: C:\Users\anton\.stmcufinder\plugins\mcufinder//mcu/
2024-05-10 10:54:38,222 [INFO] DbMcusAds:125 - Set database path to: C:\Users\anton\.stmcufinder\plugins\mcufinder//mcu/
2024-05-10 10:54:38,223 [INFO] CrossReferenceDbSqlite:203 - Set database path to: C:\Users\anton\.stmcufinder\plugins\mcufinder//mcu/cs/
2024-05-10 10:54:38,327 [INFO] RulesReader:64 - Compatibility file has been processed (297 Rules)
2024-05-10 10:54:38,398 [INFO] DbMcusXml:78 - Set database path to: C:\ST\STM32CubeIDE_1.14.1\STM32CubeIDE\plugins\com.st.stm32cube.common.mx_6.10.0.202311202037\\db\/mcu/
2024-05-10 10:54:38,398 [INFO] ApiDb:274 - Set plugin database path to: C:\ST\STM32CubeIDE_1.14.1\STM32CubeIDE\plugins\com.st.stm32cube.common.mx_6.10.0.202311202037\\db\/plugins/boardmanager/
2024-05-10 10:54:38,398 [INFO] ApiDb:261 - Set plugin images path to: C:\ST\STM32CubeIDE_1.14.1\STM32CubeIDE\plugins\com.st.stm32cube.common.mx_6.10.0.202311202037\\db\/plugins/mcufinder/images/
2024-05-10 10:54:38,398 [WARN] DbFile:41 - Overriding database path with different value: C:\Users\anton\.stmcufinder\plugins\mcufinder/ => C:\Users\anton\.stmcufinder\plugins\mcufinder
2024-05-10 10:54:38,398 [INFO] ApiDb:250 - Set database path to: C:\Users\anton\.stmcufinder\plugins\mcufinder//mcu/
2024-05-10 10:54:38,399 [WARN] DbFile:41 - Overriding database path with different value: C:\Users\anton\.stmcufinder\plugins\mcufinder/ => C:\Users\anton\.stmcufinder\plugins\mcufinder
2024-05-10 10:54:38,399 [INFO] DbMcusAds:125 - Set database path to: C:\Users\anton\.stmcufinder\plugins\mcufinder//mcu/
2024-05-10 10:54:38,399 [WARN] DbFile:41 - Overriding database path with different value: C:\Users\anton\.stmcufinder\plugins\mcufinder/ => C:\Users\anton\.stmcufinder\plugins\mcufinder
2024-05-10 10:54:38,399 [WARN] DbFile:41 - Overriding database path with different value: C:\Users\anton\.stmcufinder\plugins\mcufinder/ => C:\Users\anton\.stmcufinder\plugins\mcufinder
2024-05-10 10:54:38,399 [INFO] CrossReferenceDbSqlite:203 - Set database path to: C:\Users\anton\.stmcufinder\plugins\mcufinder//mcu/cs/
2024-05-10 10:54:38,471 [INFO] MainPanel:264 - HeapMemory: 268435456
2024-05-10 10:54:38,532 [INFO] DbMcusXml:78 - Set database path to: C:\ST\STM32CubeIDE_1.14.1\STM32CubeIDE\plugins\com.st.stm32cube.common.mx_6.10.0.202311202037\\db\/mcu/
2024-05-10 10:54:38,532 [INFO] ApiDb:274 - Set plugin database path to: C:\ST\STM32CubeIDE_1.14.1\STM32CubeIDE\plugins\com.st.stm32cube.common.mx_6.10.0.202311202037\\db\/plugins/boardmanager/
2024-05-10 10:54:38,532 [INFO] ApiDb:261 - Set plugin images path to: C:\ST\STM32CubeIDE_1.14.1\STM32CubeIDE\plugins\com.st.stm32cube.common.mx_6.10.0.202311202037\\db\/plugins/mcufinder/images/
2024-05-10 10:54:38,533 [WARN] DbFile:41 - Overriding database path with different value: C:\Users\anton\.stmcufinder\plugins\mcufinder/ => C:\Users\anton\.stmcufinder\plugins\mcufinder
2024-05-10 10:54:38,533 [INFO] ApiDb:250 - Set database path to: C:\Users\anton\.stmcufinder\plugins\mcufinder//mcu/
2024-05-10 10:54:38,533 [WARN] DbFile:41 - Overriding database path with different value: C:\Users\anton\.stmcufinder\plugins\mcufinder/ => C:\Users\anton\.stmcufinder\plugins\mcufinder
2024-05-10 10:54:38,533 [INFO] DbMcusAds:125 - Set database path to: C:\Users\anton\.stmcufinder\plugins\mcufinder//mcu/
2024-05-10 10:54:38,533 [WARN] DbFile:41 - Overriding database path with different value: C:\Users\anton\.stmcufinder\plugins\mcufinder/ => C:\Users\anton\.stmcufinder\plugins\mcufinder
2024-05-10 10:54:38,533 [WARN] DbFile:41 - Overriding database path with different value: C:\Users\anton\.stmcufinder\plugins\mcufinder/ => C:\Users\anton\.stmcufinder\plugins\mcufinder
2024-05-10 10:54:38,533 [INFO] CrossReferenceDbSqlite:203 - Set database path to: C:\Users\anton\.stmcufinder\plugins\mcufinder//mcu/cs/
2024-05-10 10:54:38,551 [INFO] ApplicationProperties:184 - Using Application install path: C:\ST\STM32CubeIDE_1.14.1\STM32CubeIDE\plugins\com.st.stm32cube.common.mx_6.10.0.202311202037
2024-05-10 10:54:38,552 [INFO] PluginManage:196 - Search for loadable plugins [exclusion list=, ]
2024-05-10 10:54:38,553 [INFO] PluginManage:310 - Check plugin analytics
2024-05-10 10:54:38,774 [INFO] AnalyticsPlugin:253 - Accepted Software Licenses: 
2024-05-10 10:54:38,775 [INFO] AnalyticsPlugin:255 - Accepted CMSIS Pack Licenses: 
2024-05-10 10:54:38,775 [INFO] AnalyticsPlugin:257 - Accepted Firmware Licenses: FW.F4.1.28.0
2024-05-10 10:54:38,779 [INFO] PluginManage:359 - Loaded plugin analytics (category:tool,tabindex:-1)
2024-05-10 10:54:38,780 [INFO] PluginManage:310 - Check plugin cadmodel
2024-05-10 10:54:38,785 [INFO] CADModel:105 - Init CAD model plugin
2024-05-10 10:54:38,785 [INFO] PluginManage:359 - Loaded plugin cadmodel (category:power,tabindex:5)
2024-05-10 10:54:38,786 [INFO] PluginManage:310 - Check plugin clock
2024-05-10 10:54:38,797 [INFO] PluginManage:359 - Loaded plugin clock (category:base,tabindex:2)
2024-05-10 10:54:38,797 [INFO] PluginManage:310 - Check plugin ddr
2024-05-10 10:54:38,800 [INFO] PluginManage:359 - Loaded plugin ddr (category:tool,tabindex:6)
2024-05-10 10:54:38,800 [INFO] PluginManage:310 - Check plugin filemanager
2024-05-10 10:54:38,952 [INFO] PluginManage:359 - Loaded plugin filemanager (category:base,tabindex:10)
2024-05-10 10:54:38,952 [INFO] PluginManage:310 - Check plugin ipmanager
2024-05-10 10:54:38,966 [INFO] PluginManage:359 - Loaded plugin ipmanager (category:base,tabindex:5)
2024-05-10 10:54:38,966 [INFO] PluginManage:310 - Check plugin lpbam
2024-05-10 10:54:38,979 [INFO] PluginManage:359 - Loaded plugin lpbam (category:base,tabindex:0)
2024-05-10 10:54:38,979 [INFO] PluginManage:310 - Check plugin memorymap
2024-05-10 10:54:38,991 [INFO] PluginManage:359 - Loaded plugin memorymap (category:base,tabindex:4)
2024-05-10 10:54:38,991 [INFO] PluginManage:310 - Check plugin pinoutandconfiguration
2024-05-10 10:54:38,997 [INFO] PluginManage:359 - Loaded plugin pinoutandconfiguration (category:base,tabindex:1)
2024-05-10 10:54:38,997 [INFO] PluginManage:310 - Check plugin pinoutconfig
2024-05-10 10:54:39,083 [WARN] SupportedApi:132 - Cannot load RTOS API schema: s4s-elt-must-match.1: The content of 'definitions' must match (annotation?, (simpleType | complexType)?, (unique | key | keyref)*)). A problem was found starting at: attribute.
2024-05-10 10:54:39,225 [INFO] PluginManage:359 - Loaded plugin pinoutconfig (category:base,tabindex:0)
2024-05-10 10:54:39,225 [INFO] PluginManage:310 - Check plugin power
2024-05-10 10:54:39,232 [INFO] PluginManage:359 - Loaded plugin power (category:power,tabindex:4)
2024-05-10 10:54:39,232 [INFO] PluginManage:310 - Check plugin projectmanager
2024-05-10 10:54:39,250 [INFO] PluginManage:359 - Loaded plugin projectmanager (category:projectmanager,tabindex:3)
2024-05-10 10:54:39,250 [INFO] PluginManage:310 - Check plugin thirdparty
2024-05-10 10:54:39,363 [INFO] PluginManage:359 - Loaded plugin thirdparty (category:base,tabindex:-1)
2024-05-10 10:54:39,363 [WARN] IntegrityCheckThread:84 - waiting for thirdparty lock release [integrity check]
2024-05-10 10:54:39,363 [INFO] PluginManage:310 - Check plugin tools
2024-05-10 10:54:39,364 [INFO] IntegrityCheckThread:86 - entering critical section [integrity check]
2024-05-10 10:54:39,364 [INFO] ThirdPartyUpdaterWithRetryManager:70 - Updater plugin not ready yet. [1/15]
2024-05-10 10:54:39,367 [INFO] PluginManage:359 - Loaded plugin tools (category:base,tabindex:7)
2024-05-10 10:54:39,367 [INFO] PluginManage:310 - Check plugin tutovideos
2024-05-10 10:54:39,497 [INFO] PluginManage:359 - Loaded plugin tutovideos (category:base,tabindex:-1)
2024-05-10 10:54:39,497 [INFO] PluginManage:310 - Check plugin updater
2024-05-10 10:54:39,507 [INFO] PluginManage:359 - Loaded plugin updater (category:base,tabindex:12)
2024-05-10 10:54:39,507 [INFO] PluginManage:310 - Check plugin userauth
2024-05-10 10:54:39,510 [INFO] UserAuth:114 - Init User Auth plugin
2024-05-10 10:54:39,510 [INFO] PluginManage:359 - Loaded plugin userauth (category:base,tabindex:14)
2024-05-10 10:54:39,510 [INFO] PluginManage:283 - PluginManage : Loaded plugins [17]
2024-05-10 10:54:39,681 [INFO] PinOutPanel:1499 - setPackage(No Configuration,No Configuration)
2024-05-10 10:54:39,741 [INFO] CADModel:165 - CPN selected for project level
2024-05-10 10:54:39,741 [INFO] CADModel:114 - Register for checkConnection events
2024-05-10 10:54:39,753 [INFO] IPUIPlugin:80 - create IPUIPlugin
2024-05-10 10:54:39,753 [INFO] PluginManager:220 - loadIPPluginJar : add adc
2024-05-10 10:54:39,753 [INFO] IPUIPlugin:80 - create IPUIPlugin
2024-05-10 10:54:39,754 [INFO] PluginManager:220 - loadIPPluginJar : add aes
2024-05-10 10:54:39,755 [INFO] IPUIPlugin:80 - create IPUIPlugin
2024-05-10 10:54:39,755 [INFO] PluginManager:220 - loadIPPluginJar : add can
2024-05-10 10:54:39,756 [INFO] IPUIPlugin:80 - create IPUIPlugin
2024-05-10 10:54:39,756 [INFO] PluginManager:220 - loadIPPluginJar : add comp
2024-05-10 10:54:39,759 [INFO] IPUIPlugin:80 - create IPUIPlugin
2024-05-10 10:54:39,759 [INFO] PluginManager:220 - loadIPPluginJar : add cryp
2024-05-10 10:54:39,760 [INFO] IPUIPlugin:80 - create IPUIPlugin
2024-05-10 10:54:39,760 [INFO] PluginManager:220 - loadIPPluginJar : add dfsdm
2024-05-10 10:54:39,764 [INFO] IPUIPlugin:80 - create IPUIPlugin
2024-05-10 10:54:39,764 [INFO] PluginManager:220 - loadIPPluginJar : add dma
2024-05-10 10:54:39,765 [INFO] IPUIPlugin:80 - create IPUIPlugin
2024-05-10 10:54:39,765 [INFO] PluginManager:220 - loadIPPluginJar : add dma3
2024-05-10 10:54:39,766 [INFO] IPUIPlugin:80 - create IPUIPlugin
2024-05-10 10:54:39,766 [INFO] PluginManager:220 - loadIPPluginJar : add fatfs
2024-05-10 10:54:39,768 [INFO] IPUIPlugin:80 - create IPUIPlugin
2024-05-10 10:54:39,768 [INFO] PluginManager:220 - loadIPPluginJar : add fmc
2024-05-10 10:54:39,772 [INFO] IPUIPlugin:80 - create IPUIPlugin
2024-05-10 10:54:39,773 [INFO] PluginManager:220 - loadIPPluginJar : add freertos
2024-05-10 10:54:39,774 [INFO] IPUIPlugin:80 - create IPUIPlugin
2024-05-10 10:54:39,774 [INFO] PluginManager:220 - loadIPPluginJar : add genericplugin
2024-05-10 10:54:39,775 [INFO] IPUIPlugin:80 - create IPUIPlugin
2024-05-10 10:54:39,776 [INFO] PluginManager:220 - loadIPPluginJar : add gfxmmu
2024-05-10 10:54:39,780 [INFO] IPUIPlugin:80 - create IPUIPlugin
2024-05-10 10:54:39,781 [INFO] PluginManager:220 - loadIPPluginJar : add gic
2024-05-10 10:54:39,783 [INFO] IPUIPlugin:80 - create IPUIPlugin
2024-05-10 10:54:39,783 [INFO] PluginManager:220 - loadIPPluginJar : add gpio
2024-05-10 10:54:39,784 [INFO] IPUIPlugin:80 - create IPUIPlugin
2024-05-10 10:54:39,784 [INFO] PluginManager:220 - loadIPPluginJar : add gtzc
2024-05-10 10:54:39,785 [INFO] IPUIPlugin:80 - create IPUIPlugin
2024-05-10 10:54:39,785 [INFO] PluginManager:220 - loadIPPluginJar : add hash
2024-05-10 10:54:39,787 [INFO] IPUIPlugin:80 - create IPUIPlugin
2024-05-10 10:54:39,787 [INFO] PluginManager:220 - loadIPPluginJar : add i2c
2024-05-10 10:54:39,788 [INFO] IPUIPlugin:80 - create IPUIPlugin
2024-05-10 10:54:39,788 [INFO] PluginManager:220 - loadIPPluginJar : add i2s
2024-05-10 10:54:39,790 [INFO] IPUIPlugin:80 - create IPUIPlugin
2024-05-10 10:54:39,790 [INFO] PluginManager:220 - loadIPPluginJar : add i3c
2024-05-10 10:54:39,793 [INFO] IPUIPlugin:80 - create IPUIPlugin
2024-05-10 10:54:39,793 [INFO] PluginManager:220 - loadIPPluginJar : add ipddr
2024-05-10 10:54:39,798 [INFO] IPUIPlugin:80 - create IPUIPlugin
2024-05-10 10:54:39,798 [INFO] PluginManager:220 - loadIPPluginJar : add linkedlist
2024-05-10 10:54:39,800 [INFO] IPUIPlugin:80 - create IPUIPlugin
2024-05-10 10:54:39,800 [INFO] PluginManager:220 - loadIPPluginJar : add lorawan
2024-05-10 10:54:39,801 [INFO] IPUIPlugin:80 - create IPUIPlugin
2024-05-10 10:54:39,803 [INFO] PluginManager:220 - loadIPPluginJar : add ltdc
2024-05-10 10:54:39,807 [INFO] IPUIPlugin:80 - create IPUIPlugin
2024-05-10 10:54:39,808 [INFO] PluginManager:220 - loadIPPluginJar : add mdma
2024-05-10 10:54:39,811 [INFO] IPUIPlugin:80 - create IPUIPlugin
2024-05-10 10:54:39,812 [INFO] PluginManager:220 - loadIPPluginJar : add nvic
2024-05-10 10:54:39,814 [INFO] IPUIPlugin:80 - create IPUIPlugin
2024-05-10 10:54:39,814 [INFO] PluginManager:220 - loadIPPluginJar : add opamp
2024-05-10 10:54:39,815 [INFO] IPUIPlugin:80 - create IPUIPlugin
2024-05-10 10:54:39,815 [INFO] PluginManager:220 - loadIPPluginJar : add openamp
2024-05-10 10:54:39,817 [INFO] IPUIPlugin:80 - create IPUIPlugin
2024-05-10 10:54:39,817 [INFO] PluginManager:220 - loadIPPluginJar : add pdm2pcm
2024-05-10 10:54:39,822 [INFO] IPUIPlugin:80 - create IPUIPlugin
2024-05-10 10:54:39,825 [INFO] PluginManager:220 - loadIPPluginJar : add plateformsettings
2024-05-10 10:54:39,826 [INFO] IPUIPlugin:80 - create IPUIPlugin
2024-05-10 10:54:39,827 [INFO] PluginManager:220 - loadIPPluginJar : add quadspi
2024-05-10 10:54:39,829 [INFO] IPUIPlugin:80 - create IPUIPlugin
2024-05-10 10:54:39,829 [INFO] PluginManager:220 - loadIPPluginJar : add resmgrutility
2024-05-10 10:54:39,831 [INFO] IPUIPlugin:80 - create IPUIPlugin
2024-05-10 10:54:39,831 [INFO] PluginManager:220 - loadIPPluginJar : add sai
2024-05-10 10:54:39,832 [INFO] IPUIPlugin:80 - create IPUIPlugin
2024-05-10 10:54:39,832 [INFO] PluginManager:220 - loadIPPluginJar : add spi
2024-05-10 10:54:39,835 [INFO] IPUIPlugin:80 - create IPUIPlugin
2024-05-10 10:54:39,835 [INFO] PluginManager:220 - loadIPPluginJar : add stm32_wpan
2024-05-10 10:54:39,836 [INFO] IPUIPlugin:80 - create IPUIPlugin
2024-05-10 10:54:39,836 [INFO] PluginManager:220 - loadIPPluginJar : add tim
2024-05-10 10:54:39,839 [INFO] IPUIPlugin:80 - create IPUIPlugin
2024-05-10 10:54:39,839 [INFO] PluginManager:220 - loadIPPluginJar : add touchsensing
2024-05-10 10:54:39,840 [INFO] IPUIPlugin:80 - create IPUIPlugin
2024-05-10 10:54:39,840 [INFO] PluginManager:220 - loadIPPluginJar : add tracer_emb
2024-05-10 10:54:39,842 [INFO] IPUIPlugin:80 - create IPUIPlugin
2024-05-10 10:54:39,842 [INFO] PluginManager:220 - loadIPPluginJar : add ts
2024-05-10 10:54:39,842 [INFO] IPUIPlugin:80 - create IPUIPlugin
2024-05-10 10:54:39,843 [INFO] PluginManager:220 - loadIPPluginJar : add tsc
2024-05-10 10:54:39,844 [INFO] IPUIPlugin:80 - create IPUIPlugin
2024-05-10 10:54:39,844 [INFO] PluginManager:220 - loadIPPluginJar : add ucpd
2024-05-10 10:54:39,846 [INFO] IPUIPlugin:80 - create IPUIPlugin
2024-05-10 10:54:39,846 [INFO] PluginManager:220 - loadIPPluginJar : add usart
2024-05-10 10:54:39,848 [INFO] IPUIPlugin:80 - create IPUIPlugin
2024-05-10 10:54:39,848 [INFO] PluginManager:220 - loadIPPluginJar : add usbx
2024-05-10 10:54:39,972 [INFO] CADModel:165 - CPN selected for project level
2024-05-10 10:54:39,973 [INFO] CADModel:114 - Register for checkConnection events
2024-05-10 10:54:39,973 [FATAL] Updater:308 - Updater called before beeing initialized
2024-05-10 10:54:39,973 [ERROR] CADModel:125 - Updater not yet initialized, retry later 
2024-05-10 10:54:40,112 [INFO] CADModel:165 - CPN selected for project level
2024-05-10 10:54:40,112 [INFO] CADModel:114 - Register for checkConnection events
2024-05-10 10:54:40,112 [FATAL] Updater:308 - Updater called before beeing initialized
2024-05-10 10:54:40,112 [ERROR] CADModel:125 - Updater not yet initialized, retry later 
2024-05-10 10:54:40,114 [FATAL] Updater:308 - Updater called before beeing initialized
2024-05-10 10:54:40,221 [FATAL] Updater:308 - Updater called before beeing initialized
2024-05-10 10:54:40,224 [INFO] DbMcusAds:53 - JSON generation date=Thu May 02 10:37:29 CEST 2024 (1714639049318)
2024-05-10 10:54:40,224 [FATAL] Updater:308 - Updater called before beeing initialized
2024-05-10 10:54:40,260 [WARN] DetailPanel:346 - Failed to get advertising image, set to default
2024-05-10 10:54:40,332 [FATAL] Updater:308 - Updater called before beeing initialized
2024-05-10 10:54:40,335 [FATAL] Updater:308 - Updater called before beeing initialized
2024-05-10 10:54:40,335 [FATAL] Updater:308 - Updater called before beeing initialized
2024-05-10 10:54:40,335 [WARN] DetailPanel:346 - Failed to get advertising image, set to default
2024-05-10 10:54:40,335 [FATAL] Updater:308 - Updater called before beeing initialized
2024-05-10 10:54:40,394 [ERROR] Updater:1120 - MainUpdater not yet initialized. External WinMGr cannot be set.
2024-05-10 10:54:40,396 [INFO] Updater:1056 - Updater Version found : 6.10.0
2024-05-10 10:54:40,413 [INFO] ApplicationProperties:184 - Using Application install path: C:\ST\STM32CubeIDE_1.14.1\STM32CubeIDE\plugins\com.st.stm32cube.common.mx_6.10.0.202311202037
2024-05-10 10:54:41,997 [ERROR] LogOutputStream:75 - [STDERR_REDIRECT] May 10, 2024 10:54:41 AM java.util.prefs.WindowsPreferences <init>
2024-05-10 10:54:41,999 [ERROR] LogOutputStream:75 - [STDERR_REDIRECT] WARNING: Could not open/create prefs root node Software\JavaSoft\Prefs at root 0xffffffff80000002. Windows RegCreateKeyEx(...) returned error code 5.
2024-05-10 10:54:41,999 [ERROR] LogOutputStream:75 - [STDERR_REDIRECT] 
2024-05-10 10:54:42,366 [INFO] ThirdPartyUpdaterWithRetryManager:70 - Updater plugin not ready yet. [2/15]
2024-05-10 10:54:42,380 [INFO] MainUpdater:2873 - connection check result : 10
2024-05-10 10:54:42,381 [INFO] MainUpdater:290 - Updater Check For Update Now.
2024-05-10 10:54:42,381 [INFO] MicroXplorer:498 - Change Database Version : DB.6.0.100
2024-05-10 10:54:42,402 [INFO] McuFinderGlobals:63 - Set McuFinder mode to 2 (CubeIDE integrated)
2024-05-10 10:54:42,641 [INFO] CheckServerUpdateThread:120 - End of CheckServer Thread
2024-05-10 10:54:42,757 [INFO] UserAuth:404 - Internet connection configuration mode: 1
2024-05-10 10:54:42,771 [INFO] JxBrowserEngine:152 - Initiate JxBrowser Engine with user profile folder
2024-05-10 10:54:43,438 [INFO] WebApp:161 - Instantiating new browser for Auth
2024-05-10 10:54:44,066 [INFO] WebApp:780 - Register for checkConnection events
2024-05-10 10:54:44,066 [INFO] WebApp:414 - Apply proxy settings
2024-05-10 10:54:44,066 [INFO] WebApp:499 - Chromium requires no authentication
2024-05-10 10:54:44,072 [INFO] WebApp:442 - Direct internet connection detected
2024-05-10 10:54:44,209 [INFO] WebApp:192 - Starting web application
2024-05-10 10:54:44,209 [INFO] WebApp:544 - Web application path used C:\ST\STM32CubeIDE_1.14.1\STM32CubeIDE\plugins\com.st.stm32cube.common.mx_6.10.0.202311202037\db\plugins\mcufinder\reactClient1\index.html
2024-05-10 10:54:45,552 [WARN] PackLoader:240 - Cannot read IP mode file for STMicroelectronics.FP-SNS-MOTENVWB1.1.4.0
2024-05-10 10:54:45,565 [WARN] PackLoader:240 - Cannot read IP mode file for STMicroelectronics.X-CUBE-SMBUS.2.1.0
2024-05-10 10:54:45,570 [WARN] PackLoader:240 - Cannot read IP mode file for STMicroelectronics.X-CUBE-TOUCHGFX.4.23.1
2024-05-10 10:54:45,573 [WARN] PackLoader:240 - Cannot read IP mode file for STMicroelectronics.X-CUBE-TOUCHGFX.4.23.0
2024-05-10 10:54:45,576 [WARN] PackLoader:240 - Cannot read IP mode file for STMicroelectronics.X-CUBE-TOUCHGFX.4.23.2
2024-05-10 10:54:45,651 [WARN] PackLoader:240 - Cannot read IP mode file for STMicroelectronics.X-CUBE-AZRTOS-F7.1.1.0
2024-05-10 10:54:45,671 [WARN] PackLoader:240 - Cannot read IP mode file for STMicroelectronics.FP-SNS-MOTENV1.4.3.2
2024-05-10 10:54:45,683 [WARN] PackLoader:240 - Cannot read IP mode file for STMicroelectronics.FP-SNS-FLIGHT1.5.0.2
2024-05-10 10:54:45,695 [WARN] PackLoader:240 - Cannot read IP mode file for STMicroelectronics.X-CUBE-DISPLAY.3.0.0
2024-05-10 10:54:45,722 [WARN] PackLoader:240 - Cannot read IP mode file for STMicroelectronics.X-CUBE-BLE1.7.0.0
2024-05-10 10:54:45,732 [WARN] PackLoader:240 - Cannot read IP mode file for emotas.I-CUBE-CANOPEN.1.3.0
2024-05-10 10:54:45,779 [WARN] PackLoader:240 - Cannot read IP mode file for STMicroelectronics.X-CUBE-BLEMGR.3.1.0
2024-05-10 10:54:45,811 [WARN] PackLoader:240 - Cannot read IP mode file for STMicroelectronics.FP-SNS-SMARTAG2.1.2.0
2024-05-10 10:54:45,912 [INFO] LogOutputStream:77 - [STDOUT_REDIRECT] 1 : Invalid condition id : UX_CORESTACK_Condition cause : null
2024-05-10 10:54:45,912 [INFO] LogOutputStream:77 - [STDOUT_REDIRECT] 1 : Invalid condition id : UX_CORESTACK_Condition cause : null
2024-05-10 10:54:45,912 [INFO] LogOutputStream:77 - [STDOUT_REDIRECT] 1 : Invalid condition id : UX_CORESTACK_Condition cause : null
2024-05-10 10:54:45,995 [INFO] LogOutputStream:77 - [STDOUT_REDIRECT] 1 : Invalid condition id : UX_CORESTACK_Condition cause : null
2024-05-10 10:54:45,995 [INFO] LogOutputStream:77 - [STDOUT_REDIRECT] 1 : Invalid condition id : UX_CORESTACK_Condition cause : null
2024-05-10 10:54:46,005 [WARN] PackLoader:240 - Cannot read IP mode file for STMicroelectronics.X-CUBE-AZRTOS-WL.2.0.0
2024-05-10 10:54:46,016 [WARN] PackLoader:240 - Cannot read IP mode file for STMicroelectronics.FP-SNS-MOTENV1.5.0.0
2024-05-10 10:54:46,046 [WARN] PackLoader:240 - Cannot read IP mode file for WES.I-CUBE-Cesium.1.3.0
2024-05-10 10:54:46,059 [WARN] PackLoader:240 - Cannot read IP mode file for STMicroelectronics.X-CUBE-BLE2.3.3.0
2024-05-10 10:54:46,079 [WARN] PackLoader:240 - Cannot read IP mode file for STMicroelectronics.X-CUBE-TCPP.4.1.0
2024-05-10 10:54:46,096 [WARN] PackLoader:240 - Cannot read IP mode file for STMicroelectronics.X-CUBE-ALGOBUILD.1.3.0
2024-05-10 10:54:46,472 [WARN] PackLoader:240 - Cannot read IP mode file for STMicroelectronics.X-CUBE-AZRTOS-G0.1.1.0
2024-05-10 10:54:46,495 [WARN] PackLoader:240 - Cannot read IP mode file for STMicroelectronics.X-CUBE-SAFEA1.1.2.2
2024-05-10 10:54:46,532 [WARN] PackLoader:240 - Cannot read IP mode file for STMicroelectronics.X-CUBE-NFC4.3.0.0
2024-05-10 10:54:46,538 [WARN] PackLoader:240 - Cannot read IP mode file for STMicroelectronics.FP-ATR-SIGFOX1.3.2.0
2024-05-10 10:54:46,563 [WARN] PackLoader:240 - Cannot read IP mode file for STMicroelectronics.X-CUBE-EEPRMA1.5.1.0
2024-05-10 10:54:46,839 [WARN] PackLoader:240 - Cannot read IP mode file for SEGGER.I-CUBE-embOS.1.3.1
2024-05-10 10:54:47,099 [WARN] PackLoader:240 - Cannot read IP mode file for STMicroelectronics.X-CUBE-ALGOBUILD.1.4.0
2024-05-10 10:54:47,129 [WARN] PackLoader:240 - Cannot read IP mode file for STMicroelectronics.X-CUBE-GNSS1.6.0.0
2024-05-10 10:54:47,465 [WARN] PackLoader:240 - Cannot read IP mode file for STMicroelectronics.X-CUBE-AZRTOS-F4.1.1.0
2024-05-10 10:54:47,602 [WARN] PackLoader:240 - Cannot read IP mode file for STMicroelectronics.X-CUBE-FREERTOS.1.2.0
2024-05-10 10:54:47,616 [WARN] PackLoader:240 - Cannot read IP mode file for wolfSSL.I-CUBE-wolfSSL.5.6.6
2024-05-10 10:54:48,090 [WARN] PackLoader:240 - Cannot read IP mode file for STMicroelectronics.X-CUBE-AZRTOS-L5.2.0.0
2024-05-10 10:54:48,141 [WARN] PackLoader:240 - Cannot read IP mode file for STMicroelectronics.X-CUBE-NFC6.3.1.0
2024-05-10 10:54:48,265 [WARN] PackLoader:240 - Cannot read IP mode file for ITTIA_DB.I-CUBE-ITTIADB.8.8.0
2024-05-10 10:54:48,275 [WARN] PackLoader:240 - Cannot read IP mode file for STMicroelectronics.X-CUBE-AI.9.0.0
2024-05-10 10:54:48,281 [WARN] PackLoader:240 - Cannot read IP mode file for STMicroelectronics.X-CUBE-NFC7.1.0.1
2024-05-10 10:54:48,400 [WARN] PackLoader:240 - Cannot read IP mode file for STMicroelectronics.X-CUBE-NFC6.3.0.0
2024-05-10 10:54:48,699 [WARN] PackLoader:240 - Cannot read IP mode file for STMicroelectronics.X-CUBE-AI.8.1.0
2024-05-10 10:54:49,063 [WARN] ConditionMgr:438 - getConditionDescription Invalid condition id : LAN8742 Phy interface Condition cause : null
2024-05-10 10:54:49,065 [WARN] PackLoader:240 - Cannot read IP mode file for STMicroelectronics.X-CUBE-AZRTOS-L4.2.0.0
2024-05-10 10:54:49,065 [WARN] ConditionMgr:1039 - genDependencies : Invalid condition id : LAN8742 Phy interface Condition cause : null
2024-05-10 10:54:49,071 [WARN] ConditionMgr:1039 - genDependencies : Invalid condition id : LAN8742 Phy interface Condition cause : null
2024-05-10 10:54:49,072 [WARN] ConditionMgr:1039 - genDependencies : Invalid condition id : LAN8742 Phy interface Condition cause : null
2024-05-10 10:54:49,095 [WARN] PackLoader:240 - Cannot read IP mode file for STMicroelectronics.X-CUBE-SFXS2LP1.4.0.0
2024-05-10 10:54:49,221 [WARN] ConditionMgr:438 - getConditionDescription Invalid condition id : UX DEVICE CLASS RTOS Condition cause : null
2024-05-10 10:54:49,221 [WARN] ConditionMgr:438 - getConditionDescription Invalid condition id : UX DEVICE CLASS RTOS Condition cause : null
2024-05-10 10:54:49,223 [WARN] PackLoader:240 - Cannot read IP mode file for STMicroelectronics.X-CUBE-AZRTOS-WB.2.0.0
2024-05-10 10:54:49,223 [WARN] ConditionMgr:1039 - genDependencies : Invalid condition id : UX DEVICE CLASS RTOS Condition cause : null
2024-05-10 10:54:49,223 [WARN] ConditionMgr:1039 - genDependencies : Invalid condition id : UX DEVICE CLASS RTOS Condition cause : null
2024-05-10 10:54:49,314 [WARN] ConditionMgr:1039 - genDependencies : Invalid condition id : UX DEVICE CLASS RTOS Condition cause : null
2024-05-10 10:54:49,314 [WARN] ConditionMgr:1039 - genDependencies : Invalid condition id : UX DEVICE CLASS RTOS Condition cause : null
2024-05-10 10:54:49,314 [WARN] ConditionMgr:1039 - genDependencies : Invalid condition id : UX DEVICE CLASS RTOS Condition cause : null
2024-05-10 10:54:49,357 [WARN] PackLoader:240 - Cannot read IP mode file for STMicroelectronics.X-CUBE-SUBG2.5.0.0
2024-05-10 10:54:49,498 [WARN] PackLoader:240 - Cannot read IP mode file for STMicroelectronics.X-CUBE-AZRTOS-G4.2.0.0
2024-05-10 10:54:49,531 [WARN] PackLoader:240 - Cannot read IP mode file for Infineon.AIROC-Wi-Fi-Bluetooth-STM32.1.5.1
2024-05-10 10:54:49,545 [WARN] PackLoader:240 - Cannot read IP mode file for STMicroelectronics.FP-SNS-MOTENVWB1.1.3.1
2024-05-10 10:54:49,650 [WARN] PackLoader:240 - Cannot read IP mode file for STMicroelectronics.X-CUBE-ISPU.2.0.0
2024-05-10 10:54:49,816 [WARN] PackLoader:240 - Cannot read IP mode file for STMicroelectronics.X-CUBE-MEMS1.10.0.0
2024-05-10 10:54:50,930 [WARN] PackLoader:240 - Cannot read IP mode file for STMicroelectronics.X-CUBE-FREERTOS.1.1.0
2024-05-10 10:54:50,955 [WARN] PackLoader:240 - Cannot read IP mode file for portGmbH.I-Cube-SoM-uGOAL.1.1.0
2024-05-10 10:54:51,157 [WARN] PackLoader:240 - Cannot read IP mode file for STMicroelectronics.X-CUBE-ALS.1.0.1
2024-05-10 10:54:51,228 [WARN] PackLoader:240 - Cannot read IP mode file for STMicroelectronics.X-CUBE-AZRTOS-H7RS.1.0.0
2024-05-10 10:54:51,255 [WARN] PackLoader:240 - Cannot read IP mode file for STMicroelectronics.FP-ATR-ASTRA1.2.0.0
2024-05-10 10:54:51,368 [WARN] PackLoader:240 - Cannot read IP mode file for STMicroelectronics.X-CUBE-TOF1.3.4.1
2024-05-10 10:54:51,421 [WARN] PackLoader:240 - Cannot read IP mode file for STMicroelectronics.X-CUBE-AZRTOS-H7.3.2.0
2024-05-10 10:54:51,429 [INFO] ThirdParty:978 - Integrity check success = true
2024-05-10 10:54:51,429 [INFO] IntegrityCheckThread:100 - exiting critical section [integrity check]
2024-05-10 10:54:51,429 [INFO] IntegrityCheckThread:103 - End integrity checks thread
2024-05-10 10:55:05,561 [ERROR] LogOutputStream:75 - [STDERR_REDIRECT] SLF4J: Failed to load class "org.slf4j.impl.StaticLoggerBinder".
2024-05-10 10:55:05,561 [ERROR] LogOutputStream:75 - [STDERR_REDIRECT] SLF4J: Defaulting to no-operation (NOP) logger implementation
2024-05-10 10:55:05,561 [ERROR] LogOutputStream:75 - [STDERR_REDIRECT] SLF4J: See http://www.slf4j.org/codes.html#StaticLoggerBinder for further details.
2024-05-10 12:19:22,295 [ERROR] LogOutputStream:75 - [STDERR_REDIRECT] 
