2024-07-22 10:19:16,659 [ERROR] LogOutputStream:75 - [STDERR_REDIRECT] 
2024-07-22 11:39:45,198 [INFO] Activator:176 - 


2024-07-22 11:39:45,200 [INFO] Activator:177 - !SESSION log4j initialized
2024-07-22 11:39:50,036 [INFO] LogOutputStream:77 - [STDOUT_REDIRECT] 
2024-07-22 11:39:52,560 [INFO] ApplicationProperties:184 - Using Application install path: C:\ST\STM32CubeIDE_1.14.1\STM32CubeIDE\plugins\com.st.stm32cube.common.mx_6.11.1.202404110753
2024-07-22 11:39:52,575 [INFO] DbMcusXml:78 - Set database path to: C:\ST\STM32CubeIDE_1.14.1\STM32CubeIDE\plugins\com.st.stm32cube.common.mx_6.11.1.202404110753\\db\/mcu/
2024-07-22 11:39:52,575 [INFO] ApiDb:274 - Set plugin database path to: C:\ST\STM32CubeIDE_1.14.1\STM32CubeIDE\plugins\com.st.stm32cube.common.mx_6.11.1.202404110753\\db\/plugins/boardmanager/
2024-07-22 11:39:52,575 [WARN] ApiDb:259 - Overriding images path with different value:  => C:\ST\STM32CubeIDE_1.14.1\STM32CubeIDE\plugins\com.st.stm32cube.common.mx_6.11.1.202404110753\\db\/plugins/mcufinder/images/
2024-07-22 11:39:52,582 [INFO] ApiDb:250 - Set database path to: C:\Users\anton\.stmcufinder\plugins\mcufinder//mcu/
2024-07-22 11:39:52,584 [INFO] DbMcusAds:125 - Set database path to: C:\Users\anton\.stmcufinder\plugins\mcufinder//mcu/
2024-07-22 11:39:52,585 [INFO] CrossReferenceDbSqlite:203 - Set database path to: C:\Users\anton\.stmcufinder\plugins\mcufinder//mcu/cs/
2024-07-22 11:39:52,674 [INFO] RulesReader:64 - Compatibility file has been processed (297 Rules)
2024-07-22 11:39:52,751 [INFO] DbMcusXml:78 - Set database path to: C:\ST\STM32CubeIDE_1.14.1\STM32CubeIDE\plugins\com.st.stm32cube.common.mx_6.11.1.202404110753\\db\/mcu/
2024-07-22 11:39:52,751 [INFO] ApiDb:274 - Set plugin database path to: C:\ST\STM32CubeIDE_1.14.1\STM32CubeIDE\plugins\com.st.stm32cube.common.mx_6.11.1.202404110753\\db\/plugins/boardmanager/
2024-07-22 11:39:52,751 [INFO] ApiDb:261 - Set plugin images path to: C:\ST\STM32CubeIDE_1.14.1\STM32CubeIDE\plugins\com.st.stm32cube.common.mx_6.11.1.202404110753\\db\/plugins/mcufinder/images/
2024-07-22 11:39:52,751 [WARN] DbFile:41 - Overriding database path with different value: C:\Users\anton\.stmcufinder\plugins\mcufinder/ => C:\Users\anton\.stmcufinder\plugins\mcufinder
2024-07-22 11:39:52,753 [INFO] ApiDb:250 - Set database path to: C:\Users\anton\.stmcufinder\plugins\mcufinder//mcu/
2024-07-22 11:39:52,753 [WARN] DbFile:41 - Overriding database path with different value: C:\Users\anton\.stmcufinder\plugins\mcufinder/ => C:\Users\anton\.stmcufinder\plugins\mcufinder
2024-07-22 11:39:52,753 [INFO] DbMcusAds:125 - Set database path to: C:\Users\anton\.stmcufinder\plugins\mcufinder//mcu/
2024-07-22 11:39:52,753 [WARN] DbFile:41 - Overriding database path with different value: C:\Users\anton\.stmcufinder\plugins\mcufinder/ => C:\Users\anton\.stmcufinder\plugins\mcufinder
2024-07-22 11:39:52,753 [WARN] DbFile:41 - Overriding database path with different value: C:\Users\anton\.stmcufinder\plugins\mcufinder/ => C:\Users\anton\.stmcufinder\plugins\mcufinder
2024-07-22 11:39:52,753 [INFO] CrossReferenceDbSqlite:203 - Set database path to: C:\Users\anton\.stmcufinder\plugins\mcufinder//mcu/cs/
2024-07-22 11:39:52,831 [INFO] MainPanel:264 - HeapMemory: 268435456
2024-07-22 11:39:52,898 [INFO] DbMcusXml:78 - Set database path to: C:\ST\STM32CubeIDE_1.14.1\STM32CubeIDE\plugins\com.st.stm32cube.common.mx_6.11.1.202404110753\\db\/mcu/
2024-07-22 11:39:52,898 [INFO] ApiDb:274 - Set plugin database path to: C:\ST\STM32CubeIDE_1.14.1\STM32CubeIDE\plugins\com.st.stm32cube.common.mx_6.11.1.202404110753\\db\/plugins/boardmanager/
2024-07-22 11:39:52,898 [INFO] ApiDb:261 - Set plugin images path to: C:\ST\STM32CubeIDE_1.14.1\STM32CubeIDE\plugins\com.st.stm32cube.common.mx_6.11.1.202404110753\\db\/plugins/mcufinder/images/
2024-07-22 11:39:52,898 [WARN] DbFile:41 - Overriding database path with different value: C:\Users\anton\.stmcufinder\plugins\mcufinder/ => C:\Users\anton\.stmcufinder\plugins\mcufinder
2024-07-22 11:39:52,898 [INFO] ApiDb:250 - Set database path to: C:\Users\anton\.stmcufinder\plugins\mcufinder//mcu/
2024-07-22 11:39:52,898 [WARN] DbFile:41 - Overriding database path with different value: C:\Users\anton\.stmcufinder\plugins\mcufinder/ => C:\Users\anton\.stmcufinder\plugins\mcufinder
2024-07-22 11:39:52,899 [INFO] DbMcusAds:125 - Set database path to: C:\Users\anton\.stmcufinder\plugins\mcufinder//mcu/
2024-07-22 11:39:52,899 [WARN] DbFile:41 - Overriding database path with different value: C:\Users\anton\.stmcufinder\plugins\mcufinder/ => C:\Users\anton\.stmcufinder\plugins\mcufinder
2024-07-22 11:39:52,899 [WARN] DbFile:41 - Overriding database path with different value: C:\Users\anton\.stmcufinder\plugins\mcufinder/ => C:\Users\anton\.stmcufinder\plugins\mcufinder
2024-07-22 11:39:52,899 [INFO] CrossReferenceDbSqlite:203 - Set database path to: C:\Users\anton\.stmcufinder\plugins\mcufinder//mcu/cs/
2024-07-22 11:39:52,912 [INFO] ApplicationProperties:184 - Using Application install path: C:\ST\STM32CubeIDE_1.14.1\STM32CubeIDE\plugins\com.st.stm32cube.common.mx_6.11.1.202404110753
2024-07-22 11:39:52,914 [INFO] PluginManage:196 - Search for loadable plugins [exclusion list=, ]
2024-07-22 11:39:52,915 [INFO] PluginManage:310 - Check plugin analytics
2024-07-22 11:39:53,111 [INFO] AnalyticsPlugin:253 - Accepted Software Licenses: 
2024-07-22 11:39:53,112 [INFO] AnalyticsPlugin:255 - Accepted CMSIS Pack Licenses: 
2024-07-22 11:39:53,112 [INFO] AnalyticsPlugin:257 - Accepted Firmware Licenses: FW.F4.1.28.0
2024-07-22 11:39:53,117 [INFO] PluginManage:359 - Loaded plugin analytics (category:tool,tabindex:-1)
2024-07-22 11:39:53,117 [INFO] PluginManage:310 - Check plugin cadmodel
2024-07-22 11:39:53,134 [INFO] CADModel:105 - Init CAD model plugin
2024-07-22 11:39:53,135 [INFO] PluginManage:359 - Loaded plugin cadmodel (category:power,tabindex:5)
2024-07-22 11:39:53,135 [INFO] PluginManage:310 - Check plugin clock
2024-07-22 11:39:53,155 [INFO] PluginManage:359 - Loaded plugin clock (category:base,tabindex:2)
2024-07-22 11:39:53,155 [INFO] PluginManage:310 - Check plugin ddr
2024-07-22 11:39:53,156 [INFO] PluginManage:359 - Loaded plugin ddr (category:tool,tabindex:6)
2024-07-22 11:39:53,157 [INFO] PluginManage:310 - Check plugin filemanager
2024-07-22 11:39:53,280 [INFO] PluginManage:359 - Loaded plugin filemanager (category:base,tabindex:10)
2024-07-22 11:39:53,280 [INFO] PluginManage:310 - Check plugin ipmanager
2024-07-22 11:39:53,287 [INFO] PluginManage:359 - Loaded plugin ipmanager (category:base,tabindex:5)
2024-07-22 11:39:53,288 [INFO] PluginManage:310 - Check plugin lpbam
2024-07-22 11:39:53,300 [INFO] PluginManage:359 - Loaded plugin lpbam (category:base,tabindex:0)
2024-07-22 11:39:53,300 [INFO] PluginManage:310 - Check plugin memorymap
2024-07-22 11:39:53,321 [INFO] PluginManage:359 - Loaded plugin memorymap (category:base,tabindex:4)
2024-07-22 11:39:53,321 [INFO] PluginManage:310 - Check plugin pinoutandconfiguration
2024-07-22 11:39:53,339 [INFO] PluginManage:359 - Loaded plugin pinoutandconfiguration (category:base,tabindex:1)
2024-07-22 11:39:53,339 [INFO] PluginManage:310 - Check plugin pinoutconfig
2024-07-22 11:39:53,418 [WARN] SupportedApi:132 - Cannot load RTOS API schema: s4s-elt-must-match.1: The content of 'definitions' must match (annotation?, (simpleType | complexType)?, (unique | key | keyref)*)). A problem was found starting at: attribute.
2024-07-22 11:39:53,519 [INFO] PluginManage:359 - Loaded plugin pinoutconfig (category:base,tabindex:0)
2024-07-22 11:39:53,519 [INFO] PluginManage:310 - Check plugin power
2024-07-22 11:39:53,533 [INFO] PluginManage:359 - Loaded plugin power (category:power,tabindex:4)
2024-07-22 11:39:53,533 [INFO] PluginManage:310 - Check plugin projectmanager
2024-07-22 11:39:53,545 [INFO] PluginManage:359 - Loaded plugin projectmanager (category:projectmanager,tabindex:3)
2024-07-22 11:39:53,545 [INFO] PluginManage:310 - Check plugin thirdparty
2024-07-22 11:39:53,772 [INFO] PluginManage:359 - Loaded plugin thirdparty (category:base,tabindex:-1)
2024-07-22 11:39:53,772 [WARN] IntegrityCheckThread:84 - waiting for thirdparty lock release [integrity check]
2024-07-22 11:39:53,773 [INFO] PluginManage:310 - Check plugin tools
2024-07-22 11:39:53,773 [INFO] IntegrityCheckThread:86 - entering critical section [integrity check]
2024-07-22 11:39:53,774 [INFO] ThirdPartyUpdaterWithRetryManager:70 - Updater plugin not ready yet. [1/15]
2024-07-22 11:39:53,795 [INFO] PluginManage:359 - Loaded plugin tools (category:base,tabindex:7)
2024-07-22 11:39:53,795 [INFO] PluginManage:310 - Check plugin tutovideos
2024-07-22 11:39:53,922 [INFO] PluginManage:359 - Loaded plugin tutovideos (category:base,tabindex:-1)
2024-07-22 11:39:53,922 [INFO] PluginManage:310 - Check plugin updater
2024-07-22 11:39:53,930 [INFO] PluginManage:359 - Loaded plugin updater (category:base,tabindex:12)
2024-07-22 11:39:53,930 [INFO] PluginManage:310 - Check plugin userauth
2024-07-22 11:39:53,934 [INFO] UserAuth:114 - Init User Auth plugin
2024-07-22 11:39:53,934 [INFO] PluginManage:359 - Loaded plugin userauth (category:base,tabindex:14)
2024-07-22 11:39:53,935 [INFO] PluginManage:283 - PluginManage : Loaded plugins [17]
2024-07-22 11:39:54,100 [INFO] PinOutPanel:1561 - setPackage(No Configuration,No Configuration)
2024-07-22 11:39:54,167 [INFO] CADModel:165 - CPN selected for project level
2024-07-22 11:39:54,167 [INFO] CADModel:114 - Register for checkConnection events
2024-07-22 11:39:54,192 [INFO] IPUIPlugin:80 - create IPUIPlugin
2024-07-22 11:39:54,192 [INFO] PluginManager:220 - loadIPPluginJar : add adc
2024-07-22 11:39:54,220 [INFO] IPUIPlugin:80 - create IPUIPlugin
2024-07-22 11:39:54,221 [INFO] PluginManager:220 - loadIPPluginJar : add aes
2024-07-22 11:39:54,250 [INFO] IPUIPlugin:80 - create IPUIPlugin
2024-07-22 11:39:54,250 [INFO] PluginManager:220 - loadIPPluginJar : add can
2024-07-22 11:39:54,267 [INFO] IPUIPlugin:80 - create IPUIPlugin
2024-07-22 11:39:54,267 [INFO] PluginManager:220 - loadIPPluginJar : add comp
2024-07-22 11:39:54,288 [INFO] IPUIPlugin:80 - create IPUIPlugin
2024-07-22 11:39:54,288 [INFO] PluginManager:220 - loadIPPluginJar : add cryp
2024-07-22 11:39:54,305 [INFO] IPUIPlugin:80 - create IPUIPlugin
2024-07-22 11:39:54,305 [INFO] PluginManager:220 - loadIPPluginJar : add dfsdm
2024-07-22 11:39:54,313 [INFO] IPUIPlugin:80 - create IPUIPlugin
2024-07-22 11:39:54,314 [INFO] PluginManager:220 - loadIPPluginJar : add dma
2024-07-22 11:39:54,339 [INFO] IPUIPlugin:80 - create IPUIPlugin
2024-07-22 11:39:54,339 [INFO] PluginManager:220 - loadIPPluginJar : add dma3
2024-07-22 11:39:54,365 [INFO] IPUIPlugin:80 - create IPUIPlugin
2024-07-22 11:39:54,365 [INFO] PluginManager:220 - loadIPPluginJar : add extmemmanager
2024-07-22 11:39:54,378 [INFO] IPUIPlugin:80 - create IPUIPlugin
2024-07-22 11:39:54,378 [INFO] PluginManager:220 - loadIPPluginJar : add fatfs
2024-07-22 11:39:54,406 [INFO] IPUIPlugin:80 - create IPUIPlugin
2024-07-22 11:39:54,406 [INFO] PluginManager:220 - loadIPPluginJar : add fmc
2024-07-22 11:39:54,415 [INFO] IPUIPlugin:80 - create IPUIPlugin
2024-07-22 11:39:54,415 [INFO] PluginManager:220 - loadIPPluginJar : add freertos
2024-07-22 11:39:54,427 [INFO] IPUIPlugin:80 - create IPUIPlugin
2024-07-22 11:39:54,427 [INFO] PluginManager:220 - loadIPPluginJar : add genericplugin
2024-07-22 11:39:54,480 [INFO] IPUIPlugin:80 - create IPUIPlugin
2024-07-22 11:39:54,480 [INFO] PluginManager:220 - loadIPPluginJar : add gfxmmu
2024-07-22 11:39:54,558 [INFO] IPUIPlugin:80 - create IPUIPlugin
2024-07-22 11:39:54,558 [INFO] PluginManager:220 - loadIPPluginJar : add gic
2024-07-22 11:39:54,565 [INFO] IPUIPlugin:80 - create IPUIPlugin
2024-07-22 11:39:54,565 [INFO] PluginManager:220 - loadIPPluginJar : add gpio
2024-07-22 11:39:54,631 [INFO] IPUIPlugin:80 - create IPUIPlugin
2024-07-22 11:39:54,631 [INFO] PluginManager:220 - loadIPPluginJar : add gtzc
2024-07-22 11:39:54,652 [INFO] IPUIPlugin:80 - create IPUIPlugin
2024-07-22 11:39:54,652 [INFO] PluginManager:220 - loadIPPluginJar : add hash
2024-07-22 11:39:54,683 [INFO] IPUIPlugin:80 - create IPUIPlugin
2024-07-22 11:39:54,683 [INFO] PluginManager:220 - loadIPPluginJar : add i2c
2024-07-22 11:39:54,705 [INFO] IPUIPlugin:80 - create IPUIPlugin
2024-07-22 11:39:54,705 [INFO] PluginManager:220 - loadIPPluginJar : add i2s
2024-07-22 11:39:54,728 [INFO] IPUIPlugin:80 - create IPUIPlugin
2024-07-22 11:39:54,728 [INFO] PluginManager:220 - loadIPPluginJar : add i3c
2024-07-22 11:39:54,786 [INFO] IPUIPlugin:80 - create IPUIPlugin
2024-07-22 11:39:54,786 [INFO] PluginManager:220 - loadIPPluginJar : add ipddr
2024-07-22 11:39:54,844 [INFO] IPUIPlugin:80 - create IPUIPlugin
2024-07-22 11:39:54,844 [INFO] PluginManager:220 - loadIPPluginJar : add linkedlist
2024-07-22 11:39:54,865 [INFO] IPUIPlugin:80 - create IPUIPlugin
2024-07-22 11:39:54,865 [INFO] PluginManager:220 - loadIPPluginJar : add lorawan
2024-07-22 11:39:54,886 [INFO] IPUIPlugin:80 - create IPUIPlugin
2024-07-22 11:39:54,886 [INFO] PluginManager:220 - loadIPPluginJar : add ltdc
2024-07-22 11:39:54,896 [INFO] IPUIPlugin:80 - create IPUIPlugin
2024-07-22 11:39:54,896 [INFO] PluginManager:220 - loadIPPluginJar : add mdma
2024-07-22 11:39:54,904 [INFO] IPUIPlugin:80 - create IPUIPlugin
2024-07-22 11:39:54,904 [INFO] PluginManager:220 - loadIPPluginJar : add nvic
2024-07-22 11:39:54,928 [INFO] IPUIPlugin:80 - create IPUIPlugin
2024-07-22 11:39:54,928 [INFO] PluginManager:220 - loadIPPluginJar : add opamp
2024-07-22 11:39:54,963 [INFO] IPUIPlugin:80 - create IPUIPlugin
2024-07-22 11:39:54,963 [INFO] PluginManager:220 - loadIPPluginJar : add openamp
2024-07-22 11:39:54,988 [INFO] IPUIPlugin:80 - create IPUIPlugin
2024-07-22 11:39:54,988 [INFO] PluginManager:220 - loadIPPluginJar : add pdm2pcm
2024-07-22 11:39:54,997 [INFO] IPUIPlugin:80 - create IPUIPlugin
2024-07-22 11:39:54,998 [INFO] PluginManager:220 - loadIPPluginJar : add plateformsettings
2024-07-22 11:39:55,012 [INFO] IPUIPlugin:80 - create IPUIPlugin
2024-07-22 11:39:55,012 [INFO] PluginManager:220 - loadIPPluginJar : add quadspi
2024-07-22 11:39:55,020 [INFO] IPUIPlugin:80 - create IPUIPlugin
2024-07-22 11:39:55,020 [INFO] PluginManager:220 - loadIPPluginJar : add resmgrutility
2024-07-22 11:39:55,046 [INFO] IPUIPlugin:80 - create IPUIPlugin
2024-07-22 11:39:55,046 [INFO] PluginManager:220 - loadIPPluginJar : add sai
2024-07-22 11:39:55,068 [INFO] IPUIPlugin:80 - create IPUIPlugin
2024-07-22 11:39:55,068 [INFO] PluginManager:220 - loadIPPluginJar : add spi
2024-07-22 11:39:55,108 [INFO] IPUIPlugin:80 - create IPUIPlugin
2024-07-22 11:39:55,108 [INFO] PluginManager:220 - loadIPPluginJar : add stm32_wpan
2024-07-22 11:39:55,123 [INFO] IPUIPlugin:80 - create IPUIPlugin
2024-07-22 11:39:55,123 [INFO] PluginManager:220 - loadIPPluginJar : add tim
2024-07-22 11:39:55,158 [INFO] IPUIPlugin:80 - create IPUIPlugin
2024-07-22 11:39:55,158 [INFO] PluginManager:220 - loadIPPluginJar : add touchsensing
2024-07-22 11:39:55,171 [INFO] IPUIPlugin:80 - create IPUIPlugin
2024-07-22 11:39:55,171 [INFO] PluginManager:220 - loadIPPluginJar : add tracer_emb
2024-07-22 11:39:55,184 [INFO] IPUIPlugin:80 - create IPUIPlugin
2024-07-22 11:39:55,184 [INFO] PluginManager:220 - loadIPPluginJar : add ts
2024-07-22 11:39:55,197 [INFO] IPUIPlugin:80 - create IPUIPlugin
2024-07-22 11:39:55,198 [INFO] PluginManager:220 - loadIPPluginJar : add tsc
2024-07-22 11:39:55,211 [INFO] IPUIPlugin:80 - create IPUIPlugin
2024-07-22 11:39:55,211 [INFO] PluginManager:220 - loadIPPluginJar : add ucpd
2024-07-22 11:39:55,235 [INFO] IPUIPlugin:80 - create IPUIPlugin
2024-07-22 11:39:55,235 [INFO] PluginManager:220 - loadIPPluginJar : add usart
2024-07-22 11:39:55,259 [INFO] IPUIPlugin:80 - create IPUIPlugin
2024-07-22 11:39:55,260 [INFO] PluginManager:220 - loadIPPluginJar : add usbx
2024-07-22 11:39:55,377 [INFO] CADModel:165 - CPN selected for project level
2024-07-22 11:39:55,377 [INFO] CADModel:114 - Register for checkConnection events
2024-07-22 11:39:55,377 [FATAL] Updater:308 - Updater called before beeing initialized
2024-07-22 11:39:55,377 [ERROR] CADModel:125 - Updater not yet initialized, retry later 
2024-07-22 11:39:55,488 [INFO] CADModel:165 - CPN selected for project level
2024-07-22 11:39:55,489 [INFO] CADModel:114 - Register for checkConnection events
2024-07-22 11:39:55,489 [FATAL] Updater:308 - Updater called before beeing initialized
2024-07-22 11:39:55,489 [ERROR] CADModel:125 - Updater not yet initialized, retry later 
2024-07-22 11:39:55,491 [FATAL] Updater:308 - Updater called before beeing initialized
2024-07-22 11:39:55,578 [FATAL] Updater:308 - Updater called before beeing initialized
2024-07-22 11:39:55,585 [INFO] DbMcusAds:53 - JSON generation date=Thu May 16 11:22:00 CEST 2024 (1715851320667)
2024-07-22 11:39:55,586 [FATAL] Updater:308 - Updater called before beeing initialized
2024-07-22 11:39:55,643 [WARN] DetailPanel:346 - Failed to get advertising image, set to default
2024-07-22 11:39:55,708 [FATAL] Updater:308 - Updater called before beeing initialized
2024-07-22 11:39:55,710 [FATAL] Updater:308 - Updater called before beeing initialized
2024-07-22 11:39:55,710 [FATAL] Updater:308 - Updater called before beeing initialized
2024-07-22 11:39:55,710 [WARN] DetailPanel:346 - Failed to get advertising image, set to default
2024-07-22 11:39:55,711 [FATAL] Updater:308 - Updater called before beeing initialized
2024-07-22 11:39:55,756 [ERROR] Updater:1120 - MainUpdater not yet initialized. External WinMGr cannot be set.
2024-07-22 11:39:55,762 [INFO] Updater:1056 - Updater Version found : 6.11.1
2024-07-22 11:39:55,777 [INFO] ApplicationProperties:184 - Using Application install path: C:\ST\STM32CubeIDE_1.14.1\STM32CubeIDE\plugins\com.st.stm32cube.common.mx_6.11.1.202404110753
2024-07-22 11:39:56,774 [INFO] ThirdPartyUpdaterWithRetryManager:70 - Updater plugin not ready yet. [2/15]
2024-07-22 11:39:57,353 [ERROR] LogOutputStream:75 - [STDERR_REDIRECT] Jul 22, 2024 11:39:57 AM java.util.prefs.WindowsPreferences <init>
2024-07-22 11:39:57,354 [ERROR] LogOutputStream:75 - [STDERR_REDIRECT] WARNING: Could not open/create prefs root node Software\JavaSoft\Prefs at root 0xffffffff80000002. Windows RegCreateKeyEx(...) returned error code 5.
2024-07-22 11:39:57,354 [ERROR] LogOutputStream:75 - [STDERR_REDIRECT] 
2024-07-22 11:39:57,674 [INFO] MainUpdater:2873 - connection check result : 10
2024-07-22 11:39:57,674 [INFO] MainUpdater:290 - Updater Check For Update Now.
2024-07-22 11:39:57,674 [INFO] MicroXplorer:498 - Change Database Version : DB.6.0.111
2024-07-22 11:39:57,694 [INFO] McuFinderGlobals:63 - Set McuFinder mode to 2 (CubeIDE integrated)
2024-07-22 11:39:57,714 [INFO] UserAuth:415 - Internet connection configuration mode: 1
2024-07-22 11:39:57,745 [INFO] JxBrowserEngine:152 - Initiate JxBrowser Engine with user profile folder
2024-07-22 11:39:57,879 [INFO] CheckServerUpdateThread:120 - End of CheckServer Thread
2024-07-22 11:39:59,981 [WARN] PackLoader:240 - Cannot read IP mode file for STMicroelectronics.FP-SNS-MOTENVWB1.1.4.0
2024-07-22 11:40:00,006 [WARN] PackLoader:240 - Cannot read IP mode file for STMicroelectronics.X-CUBE-SMBUS.2.1.0
2024-07-22 11:40:00,021 [WARN] PackLoader:240 - Cannot read IP mode file for STMicroelectronics.X-CUBE-TOUCHGFX.4.23.1
2024-07-22 11:40:00,029 [WARN] PackLoader:240 - Cannot read IP mode file for STMicroelectronics.X-CUBE-TOUCHGFX.4.23.0
2024-07-22 11:40:00,038 [WARN] PackLoader:240 - Cannot read IP mode file for STMicroelectronics.X-CUBE-TOUCHGFX.4.23.2
2024-07-22 11:40:00,071 [WARN] PackLoader:240 - Cannot read IP mode file for STMicroelectronics.X-CUBE-AZRTOS-F7.1.1.0
2024-07-22 11:40:00,088 [WARN] PackLoader:240 - Cannot read IP mode file for STMicroelectronics.FP-SNS-MOTENV1.4.3.2
2024-07-22 11:40:00,101 [WARN] PackLoader:240 - Cannot read IP mode file for STMicroelectronics.FP-SNS-FLIGHT1.5.0.2
2024-07-22 11:40:00,116 [WARN] PackLoader:240 - Cannot read IP mode file for STMicroelectronics.X-CUBE-DISPLAY.3.0.0
2024-07-22 11:40:00,133 [WARN] PackLoader:240 - Cannot read IP mode file for STMicroelectronics.X-CUBE-BLE1.7.0.0
2024-07-22 11:40:00,143 [WARN] PackLoader:240 - Cannot read IP mode file for emotas.I-CUBE-CANOPEN.1.3.0
2024-07-22 11:40:00,158 [WARN] PackLoader:240 - Cannot read IP mode file for STMicroelectronics.X-CUBE-BLEMGR.3.1.0
2024-07-22 11:40:00,172 [WARN] PackLoader:240 - Cannot read IP mode file for STMicroelectronics.FP-SNS-SMARTAG2.1.2.0
2024-07-22 11:40:00,191 [INFO] LogOutputStream:77 - [STDOUT_REDIRECT] 1 : Invalid condition id : UX_CORESTACK_Condition cause : null
2024-07-22 11:40:00,191 [INFO] LogOutputStream:77 - [STDOUT_REDIRECT] 1 : Invalid condition id : UX_CORESTACK_Condition cause : null
2024-07-22 11:40:00,192 [INFO] LogOutputStream:77 - [STDOUT_REDIRECT] 1 : Invalid condition id : UX_CORESTACK_Condition cause : null
2024-07-22 11:40:00,192 [INFO] LogOutputStream:77 - [STDOUT_REDIRECT] 1 : Invalid condition id : UX_CORESTACK_Condition cause : null
2024-07-22 11:40:00,193 [INFO] LogOutputStream:77 - [STDOUT_REDIRECT] 1 : Invalid condition id : UX_CORESTACK_Condition cause : null
2024-07-22 11:40:00,195 [WARN] PackLoader:240 - Cannot read IP mode file for STMicroelectronics.X-CUBE-AZRTOS-WL.2.0.0
2024-07-22 11:40:00,210 [WARN] PackLoader:240 - Cannot read IP mode file for STMicroelectronics.FP-SNS-MOTENV1.5.0.0
2024-07-22 11:40:00,220 [WARN] PackLoader:240 - Cannot read IP mode file for wolfSSL.I-CUBE-wolfMQTT.1.19.0
2024-07-22 11:40:00,232 [WARN] PackLoader:240 - Cannot read IP mode file for WES.I-CUBE-Cesium.1.3.0
2024-07-22 11:40:00,242 [WARN] PackLoader:240 - Cannot read IP mode file for STMicroelectronics.X-CUBE-BLE2.3.3.0
2024-07-22 11:40:00,276 [WARN] PackLoader:240 - Cannot read IP mode file for STMicroelectronics.X-CUBE-TCPP.4.1.0
2024-07-22 11:40:00,288 [WARN] PackLoader:240 - Cannot read IP mode file for STMicroelectronics.X-CUBE-ALGOBUILD.1.3.0
2024-07-22 11:40:00,311 [WARN] PackLoader:240 - Cannot read IP mode file for STMicroelectronics.X-CUBE-AZRTOS-G0.1.1.0
2024-07-22 11:40:00,325 [WARN] PackLoader:240 - Cannot read IP mode file for STMicroelectronics.X-CUBE-SAFEA1.1.2.2
2024-07-22 11:40:00,337 [WARN] PackLoader:240 - Cannot read IP mode file for STMicroelectronics.X-CUBE-NFC4.3.0.0
2024-07-22 11:40:00,352 [WARN] PackLoader:240 - Cannot read IP mode file for EmbeddedOffice.I-CUBE-FS-RTOS.1.0.1
2024-07-22 11:40:00,353 [ERROR] ConditionMgr:805 - Attr not supported : Dmpu
2024-07-22 11:40:00,353 [ERROR] ConditionMgr:805 - Attr not supported : Dmpu
2024-07-22 11:40:00,353 [ERROR] ConditionMgr:805 - Attr not supported : Dmpu
2024-07-22 11:40:00,353 [ERROR] ConditionMgr:805 - Attr not supported : Dmpu
2024-07-22 11:40:00,353 [ERROR] ConditionMgr:805 - Attr not supported : Dmpu
2024-07-22 11:40:00,353 [ERROR] ConditionMgr:805 - Attr not supported : Dmpu
2024-07-22 11:40:00,353 [ERROR] ConditionMgr:805 - Attr not supported : Dmpu
2024-07-22 11:40:00,353 [ERROR] ConditionMgr:805 - Attr not supported : Dmpu
2024-07-22 11:40:00,353 [ERROR] ConditionMgr:805 - Attr not supported : Dmpu
2024-07-22 11:40:00,353 [ERROR] ConditionMgr:805 - Attr not supported : Dmpu
2024-07-22 11:40:00,353 [ERROR] ConditionMgr:805 - Attr not supported : Dmpu
2024-07-22 11:40:00,353 [ERROR] ConditionMgr:805 - Attr not supported : Dmpu
2024-07-22 11:40:00,353 [ERROR] ConditionMgr:805 - Attr not supported : Dmpu
2024-07-22 11:40:00,353 [ERROR] ConditionMgr:805 - Attr not supported : Dmpu
2024-07-22 11:40:00,353 [ERROR] ConditionMgr:805 - Attr not supported : Dmpu
2024-07-22 11:40:00,353 [ERROR] ConditionMgr:805 - Attr not supported : Dmpu
2024-07-22 11:40:00,354 [ERROR] ConditionMgr:805 - Attr not supported : Dmpu
2024-07-22 11:40:00,354 [ERROR] ConditionMgr:805 - Attr not supported : Dmpu
2024-07-22 11:40:00,354 [ERROR] ConditionMgr:805 - Attr not supported : Dmpu
2024-07-22 11:40:00,354 [ERROR] ConditionMgr:805 - Attr not supported : Dmpu
2024-07-22 11:40:00,354 [ERROR] ConditionMgr:805 - Attr not supported : Dmpu
2024-07-22 11:40:00,354 [ERROR] ConditionMgr:805 - Attr not supported : Dmpu
2024-07-22 11:40:00,354 [ERROR] ConditionMgr:805 - Attr not supported : Dmpu
2024-07-22 11:40:00,354 [ERROR] ConditionMgr:805 - Attr not supported : Dmpu
2024-07-22 11:40:00,354 [ERROR] ConditionMgr:805 - Attr not supported : Dmpu
2024-07-22 11:40:00,354 [ERROR] ConditionMgr:805 - Attr not supported : Dmpu
2024-07-22 11:40:00,354 [ERROR] ConditionMgr:805 - Attr not supported : Dmpu
2024-07-22 11:40:00,354 [ERROR] ConditionMgr:805 - Attr not supported : Dmpu
2024-07-22 11:40:00,354 [ERROR] ConditionMgr:805 - Attr not supported : Dmpu
2024-07-22 11:40:00,354 [ERROR] ConditionMgr:805 - Attr not supported : Dmpu
2024-07-22 11:40:00,354 [ERROR] ConditionMgr:805 - Attr not supported : Dmpu
2024-07-22 11:40:00,354 [ERROR] ConditionMgr:805 - Attr not supported : Dmpu
2024-07-22 11:40:00,354 [ERROR] ConditionMgr:805 - Attr not supported : Dmpu
2024-07-22 11:40:00,354 [ERROR] ConditionMgr:805 - Attr not supported : Dmpu
2024-07-22 11:40:00,354 [ERROR] ConditionMgr:805 - Attr not supported : Dmpu
2024-07-22 11:40:00,356 [ERROR] ConditionMgr:805 - Attr not supported : Dmpu
2024-07-22 11:40:00,356 [ERROR] ConditionMgr:805 - Attr not supported : Dmpu
2024-07-22 11:40:00,356 [ERROR] ConditionMgr:805 - Attr not supported : Dmpu
2024-07-22 11:40:00,356 [ERROR] ConditionMgr:805 - Attr not supported : Dmpu
2024-07-22 11:40:00,356 [ERROR] ConditionMgr:805 - Attr not supported : Dmpu
2024-07-22 11:40:00,356 [ERROR] ConditionMgr:805 - Attr not supported : Dmpu
2024-07-22 11:40:00,356 [ERROR] ConditionMgr:805 - Attr not supported : Dmpu
2024-07-22 11:40:00,356 [ERROR] ConditionMgr:805 - Attr not supported : Dmpu
2024-07-22 11:40:00,356 [ERROR] ConditionMgr:805 - Attr not supported : Dmpu
2024-07-22 11:40:00,356 [ERROR] ConditionMgr:805 - Attr not supported : Dmpu
2024-07-22 11:40:00,356 [ERROR] ConditionMgr:805 - Attr not supported : Dmpu
2024-07-22 11:40:00,356 [ERROR] ConditionMgr:805 - Attr not supported : Dmpu
2024-07-22 11:40:00,356 [ERROR] ConditionMgr:805 - Attr not supported : Dmpu
2024-07-22 11:40:00,357 [ERROR] ConditionMgr:805 - Attr not supported : Dmpu
2024-07-22 11:40:00,357 [ERROR] ConditionMgr:805 - Attr not supported : Dmpu
2024-07-22 11:40:00,357 [ERROR] ConditionMgr:805 - Attr not supported : Dmpu
2024-07-22 11:40:00,357 [ERROR] ConditionMgr:805 - Attr not supported : Dmpu
2024-07-22 11:40:00,357 [ERROR] ConditionMgr:805 - Attr not supported : Dmpu
2024-07-22 11:40:00,357 [ERROR] ConditionMgr:805 - Attr not supported : Dmpu
2024-07-22 11:40:00,357 [ERROR] ConditionMgr:805 - Attr not supported : Dmpu
2024-07-22 11:40:00,357 [ERROR] ConditionMgr:805 - Attr not supported : Dmpu
2024-07-22 11:40:00,357 [ERROR] ConditionMgr:805 - Attr not supported : Dmpu
2024-07-22 11:40:00,357 [ERROR] ConditionMgr:805 - Attr not supported : Dmpu
2024-07-22 11:40:00,357 [ERROR] ConditionMgr:805 - Attr not supported : Dmpu
2024-07-22 11:40:00,357 [ERROR] ConditionMgr:805 - Attr not supported : Dmpu
2024-07-22 11:40:00,357 [ERROR] ConditionMgr:805 - Attr not supported : Dmpu
2024-07-22 11:40:00,357 [ERROR] ConditionMgr:805 - Attr not supported : Dmpu
2024-07-22 11:40:00,357 [ERROR] ConditionMgr:805 - Attr not supported : Dmpu
2024-07-22 11:40:00,357 [ERROR] ConditionMgr:805 - Attr not supported : Dmpu
2024-07-22 11:40:00,373 [WARN] PackLoader:240 - Cannot read IP mode file for RealThread.X-CUBE-RT-Thread_Nano.4.1.1
2024-07-22 11:40:00,389 [WARN] PackLoader:240 - Cannot read IP mode file for STMicroelectronics.FP-ATR-SIGFOX1.3.2.0
2024-07-22 11:40:00,412 [WARN] PackLoader:240 - Cannot read IP mode file for STMicroelectronics.X-CUBE-EEPRMA1.5.1.0
2024-07-22 11:40:00,454 [WARN] PackLoader:240 - Cannot read IP mode file for SEGGER.I-CUBE-embOS.1.3.1
2024-07-22 11:40:00,511 [WARN] PackLoader:240 - Cannot read IP mode file for STMicroelectronics.X-CUBE-ALGOBUILD.1.4.0
2024-07-22 11:40:00,526 [WARN] PackLoader:240 - Cannot read IP mode file for STMicroelectronics.X-CUBE-GNSS1.6.0.0
2024-07-22 11:40:00,564 [WARN] PackLoader:240 - Cannot read IP mode file for STMicroelectronics.X-CUBE-AZRTOS-F4.1.1.0
2024-07-22 11:40:00,581 [WARN] PackLoader:240 - Cannot read IP mode file for STMicroelectronics.X-CUBE-FREERTOS.1.2.0
2024-07-22 11:40:00,607 [WARN] PackLoader:240 - Cannot read IP mode file for wolfSSL.I-CUBE-wolfSSL.5.6.6
2024-07-22 11:40:00,647 [WARN] PackLoader:240 - Cannot read IP mode file for STMicroelectronics.X-CUBE-AZRTOS-L5.2.0.0
2024-07-22 11:40:00,666 [WARN] PackLoader:240 - Cannot read IP mode file for STMicroelectronics.X-CUBE-NFC6.3.1.0
2024-07-22 11:40:00,680 [WARN] PackLoader:240 - Cannot read IP mode file for ITTIA_DB.I-CUBE-ITTIADB.8.8.0
2024-07-22 11:40:00,690 [WARN] PackLoader:240 - Cannot read IP mode file for STMicroelectronics.X-CUBE-DPower.1.2.0
2024-07-22 11:40:00,699 [WARN] PackLoader:240 - Cannot read IP mode file for STMicroelectronics.X-CUBE-AI.9.0.0
2024-07-22 11:40:00,710 [WARN] PackLoader:240 - Cannot read IP mode file for STMicroelectronics.X-CUBE-NFC7.1.0.1
2024-07-22 11:40:00,719 [WARN] PackLoader:240 - Cannot read IP mode file for wolfSSL.I-CUBE-wolfTPM.3.2.0
2024-07-22 11:40:00,729 [WARN] PackLoader:240 - Cannot read IP mode file for STMicroelectronics.X-CUBE-NFC6.3.0.0
2024-07-22 11:40:00,739 [WARN] PackLoader:240 - Cannot read IP mode file for STMicroelectronics.X-CUBE-AI.8.1.0
2024-07-22 11:40:00,759 [WARN] ConditionMgr:438 - getConditionDescription Invalid condition id : LAN8742 Phy interface Condition cause : null
2024-07-22 11:40:00,759 [WARN] PackLoader:240 - Cannot read IP mode file for STMicroelectronics.X-CUBE-AZRTOS-L4.2.0.0
2024-07-22 11:40:00,760 [WARN] ConditionMgr:1039 - genDependencies : Invalid condition id : LAN8742 Phy interface Condition cause : null
2024-07-22 11:40:00,760 [WARN] ConditionMgr:1039 - genDependencies : Invalid condition id : LAN8742 Phy interface Condition cause : null
2024-07-22 11:40:00,761 [WARN] ConditionMgr:1039 - genDependencies : Invalid condition id : LAN8742 Phy interface Condition cause : null
2024-07-22 11:40:00,772 [WARN] PackLoader:240 - Cannot read IP mode file for STMicroelectronics.X-CUBE-SFXS2LP1.4.0.0
2024-07-22 11:40:00,789 [WARN] ConditionMgr:438 - getConditionDescription Invalid condition id : UX DEVICE CLASS RTOS Condition cause : null
2024-07-22 11:40:00,789 [WARN] ConditionMgr:438 - getConditionDescription Invalid condition id : UX DEVICE CLASS RTOS Condition cause : null
2024-07-22 11:40:00,790 [WARN] PackLoader:240 - Cannot read IP mode file for STMicroelectronics.X-CUBE-AZRTOS-WB.2.0.0
2024-07-22 11:40:00,790 [WARN] ConditionMgr:1039 - genDependencies : Invalid condition id : UX DEVICE CLASS RTOS Condition cause : null
2024-07-22 11:40:00,790 [WARN] ConditionMgr:1039 - genDependencies : Invalid condition id : UX DEVICE CLASS RTOS Condition cause : null
2024-07-22 11:40:00,791 [WARN] ConditionMgr:1039 - genDependencies : Invalid condition id : UX DEVICE CLASS RTOS Condition cause : null
2024-07-22 11:40:00,791 [WARN] ConditionMgr:1039 - genDependencies : Invalid condition id : UX DEVICE CLASS RTOS Condition cause : null
2024-07-22 11:40:00,791 [WARN] ConditionMgr:1039 - genDependencies : Invalid condition id : UX DEVICE CLASS RTOS Condition cause : null
2024-07-22 11:40:00,803 [WARN] PackLoader:240 - Cannot read IP mode file for STMicroelectronics.FP-SNS-STBOX1.2.0.0
2024-07-22 11:40:00,818 [WARN] PackLoader:240 - Cannot read IP mode file for STMicroelectronics.X-CUBE-SUBG2.5.0.0
2024-07-22 11:40:00,839 [WARN] PackLoader:240 - Cannot read IP mode file for STMicroelectronics.X-CUBE-AZRTOS-G4.2.0.0
2024-07-22 11:40:00,857 [WARN] PackLoader:240 - Cannot read IP mode file for Infineon.AIROC-Wi-Fi-Bluetooth-STM32.1.5.1
2024-07-22 11:40:00,868 [WARN] PackLoader:240 - Cannot read IP mode file for STMicroelectronics.FP-SNS-MOTENVWB1.1.3.1
2024-07-22 11:40:00,877 [WARN] PackLoader:240 - Cannot read IP mode file for STMicroelectronics.X-CUBE-ISPU.2.0.0
2024-07-22 11:40:00,887 [WARN] PackLoader:240 - Cannot read IP mode file for STMicroelectronics.X-CUBE-ALS.1.0.2
2024-07-22 11:40:00,940 [WARN] PackLoader:240 - Cannot read IP mode file for STMicroelectronics.X-CUBE-MEMS1.10.0.0
2024-07-22 11:40:01,019 [INFO] WebApp:161 - Instantiating new browser for Auth
2024-07-22 11:40:01,028 [WARN] PackLoader:240 - Cannot read IP mode file for STMicroelectronics.X-CUBE-FREERTOS.1.1.0
2024-07-22 11:40:01,041 [WARN] PackLoader:240 - Cannot read IP mode file for STMicroelectronics.X-CUBE-TOUCHGFX.4.24.0
2024-07-22 11:40:01,076 [WARN] PackLoader:240 - Cannot read IP mode file for portGmbH.I-Cube-SoM-uGOAL.1.1.0
2024-07-22 11:40:01,090 [WARN] PackLoader:240 - Cannot read IP mode file for STMicroelectronics.X-CUBE-ALS.1.0.1
2024-07-22 11:40:01,121 [WARN] PackLoader:240 - Cannot read IP mode file for STMicroelectronics.X-CUBE-AZRTOS-H7RS.1.0.0
2024-07-22 11:40:01,139 [WARN] PackLoader:240 - Cannot read IP mode file for STMicroelectronics.FP-ATR-ASTRA1.2.0.0
2024-07-22 11:40:01,156 [WARN] PackLoader:240 - Cannot read IP mode file for STMicroelectronics.X-CUBE-TOF1.3.4.1
2024-07-22 11:40:01,240 [WARN] PackLoader:240 - Cannot read IP mode file for STMicroelectronics.X-CUBE-AZRTOS-H7.3.2.0
2024-07-22 11:40:01,256 [WARN] PackLoader:240 - Cannot read IP mode file for wolfSSL.I-CUBE-wolfSSH.1.4.17
2024-07-22 11:40:01,257 [INFO] ThirdParty:978 - Integrity check success = true
2024-07-22 11:40:01,257 [INFO] IntegrityCheckThread:100 - exiting critical section [integrity check]
2024-07-22 11:40:01,257 [INFO] IntegrityCheckThread:103 - End integrity checks thread
2024-07-22 11:40:01,748 [INFO] WebApp:779 - Register for checkConnection events
2024-07-22 11:40:01,748 [INFO] WebApp:414 - Apply proxy settings
2024-07-22 11:40:01,748 [INFO] WebApp:499 - Chromium requires no authentication
2024-07-22 11:40:01,754 [INFO] WebApp:442 - Direct internet connection detected
2024-07-22 11:40:01,879 [INFO] WebApp:192 - Starting web application
2024-07-22 11:40:01,879 [INFO] WebApp:544 - Web application path used C:\ST\STM32CubeIDE_1.14.1\STM32CubeIDE\plugins\com.st.stm32cube.common.mx_6.11.1.202404110753\db\plugins\mcufinder\reactClient1\index.html
2024-07-22 12:03:32,737 [ERROR] LogOutputStream:75 - [STDERR_REDIRECT] Exception in thread "SWV client thread" java.lang.NullPointerException: Cannot invoke "com.st.stm32cube.ide.mcu.debug.swv.core.SWVPlugin.isDebugging()" because "com.st.stm32cube.ide.mcu.debug.swv.core.SWVPlugin.plugin" is null
2024-07-22 12:03:32,739 [ERROR] LogOutputStream:75 - [STDERR_REDIRECT] 	at com.st.stm32cube.ide.mcu.debug.swv.core.SWVPlugin.debugTrace(SWVPlugin.java:85)
2024-07-22 12:03:32,739 [ERROR] LogOutputStream:75 - [STDERR_REDIRECT] 	at com.st.stm32cube.ide.mcu.debug.swv.core.SWVClient.TRACE(SWVClient.java:768)
2024-07-22 12:03:32,740 [ERROR] LogOutputStream:75 - [STDERR_REDIRECT] 	at com.st.stm32cube.ide.mcu.debug.swv.core.SWVClient.createProtocolPacket(SWVClient.java:472)
2024-07-22 12:03:32,741 [ERROR] LogOutputStream:75 - [STDERR_REDIRECT] 	at com.st.stm32cube.ide.mcu.debug.swv.core.SWVClient.run(SWVClient.java:370)
2024-07-22 12:03:33,302 [ERROR] LogOutputStream:75 - [STDERR_REDIRECT] 
2024-07-22 12:11:31,250 [INFO] Activator:176 - 


2024-07-22 12:11:31,252 [INFO] Activator:177 - !SESSION log4j initialized
2024-07-22 12:11:35,405 [INFO] LogOutputStream:77 - [STDOUT_REDIRECT] 
2024-07-22 12:11:37,090 [INFO] ApplicationProperties:184 - Using Application install path: C:\ST\STM32CubeIDE_1.14.1\STM32CubeIDE\plugins\com.st.stm32cube.common.mx_6.11.1.202404110753
2024-07-22 12:11:37,103 [INFO] DbMcusXml:78 - Set database path to: C:\ST\STM32CubeIDE_1.14.1\STM32CubeIDE\plugins\com.st.stm32cube.common.mx_6.11.1.202404110753\\db\/mcu/
2024-07-22 12:11:37,103 [INFO] ApiDb:274 - Set plugin database path to: C:\ST\STM32CubeIDE_1.14.1\STM32CubeIDE\plugins\com.st.stm32cube.common.mx_6.11.1.202404110753\\db\/plugins/boardmanager/
2024-07-22 12:11:37,103 [WARN] ApiDb:259 - Overriding images path with different value:  => C:\ST\STM32CubeIDE_1.14.1\STM32CubeIDE\plugins\com.st.stm32cube.common.mx_6.11.1.202404110753\\db\/plugins/mcufinder/images/
2024-07-22 12:11:37,106 [INFO] ApiDb:250 - Set database path to: C:\Users\anton\.stmcufinder\plugins\mcufinder//mcu/
2024-07-22 12:11:37,107 [INFO] DbMcusAds:125 - Set database path to: C:\Users\anton\.stmcufinder\plugins\mcufinder//mcu/
2024-07-22 12:11:37,109 [INFO] CrossReferenceDbSqlite:203 - Set database path to: C:\Users\anton\.stmcufinder\plugins\mcufinder//mcu/cs/
2024-07-22 12:11:37,183 [INFO] RulesReader:64 - Compatibility file has been processed (297 Rules)
2024-07-22 12:11:37,276 [INFO] DbMcusXml:78 - Set database path to: C:\ST\STM32CubeIDE_1.14.1\STM32CubeIDE\plugins\com.st.stm32cube.common.mx_6.11.1.202404110753\\db\/mcu/
2024-07-22 12:11:37,276 [INFO] ApiDb:274 - Set plugin database path to: C:\ST\STM32CubeIDE_1.14.1\STM32CubeIDE\plugins\com.st.stm32cube.common.mx_6.11.1.202404110753\\db\/plugins/boardmanager/
2024-07-22 12:11:37,276 [INFO] ApiDb:261 - Set plugin images path to: C:\ST\STM32CubeIDE_1.14.1\STM32CubeIDE\plugins\com.st.stm32cube.common.mx_6.11.1.202404110753\\db\/plugins/mcufinder/images/
2024-07-22 12:11:37,276 [WARN] DbFile:41 - Overriding database path with different value: C:\Users\anton\.stmcufinder\plugins\mcufinder/ => C:\Users\anton\.stmcufinder\plugins\mcufinder
2024-07-22 12:11:37,277 [INFO] ApiDb:250 - Set database path to: C:\Users\anton\.stmcufinder\plugins\mcufinder//mcu/
2024-07-22 12:11:37,277 [WARN] DbFile:41 - Overriding database path with different value: C:\Users\anton\.stmcufinder\plugins\mcufinder/ => C:\Users\anton\.stmcufinder\plugins\mcufinder
2024-07-22 12:11:37,277 [INFO] DbMcusAds:125 - Set database path to: C:\Users\anton\.stmcufinder\plugins\mcufinder//mcu/
2024-07-22 12:11:37,277 [WARN] DbFile:41 - Overriding database path with different value: C:\Users\anton\.stmcufinder\plugins\mcufinder/ => C:\Users\anton\.stmcufinder\plugins\mcufinder
2024-07-22 12:11:37,277 [WARN] DbFile:41 - Overriding database path with different value: C:\Users\anton\.stmcufinder\plugins\mcufinder/ => C:\Users\anton\.stmcufinder\plugins\mcufinder
2024-07-22 12:11:37,277 [INFO] CrossReferenceDbSqlite:203 - Set database path to: C:\Users\anton\.stmcufinder\plugins\mcufinder//mcu/cs/
2024-07-22 12:11:37,367 [INFO] MainPanel:264 - HeapMemory: 268435456
2024-07-22 12:11:37,445 [INFO] DbMcusXml:78 - Set database path to: C:\ST\STM32CubeIDE_1.14.1\STM32CubeIDE\plugins\com.st.stm32cube.common.mx_6.11.1.202404110753\\db\/mcu/
2024-07-22 12:11:37,445 [INFO] ApiDb:274 - Set plugin database path to: C:\ST\STM32CubeIDE_1.14.1\STM32CubeIDE\plugins\com.st.stm32cube.common.mx_6.11.1.202404110753\\db\/plugins/boardmanager/
2024-07-22 12:11:37,445 [INFO] ApiDb:261 - Set plugin images path to: C:\ST\STM32CubeIDE_1.14.1\STM32CubeIDE\plugins\com.st.stm32cube.common.mx_6.11.1.202404110753\\db\/plugins/mcufinder/images/
2024-07-22 12:11:37,445 [WARN] DbFile:41 - Overriding database path with different value: C:\Users\anton\.stmcufinder\plugins\mcufinder/ => C:\Users\anton\.stmcufinder\plugins\mcufinder
2024-07-22 12:11:37,445 [INFO] ApiDb:250 - Set database path to: C:\Users\anton\.stmcufinder\plugins\mcufinder//mcu/
2024-07-22 12:11:37,445 [WARN] DbFile:41 - Overriding database path with different value: C:\Users\anton\.stmcufinder\plugins\mcufinder/ => C:\Users\anton\.stmcufinder\plugins\mcufinder
2024-07-22 12:11:37,446 [INFO] DbMcusAds:125 - Set database path to: C:\Users\anton\.stmcufinder\plugins\mcufinder//mcu/
2024-07-22 12:11:37,446 [WARN] DbFile:41 - Overriding database path with different value: C:\Users\anton\.stmcufinder\plugins\mcufinder/ => C:\Users\anton\.stmcufinder\plugins\mcufinder
2024-07-22 12:11:37,446 [WARN] DbFile:41 - Overriding database path with different value: C:\Users\anton\.stmcufinder\plugins\mcufinder/ => C:\Users\anton\.stmcufinder\plugins\mcufinder
2024-07-22 12:11:37,446 [INFO] CrossReferenceDbSqlite:203 - Set database path to: C:\Users\anton\.stmcufinder\plugins\mcufinder//mcu/cs/
2024-07-22 12:11:37,462 [INFO] ApplicationProperties:184 - Using Application install path: C:\ST\STM32CubeIDE_1.14.1\STM32CubeIDE\plugins\com.st.stm32cube.common.mx_6.11.1.202404110753
2024-07-22 12:11:37,465 [INFO] PluginManage:196 - Search for loadable plugins [exclusion list=, ]
2024-07-22 12:11:37,466 [INFO] PluginManage:310 - Check plugin analytics
2024-07-22 12:11:37,599 [INFO] AnalyticsPlugin:253 - Accepted Software Licenses: 
2024-07-22 12:11:37,599 [INFO] AnalyticsPlugin:255 - Accepted CMSIS Pack Licenses: 
2024-07-22 12:11:37,599 [INFO] AnalyticsPlugin:257 - Accepted Firmware Licenses: FW.F4.1.28.0
2024-07-22 12:11:37,603 [INFO] PluginManage:359 - Loaded plugin analytics (category:tool,tabindex:-1)
2024-07-22 12:11:37,603 [INFO] PluginManage:310 - Check plugin cadmodel
2024-07-22 12:11:37,606 [INFO] CADModel:105 - Init CAD model plugin
2024-07-22 12:11:37,606 [INFO] PluginManage:359 - Loaded plugin cadmodel (category:power,tabindex:5)
2024-07-22 12:11:37,606 [INFO] PluginManage:310 - Check plugin clock
2024-07-22 12:11:37,615 [INFO] PluginManage:359 - Loaded plugin clock (category:base,tabindex:2)
2024-07-22 12:11:37,615 [INFO] PluginManage:310 - Check plugin ddr
2024-07-22 12:11:37,617 [INFO] PluginManage:359 - Loaded plugin ddr (category:tool,tabindex:6)
2024-07-22 12:11:37,617 [INFO] PluginManage:310 - Check plugin filemanager
2024-07-22 12:11:37,743 [INFO] PluginManage:359 - Loaded plugin filemanager (category:base,tabindex:10)
2024-07-22 12:11:37,744 [INFO] PluginManage:310 - Check plugin ipmanager
2024-07-22 12:11:37,752 [INFO] PluginManage:359 - Loaded plugin ipmanager (category:base,tabindex:5)
2024-07-22 12:11:37,752 [INFO] PluginManage:310 - Check plugin lpbam
2024-07-22 12:11:37,758 [INFO] PluginManage:359 - Loaded plugin lpbam (category:base,tabindex:0)
2024-07-22 12:11:37,758 [INFO] PluginManage:310 - Check plugin memorymap
2024-07-22 12:11:37,766 [INFO] PluginManage:359 - Loaded plugin memorymap (category:base,tabindex:4)
2024-07-22 12:11:37,766 [INFO] PluginManage:310 - Check plugin pinoutandconfiguration
2024-07-22 12:11:37,771 [INFO] PluginManage:359 - Loaded plugin pinoutandconfiguration (category:base,tabindex:1)
2024-07-22 12:11:37,771 [INFO] PluginManage:310 - Check plugin pinoutconfig
2024-07-22 12:11:37,855 [WARN] SupportedApi:132 - Cannot load RTOS API schema: s4s-elt-must-match.1: The content of 'definitions' must match (annotation?, (simpleType | complexType)?, (unique | key | keyref)*)). A problem was found starting at: attribute.
2024-07-22 12:11:38,031 [INFO] PluginManage:359 - Loaded plugin pinoutconfig (category:base,tabindex:0)
2024-07-22 12:11:38,031 [INFO] PluginManage:310 - Check plugin power
2024-07-22 12:11:38,037 [INFO] PluginManage:359 - Loaded plugin power (category:power,tabindex:4)
2024-07-22 12:11:38,037 [INFO] PluginManage:310 - Check plugin projectmanager
2024-07-22 12:11:38,048 [INFO] PluginManage:359 - Loaded plugin projectmanager (category:projectmanager,tabindex:3)
2024-07-22 12:11:38,049 [INFO] PluginManage:310 - Check plugin thirdparty
2024-07-22 12:11:38,151 [INFO] PluginManage:359 - Loaded plugin thirdparty (category:base,tabindex:-1)
2024-07-22 12:11:38,151 [INFO] PluginManage:310 - Check plugin tools
2024-07-22 12:11:38,151 [WARN] IntegrityCheckThread:84 - waiting for thirdparty lock release [integrity check]
2024-07-22 12:11:38,152 [INFO] IntegrityCheckThread:86 - entering critical section [integrity check]
2024-07-22 12:11:38,152 [INFO] ThirdPartyUpdaterWithRetryManager:70 - Updater plugin not ready yet. [1/15]
2024-07-22 12:11:38,153 [INFO] PluginManage:359 - Loaded plugin tools (category:base,tabindex:7)
2024-07-22 12:11:38,153 [INFO] PluginManage:310 - Check plugin tutovideos
2024-07-22 12:11:38,266 [INFO] PluginManage:359 - Loaded plugin tutovideos (category:base,tabindex:-1)
2024-07-22 12:11:38,266 [INFO] PluginManage:310 - Check plugin updater
2024-07-22 12:11:38,277 [INFO] PluginManage:359 - Loaded plugin updater (category:base,tabindex:12)
2024-07-22 12:11:38,277 [INFO] PluginManage:310 - Check plugin userauth
2024-07-22 12:11:38,281 [INFO] UserAuth:114 - Init User Auth plugin
2024-07-22 12:11:38,281 [INFO] PluginManage:359 - Loaded plugin userauth (category:base,tabindex:14)
2024-07-22 12:11:38,281 [INFO] PluginManage:283 - PluginManage : Loaded plugins [17]
2024-07-22 12:11:38,436 [INFO] PinOutPanel:1561 - setPackage(No Configuration,No Configuration)
2024-07-22 12:11:38,497 [INFO] CADModel:165 - CPN selected for project level
2024-07-22 12:11:38,497 [INFO] CADModel:114 - Register for checkConnection events
2024-07-22 12:11:38,509 [INFO] IPUIPlugin:80 - create IPUIPlugin
2024-07-22 12:11:38,509 [INFO] PluginManager:220 - loadIPPluginJar : add adc
2024-07-22 12:11:38,511 [INFO] IPUIPlugin:80 - create IPUIPlugin
2024-07-22 12:11:38,511 [INFO] PluginManager:220 - loadIPPluginJar : add aes
2024-07-22 12:11:38,512 [INFO] IPUIPlugin:80 - create IPUIPlugin
2024-07-22 12:11:38,512 [INFO] PluginManager:220 - loadIPPluginJar : add can
2024-07-22 12:11:38,513 [INFO] IPUIPlugin:80 - create IPUIPlugin
2024-07-22 12:11:38,513 [INFO] PluginManager:220 - loadIPPluginJar : add comp
2024-07-22 12:11:38,516 [INFO] IPUIPlugin:80 - create IPUIPlugin
2024-07-22 12:11:38,516 [INFO] PluginManager:220 - loadIPPluginJar : add cryp
2024-07-22 12:11:38,517 [INFO] IPUIPlugin:80 - create IPUIPlugin
2024-07-22 12:11:38,517 [INFO] PluginManager:220 - loadIPPluginJar : add dfsdm
2024-07-22 12:11:38,521 [INFO] IPUIPlugin:80 - create IPUIPlugin
2024-07-22 12:11:38,521 [INFO] PluginManager:220 - loadIPPluginJar : add dma
2024-07-22 12:11:38,523 [INFO] IPUIPlugin:80 - create IPUIPlugin
2024-07-22 12:11:38,523 [INFO] PluginManager:220 - loadIPPluginJar : add dma3
2024-07-22 12:11:38,524 [INFO] IPUIPlugin:80 - create IPUIPlugin
2024-07-22 12:11:38,524 [INFO] PluginManager:220 - loadIPPluginJar : add extmemmanager
2024-07-22 12:11:38,525 [INFO] IPUIPlugin:80 - create IPUIPlugin
2024-07-22 12:11:38,525 [INFO] PluginManager:220 - loadIPPluginJar : add fatfs
2024-07-22 12:11:38,527 [INFO] IPUIPlugin:80 - create IPUIPlugin
2024-07-22 12:11:38,527 [INFO] PluginManager:220 - loadIPPluginJar : add fmc
2024-07-22 12:11:38,530 [INFO] IPUIPlugin:80 - create IPUIPlugin
2024-07-22 12:11:38,530 [INFO] PluginManager:220 - loadIPPluginJar : add freertos
2024-07-22 12:11:38,531 [INFO] IPUIPlugin:80 - create IPUIPlugin
2024-07-22 12:11:38,531 [INFO] PluginManager:220 - loadIPPluginJar : add genericplugin
2024-07-22 12:11:38,536 [INFO] IPUIPlugin:80 - create IPUIPlugin
2024-07-22 12:11:38,536 [INFO] PluginManager:220 - loadIPPluginJar : add gfxmmu
2024-07-22 12:11:38,538 [INFO] IPUIPlugin:80 - create IPUIPlugin
2024-07-22 12:11:38,539 [INFO] PluginManager:220 - loadIPPluginJar : add gic
2024-07-22 12:11:38,541 [INFO] IPUIPlugin:80 - create IPUIPlugin
2024-07-22 12:11:38,541 [INFO] PluginManager:220 - loadIPPluginJar : add gpio
2024-07-22 12:11:38,542 [INFO] IPUIPlugin:80 - create IPUIPlugin
2024-07-22 12:11:38,542 [INFO] PluginManager:220 - loadIPPluginJar : add gtzc
2024-07-22 12:11:38,543 [INFO] IPUIPlugin:80 - create IPUIPlugin
2024-07-22 12:11:38,543 [INFO] PluginManager:220 - loadIPPluginJar : add hash
2024-07-22 12:11:38,545 [INFO] IPUIPlugin:80 - create IPUIPlugin
2024-07-22 12:11:38,545 [INFO] PluginManager:220 - loadIPPluginJar : add i2c
2024-07-22 12:11:38,547 [INFO] IPUIPlugin:80 - create IPUIPlugin
2024-07-22 12:11:38,547 [INFO] PluginManager:220 - loadIPPluginJar : add i2s
2024-07-22 12:11:38,548 [INFO] IPUIPlugin:80 - create IPUIPlugin
2024-07-22 12:11:38,548 [INFO] PluginManager:220 - loadIPPluginJar : add i3c
2024-07-22 12:11:38,550 [INFO] IPUIPlugin:80 - create IPUIPlugin
2024-07-22 12:11:38,550 [INFO] PluginManager:220 - loadIPPluginJar : add ipddr
2024-07-22 12:11:38,554 [INFO] IPUIPlugin:80 - create IPUIPlugin
2024-07-22 12:11:38,555 [INFO] PluginManager:220 - loadIPPluginJar : add linkedlist
2024-07-22 12:11:38,556 [INFO] IPUIPlugin:80 - create IPUIPlugin
2024-07-22 12:11:38,556 [INFO] PluginManager:220 - loadIPPluginJar : add lorawan
2024-07-22 12:11:38,557 [INFO] IPUIPlugin:80 - create IPUIPlugin
2024-07-22 12:11:38,557 [INFO] PluginManager:220 - loadIPPluginJar : add ltdc
2024-07-22 12:11:38,561 [INFO] IPUIPlugin:80 - create IPUIPlugin
2024-07-22 12:11:38,562 [INFO] PluginManager:220 - loadIPPluginJar : add mdma
2024-07-22 12:11:38,565 [INFO] IPUIPlugin:80 - create IPUIPlugin
2024-07-22 12:11:38,565 [INFO] PluginManager:220 - loadIPPluginJar : add nvic
2024-07-22 12:11:38,566 [INFO] IPUIPlugin:80 - create IPUIPlugin
2024-07-22 12:11:38,566 [INFO] PluginManager:220 - loadIPPluginJar : add opamp
2024-07-22 12:11:38,568 [INFO] IPUIPlugin:80 - create IPUIPlugin
2024-07-22 12:11:38,568 [INFO] PluginManager:220 - loadIPPluginJar : add openamp
2024-07-22 12:11:38,571 [INFO] IPUIPlugin:80 - create IPUIPlugin
2024-07-22 12:11:38,571 [INFO] PluginManager:220 - loadIPPluginJar : add pdm2pcm
2024-07-22 12:11:38,574 [INFO] IPUIPlugin:80 - create IPUIPlugin
2024-07-22 12:11:38,576 [INFO] PluginManager:220 - loadIPPluginJar : add plateformsettings
2024-07-22 12:11:38,577 [INFO] IPUIPlugin:80 - create IPUIPlugin
2024-07-22 12:11:38,577 [INFO] PluginManager:220 - loadIPPluginJar : add quadspi
2024-07-22 12:11:38,578 [INFO] IPUIPlugin:80 - create IPUIPlugin
2024-07-22 12:11:38,578 [INFO] PluginManager:220 - loadIPPluginJar : add resmgrutility
2024-07-22 12:11:38,580 [INFO] IPUIPlugin:80 - create IPUIPlugin
2024-07-22 12:11:38,580 [INFO] PluginManager:220 - loadIPPluginJar : add sai
2024-07-22 12:11:38,581 [INFO] IPUIPlugin:80 - create IPUIPlugin
2024-07-22 12:11:38,581 [INFO] PluginManager:220 - loadIPPluginJar : add spi
2024-07-22 12:11:38,585 [INFO] IPUIPlugin:80 - create IPUIPlugin
2024-07-22 12:11:38,585 [INFO] PluginManager:220 - loadIPPluginJar : add stm32_wpan
2024-07-22 12:11:38,585 [INFO] IPUIPlugin:80 - create IPUIPlugin
2024-07-22 12:11:38,585 [INFO] PluginManager:220 - loadIPPluginJar : add tim
2024-07-22 12:11:38,587 [INFO] IPUIPlugin:80 - create IPUIPlugin
2024-07-22 12:11:38,587 [INFO] PluginManager:220 - loadIPPluginJar : add touchsensing
2024-07-22 12:11:38,588 [INFO] IPUIPlugin:80 - create IPUIPlugin
2024-07-22 12:11:38,588 [INFO] PluginManager:220 - loadIPPluginJar : add tracer_emb
2024-07-22 12:11:38,588 [INFO] IPUIPlugin:80 - create IPUIPlugin
2024-07-22 12:11:38,589 [INFO] PluginManager:220 - loadIPPluginJar : add ts
2024-07-22 12:11:38,589 [INFO] IPUIPlugin:80 - create IPUIPlugin
2024-07-22 12:11:38,589 [INFO] PluginManager:220 - loadIPPluginJar : add tsc
2024-07-22 12:11:38,590 [INFO] IPUIPlugin:80 - create IPUIPlugin
2024-07-22 12:11:38,590 [INFO] PluginManager:220 - loadIPPluginJar : add ucpd
2024-07-22 12:11:38,592 [INFO] IPUIPlugin:80 - create IPUIPlugin
2024-07-22 12:11:38,592 [INFO] PluginManager:220 - loadIPPluginJar : add usart
2024-07-22 12:11:38,594 [INFO] IPUIPlugin:80 - create IPUIPlugin
2024-07-22 12:11:38,594 [INFO] PluginManager:220 - loadIPPluginJar : add usbx
2024-07-22 12:11:38,724 [INFO] CADModel:165 - CPN selected for project level
2024-07-22 12:11:38,725 [INFO] CADModel:114 - Register for checkConnection events
2024-07-22 12:11:38,725 [FATAL] Updater:308 - Updater called before beeing initialized
2024-07-22 12:11:38,725 [ERROR] CADModel:125 - Updater not yet initialized, retry later 
2024-07-22 12:11:38,829 [INFO] CADModel:165 - CPN selected for project level
2024-07-22 12:11:38,829 [INFO] CADModel:114 - Register for checkConnection events
2024-07-22 12:11:38,829 [FATAL] Updater:308 - Updater called before beeing initialized
2024-07-22 12:11:38,829 [ERROR] CADModel:125 - Updater not yet initialized, retry later 
2024-07-22 12:11:38,831 [FATAL] Updater:308 - Updater called before beeing initialized
2024-07-22 12:11:38,912 [FATAL] Updater:308 - Updater called before beeing initialized
2024-07-22 12:11:38,915 [INFO] DbMcusAds:53 - JSON generation date=Thu May 16 11:22:00 CEST 2024 (1715851320667)
2024-07-22 12:11:38,915 [FATAL] Updater:308 - Updater called before beeing initialized
2024-07-22 12:11:38,942 [WARN] DetailPanel:346 - Failed to get advertising image, set to default
2024-07-22 12:11:39,039 [FATAL] Updater:308 - Updater called before beeing initialized
2024-07-22 12:11:39,040 [FATAL] Updater:308 - Updater called before beeing initialized
2024-07-22 12:11:39,041 [FATAL] Updater:308 - Updater called before beeing initialized
2024-07-22 12:11:39,041 [WARN] DetailPanel:346 - Failed to get advertising image, set to default
2024-07-22 12:11:39,041 [FATAL] Updater:308 - Updater called before beeing initialized
2024-07-22 12:11:39,092 [ERROR] Updater:1120 - MainUpdater not yet initialized. External WinMGr cannot be set.
2024-07-22 12:11:39,093 [INFO] Updater:1056 - Updater Version found : 6.11.1
2024-07-22 12:11:39,108 [INFO] ApplicationProperties:184 - Using Application install path: C:\ST\STM32CubeIDE_1.14.1\STM32CubeIDE\plugins\com.st.stm32cube.common.mx_6.11.1.202404110753
2024-07-22 12:11:40,691 [ERROR] LogOutputStream:75 - [STDERR_REDIRECT] Jul 22, 2024 12:11:40 PM java.util.prefs.WindowsPreferences <init>
2024-07-22 12:11:40,692 [ERROR] LogOutputStream:75 - [STDERR_REDIRECT] WARNING: Could not open/create prefs root node Software\JavaSoft\Prefs at root 0xffffffff80000002. Windows RegCreateKeyEx(...) returned error code 5.
2024-07-22 12:11:40,692 [ERROR] LogOutputStream:75 - [STDERR_REDIRECT] 
2024-07-22 12:11:41,152 [INFO] ThirdPartyUpdaterWithRetryManager:70 - Updater plugin not ready yet. [2/15]
2024-07-22 12:11:41,245 [INFO] MainUpdater:2873 - connection check result : 10
2024-07-22 12:11:41,245 [INFO] MainUpdater:290 - Updater Check For Update Now.
2024-07-22 12:11:41,245 [INFO] MicroXplorer:498 - Change Database Version : DB.6.0.111
2024-07-22 12:11:41,249 [INFO] McuFinderGlobals:63 - Set McuFinder mode to 2 (CubeIDE integrated)
2024-07-22 12:11:41,253 [INFO] UserAuth:415 - Internet connection configuration mode: 1
2024-07-22 12:11:41,261 [INFO] JxBrowserEngine:152 - Initiate JxBrowser Engine with user profile folder
2024-07-22 12:11:41,447 [INFO] CheckServerUpdateThread:120 - End of CheckServer Thread
2024-07-22 12:11:41,759 [INFO] WebApp:161 - Instantiating new browser for Auth
2024-07-22 12:11:42,150 [INFO] WebApp:779 - Register for checkConnection events
2024-07-22 12:11:42,151 [INFO] WebApp:414 - Apply proxy settings
2024-07-22 12:11:42,151 [INFO] WebApp:499 - Chromium requires no authentication
2024-07-22 12:11:42,155 [INFO] WebApp:442 - Direct internet connection detected
2024-07-22 12:11:42,260 [INFO] WebApp:192 - Starting web application
2024-07-22 12:11:42,260 [INFO] WebApp:544 - Web application path used C:\ST\STM32CubeIDE_1.14.1\STM32CubeIDE\plugins\com.st.stm32cube.common.mx_6.11.1.202404110753\db\plugins\mcufinder\reactClient1\index.html
2024-07-22 12:11:44,269 [WARN] PackLoader:240 - Cannot read IP mode file for STMicroelectronics.FP-SNS-MOTENVWB1.1.4.0
2024-07-22 12:11:44,282 [WARN] PackLoader:240 - Cannot read IP mode file for STMicroelectronics.X-CUBE-SMBUS.2.1.0
2024-07-22 12:11:44,285 [WARN] PackLoader:240 - Cannot read IP mode file for STMicroelectronics.X-CUBE-TOUCHGFX.4.23.1
2024-07-22 12:11:44,289 [WARN] PackLoader:240 - Cannot read IP mode file for STMicroelectronics.X-CUBE-TOUCHGFX.4.23.0
2024-07-22 12:11:44,291 [WARN] PackLoader:240 - Cannot read IP mode file for STMicroelectronics.X-CUBE-TOUCHGFX.4.23.2
2024-07-22 12:11:44,322 [WARN] PackLoader:240 - Cannot read IP mode file for STMicroelectronics.X-CUBE-AZRTOS-F7.1.1.0
2024-07-22 12:11:44,336 [WARN] PackLoader:240 - Cannot read IP mode file for STMicroelectronics.FP-SNS-MOTENV1.4.3.2
2024-07-22 12:11:44,341 [WARN] PackLoader:240 - Cannot read IP mode file for STMicroelectronics.FP-SNS-FLIGHT1.5.0.2
2024-07-22 12:11:44,347 [WARN] PackLoader:240 - Cannot read IP mode file for STMicroelectronics.X-CUBE-DISPLAY.3.0.0
2024-07-22 12:11:44,356 [WARN] PackLoader:240 - Cannot read IP mode file for STMicroelectronics.X-CUBE-BLE1.7.0.0
2024-07-22 12:11:44,361 [WARN] PackLoader:240 - Cannot read IP mode file for emotas.I-CUBE-CANOPEN.1.3.0
2024-07-22 12:11:44,370 [WARN] PackLoader:240 - Cannot read IP mode file for STMicroelectronics.X-CUBE-BLEMGR.3.1.0
2024-07-22 12:11:44,377 [WARN] PackLoader:240 - Cannot read IP mode file for STMicroelectronics.FP-SNS-SMARTAG2.1.2.0
2024-07-22 12:11:44,384 [INFO] LogOutputStream:77 - [STDOUT_REDIRECT] 1 : Invalid condition id : UX_CORESTACK_Condition cause : null
2024-07-22 12:11:44,384 [INFO] LogOutputStream:77 - [STDOUT_REDIRECT] 1 : Invalid condition id : UX_CORESTACK_Condition cause : null
2024-07-22 12:11:44,385 [INFO] LogOutputStream:77 - [STDOUT_REDIRECT] 1 : Invalid condition id : UX_CORESTACK_Condition cause : null
2024-07-22 12:11:44,386 [INFO] LogOutputStream:77 - [STDOUT_REDIRECT] 1 : Invalid condition id : UX_CORESTACK_Condition cause : null
2024-07-22 12:11:44,386 [INFO] LogOutputStream:77 - [STDOUT_REDIRECT] 1 : Invalid condition id : UX_CORESTACK_Condition cause : null
2024-07-22 12:11:44,388 [WARN] PackLoader:240 - Cannot read IP mode file for STMicroelectronics.X-CUBE-AZRTOS-WL.2.0.0
2024-07-22 12:11:44,391 [WARN] PackLoader:240 - Cannot read IP mode file for STMicroelectronics.FP-SNS-MOTENV1.5.0.0
2024-07-22 12:11:44,395 [WARN] PackLoader:240 - Cannot read IP mode file for wolfSSL.I-CUBE-wolfMQTT.1.19.0
2024-07-22 12:11:44,400 [WARN] PackLoader:240 - Cannot read IP mode file for WES.I-CUBE-Cesium.1.3.0
2024-07-22 12:11:44,404 [WARN] PackLoader:240 - Cannot read IP mode file for STMicroelectronics.X-CUBE-BLE2.3.3.0
2024-07-22 12:11:44,408 [WARN] PackLoader:240 - Cannot read IP mode file for STMicroelectronics.X-CUBE-TCPP.4.1.0
2024-07-22 12:11:44,415 [WARN] PackLoader:240 - Cannot read IP mode file for STMicroelectronics.X-CUBE-ALGOBUILD.1.3.0
2024-07-22 12:11:44,432 [WARN] PackLoader:240 - Cannot read IP mode file for STMicroelectronics.X-CUBE-AZRTOS-G0.1.1.0
2024-07-22 12:11:44,445 [WARN] PackLoader:240 - Cannot read IP mode file for STMicroelectronics.X-CUBE-SAFEA1.1.2.2
2024-07-22 12:11:44,461 [WARN] PackLoader:240 - Cannot read IP mode file for STMicroelectronics.X-CUBE-NFC4.3.0.0
2024-07-22 12:11:44,496 [WARN] PackLoader:240 - Cannot read IP mode file for EmbeddedOffice.I-CUBE-FS-RTOS.1.0.1
2024-07-22 12:11:44,497 [ERROR] ConditionMgr:805 - Attr not supported : Dmpu
2024-07-22 12:11:44,499 [ERROR] ConditionMgr:805 - Attr not supported : Dmpu
2024-07-22 12:11:44,499 [ERROR] ConditionMgr:805 - Attr not supported : Dmpu
2024-07-22 12:11:44,499 [ERROR] ConditionMgr:805 - Attr not supported : Dmpu
2024-07-22 12:11:44,499 [ERROR] ConditionMgr:805 - Attr not supported : Dmpu
2024-07-22 12:11:44,499 [ERROR] ConditionMgr:805 - Attr not supported : Dmpu
2024-07-22 12:11:44,499 [ERROR] ConditionMgr:805 - Attr not supported : Dmpu
2024-07-22 12:11:44,499 [ERROR] ConditionMgr:805 - Attr not supported : Dmpu
2024-07-22 12:11:44,499 [ERROR] ConditionMgr:805 - Attr not supported : Dmpu
2024-07-22 12:11:44,499 [ERROR] ConditionMgr:805 - Attr not supported : Dmpu
2024-07-22 12:11:44,499 [ERROR] ConditionMgr:805 - Attr not supported : Dmpu
2024-07-22 12:11:44,499 [ERROR] ConditionMgr:805 - Attr not supported : Dmpu
2024-07-22 12:11:44,499 [ERROR] ConditionMgr:805 - Attr not supported : Dmpu
2024-07-22 12:11:44,499 [ERROR] ConditionMgr:805 - Attr not supported : Dmpu
2024-07-22 12:11:44,499 [ERROR] ConditionMgr:805 - Attr not supported : Dmpu
2024-07-22 12:11:44,499 [ERROR] ConditionMgr:805 - Attr not supported : Dmpu
2024-07-22 12:11:44,499 [ERROR] ConditionMgr:805 - Attr not supported : Dmpu
2024-07-22 12:11:44,499 [ERROR] ConditionMgr:805 - Attr not supported : Dmpu
2024-07-22 12:11:44,500 [ERROR] ConditionMgr:805 - Attr not supported : Dmpu
2024-07-22 12:11:44,500 [ERROR] ConditionMgr:805 - Attr not supported : Dmpu
2024-07-22 12:11:44,500 [ERROR] ConditionMgr:805 - Attr not supported : Dmpu
2024-07-22 12:11:44,500 [ERROR] ConditionMgr:805 - Attr not supported : Dmpu
2024-07-22 12:11:44,500 [ERROR] ConditionMgr:805 - Attr not supported : Dmpu
2024-07-22 12:11:44,500 [ERROR] ConditionMgr:805 - Attr not supported : Dmpu
2024-07-22 12:11:44,500 [ERROR] ConditionMgr:805 - Attr not supported : Dmpu
2024-07-22 12:11:44,500 [ERROR] ConditionMgr:805 - Attr not supported : Dmpu
2024-07-22 12:11:44,500 [ERROR] ConditionMgr:805 - Attr not supported : Dmpu
2024-07-22 12:11:44,500 [ERROR] ConditionMgr:805 - Attr not supported : Dmpu
2024-07-22 12:11:44,500 [ERROR] ConditionMgr:805 - Attr not supported : Dmpu
2024-07-22 12:11:44,500 [ERROR] ConditionMgr:805 - Attr not supported : Dmpu
2024-07-22 12:11:44,500 [ERROR] ConditionMgr:805 - Attr not supported : Dmpu
2024-07-22 12:11:44,500 [ERROR] ConditionMgr:805 - Attr not supported : Dmpu
2024-07-22 12:11:44,500 [ERROR] ConditionMgr:805 - Attr not supported : Dmpu
2024-07-22 12:11:44,501 [ERROR] ConditionMgr:805 - Attr not supported : Dmpu
2024-07-22 12:11:44,501 [ERROR] ConditionMgr:805 - Attr not supported : Dmpu
2024-07-22 12:11:44,501 [ERROR] ConditionMgr:805 - Attr not supported : Dmpu
2024-07-22 12:11:44,501 [ERROR] ConditionMgr:805 - Attr not supported : Dmpu
2024-07-22 12:11:44,501 [ERROR] ConditionMgr:805 - Attr not supported : Dmpu
2024-07-22 12:11:44,501 [ERROR] ConditionMgr:805 - Attr not supported : Dmpu
2024-07-22 12:11:44,501 [ERROR] ConditionMgr:805 - Attr not supported : Dmpu
2024-07-22 12:11:44,501 [ERROR] ConditionMgr:805 - Attr not supported : Dmpu
2024-07-22 12:11:44,501 [ERROR] ConditionMgr:805 - Attr not supported : Dmpu
2024-07-22 12:11:44,501 [ERROR] ConditionMgr:805 - Attr not supported : Dmpu
2024-07-22 12:11:44,501 [ERROR] ConditionMgr:805 - Attr not supported : Dmpu
2024-07-22 12:11:44,502 [ERROR] ConditionMgr:805 - Attr not supported : Dmpu
2024-07-22 12:11:44,502 [ERROR] ConditionMgr:805 - Attr not supported : Dmpu
2024-07-22 12:11:44,502 [ERROR] ConditionMgr:805 - Attr not supported : Dmpu
2024-07-22 12:11:44,502 [ERROR] ConditionMgr:805 - Attr not supported : Dmpu
2024-07-22 12:11:44,502 [ERROR] ConditionMgr:805 - Attr not supported : Dmpu
2024-07-22 12:11:44,502 [ERROR] ConditionMgr:805 - Attr not supported : Dmpu
2024-07-22 12:11:44,502 [ERROR] ConditionMgr:805 - Attr not supported : Dmpu
2024-07-22 12:11:44,502 [ERROR] ConditionMgr:805 - Attr not supported : Dmpu
2024-07-22 12:11:44,502 [ERROR] ConditionMgr:805 - Attr not supported : Dmpu
2024-07-22 12:11:44,502 [ERROR] ConditionMgr:805 - Attr not supported : Dmpu
2024-07-22 12:11:44,502 [ERROR] ConditionMgr:805 - Attr not supported : Dmpu
2024-07-22 12:11:44,502 [ERROR] ConditionMgr:805 - Attr not supported : Dmpu
2024-07-22 12:11:44,502 [ERROR] ConditionMgr:805 - Attr not supported : Dmpu
2024-07-22 12:11:44,502 [ERROR] ConditionMgr:805 - Attr not supported : Dmpu
2024-07-22 12:11:44,502 [ERROR] ConditionMgr:805 - Attr not supported : Dmpu
2024-07-22 12:11:44,503 [ERROR] ConditionMgr:805 - Attr not supported : Dmpu
2024-07-22 12:11:44,503 [ERROR] ConditionMgr:805 - Attr not supported : Dmpu
2024-07-22 12:11:44,503 [ERROR] ConditionMgr:805 - Attr not supported : Dmpu
2024-07-22 12:11:44,503 [ERROR] ConditionMgr:805 - Attr not supported : Dmpu
2024-07-22 12:11:44,503 [ERROR] ConditionMgr:805 - Attr not supported : Dmpu
2024-07-22 12:11:44,508 [WARN] PackLoader:240 - Cannot read IP mode file for RealThread.X-CUBE-RT-Thread_Nano.4.1.1
2024-07-22 12:11:44,512 [WARN] PackLoader:240 - Cannot read IP mode file for STMicroelectronics.FP-ATR-SIGFOX1.3.2.0
2024-07-22 12:11:44,517 [WARN] PackLoader:240 - Cannot read IP mode file for STMicroelectronics.X-CUBE-EEPRMA1.5.1.0
2024-07-22 12:11:44,540 [WARN] PackLoader:240 - Cannot read IP mode file for SEGGER.I-CUBE-embOS.1.3.1
2024-07-22 12:11:44,570 [WARN] PackLoader:240 - Cannot read IP mode file for STMicroelectronics.X-CUBE-ALGOBUILD.1.4.0
2024-07-22 12:11:44,574 [WARN] PackLoader:240 - Cannot read IP mode file for STMicroelectronics.X-CUBE-GNSS1.6.0.0
2024-07-22 12:11:44,589 [WARN] PackLoader:240 - Cannot read IP mode file for STMicroelectronics.X-CUBE-AZRTOS-F4.1.1.0
2024-07-22 12:11:44,600 [WARN] PackLoader:240 - Cannot read IP mode file for STMicroelectronics.X-CUBE-FREERTOS.1.2.0
2024-07-22 12:11:44,604 [WARN] PackLoader:240 - Cannot read IP mode file for wolfSSL.I-CUBE-wolfSSL.5.6.6
2024-07-22 12:11:44,616 [WARN] PackLoader:240 - Cannot read IP mode file for STMicroelectronics.X-CUBE-AZRTOS-L5.2.0.0
2024-07-22 12:11:44,624 [WARN] PackLoader:240 - Cannot read IP mode file for STMicroelectronics.X-CUBE-NFC6.3.1.0
2024-07-22 12:11:44,630 [WARN] PackLoader:240 - Cannot read IP mode file for ITTIA_DB.I-CUBE-ITTIADB.8.8.0
2024-07-22 12:11:44,634 [WARN] PackLoader:240 - Cannot read IP mode file for STMicroelectronics.X-CUBE-DPower.1.2.0
2024-07-22 12:11:44,639 [WARN] PackLoader:240 - Cannot read IP mode file for STMicroelectronics.X-CUBE-AI.9.0.0
2024-07-22 12:11:44,643 [WARN] PackLoader:240 - Cannot read IP mode file for STMicroelectronics.X-CUBE-NFC7.1.0.1
2024-07-22 12:11:44,648 [WARN] PackLoader:240 - Cannot read IP mode file for wolfSSL.I-CUBE-wolfTPM.3.2.0
2024-07-22 12:11:44,653 [WARN] PackLoader:240 - Cannot read IP mode file for STMicroelectronics.X-CUBE-NFC6.3.0.0
2024-07-22 12:11:44,656 [WARN] PackLoader:240 - Cannot read IP mode file for STMicroelectronics.X-CUBE-AI.8.1.0
2024-07-22 12:11:44,670 [WARN] ConditionMgr:438 - getConditionDescription Invalid condition id : LAN8742 Phy interface Condition cause : null
2024-07-22 12:11:44,670 [WARN] PackLoader:240 - Cannot read IP mode file for STMicroelectronics.X-CUBE-AZRTOS-L4.2.0.0
2024-07-22 12:11:44,672 [WARN] ConditionMgr:1039 - genDependencies : Invalid condition id : LAN8742 Phy interface Condition cause : null
2024-07-22 12:11:44,672 [WARN] ConditionMgr:1039 - genDependencies : Invalid condition id : LAN8742 Phy interface Condition cause : null
2024-07-22 12:11:44,674 [WARN] ConditionMgr:1039 - genDependencies : Invalid condition id : LAN8742 Phy interface Condition cause : null
2024-07-22 12:11:44,680 [WARN] PackLoader:240 - Cannot read IP mode file for STMicroelectronics.X-CUBE-SFXS2LP1.4.0.0
2024-07-22 12:11:44,691 [WARN] ConditionMgr:438 - getConditionDescription Invalid condition id : UX DEVICE CLASS RTOS Condition cause : null
2024-07-22 12:11:44,691 [WARN] ConditionMgr:438 - getConditionDescription Invalid condition id : UX DEVICE CLASS RTOS Condition cause : null
2024-07-22 12:11:44,694 [WARN] PackLoader:240 - Cannot read IP mode file for STMicroelectronics.X-CUBE-AZRTOS-WB.2.0.0
2024-07-22 12:11:44,694 [WARN] ConditionMgr:1039 - genDependencies : Invalid condition id : UX DEVICE CLASS RTOS Condition cause : null
2024-07-22 12:11:44,694 [WARN] ConditionMgr:1039 - genDependencies : Invalid condition id : UX DEVICE CLASS RTOS Condition cause : null
2024-07-22 12:11:44,694 [WARN] ConditionMgr:1039 - genDependencies : Invalid condition id : UX DEVICE CLASS RTOS Condition cause : null
2024-07-22 12:11:44,695 [WARN] ConditionMgr:1039 - genDependencies : Invalid condition id : UX DEVICE CLASS RTOS Condition cause : null
2024-07-22 12:11:44,695 [WARN] ConditionMgr:1039 - genDependencies : Invalid condition id : UX DEVICE CLASS RTOS Condition cause : null
2024-07-22 12:11:44,701 [WARN] PackLoader:240 - Cannot read IP mode file for STMicroelectronics.FP-SNS-STBOX1.2.0.0
2024-07-22 12:11:44,711 [WARN] PackLoader:240 - Cannot read IP mode file for STMicroelectronics.X-CUBE-SUBG2.5.0.0
2024-07-22 12:11:44,725 [WARN] PackLoader:240 - Cannot read IP mode file for STMicroelectronics.X-CUBE-AZRTOS-G4.2.0.0
2024-07-22 12:11:44,737 [WARN] PackLoader:240 - Cannot read IP mode file for Infineon.AIROC-Wi-Fi-Bluetooth-STM32.1.5.1
2024-07-22 12:11:44,743 [WARN] PackLoader:240 - Cannot read IP mode file for STMicroelectronics.FP-SNS-MOTENVWB1.1.3.1
2024-07-22 12:11:44,746 [WARN] PackLoader:240 - Cannot read IP mode file for STMicroelectronics.X-CUBE-ISPU.2.0.0
2024-07-22 12:11:44,750 [WARN] PackLoader:240 - Cannot read IP mode file for STMicroelectronics.X-CUBE-ALS.1.0.2
2024-07-22 12:11:44,791 [WARN] PackLoader:240 - Cannot read IP mode file for STMicroelectronics.X-CUBE-MEMS1.10.0.0
2024-07-22 12:11:44,886 [WARN] PackLoader:240 - Cannot read IP mode file for STMicroelectronics.X-CUBE-FREERTOS.1.1.0
2024-07-22 12:11:44,888 [WARN] PackLoader:240 - Cannot read IP mode file for STMicroelectronics.X-CUBE-TOUCHGFX.4.24.0
2024-07-22 12:11:44,891 [WARN] PackLoader:240 - Cannot read IP mode file for portGmbH.I-Cube-SoM-uGOAL.1.1.0
2024-07-22 12:11:44,894 [WARN] PackLoader:240 - Cannot read IP mode file for STMicroelectronics.X-CUBE-ALS.1.0.1
2024-07-22 12:11:44,905 [WARN] PackLoader:240 - Cannot read IP mode file for STMicroelectronics.X-CUBE-AZRTOS-H7RS.1.0.0
2024-07-22 12:11:44,910 [WARN] PackLoader:240 - Cannot read IP mode file for STMicroelectronics.FP-ATR-ASTRA1.2.0.0
2024-07-22 12:11:45,372 [WARN] PackLoader:240 - Cannot read IP mode file for STMicroelectronics.X-CUBE-TOF1.3.4.1
2024-07-22 12:11:45,410 [WARN] PackLoader:240 - Cannot read IP mode file for STMicroelectronics.X-CUBE-AZRTOS-H7.3.2.0
2024-07-22 12:11:45,419 [WARN] PackLoader:240 - Cannot read IP mode file for wolfSSL.I-CUBE-wolfSSH.1.4.17
2024-07-22 12:11:45,420 [INFO] ThirdParty:978 - Integrity check success = true
2024-07-22 12:11:45,420 [INFO] IntegrityCheckThread:100 - exiting critical section [integrity check]
2024-07-22 12:11:45,420 [INFO] IntegrityCheckThread:103 - End integrity checks thread
2024-07-22 12:13:53,739 [ERROR] LogOutputStream:75 - [STDERR_REDIRECT] 
2024-07-22 12:13:53,740 [ERROR] LogOutputStream:75 - [STDERR_REDIRECT] 
