2024-04-27 18:06:08,875 [INFO] Activator:176 - 


2024-04-27 18:06:08,875 [INFO] Activator:177 - !SESSION log4j initialized
2024-04-27 18:06:15,475 [INFO] LogOutputStream:77 - [STDOUT_REDIRECT] 
2024-04-27 18:06:17,129 [INFO] ApplicationProperties:184 - Using Application install path: C:\ST\STM32CubeIDE_1.14.1\STM32CubeIDE\plugins\com.st.stm32cube.common.mx_6.10.0.202311202037
2024-04-27 18:06:17,143 [INFO] DbMcusXml:78 - Set database path to: C:\ST\STM32CubeIDE_1.14.1\STM32CubeIDE\plugins\com.st.stm32cube.common.mx_6.10.0.202311202037\\db\/mcu/
2024-04-27 18:06:17,143 [INFO] ApiDb:274 - Set plugin database path to: C:\ST\STM32CubeIDE_1.14.1\STM32CubeIDE\plugins\com.st.stm32cube.common.mx_6.10.0.202311202037\\db\/plugins/boardmanager/
2024-04-27 18:06:17,143 [WARN] ApiDb:259 - Overriding images path with different value:  => C:\ST\STM32CubeIDE_1.14.1\STM32CubeIDE\plugins\com.st.stm32cube.common.mx_6.10.0.202311202037\\db\/plugins/mcufinder/images/
2024-04-27 18:06:17,150 [INFO] ApiDb:250 - Set database path to: C:\Users\anton\.stmcufinder\plugins\mcufinder//mcu/
2024-04-27 18:06:17,151 [INFO] DbMcusAds:125 - Set database path to: C:\Users\anton\.stmcufinder\plugins\mcufinder//mcu/
2024-04-27 18:06:17,152 [INFO] CrossReferenceDbSqlite:203 - Set database path to: C:\Users\anton\.stmcufinder\plugins\mcufinder//mcu/cs/
2024-04-27 18:06:17,264 [INFO] RulesReader:64 - Compatibility file has been processed (297 Rules)
2024-04-27 18:06:17,333 [INFO] DbMcusXml:78 - Set database path to: C:\ST\STM32CubeIDE_1.14.1\STM32CubeIDE\plugins\com.st.stm32cube.common.mx_6.10.0.202311202037\\db\/mcu/
2024-04-27 18:06:17,333 [INFO] ApiDb:274 - Set plugin database path to: C:\ST\STM32CubeIDE_1.14.1\STM32CubeIDE\plugins\com.st.stm32cube.common.mx_6.10.0.202311202037\\db\/plugins/boardmanager/
2024-04-27 18:06:17,333 [INFO] ApiDb:261 - Set plugin images path to: C:\ST\STM32CubeIDE_1.14.1\STM32CubeIDE\plugins\com.st.stm32cube.common.mx_6.10.0.202311202037\\db\/plugins/mcufinder/images/
2024-04-27 18:06:17,333 [WARN] DbFile:41 - Overriding database path with different value: C:\Users\anton\.stmcufinder\plugins\mcufinder/ => C:\Users\anton\.stmcufinder\plugins\mcufinder
2024-04-27 18:06:17,334 [INFO] ApiDb:250 - Set database path to: C:\Users\anton\.stmcufinder\plugins\mcufinder//mcu/
2024-04-27 18:06:17,334 [WARN] DbFile:41 - Overriding database path with different value: C:\Users\anton\.stmcufinder\plugins\mcufinder/ => C:\Users\anton\.stmcufinder\plugins\mcufinder
2024-04-27 18:06:17,334 [INFO] DbMcusAds:125 - Set database path to: C:\Users\anton\.stmcufinder\plugins\mcufinder//mcu/
2024-04-27 18:06:17,334 [WARN] DbFile:41 - Overriding database path with different value: C:\Users\anton\.stmcufinder\plugins\mcufinder/ => C:\Users\anton\.stmcufinder\plugins\mcufinder
2024-04-27 18:06:17,334 [WARN] DbFile:41 - Overriding database path with different value: C:\Users\anton\.stmcufinder\plugins\mcufinder/ => C:\Users\anton\.stmcufinder\plugins\mcufinder
2024-04-27 18:06:17,334 [INFO] CrossReferenceDbSqlite:203 - Set database path to: C:\Users\anton\.stmcufinder\plugins\mcufinder//mcu/cs/
2024-04-27 18:06:17,403 [INFO] MainPanel:264 - HeapMemory: 268435456
2024-04-27 18:06:17,469 [INFO] DbMcusXml:78 - Set database path to: C:\ST\STM32CubeIDE_1.14.1\STM32CubeIDE\plugins\com.st.stm32cube.common.mx_6.10.0.202311202037\\db\/mcu/
2024-04-27 18:06:17,469 [INFO] ApiDb:274 - Set plugin database path to: C:\ST\STM32CubeIDE_1.14.1\STM32CubeIDE\plugins\com.st.stm32cube.common.mx_6.10.0.202311202037\\db\/plugins/boardmanager/
2024-04-27 18:06:17,469 [INFO] ApiDb:261 - Set plugin images path to: C:\ST\STM32CubeIDE_1.14.1\STM32CubeIDE\plugins\com.st.stm32cube.common.mx_6.10.0.202311202037\\db\/plugins/mcufinder/images/
2024-04-27 18:06:17,470 [WARN] DbFile:41 - Overriding database path with different value: C:\Users\anton\.stmcufinder\plugins\mcufinder/ => C:\Users\anton\.stmcufinder\plugins\mcufinder
2024-04-27 18:06:17,470 [INFO] ApiDb:250 - Set database path to: C:\Users\anton\.stmcufinder\plugins\mcufinder//mcu/
2024-04-27 18:06:17,470 [WARN] DbFile:41 - Overriding database path with different value: C:\Users\anton\.stmcufinder\plugins\mcufinder/ => C:\Users\anton\.stmcufinder\plugins\mcufinder
2024-04-27 18:06:17,470 [INFO] DbMcusAds:125 - Set database path to: C:\Users\anton\.stmcufinder\plugins\mcufinder//mcu/
2024-04-27 18:06:17,470 [WARN] DbFile:41 - Overriding database path with different value: C:\Users\anton\.stmcufinder\plugins\mcufinder/ => C:\Users\anton\.stmcufinder\plugins\mcufinder
2024-04-27 18:06:17,470 [WARN] DbFile:41 - Overriding database path with different value: C:\Users\anton\.stmcufinder\plugins\mcufinder/ => C:\Users\anton\.stmcufinder\plugins\mcufinder
2024-04-27 18:06:17,470 [INFO] CrossReferenceDbSqlite:203 - Set database path to: C:\Users\anton\.stmcufinder\plugins\mcufinder//mcu/cs/
2024-04-27 18:06:17,485 [INFO] ApplicationProperties:184 - Using Application install path: C:\ST\STM32CubeIDE_1.14.1\STM32CubeIDE\plugins\com.st.stm32cube.common.mx_6.10.0.202311202037
2024-04-27 18:06:17,487 [INFO] PluginManage:196 - Search for loadable plugins [exclusion list=, ]
2024-04-27 18:06:17,488 [INFO] PluginManage:310 - Check plugin analytics
2024-04-27 18:06:17,727 [INFO] AnalyticsPlugin:253 - Accepted Software Licenses: 
2024-04-27 18:06:17,727 [INFO] AnalyticsPlugin:255 - Accepted CMSIS Pack Licenses: 
2024-04-27 18:06:17,727 [INFO] AnalyticsPlugin:257 - Accepted Firmware Licenses: FW.F4.1.28.0
2024-04-27 18:06:17,732 [INFO] PluginManage:359 - Loaded plugin analytics (category:tool,tabindex:-1)
2024-04-27 18:06:17,733 [INFO] PluginManage:310 - Check plugin cadmodel
2024-04-27 18:06:17,747 [INFO] CADModel:105 - Init CAD model plugin
2024-04-27 18:06:17,748 [INFO] PluginManage:359 - Loaded plugin cadmodel (category:power,tabindex:5)
2024-04-27 18:06:17,748 [INFO] PluginManage:310 - Check plugin clock
2024-04-27 18:06:17,765 [INFO] PluginManage:359 - Loaded plugin clock (category:base,tabindex:2)
2024-04-27 18:06:17,765 [INFO] PluginManage:310 - Check plugin ddr
2024-04-27 18:06:17,767 [INFO] PluginManage:359 - Loaded plugin ddr (category:tool,tabindex:6)
2024-04-27 18:06:17,767 [INFO] PluginManage:310 - Check plugin filemanager
2024-04-27 18:06:17,908 [INFO] PluginManage:359 - Loaded plugin filemanager (category:base,tabindex:10)
2024-04-27 18:06:17,908 [INFO] PluginManage:310 - Check plugin ipmanager
2024-04-27 18:06:17,915 [INFO] PluginManage:359 - Loaded plugin ipmanager (category:base,tabindex:5)
2024-04-27 18:06:17,915 [INFO] PluginManage:310 - Check plugin lpbam
2024-04-27 18:06:17,925 [INFO] PluginManage:359 - Loaded plugin lpbam (category:base,tabindex:0)
2024-04-27 18:06:17,926 [INFO] PluginManage:310 - Check plugin memorymap
2024-04-27 18:06:17,940 [INFO] PluginManage:359 - Loaded plugin memorymap (category:base,tabindex:4)
2024-04-27 18:06:17,940 [INFO] PluginManage:310 - Check plugin pinoutandconfiguration
2024-04-27 18:06:17,953 [INFO] PluginManage:359 - Loaded plugin pinoutandconfiguration (category:base,tabindex:1)
2024-04-27 18:06:17,953 [INFO] PluginManage:310 - Check plugin pinoutconfig
2024-04-27 18:06:18,045 [WARN] SupportedApi:132 - Cannot load RTOS API schema: s4s-elt-must-match.1: The content of 'definitions' must match (annotation?, (simpleType | complexType)?, (unique | key | keyref)*)). A problem was found starting at: attribute.
2024-04-27 18:06:18,154 [INFO] PluginManage:359 - Loaded plugin pinoutconfig (category:base,tabindex:0)
2024-04-27 18:06:18,154 [INFO] PluginManage:310 - Check plugin power
2024-04-27 18:06:18,168 [INFO] PluginManage:359 - Loaded plugin power (category:power,tabindex:4)
2024-04-27 18:06:18,169 [INFO] PluginManage:310 - Check plugin projectmanager
2024-04-27 18:06:18,183 [INFO] PluginManage:359 - Loaded plugin projectmanager (category:projectmanager,tabindex:3)
2024-04-27 18:06:18,183 [INFO] PluginManage:310 - Check plugin thirdparty
2024-04-27 18:06:18,391 [INFO] PluginManage:359 - Loaded plugin thirdparty (category:base,tabindex:-1)
2024-04-27 18:06:18,391 [INFO] PluginManage:310 - Check plugin tools
2024-04-27 18:06:18,391 [WARN] IntegrityCheckThread:84 - waiting for thirdparty lock release [integrity check]
2024-04-27 18:06:18,391 [INFO] IntegrityCheckThread:86 - entering critical section [integrity check]
2024-04-27 18:06:18,392 [INFO] ThirdPartyUpdaterWithRetryManager:70 - Updater plugin not ready yet. [1/15]
2024-04-27 18:06:18,413 [INFO] PluginManage:359 - Loaded plugin tools (category:base,tabindex:7)
2024-04-27 18:06:18,414 [INFO] PluginManage:310 - Check plugin tutovideos
2024-04-27 18:06:18,549 [INFO] PluginManage:359 - Loaded plugin tutovideos (category:base,tabindex:-1)
2024-04-27 18:06:18,550 [INFO] PluginManage:310 - Check plugin updater
2024-04-27 18:06:18,560 [INFO] PluginManage:359 - Loaded plugin updater (category:base,tabindex:12)
2024-04-27 18:06:18,560 [INFO] PluginManage:310 - Check plugin userauth
2024-04-27 18:06:18,563 [INFO] UserAuth:114 - Init User Auth plugin
2024-04-27 18:06:18,565 [INFO] PluginManage:359 - Loaded plugin userauth (category:base,tabindex:14)
2024-04-27 18:06:18,565 [INFO] PluginManage:283 - PluginManage : Loaded plugins [17]
2024-04-27 18:06:18,744 [INFO] PinOutPanel:1499 - setPackage(No Configuration,No Configuration)
2024-04-27 18:06:18,838 [INFO] CADModel:165 - CPN selected for project level
2024-04-27 18:06:18,838 [INFO] CADModel:114 - Register for checkConnection events
2024-04-27 18:06:18,858 [INFO] IPUIPlugin:80 - create IPUIPlugin
2024-04-27 18:06:18,858 [INFO] PluginManager:220 - loadIPPluginJar : add adc
2024-04-27 18:06:18,879 [INFO] IPUIPlugin:80 - create IPUIPlugin
2024-04-27 18:06:18,879 [INFO] PluginManager:220 - loadIPPluginJar : add aes
2024-04-27 18:06:18,903 [INFO] IPUIPlugin:80 - create IPUIPlugin
2024-04-27 18:06:18,903 [INFO] PluginManager:220 - loadIPPluginJar : add can
2024-04-27 18:06:18,918 [INFO] IPUIPlugin:80 - create IPUIPlugin
2024-04-27 18:06:18,918 [INFO] PluginManager:220 - loadIPPluginJar : add comp
2024-04-27 18:06:18,937 [INFO] IPUIPlugin:80 - create IPUIPlugin
2024-04-27 18:06:18,937 [INFO] PluginManager:220 - loadIPPluginJar : add cryp
2024-04-27 18:06:18,954 [INFO] IPUIPlugin:80 - create IPUIPlugin
2024-04-27 18:06:18,954 [INFO] PluginManager:220 - loadIPPluginJar : add dfsdm
2024-04-27 18:06:18,964 [INFO] IPUIPlugin:80 - create IPUIPlugin
2024-04-27 18:06:18,964 [INFO] PluginManager:220 - loadIPPluginJar : add dma
2024-04-27 18:06:18,988 [INFO] IPUIPlugin:80 - create IPUIPlugin
2024-04-27 18:06:18,988 [INFO] PluginManager:220 - loadIPPluginJar : add dma3
2024-04-27 18:06:19,000 [INFO] IPUIPlugin:80 - create IPUIPlugin
2024-04-27 18:06:19,000 [INFO] PluginManager:220 - loadIPPluginJar : add fatfs
2024-04-27 18:06:19,026 [INFO] IPUIPlugin:80 - create IPUIPlugin
2024-04-27 18:06:19,026 [INFO] PluginManager:220 - loadIPPluginJar : add fmc
2024-04-27 18:06:19,036 [INFO] IPUIPlugin:80 - create IPUIPlugin
2024-04-27 18:06:19,036 [INFO] PluginManager:220 - loadIPPluginJar : add freertos
2024-04-27 18:06:19,049 [INFO] IPUIPlugin:80 - create IPUIPlugin
2024-04-27 18:06:19,049 [INFO] PluginManager:220 - loadIPPluginJar : add genericplugin
2024-04-27 18:06:19,101 [INFO] IPUIPlugin:80 - create IPUIPlugin
2024-04-27 18:06:19,102 [INFO] PluginManager:220 - loadIPPluginJar : add gfxmmu
2024-04-27 18:06:19,192 [INFO] IPUIPlugin:80 - create IPUIPlugin
2024-04-27 18:06:19,193 [INFO] PluginManager:220 - loadIPPluginJar : add gic
2024-04-27 18:06:19,201 [INFO] IPUIPlugin:80 - create IPUIPlugin
2024-04-27 18:06:19,201 [INFO] PluginManager:220 - loadIPPluginJar : add gpio
2024-04-27 18:06:19,263 [INFO] IPUIPlugin:80 - create IPUIPlugin
2024-04-27 18:06:19,263 [INFO] PluginManager:220 - loadIPPluginJar : add gtzc
2024-04-27 18:06:19,286 [INFO] IPUIPlugin:80 - create IPUIPlugin
2024-04-27 18:06:19,286 [INFO] PluginManager:220 - loadIPPluginJar : add hash
2024-04-27 18:06:19,320 [INFO] IPUIPlugin:80 - create IPUIPlugin
2024-04-27 18:06:19,320 [INFO] PluginManager:220 - loadIPPluginJar : add i2c
2024-04-27 18:06:19,347 [INFO] IPUIPlugin:80 - create IPUIPlugin
2024-04-27 18:06:19,347 [INFO] PluginManager:220 - loadIPPluginJar : add i2s
2024-04-27 18:06:19,375 [INFO] IPUIPlugin:80 - create IPUIPlugin
2024-04-27 18:06:19,376 [INFO] PluginManager:220 - loadIPPluginJar : add i3c
2024-04-27 18:06:19,447 [INFO] IPUIPlugin:80 - create IPUIPlugin
2024-04-27 18:06:19,448 [INFO] PluginManager:220 - loadIPPluginJar : add ipddr
2024-04-27 18:06:19,511 [INFO] IPUIPlugin:80 - create IPUIPlugin
2024-04-27 18:06:19,512 [INFO] PluginManager:220 - loadIPPluginJar : add linkedlist
2024-04-27 18:06:19,537 [INFO] IPUIPlugin:80 - create IPUIPlugin
2024-04-27 18:06:19,538 [INFO] PluginManager:220 - loadIPPluginJar : add lorawan
2024-04-27 18:06:19,562 [INFO] IPUIPlugin:80 - create IPUIPlugin
2024-04-27 18:06:19,563 [INFO] PluginManager:220 - loadIPPluginJar : add ltdc
2024-04-27 18:06:19,575 [INFO] IPUIPlugin:80 - create IPUIPlugin
2024-04-27 18:06:19,575 [INFO] PluginManager:220 - loadIPPluginJar : add mdma
2024-04-27 18:06:19,586 [INFO] IPUIPlugin:80 - create IPUIPlugin
2024-04-27 18:06:19,586 [INFO] PluginManager:220 - loadIPPluginJar : add nvic
2024-04-27 18:06:19,619 [INFO] IPUIPlugin:80 - create IPUIPlugin
2024-04-27 18:06:19,619 [INFO] PluginManager:220 - loadIPPluginJar : add opamp
2024-04-27 18:06:19,664 [INFO] IPUIPlugin:80 - create IPUIPlugin
2024-04-27 18:06:19,664 [INFO] PluginManager:220 - loadIPPluginJar : add openamp
2024-04-27 18:06:19,695 [INFO] IPUIPlugin:80 - create IPUIPlugin
2024-04-27 18:06:19,695 [INFO] PluginManager:220 - loadIPPluginJar : add pdm2pcm
2024-04-27 18:06:19,705 [INFO] IPUIPlugin:80 - create IPUIPlugin
2024-04-27 18:06:19,707 [INFO] PluginManager:220 - loadIPPluginJar : add plateformsettings
2024-04-27 18:06:19,722 [INFO] IPUIPlugin:80 - create IPUIPlugin
2024-04-27 18:06:19,722 [INFO] PluginManager:220 - loadIPPluginJar : add quadspi
2024-04-27 18:06:19,730 [INFO] IPUIPlugin:80 - create IPUIPlugin
2024-04-27 18:06:19,730 [INFO] PluginManager:220 - loadIPPluginJar : add resmgrutility
2024-04-27 18:06:19,763 [INFO] IPUIPlugin:80 - create IPUIPlugin
2024-04-27 18:06:19,763 [INFO] PluginManager:220 - loadIPPluginJar : add sai
2024-04-27 18:06:19,787 [INFO] IPUIPlugin:80 - create IPUIPlugin
2024-04-27 18:06:19,787 [INFO] PluginManager:220 - loadIPPluginJar : add spi
2024-04-27 18:06:19,834 [INFO] IPUIPlugin:80 - create IPUIPlugin
2024-04-27 18:06:19,835 [INFO] PluginManager:220 - loadIPPluginJar : add stm32_wpan
2024-04-27 18:06:19,852 [INFO] IPUIPlugin:80 - create IPUIPlugin
2024-04-27 18:06:19,852 [INFO] PluginManager:220 - loadIPPluginJar : add tim
2024-04-27 18:06:19,894 [INFO] IPUIPlugin:80 - create IPUIPlugin
2024-04-27 18:06:19,894 [INFO] PluginManager:220 - loadIPPluginJar : add touchsensing
2024-04-27 18:06:19,911 [INFO] IPUIPlugin:80 - create IPUIPlugin
2024-04-27 18:06:19,912 [INFO] PluginManager:220 - loadIPPluginJar : add tracer_emb
2024-04-27 18:06:19,928 [INFO] IPUIPlugin:80 - create IPUIPlugin
2024-04-27 18:06:19,928 [INFO] PluginManager:220 - loadIPPluginJar : add ts
2024-04-27 18:06:19,944 [INFO] IPUIPlugin:80 - create IPUIPlugin
2024-04-27 18:06:19,944 [INFO] PluginManager:220 - loadIPPluginJar : add tsc
2024-04-27 18:06:19,960 [INFO] IPUIPlugin:80 - create IPUIPlugin
2024-04-27 18:06:19,960 [INFO] PluginManager:220 - loadIPPluginJar : add ucpd
2024-04-27 18:06:19,991 [INFO] IPUIPlugin:80 - create IPUIPlugin
2024-04-27 18:06:19,991 [INFO] PluginManager:220 - loadIPPluginJar : add usart
2024-04-27 18:06:20,022 [INFO] IPUIPlugin:80 - create IPUIPlugin
2024-04-27 18:06:20,022 [INFO] PluginManager:220 - loadIPPluginJar : add usbx
2024-04-27 18:06:20,142 [INFO] CADModel:165 - CPN selected for project level
2024-04-27 18:06:20,142 [INFO] CADModel:114 - Register for checkConnection events
2024-04-27 18:06:20,142 [FATAL] Updater:308 - Updater called before beeing initialized
2024-04-27 18:06:20,142 [ERROR] CADModel:125 - Updater not yet initialized, retry later 
2024-04-27 18:06:20,269 [INFO] CADModel:165 - CPN selected for project level
2024-04-27 18:06:20,269 [INFO] CADModel:114 - Register for checkConnection events
2024-04-27 18:06:20,269 [FATAL] Updater:308 - Updater called before beeing initialized
2024-04-27 18:06:20,269 [ERROR] CADModel:125 - Updater not yet initialized, retry later 
2024-04-27 18:06:20,272 [FATAL] Updater:308 - Updater called before beeing initialized
2024-04-27 18:06:20,379 [FATAL] Updater:308 - Updater called before beeing initialized
2024-04-27 18:06:20,388 [INFO] DbMcusAds:53 - JSON generation date=Wed Nov 29 11:52:27 CET 2023 (1701255147349)
2024-04-27 18:06:20,388 [FATAL] Updater:308 - Updater called before beeing initialized
2024-04-27 18:06:20,450 [WARN] DetailPanel:346 - Failed to get advertising image, set to default
2024-04-27 18:06:20,525 [FATAL] Updater:308 - Updater called before beeing initialized
2024-04-27 18:06:20,527 [FATAL] Updater:308 - Updater called before beeing initialized
2024-04-27 18:06:20,527 [FATAL] Updater:308 - Updater called before beeing initialized
2024-04-27 18:06:20,527 [WARN] DetailPanel:346 - Failed to get advertising image, set to default
2024-04-27 18:06:20,528 [FATAL] Updater:308 - Updater called before beeing initialized
2024-04-27 18:06:20,582 [ERROR] Updater:1120 - MainUpdater not yet initialized. External WinMGr cannot be set.
2024-04-27 18:06:20,591 [INFO] Updater:1056 - Updater Version found : 6.10.0
2024-04-27 18:06:20,607 [INFO] ApplicationProperties:184 - Using Application install path: C:\ST\STM32CubeIDE_1.14.1\STM32CubeIDE\plugins\com.st.stm32cube.common.mx_6.10.0.202311202037
2024-04-27 18:06:21,393 [INFO] ThirdPartyUpdaterWithRetryManager:70 - Updater plugin not ready yet. [2/15]
2024-04-27 18:06:22,200 [ERROR] LogOutputStream:75 - [STDERR_REDIRECT] Apr 27, 2024 6:06:22 PM java.util.prefs.WindowsPreferences <init>
2024-04-27 18:06:22,201 [ERROR] LogOutputStream:75 - [STDERR_REDIRECT] WARNING: Could not open/create prefs root node Software\JavaSoft\Prefs at root 0xffffffff80000002. Windows RegCreateKeyEx(...) returned error code 5.
2024-04-27 18:06:22,203 [ERROR] LogOutputStream:75 - [STDERR_REDIRECT] 
2024-04-27 18:06:22,547 [INFO] MainUpdater:2873 - connection check result : 10
2024-04-27 18:06:22,550 [INFO] MainUpdater:3567 - Updater definition file requires update
2024-04-27 18:06:22,551 [INFO] MainUpdater:290 - Updater Check For Update Now.
2024-04-27 18:06:22,551 [INFO] MicroXplorer:498 - Change Database Version : DB.6.0.100
2024-04-27 18:06:22,565 [INFO] McuFinderGlobals:63 - Set McuFinder mode to 2 (CubeIDE integrated)
2024-04-27 18:06:22,654 [INFO] ServerAccessManage:473 - Download File updaters.zip
2024-04-27 18:06:22,782 [INFO] FileExtend:240 - Unzip File : updaters.zip
2024-04-27 18:06:22,782 [INFO] FileExtend:255 - Standard Zip Deflate
2024-04-27 18:06:22,945 [INFO] UserAuth:404 - Internet connection configuration mode: 1
2024-04-27 18:06:22,970 [INFO] JxBrowserEngine:152 - Initiate JxBrowser Engine with user profile folder
2024-04-27 18:06:23,235 [INFO] ServerAccessManage:473 - Download File PacksControlFlags.xml
2024-04-27 18:06:23,355 [INFO] ServerAccessManage:473 - Download File cubemx.pidx
2024-04-27 18:06:23,927 [INFO] ServerAccessManage:473 - Download File STMicroelectronics.FP-SNS-MOTENVWB1.pdsc
2024-04-27 18:06:24,340 [INFO] ServerAccessManage:473 - Download File STMicroelectronics.X-CUBE-AI.pdsc
2024-04-27 18:06:24,394 [WARN] MainUpdater:1194 - Updater busy. Cannot search thirdparties
2024-04-27 18:06:24,394 [INFO] ThirdPartyUpdaterWithRetryManager:96 - Updater plugin is busy. [1/15]
2024-04-27 18:06:25,223 [INFO] WebApp:161 - Instantiating new browser for Auth
2024-04-27 18:06:25,793 [INFO] WebApp:780 - Register for checkConnection events
2024-04-27 18:06:25,793 [INFO] WebApp:414 - Apply proxy settings
2024-04-27 18:06:25,793 [INFO] WebApp:499 - Chromium requires no authentication
2024-04-27 18:06:25,802 [INFO] WebApp:442 - Direct internet connection detected
2024-04-27 18:06:25,965 [INFO] ServerAccessManage:473 - Download File STMicroelectronics.X-CUBE-FREERTOS.pdsc
2024-04-27 18:06:25,990 [INFO] WebApp:192 - Starting web application
2024-04-27 18:06:25,991 [INFO] WebApp:544 - Web application path used C:\ST\STM32CubeIDE_1.14.1\STM32CubeIDE\plugins\com.st.stm32cube.common.mx_6.10.0.202311202037\db\plugins\mcufinder\reactClient1\index.html
2024-04-27 18:06:26,828 [INFO] ServerAccessManage:473 - Download File STMicroelectronics.X-CUBE-AZRTOS-H7RS.pdsc
2024-04-27 18:06:27,356 [WARN] PackLoader:240 - Cannot read IP mode file for STMicroelectronics.FP-SNS-MOTENVWB1.1.4.0
2024-04-27 18:06:27,367 [WARN] PackLoader:240 - Cannot read IP mode file for STMicroelectronics.X-CUBE-AI.9.0.0
2024-04-27 18:06:27,380 [WARN] PackLoader:240 - Cannot read IP mode file for STMicroelectronics.X-CUBE-FREERTOS.1.2.0
2024-04-27 18:06:27,397 [WARN] MainUpdater:1194 - Updater busy. Cannot search thirdparties
2024-04-27 18:06:27,398 [INFO] ThirdPartyUpdaterWithRetryManager:96 - Updater plugin is busy. [2/15]
2024-04-27 18:06:27,415 [WARN] PackLoader:240 - Cannot read IP mode file for STMicroelectronics.X-CUBE-AZRTOS-H7RS.1.0.0
2024-04-27 18:06:27,422 [INFO] PopulateThirdPartyThread:66 - Ending populate Thread
2024-04-27 18:06:27,425 [INFO] ThirdParty:1030 - CMSIS Pack Vendor :STMicroelectronics X-CUBE-FREERTOS 1.2.0
2024-04-27 18:06:27,425 [INFO] ThirdParty:1030 - CMSIS Pack Vendor :STMicroelectronics FP-SNS-MOTENVWB1 1.4.0
2024-04-27 18:06:27,425 [INFO] ThirdParty:1030 - CMSIS Pack Vendor :STMicroelectronics X-CUBE-AI 9.0.0
2024-04-27 18:06:27,425 [INFO] ThirdParty:1030 - CMSIS Pack Vendor :STMicroelectronics X-CUBE-AZRTOS-H7RS 1.0.0
2024-04-27 18:06:27,426 [INFO] LoadServerUpdatesThread:375 - End of LoadServerUpdate Thread
2024-04-27 18:06:27,536 [INFO] CheckServerUpdateThread:120 - End of CheckServer Thread
2024-04-27 18:06:30,549 [WARN] PackLoader:240 - Cannot read IP mode file for STMicroelectronics.FP-SNS-MOTENVWB1.1.4.0
2024-04-27 18:06:30,571 [WARN] PackLoader:240 - Cannot read IP mode file for STMicroelectronics.X-CUBE-SMBUS.2.1.0
2024-04-27 18:06:30,583 [WARN] PackLoader:240 - Cannot read IP mode file for STMicroelectronics.X-CUBE-TOUCHGFX.4.23.1
2024-04-27 18:06:30,594 [WARN] PackLoader:240 - Cannot read IP mode file for STMicroelectronics.X-CUBE-TOUCHGFX.4.23.0
2024-04-27 18:06:30,603 [WARN] PackLoader:240 - Cannot read IP mode file for STMicroelectronics.X-CUBE-TOUCHGFX.4.23.2
2024-04-27 18:06:30,633 [WARN] PackLoader:240 - Cannot read IP mode file for STMicroelectronics.X-CUBE-AZRTOS-F7.1.1.0
2024-04-27 18:06:30,652 [WARN] PackLoader:240 - Cannot read IP mode file for STMicroelectronics.FP-SNS-MOTENV1.4.3.2
2024-04-27 18:06:30,662 [WARN] PackLoader:240 - Cannot read IP mode file for STMicroelectronics.FP-SNS-FLIGHT1.5.0.2
2024-04-27 18:06:30,682 [WARN] PackLoader:240 - Cannot read IP mode file for STMicroelectronics.X-CUBE-DISPLAY.3.0.0
2024-04-27 18:06:30,712 [WARN] PackLoader:240 - Cannot read IP mode file for STMicroelectronics.X-CUBE-BLE1.7.0.0
2024-04-27 18:06:30,730 [WARN] PackLoader:240 - Cannot read IP mode file for emotas.I-CUBE-CANOPEN.1.3.0
2024-04-27 18:06:30,753 [WARN] PackLoader:240 - Cannot read IP mode file for STMicroelectronics.X-CUBE-BLEMGR.3.1.0
2024-04-27 18:06:30,775 [WARN] PackLoader:240 - Cannot read IP mode file for STMicroelectronics.FP-SNS-SMARTAG2.1.2.0
2024-04-27 18:06:30,800 [INFO] LogOutputStream:77 - [STDOUT_REDIRECT] 1 : Invalid condition id : UX_CORESTACK_Condition cause : null
2024-04-27 18:06:30,801 [INFO] LogOutputStream:77 - [STDOUT_REDIRECT] 1 : Invalid condition id : UX_CORESTACK_Condition cause : null
2024-04-27 18:06:30,803 [INFO] LogOutputStream:77 - [STDOUT_REDIRECT] 1 : Invalid condition id : UX_CORESTACK_Condition cause : null
2024-04-27 18:06:30,803 [INFO] LogOutputStream:77 - [STDOUT_REDIRECT] 1 : Invalid condition id : UX_CORESTACK_Condition cause : null
2024-04-27 18:06:30,804 [INFO] LogOutputStream:77 - [STDOUT_REDIRECT] 1 : Invalid condition id : UX_CORESTACK_Condition cause : null
2024-04-27 18:06:30,810 [WARN] PackLoader:240 - Cannot read IP mode file for STMicroelectronics.X-CUBE-AZRTOS-WL.2.0.0
2024-04-27 18:06:30,831 [WARN] PackLoader:240 - Cannot read IP mode file for STMicroelectronics.FP-SNS-MOTENV1.5.0.0
2024-04-27 18:06:30,857 [WARN] PackLoader:240 - Cannot read IP mode file for WES.I-CUBE-Cesium.1.3.0
2024-04-27 18:06:30,877 [WARN] PackLoader:240 - Cannot read IP mode file for STMicroelectronics.X-CUBE-BLE2.3.3.0
2024-04-27 18:06:30,892 [WARN] PackLoader:240 - Cannot read IP mode file for STMicroelectronics.X-CUBE-TCPP.4.1.0
2024-04-27 18:06:30,911 [WARN] PackLoader:240 - Cannot read IP mode file for STMicroelectronics.X-CUBE-ALGOBUILD.1.3.0
2024-04-27 18:06:30,942 [WARN] PackLoader:240 - Cannot read IP mode file for STMicroelectronics.X-CUBE-AZRTOS-G0.1.1.0
2024-04-27 18:06:30,960 [WARN] PackLoader:240 - Cannot read IP mode file for STMicroelectronics.X-CUBE-SAFEA1.1.2.2
2024-04-27 18:06:30,978 [WARN] PackLoader:240 - Cannot read IP mode file for STMicroelectronics.X-CUBE-NFC4.3.0.0
2024-04-27 18:06:30,985 [WARN] PackLoader:240 - Cannot read IP mode file for STMicroelectronics.FP-ATR-SIGFOX1.3.2.0
2024-04-27 18:06:31,003 [WARN] PackLoader:240 - Cannot read IP mode file for STMicroelectronics.X-CUBE-EEPRMA1.5.1.0
2024-04-27 18:06:31,045 [WARN] PackLoader:240 - Cannot read IP mode file for SEGGER.I-CUBE-embOS.1.3.1
2024-04-27 18:06:31,102 [WARN] PackLoader:240 - Cannot read IP mode file for STMicroelectronics.X-CUBE-GNSS1.6.0.0
2024-04-27 18:06:31,163 [WARN] PackLoader:240 - Cannot read IP mode file for STMicroelectronics.X-CUBE-AZRTOS-F4.1.1.0
2024-04-27 18:06:31,173 [WARN] PackLoader:240 - Cannot read IP mode file for STMicroelectronics.X-CUBE-FREERTOS.1.2.0
2024-04-27 18:06:31,190 [WARN] PackLoader:240 - Cannot read IP mode file for wolfSSL.I-CUBE-wolfSSL.5.6.6
2024-04-27 18:06:31,225 [WARN] PackLoader:240 - Cannot read IP mode file for STMicroelectronics.X-CUBE-AZRTOS-L5.2.0.0
2024-04-27 18:06:31,248 [WARN] PackLoader:240 - Cannot read IP mode file for STMicroelectronics.X-CUBE-NFC6.3.1.0
2024-04-27 18:06:31,269 [WARN] PackLoader:240 - Cannot read IP mode file for ITTIA_DB.I-CUBE-ITTIADB.8.8.0
2024-04-27 18:06:31,275 [WARN] PackLoader:240 - Cannot read IP mode file for STMicroelectronics.X-CUBE-AI.9.0.0
2024-04-27 18:06:31,295 [WARN] PackLoader:240 - Cannot read IP mode file for STMicroelectronics.X-CUBE-NFC7.1.0.1
2024-04-27 18:06:31,316 [WARN] PackLoader:240 - Cannot read IP mode file for STMicroelectronics.X-CUBE-NFC6.3.0.0
2024-04-27 18:06:31,335 [WARN] PackLoader:240 - Cannot read IP mode file for STMicroelectronics.X-CUBE-AI.8.1.0
2024-04-27 18:06:31,374 [WARN] ConditionMgr:438 - getConditionDescription Invalid condition id : LAN8742 Phy interface Condition cause : null
2024-04-27 18:06:31,375 [WARN] PackLoader:240 - Cannot read IP mode file for STMicroelectronics.X-CUBE-AZRTOS-L4.2.0.0
2024-04-27 18:06:31,376 [WARN] ConditionMgr:1039 - genDependencies : Invalid condition id : LAN8742 Phy interface Condition cause : null
2024-04-27 18:06:31,376 [WARN] ConditionMgr:1039 - genDependencies : Invalid condition id : LAN8742 Phy interface Condition cause : null
2024-04-27 18:06:31,377 [WARN] ConditionMgr:1039 - genDependencies : Invalid condition id : LAN8742 Phy interface Condition cause : null
2024-04-27 18:06:31,398 [WARN] PackLoader:240 - Cannot read IP mode file for STMicroelectronics.X-CUBE-SFXS2LP1.4.0.0
2024-04-27 18:06:31,428 [WARN] ConditionMgr:438 - getConditionDescription Invalid condition id : UX DEVICE CLASS RTOS Condition cause : null
2024-04-27 18:06:31,428 [WARN] ConditionMgr:438 - getConditionDescription Invalid condition id : UX DEVICE CLASS RTOS Condition cause : null
2024-04-27 18:06:31,429 [WARN] PackLoader:240 - Cannot read IP mode file for STMicroelectronics.X-CUBE-AZRTOS-WB.2.0.0
2024-04-27 18:06:31,430 [WARN] ConditionMgr:1039 - genDependencies : Invalid condition id : UX DEVICE CLASS RTOS Condition cause : null
2024-04-27 18:06:31,430 [WARN] ConditionMgr:1039 - genDependencies : Invalid condition id : UX DEVICE CLASS RTOS Condition cause : null
2024-04-27 18:06:31,430 [WARN] ConditionMgr:1039 - genDependencies : Invalid condition id : UX DEVICE CLASS RTOS Condition cause : null
2024-04-27 18:06:31,430 [WARN] ConditionMgr:1039 - genDependencies : Invalid condition id : UX DEVICE CLASS RTOS Condition cause : null
2024-04-27 18:06:31,430 [WARN] ConditionMgr:1039 - genDependencies : Invalid condition id : UX DEVICE CLASS RTOS Condition cause : null
2024-04-27 18:06:31,469 [WARN] PackLoader:240 - Cannot read IP mode file for STMicroelectronics.X-CUBE-SUBG2.5.0.0
2024-04-27 18:06:31,518 [WARN] PackLoader:240 - Cannot read IP mode file for STMicroelectronics.X-CUBE-AZRTOS-G4.2.0.0
2024-04-27 18:06:31,547 [WARN] PackLoader:240 - Cannot read IP mode file for Infineon.AIROC-Wi-Fi-Bluetooth-STM32.1.5.1
2024-04-27 18:06:31,556 [WARN] PackLoader:240 - Cannot read IP mode file for STMicroelectronics.FP-SNS-MOTENVWB1.1.3.1
2024-04-27 18:06:31,576 [WARN] PackLoader:240 - Cannot read IP mode file for STMicroelectronics.X-CUBE-ISPU.2.0.0
2024-04-27 18:06:31,633 [WARN] PackLoader:240 - Cannot read IP mode file for STMicroelectronics.X-CUBE-MEMS1.10.0.0
2024-04-27 18:06:31,743 [WARN] PackLoader:240 - Cannot read IP mode file for STMicroelectronics.X-CUBE-FREERTOS.1.1.0
2024-04-27 18:06:31,765 [WARN] PackLoader:240 - Cannot read IP mode file for portGmbH.I-Cube-SoM-uGOAL.1.1.0
2024-04-27 18:06:31,792 [WARN] PackLoader:240 - Cannot read IP mode file for STMicroelectronics.X-CUBE-ALS.1.0.1
2024-04-27 18:06:31,805 [WARN] PackLoader:240 - Cannot read IP mode file for STMicroelectronics.X-CUBE-AZRTOS-H7RS.1.0.0
2024-04-27 18:06:31,813 [WARN] PackLoader:240 - Cannot read IP mode file for STMicroelectronics.FP-ATR-ASTRA1.2.0.0
2024-04-27 18:06:31,840 [WARN] PackLoader:240 - Cannot read IP mode file for STMicroelectronics.X-CUBE-TOF1.3.4.1
2024-04-27 18:06:31,905 [WARN] PackLoader:240 - Cannot read IP mode file for STMicroelectronics.X-CUBE-AZRTOS-H7.3.2.0
2024-04-27 18:06:31,909 [INFO] ThirdParty:978 - Integrity check success = true
2024-04-27 18:06:31,910 [INFO] IntegrityCheckThread:100 - exiting critical section [integrity check]
2024-04-27 18:06:31,910 [INFO] IntegrityCheckThread:103 - End integrity checks thread
2024-04-27 18:06:47,723 [ERROR] LogOutputStream:75 - [STDERR_REDIRECT] SLF4J: Failed to load class "org.slf4j.impl.StaticLoggerBinder".
2024-04-27 18:06:47,723 [ERROR] LogOutputStream:75 - [STDERR_REDIRECT] SLF4J: Defaulting to no-operation (NOP) logger implementation
2024-04-27 18:06:47,723 [ERROR] LogOutputStream:75 - [STDERR_REDIRECT] SLF4J: See http://www.slf4j.org/codes.html#StaticLoggerBinder for further details.
