2024-05-30 17:48:09,032 [INFO] Activator:176 - 


2024-05-30 17:48:09,037 [INFO] Activator:177 - !SESSION log4j initialized
2024-05-30 17:48:17,204 [INFO] LogOutputStream:77 - [STDOUT_REDIRECT] 
2024-05-30 17:48:20,513 [INFO] ApplicationProperties:184 - Using Application install path: C:\ST\STM32CubeIDE_1.14.1\STM32CubeIDE\plugins\com.st.stm32cube.common.mx_6.11.1.202404110753
2024-05-30 17:48:20,531 [INFO] DbMcusXml:78 - Set database path to: C:\ST\STM32CubeIDE_1.14.1\STM32CubeIDE\plugins\com.st.stm32cube.common.mx_6.11.1.202404110753\\db\/mcu/
2024-05-30 17:48:20,531 [INFO] ApiDb:274 - Set plugin database path to: C:\ST\STM32CubeIDE_1.14.1\STM32CubeIDE\plugins\com.st.stm32cube.common.mx_6.11.1.202404110753\\db\/plugins/boardmanager/
2024-05-30 17:48:20,532 [WARN] ApiDb:259 - Overriding images path with different value:  => C:\ST\STM32CubeIDE_1.14.1\STM32CubeIDE\plugins\com.st.stm32cube.common.mx_6.11.1.202404110753\\db\/plugins/mcufinder/images/
2024-05-30 17:48:20,540 [INFO] ApiDb:250 - Set database path to: C:\Users\anton\.stmcufinder\plugins\mcufinder//mcu/
2024-05-30 17:48:20,541 [INFO] DbMcusAds:125 - Set database path to: C:\Users\anton\.stmcufinder\plugins\mcufinder//mcu/
2024-05-30 17:48:20,543 [INFO] CrossReferenceDbSqlite:203 - Set database path to: C:\Users\anton\.stmcufinder\plugins\mcufinder//mcu/cs/
2024-05-30 17:48:20,677 [INFO] RulesReader:64 - Compatibility file has been processed (297 Rules)
2024-05-30 17:48:20,760 [INFO] DbMcusXml:78 - Set database path to: C:\ST\STM32CubeIDE_1.14.1\STM32CubeIDE\plugins\com.st.stm32cube.common.mx_6.11.1.202404110753\\db\/mcu/
2024-05-30 17:48:20,760 [INFO] ApiDb:274 - Set plugin database path to: C:\ST\STM32CubeIDE_1.14.1\STM32CubeIDE\plugins\com.st.stm32cube.common.mx_6.11.1.202404110753\\db\/plugins/boardmanager/
2024-05-30 17:48:20,760 [INFO] ApiDb:261 - Set plugin images path to: C:\ST\STM32CubeIDE_1.14.1\STM32CubeIDE\plugins\com.st.stm32cube.common.mx_6.11.1.202404110753\\db\/plugins/mcufinder/images/
2024-05-30 17:48:20,760 [WARN] DbFile:41 - Overriding database path with different value: C:\Users\anton\.stmcufinder\plugins\mcufinder/ => C:\Users\anton\.stmcufinder\plugins\mcufinder
2024-05-30 17:48:20,761 [INFO] ApiDb:250 - Set database path to: C:\Users\anton\.stmcufinder\plugins\mcufinder//mcu/
2024-05-30 17:48:20,761 [WARN] DbFile:41 - Overriding database path with different value: C:\Users\anton\.stmcufinder\plugins\mcufinder/ => C:\Users\anton\.stmcufinder\plugins\mcufinder
2024-05-30 17:48:20,761 [INFO] DbMcusAds:125 - Set database path to: C:\Users\anton\.stmcufinder\plugins\mcufinder//mcu/
2024-05-30 17:48:20,761 [WARN] DbFile:41 - Overriding database path with different value: C:\Users\anton\.stmcufinder\plugins\mcufinder/ => C:\Users\anton\.stmcufinder\plugins\mcufinder
2024-05-30 17:48:20,761 [WARN] DbFile:41 - Overriding database path with different value: C:\Users\anton\.stmcufinder\plugins\mcufinder/ => C:\Users\anton\.stmcufinder\plugins\mcufinder
2024-05-30 17:48:20,761 [INFO] CrossReferenceDbSqlite:203 - Set database path to: C:\Users\anton\.stmcufinder\plugins\mcufinder//mcu/cs/
2024-05-30 17:48:20,847 [INFO] MainPanel:264 - HeapMemory: 268435456
2024-05-30 17:48:20,924 [INFO] DbMcusXml:78 - Set database path to: C:\ST\STM32CubeIDE_1.14.1\STM32CubeIDE\plugins\com.st.stm32cube.common.mx_6.11.1.202404110753\\db\/mcu/
2024-05-30 17:48:20,924 [INFO] ApiDb:274 - Set plugin database path to: C:\ST\STM32CubeIDE_1.14.1\STM32CubeIDE\plugins\com.st.stm32cube.common.mx_6.11.1.202404110753\\db\/plugins/boardmanager/
2024-05-30 17:48:20,924 [INFO] ApiDb:261 - Set plugin images path to: C:\ST\STM32CubeIDE_1.14.1\STM32CubeIDE\plugins\com.st.stm32cube.common.mx_6.11.1.202404110753\\db\/plugins/mcufinder/images/
2024-05-30 17:48:20,925 [WARN] DbFile:41 - Overriding database path with different value: C:\Users\anton\.stmcufinder\plugins\mcufinder/ => C:\Users\anton\.stmcufinder\plugins\mcufinder
2024-05-30 17:48:20,925 [INFO] ApiDb:250 - Set database path to: C:\Users\anton\.stmcufinder\plugins\mcufinder//mcu/
2024-05-30 17:48:20,925 [WARN] DbFile:41 - Overriding database path with different value: C:\Users\anton\.stmcufinder\plugins\mcufinder/ => C:\Users\anton\.stmcufinder\plugins\mcufinder
2024-05-30 17:48:20,925 [INFO] DbMcusAds:125 - Set database path to: C:\Users\anton\.stmcufinder\plugins\mcufinder//mcu/
2024-05-30 17:48:20,925 [WARN] DbFile:41 - Overriding database path with different value: C:\Users\anton\.stmcufinder\plugins\mcufinder/ => C:\Users\anton\.stmcufinder\plugins\mcufinder
2024-05-30 17:48:20,925 [WARN] DbFile:41 - Overriding database path with different value: C:\Users\anton\.stmcufinder\plugins\mcufinder/ => C:\Users\anton\.stmcufinder\plugins\mcufinder
2024-05-30 17:48:20,925 [INFO] CrossReferenceDbSqlite:203 - Set database path to: C:\Users\anton\.stmcufinder\plugins\mcufinder//mcu/cs/
2024-05-30 17:48:20,947 [INFO] ApplicationProperties:184 - Using Application install path: C:\ST\STM32CubeIDE_1.14.1\STM32CubeIDE\plugins\com.st.stm32cube.common.mx_6.11.1.202404110753
2024-05-30 17:48:20,948 [INFO] PluginManage:196 - Search for loadable plugins [exclusion list=, ]
2024-05-30 17:48:20,950 [INFO] PluginManage:310 - Check plugin analytics
2024-05-30 17:48:21,140 [INFO] AnalyticsPlugin:253 - Accepted Software Licenses: 
2024-05-30 17:48:21,140 [INFO] AnalyticsPlugin:255 - Accepted CMSIS Pack Licenses: 
2024-05-30 17:48:21,141 [INFO] AnalyticsPlugin:257 - Accepted Firmware Licenses: FW.F4.1.28.0
2024-05-30 17:48:21,143 [INFO] PluginManage:359 - Loaded plugin analytics (category:tool,tabindex:-1)
2024-05-30 17:48:21,144 [INFO] PluginManage:310 - Check plugin cadmodel
2024-05-30 17:48:21,163 [INFO] CADModel:105 - Init CAD model plugin
2024-05-30 17:48:21,163 [INFO] PluginManage:359 - Loaded plugin cadmodel (category:power,tabindex:5)
2024-05-30 17:48:21,164 [INFO] PluginManage:310 - Check plugin clock
2024-05-30 17:48:21,188 [INFO] PluginManage:359 - Loaded plugin clock (category:base,tabindex:2)
2024-05-30 17:48:21,188 [INFO] PluginManage:310 - Check plugin ddr
2024-05-30 17:48:21,190 [INFO] PluginManage:359 - Loaded plugin ddr (category:tool,tabindex:6)
2024-05-30 17:48:21,190 [INFO] PluginManage:310 - Check plugin filemanager
2024-05-30 17:48:21,339 [INFO] PluginManage:359 - Loaded plugin filemanager (category:base,tabindex:10)
2024-05-30 17:48:21,339 [INFO] PluginManage:310 - Check plugin ipmanager
2024-05-30 17:48:21,348 [INFO] PluginManage:359 - Loaded plugin ipmanager (category:base,tabindex:5)
2024-05-30 17:48:21,348 [INFO] PluginManage:310 - Check plugin lpbam
2024-05-30 17:48:21,392 [INFO] PluginManage:359 - Loaded plugin lpbam (category:base,tabindex:0)
2024-05-30 17:48:21,392 [INFO] PluginManage:310 - Check plugin memorymap
2024-05-30 17:48:21,415 [INFO] PluginManage:359 - Loaded plugin memorymap (category:base,tabindex:4)
2024-05-30 17:48:21,415 [INFO] PluginManage:310 - Check plugin pinoutandconfiguration
2024-05-30 17:48:21,432 [INFO] PluginManage:359 - Loaded plugin pinoutandconfiguration (category:base,tabindex:1)
2024-05-30 17:48:21,432 [INFO] PluginManage:310 - Check plugin pinoutconfig
2024-05-30 17:48:21,534 [WARN] SupportedApi:132 - Cannot load RTOS API schema: s4s-elt-must-match.1: The content of 'definitions' must match (annotation?, (simpleType | complexType)?, (unique | key | keyref)*)). A problem was found starting at: attribute.
2024-05-30 17:48:21,660 [INFO] PluginManage:359 - Loaded plugin pinoutconfig (category:base,tabindex:0)
2024-05-30 17:48:21,660 [INFO] PluginManage:310 - Check plugin power
2024-05-30 17:48:21,681 [INFO] PluginManage:359 - Loaded plugin power (category:power,tabindex:4)
2024-05-30 17:48:21,682 [INFO] PluginManage:310 - Check plugin projectmanager
2024-05-30 17:48:21,699 [INFO] PluginManage:359 - Loaded plugin projectmanager (category:projectmanager,tabindex:3)
2024-05-30 17:48:21,699 [INFO] PluginManage:310 - Check plugin thirdparty
2024-05-30 17:48:21,966 [INFO] PluginManage:359 - Loaded plugin thirdparty (category:base,tabindex:-1)
2024-05-30 17:48:21,966 [WARN] IntegrityCheckThread:84 - waiting for thirdparty lock release [integrity check]
2024-05-30 17:48:21,966 [INFO] PluginManage:310 - Check plugin tools
2024-05-30 17:48:21,966 [INFO] IntegrityCheckThread:86 - entering critical section [integrity check]
2024-05-30 17:48:21,968 [INFO] ThirdPartyUpdaterWithRetryManager:70 - Updater plugin not ready yet. [1/15]
2024-05-30 17:48:22,001 [INFO] PluginManage:359 - Loaded plugin tools (category:base,tabindex:7)
2024-05-30 17:48:22,001 [INFO] PluginManage:310 - Check plugin tutovideos
2024-05-30 17:48:22,199 [INFO] PluginManage:359 - Loaded plugin tutovideos (category:base,tabindex:-1)
2024-05-30 17:48:22,199 [INFO] PluginManage:310 - Check plugin updater
2024-05-30 17:48:22,210 [INFO] PluginManage:359 - Loaded plugin updater (category:base,tabindex:12)
2024-05-30 17:48:22,210 [INFO] PluginManage:310 - Check plugin userauth
2024-05-30 17:48:22,216 [INFO] UserAuth:114 - Init User Auth plugin
2024-05-30 17:48:22,216 [INFO] PluginManage:359 - Loaded plugin userauth (category:base,tabindex:14)
2024-05-30 17:48:22,217 [INFO] PluginManage:283 - PluginManage : Loaded plugins [17]
2024-05-30 17:48:22,447 [INFO] PinOutPanel:1561 - setPackage(No Configuration,No Configuration)
2024-05-30 17:48:22,526 [INFO] CADModel:165 - CPN selected for project level
2024-05-30 17:48:22,526 [INFO] CADModel:114 - Register for checkConnection events
2024-05-30 17:48:22,563 [INFO] IPUIPlugin:80 - create IPUIPlugin
2024-05-30 17:48:22,563 [INFO] PluginManager:220 - loadIPPluginJar : add adc
2024-05-30 17:48:22,600 [INFO] IPUIPlugin:80 - create IPUIPlugin
2024-05-30 17:48:22,601 [INFO] PluginManager:220 - loadIPPluginJar : add aes
2024-05-30 17:48:22,641 [INFO] IPUIPlugin:80 - create IPUIPlugin
2024-05-30 17:48:22,641 [INFO] PluginManager:220 - loadIPPluginJar : add can
2024-05-30 17:48:22,672 [INFO] IPUIPlugin:80 - create IPUIPlugin
2024-05-30 17:48:22,673 [INFO] PluginManager:220 - loadIPPluginJar : add comp
2024-05-30 17:48:22,706 [INFO] IPUIPlugin:80 - create IPUIPlugin
2024-05-30 17:48:22,706 [INFO] PluginManager:220 - loadIPPluginJar : add cryp
2024-05-30 17:48:22,734 [INFO] IPUIPlugin:80 - create IPUIPlugin
2024-05-30 17:48:22,734 [INFO] PluginManager:220 - loadIPPluginJar : add dfsdm
2024-05-30 17:48:22,752 [INFO] IPUIPlugin:80 - create IPUIPlugin
2024-05-30 17:48:22,752 [INFO] PluginManager:220 - loadIPPluginJar : add dma
2024-05-30 17:48:22,787 [INFO] IPUIPlugin:80 - create IPUIPlugin
2024-05-30 17:48:22,787 [INFO] PluginManager:220 - loadIPPluginJar : add dma3
2024-05-30 17:48:22,828 [INFO] IPUIPlugin:80 - create IPUIPlugin
2024-05-30 17:48:22,828 [INFO] PluginManager:220 - loadIPPluginJar : add extmemmanager
2024-05-30 17:48:22,843 [INFO] IPUIPlugin:80 - create IPUIPlugin
2024-05-30 17:48:22,843 [INFO] PluginManager:220 - loadIPPluginJar : add fatfs
2024-05-30 17:48:22,884 [INFO] IPUIPlugin:80 - create IPUIPlugin
2024-05-30 17:48:22,884 [INFO] PluginManager:220 - loadIPPluginJar : add fmc
2024-05-30 17:48:22,897 [INFO] IPUIPlugin:80 - create IPUIPlugin
2024-05-30 17:48:22,898 [INFO] PluginManager:220 - loadIPPluginJar : add freertos
2024-05-30 17:48:22,916 [INFO] IPUIPlugin:80 - create IPUIPlugin
2024-05-30 17:48:22,916 [INFO] PluginManager:220 - loadIPPluginJar : add genericplugin
2024-05-30 17:48:22,990 [INFO] IPUIPlugin:80 - create IPUIPlugin
2024-05-30 17:48:22,990 [INFO] PluginManager:220 - loadIPPluginJar : add gfxmmu
2024-05-30 17:48:23,114 [INFO] IPUIPlugin:80 - create IPUIPlugin
2024-05-30 17:48:23,114 [INFO] PluginManager:220 - loadIPPluginJar : add gic
2024-05-30 17:48:23,129 [INFO] IPUIPlugin:80 - create IPUIPlugin
2024-05-30 17:48:23,129 [INFO] PluginManager:220 - loadIPPluginJar : add gpio
2024-05-30 17:48:23,205 [INFO] IPUIPlugin:80 - create IPUIPlugin
2024-05-30 17:48:23,205 [INFO] PluginManager:220 - loadIPPluginJar : add gtzc
2024-05-30 17:48:23,231 [INFO] IPUIPlugin:80 - create IPUIPlugin
2024-05-30 17:48:23,231 [INFO] PluginManager:220 - loadIPPluginJar : add hash
2024-05-30 17:48:23,283 [INFO] IPUIPlugin:80 - create IPUIPlugin
2024-05-30 17:48:23,283 [INFO] PluginManager:220 - loadIPPluginJar : add i2c
2024-05-30 17:48:23,314 [INFO] IPUIPlugin:80 - create IPUIPlugin
2024-05-30 17:48:23,314 [INFO] PluginManager:220 - loadIPPluginJar : add i2s
2024-05-30 17:48:23,347 [INFO] IPUIPlugin:80 - create IPUIPlugin
2024-05-30 17:48:23,347 [INFO] PluginManager:220 - loadIPPluginJar : add i3c
2024-05-30 17:48:23,445 [INFO] IPUIPlugin:80 - create IPUIPlugin
2024-05-30 17:48:23,445 [INFO] PluginManager:220 - loadIPPluginJar : add ipddr
2024-05-30 17:48:23,518 [INFO] IPUIPlugin:80 - create IPUIPlugin
2024-05-30 17:48:23,519 [INFO] PluginManager:220 - loadIPPluginJar : add linkedlist
2024-05-30 17:48:23,546 [INFO] IPUIPlugin:80 - create IPUIPlugin
2024-05-30 17:48:23,546 [INFO] PluginManager:220 - loadIPPluginJar : add lorawan
2024-05-30 17:48:23,577 [INFO] IPUIPlugin:80 - create IPUIPlugin
2024-05-30 17:48:23,578 [INFO] PluginManager:220 - loadIPPluginJar : add ltdc
2024-05-30 17:48:23,594 [INFO] IPUIPlugin:80 - create IPUIPlugin
2024-05-30 17:48:23,594 [INFO] PluginManager:220 - loadIPPluginJar : add mdma
2024-05-30 17:48:23,609 [INFO] IPUIPlugin:80 - create IPUIPlugin
2024-05-30 17:48:23,609 [INFO] PluginManager:220 - loadIPPluginJar : add nvic
2024-05-30 17:48:23,640 [INFO] IPUIPlugin:80 - create IPUIPlugin
2024-05-30 17:48:23,640 [INFO] PluginManager:220 - loadIPPluginJar : add opamp
2024-05-30 17:48:23,690 [INFO] IPUIPlugin:80 - create IPUIPlugin
2024-05-30 17:48:23,690 [INFO] PluginManager:220 - loadIPPluginJar : add openamp
2024-05-30 17:48:23,732 [INFO] IPUIPlugin:80 - create IPUIPlugin
2024-05-30 17:48:23,732 [INFO] PluginManager:220 - loadIPPluginJar : add pdm2pcm
2024-05-30 17:48:23,744 [INFO] IPUIPlugin:80 - create IPUIPlugin
2024-05-30 17:48:23,746 [INFO] PluginManager:220 - loadIPPluginJar : add plateformsettings
2024-05-30 17:48:23,762 [INFO] IPUIPlugin:80 - create IPUIPlugin
2024-05-30 17:48:23,762 [INFO] PluginManager:220 - loadIPPluginJar : add quadspi
2024-05-30 17:48:23,773 [INFO] IPUIPlugin:80 - create IPUIPlugin
2024-05-30 17:48:23,773 [INFO] PluginManager:220 - loadIPPluginJar : add resmgrutility
2024-05-30 17:48:23,808 [INFO] IPUIPlugin:80 - create IPUIPlugin
2024-05-30 17:48:23,809 [INFO] PluginManager:220 - loadIPPluginJar : add sai
2024-05-30 17:48:23,837 [INFO] IPUIPlugin:80 - create IPUIPlugin
2024-05-30 17:48:23,838 [INFO] PluginManager:220 - loadIPPluginJar : add spi
2024-05-30 17:48:23,891 [INFO] IPUIPlugin:80 - create IPUIPlugin
2024-05-30 17:48:23,891 [INFO] PluginManager:220 - loadIPPluginJar : add stm32_wpan
2024-05-30 17:48:23,910 [INFO] IPUIPlugin:80 - create IPUIPlugin
2024-05-30 17:48:23,911 [INFO] PluginManager:220 - loadIPPluginJar : add tim
2024-05-30 17:48:23,961 [INFO] IPUIPlugin:80 - create IPUIPlugin
2024-05-30 17:48:23,961 [INFO] PluginManager:220 - loadIPPluginJar : add touchsensing
2024-05-30 17:48:23,979 [INFO] IPUIPlugin:80 - create IPUIPlugin
2024-05-30 17:48:23,979 [INFO] PluginManager:220 - loadIPPluginJar : add tracer_emb
2024-05-30 17:48:24,000 [INFO] IPUIPlugin:80 - create IPUIPlugin
2024-05-30 17:48:24,000 [INFO] PluginManager:220 - loadIPPluginJar : add ts
2024-05-30 17:48:24,017 [INFO] IPUIPlugin:80 - create IPUIPlugin
2024-05-30 17:48:24,017 [INFO] PluginManager:220 - loadIPPluginJar : add tsc
2024-05-30 17:48:24,037 [INFO] IPUIPlugin:80 - create IPUIPlugin
2024-05-30 17:48:24,037 [INFO] PluginManager:220 - loadIPPluginJar : add ucpd
2024-05-30 17:48:24,072 [INFO] IPUIPlugin:80 - create IPUIPlugin
2024-05-30 17:48:24,072 [INFO] PluginManager:220 - loadIPPluginJar : add usart
2024-05-30 17:48:24,107 [INFO] IPUIPlugin:80 - create IPUIPlugin
2024-05-30 17:48:24,107 [INFO] PluginManager:220 - loadIPPluginJar : add usbx
2024-05-30 17:48:24,234 [INFO] CADModel:165 - CPN selected for project level
2024-05-30 17:48:24,234 [INFO] CADModel:114 - Register for checkConnection events
2024-05-30 17:48:24,234 [FATAL] Updater:308 - Updater called before beeing initialized
2024-05-30 17:48:24,234 [ERROR] CADModel:125 - Updater not yet initialized, retry later 
2024-05-30 17:48:24,368 [INFO] CADModel:165 - CPN selected for project level
2024-05-30 17:48:24,369 [INFO] CADModel:114 - Register for checkConnection events
2024-05-30 17:48:24,369 [FATAL] Updater:308 - Updater called before beeing initialized
2024-05-30 17:48:24,369 [ERROR] CADModel:125 - Updater not yet initialized, retry later 
2024-05-30 17:48:24,371 [FATAL] Updater:308 - Updater called before beeing initialized
2024-05-30 17:48:24,472 [FATAL] Updater:308 - Updater called before beeing initialized
2024-05-30 17:48:24,483 [INFO] DbMcusAds:53 - JSON generation date=Thu May 16 11:22:00 CEST 2024 (1715851320852)
2024-05-30 17:48:24,483 [FATAL] Updater:308 - Updater called before beeing initialized
2024-05-30 17:48:24,557 [WARN] DetailPanel:346 - Failed to get advertising image, set to default
2024-05-30 17:48:24,646 [FATAL] Updater:308 - Updater called before beeing initialized
2024-05-30 17:48:24,648 [FATAL] Updater:308 - Updater called before beeing initialized
2024-05-30 17:48:24,648 [FATAL] Updater:308 - Updater called before beeing initialized
2024-05-30 17:48:24,649 [WARN] DetailPanel:346 - Failed to get advertising image, set to default
2024-05-30 17:48:24,649 [FATAL] Updater:308 - Updater called before beeing initialized
2024-05-30 17:48:24,709 [ERROR] Updater:1120 - MainUpdater not yet initialized. External WinMGr cannot be set.
2024-05-30 17:48:24,719 [INFO] Updater:1056 - Updater Version found : 6.11.1
2024-05-30 17:48:24,739 [INFO] ApplicationProperties:184 - Using Application install path: C:\ST\STM32CubeIDE_1.14.1\STM32CubeIDE\plugins\com.st.stm32cube.common.mx_6.11.1.202404110753
2024-05-30 17:48:24,969 [INFO] ThirdPartyUpdaterWithRetryManager:70 - Updater plugin not ready yet. [2/15]
2024-05-30 17:48:26,315 [ERROR] LogOutputStream:75 - [STDERR_REDIRECT] May 30, 2024 5:48:26 PM java.util.prefs.WindowsPreferences <init>
2024-05-30 17:48:26,316 [ERROR] LogOutputStream:75 - [STDERR_REDIRECT] WARNING: Could not open/create prefs root node Software\JavaSoft\Prefs at root 0xffffffff80000002. Windows RegCreateKeyEx(...) returned error code 5.
2024-05-30 17:48:26,316 [ERROR] LogOutputStream:75 - [STDERR_REDIRECT] 
2024-05-30 17:48:26,699 [INFO] MainUpdater:2873 - connection check result : 10
2024-05-30 17:48:26,699 [INFO] MainUpdater:290 - Updater Check For Update Now.
2024-05-30 17:48:26,699 [INFO] MicroXplorer:498 - Change Database Version : DB.6.0.111
2024-05-30 17:48:26,719 [INFO] McuFinderGlobals:63 - Set McuFinder mode to 2 (CubeIDE integrated)
2024-05-30 17:48:26,733 [INFO] UserAuth:415 - Internet connection configuration mode: 1
2024-05-30 17:48:26,776 [INFO] JxBrowserEngine:152 - Initiate JxBrowser Engine with user profile folder
2024-05-30 17:48:26,930 [INFO] CheckServerUpdateThread:120 - End of CheckServer Thread
2024-05-30 17:48:28,155 [WARN] PackLoader:240 - Cannot read IP mode file for STMicroelectronics.FP-SNS-MOTENVWB1.1.4.0
2024-05-30 17:48:28,171 [WARN] PackLoader:240 - Cannot read IP mode file for STMicroelectronics.X-CUBE-SMBUS.2.1.0
2024-05-30 17:48:28,184 [WARN] PackLoader:240 - Cannot read IP mode file for STMicroelectronics.X-CUBE-TOUCHGFX.4.23.1
2024-05-30 17:48:28,194 [WARN] PackLoader:240 - Cannot read IP mode file for STMicroelectronics.X-CUBE-TOUCHGFX.4.23.0
2024-05-30 17:48:28,205 [WARN] PackLoader:240 - Cannot read IP mode file for STMicroelectronics.X-CUBE-TOUCHGFX.4.23.2
2024-05-30 17:48:28,251 [WARN] PackLoader:240 - Cannot read IP mode file for STMicroelectronics.X-CUBE-AZRTOS-F7.1.1.0
2024-05-30 17:48:28,285 [WARN] PackLoader:240 - Cannot read IP mode file for STMicroelectronics.FP-SNS-MOTENV1.4.3.2
2024-05-30 17:48:28,309 [WARN] PackLoader:240 - Cannot read IP mode file for STMicroelectronics.FP-SNS-FLIGHT1.5.0.2
2024-05-30 17:48:28,338 [WARN] PackLoader:240 - Cannot read IP mode file for STMicroelectronics.X-CUBE-DISPLAY.3.0.0
2024-05-30 17:48:28,374 [WARN] PackLoader:240 - Cannot read IP mode file for STMicroelectronics.X-CUBE-BLE1.7.0.0
2024-05-30 17:48:28,394 [WARN] PackLoader:240 - Cannot read IP mode file for emotas.I-CUBE-CANOPEN.1.3.0
2024-05-30 17:48:28,420 [WARN] PackLoader:240 - Cannot read IP mode file for STMicroelectronics.X-CUBE-BLEMGR.3.1.0
2024-05-30 17:48:28,440 [WARN] PackLoader:240 - Cannot read IP mode file for STMicroelectronics.FP-SNS-SMARTAG2.1.2.0
2024-05-30 17:48:28,465 [INFO] LogOutputStream:77 - [STDOUT_REDIRECT] 1 : Invalid condition id : UX_CORESTACK_Condition cause : null
2024-05-30 17:48:28,465 [INFO] LogOutputStream:77 - [STDOUT_REDIRECT] 1 : Invalid condition id : UX_CORESTACK_Condition cause : null
2024-05-30 17:48:28,467 [INFO] LogOutputStream:77 - [STDOUT_REDIRECT] 1 : Invalid condition id : UX_CORESTACK_Condition cause : null
2024-05-30 17:48:28,467 [INFO] LogOutputStream:77 - [STDOUT_REDIRECT] 1 : Invalid condition id : UX_CORESTACK_Condition cause : null
2024-05-30 17:48:28,468 [INFO] LogOutputStream:77 - [STDOUT_REDIRECT] 1 : Invalid condition id : UX_CORESTACK_Condition cause : null
2024-05-30 17:48:28,471 [WARN] PackLoader:240 - Cannot read IP mode file for STMicroelectronics.X-CUBE-AZRTOS-WL.2.0.0
2024-05-30 17:48:28,486 [WARN] PackLoader:240 - Cannot read IP mode file for STMicroelectronics.FP-SNS-MOTENV1.5.0.0
2024-05-30 17:48:28,504 [WARN] PackLoader:240 - Cannot read IP mode file for WES.I-CUBE-Cesium.1.3.0
2024-05-30 17:48:28,518 [WARN] PackLoader:240 - Cannot read IP mode file for STMicroelectronics.X-CUBE-BLE2.3.3.0
2024-05-30 17:48:28,531 [WARN] PackLoader:240 - Cannot read IP mode file for STMicroelectronics.X-CUBE-TCPP.4.1.0
2024-05-30 17:48:28,547 [WARN] PackLoader:240 - Cannot read IP mode file for STMicroelectronics.X-CUBE-ALGOBUILD.1.3.0
2024-05-30 17:48:28,587 [WARN] PackLoader:240 - Cannot read IP mode file for STMicroelectronics.X-CUBE-AZRTOS-G0.1.1.0
2024-05-30 17:48:28,609 [WARN] PackLoader:240 - Cannot read IP mode file for STMicroelectronics.X-CUBE-SAFEA1.1.2.2
2024-05-30 17:48:28,633 [WARN] PackLoader:240 - Cannot read IP mode file for STMicroelectronics.X-CUBE-NFC4.3.0.0
2024-05-30 17:48:28,650 [WARN] PackLoader:240 - Cannot read IP mode file for STMicroelectronics.FP-ATR-SIGFOX1.3.2.0
2024-05-30 17:48:28,667 [WARN] PackLoader:240 - Cannot read IP mode file for STMicroelectronics.X-CUBE-EEPRMA1.5.1.0
2024-05-30 17:48:28,722 [WARN] PackLoader:240 - Cannot read IP mode file for SEGGER.I-CUBE-embOS.1.3.1
2024-05-30 17:48:28,793 [WARN] PackLoader:240 - Cannot read IP mode file for STMicroelectronics.X-CUBE-ALGOBUILD.1.4.0
2024-05-30 17:48:28,816 [WARN] PackLoader:240 - Cannot read IP mode file for STMicroelectronics.X-CUBE-GNSS1.6.0.0
2024-05-30 17:48:28,854 [WARN] PackLoader:240 - Cannot read IP mode file for STMicroelectronics.X-CUBE-AZRTOS-F4.1.1.0
2024-05-30 17:48:28,877 [WARN] PackLoader:240 - Cannot read IP mode file for STMicroelectronics.X-CUBE-FREERTOS.1.2.0
2024-05-30 17:48:28,899 [WARN] PackLoader:240 - Cannot read IP mode file for wolfSSL.I-CUBE-wolfSSL.5.6.6
2024-05-30 17:48:28,951 [WARN] PackLoader:240 - Cannot read IP mode file for STMicroelectronics.X-CUBE-AZRTOS-L5.2.0.0
2024-05-30 17:48:28,992 [WARN] PackLoader:240 - Cannot read IP mode file for STMicroelectronics.X-CUBE-NFC6.3.1.0
2024-05-30 17:48:29,016 [WARN] PackLoader:240 - Cannot read IP mode file for ITTIA_DB.I-CUBE-ITTIADB.8.8.0
2024-05-30 17:48:29,039 [WARN] PackLoader:240 - Cannot read IP mode file for STMicroelectronics.X-CUBE-AI.9.0.0
2024-05-30 17:48:29,063 [WARN] PackLoader:240 - Cannot read IP mode file for STMicroelectronics.X-CUBE-NFC7.1.0.1
2024-05-30 17:48:29,089 [WARN] PackLoader:240 - Cannot read IP mode file for STMicroelectronics.X-CUBE-NFC6.3.0.0
2024-05-30 17:48:29,111 [WARN] PackLoader:240 - Cannot read IP mode file for STMicroelectronics.X-CUBE-AI.8.1.0
2024-05-30 17:48:29,196 [WARN] ConditionMgr:438 - getConditionDescription Invalid condition id : LAN8742 Phy interface Condition cause : null
2024-05-30 17:48:29,199 [WARN] PackLoader:240 - Cannot read IP mode file for STMicroelectronics.X-CUBE-AZRTOS-L4.2.0.0
2024-05-30 17:48:29,204 [WARN] ConditionMgr:1039 - genDependencies : Invalid condition id : LAN8742 Phy interface Condition cause : null
2024-05-30 17:48:29,206 [WARN] ConditionMgr:1039 - genDependencies : Invalid condition id : LAN8742 Phy interface Condition cause : null
2024-05-30 17:48:29,209 [WARN] ConditionMgr:1039 - genDependencies : Invalid condition id : LAN8742 Phy interface Condition cause : null
2024-05-30 17:48:29,302 [WARN] PackLoader:240 - Cannot read IP mode file for STMicroelectronics.X-CUBE-SFXS2LP1.4.0.0
2024-05-30 17:48:29,356 [WARN] ConditionMgr:438 - getConditionDescription Invalid condition id : UX DEVICE CLASS RTOS Condition cause : null
2024-05-30 17:48:29,357 [WARN] ConditionMgr:438 - getConditionDescription Invalid condition id : UX DEVICE CLASS RTOS Condition cause : null
2024-05-30 17:48:29,359 [WARN] PackLoader:240 - Cannot read IP mode file for STMicroelectronics.X-CUBE-AZRTOS-WB.2.0.0
2024-05-30 17:48:29,359 [WARN] ConditionMgr:1039 - genDependencies : Invalid condition id : UX DEVICE CLASS RTOS Condition cause : null
2024-05-30 17:48:29,360 [WARN] ConditionMgr:1039 - genDependencies : Invalid condition id : UX DEVICE CLASS RTOS Condition cause : null
2024-05-30 17:48:29,361 [WARN] ConditionMgr:1039 - genDependencies : Invalid condition id : UX DEVICE CLASS RTOS Condition cause : null
2024-05-30 17:48:29,362 [WARN] ConditionMgr:1039 - genDependencies : Invalid condition id : UX DEVICE CLASS RTOS Condition cause : null
2024-05-30 17:48:29,363 [WARN] ConditionMgr:1039 - genDependencies : Invalid condition id : UX DEVICE CLASS RTOS Condition cause : null
2024-05-30 17:48:29,395 [WARN] PackLoader:240 - Cannot read IP mode file for STMicroelectronics.X-CUBE-SUBG2.5.0.0
2024-05-30 17:48:29,445 [WARN] PackLoader:240 - Cannot read IP mode file for STMicroelectronics.X-CUBE-AZRTOS-G4.2.0.0
2024-05-30 17:48:29,487 [WARN] PackLoader:240 - Cannot read IP mode file for Infineon.AIROC-Wi-Fi-Bluetooth-STM32.1.5.1
2024-05-30 17:48:29,515 [WARN] PackLoader:240 - Cannot read IP mode file for STMicroelectronics.FP-SNS-MOTENVWB1.1.3.1
2024-05-30 17:48:29,544 [WARN] PackLoader:240 - Cannot read IP mode file for STMicroelectronics.X-CUBE-ISPU.2.0.0
2024-05-30 17:48:29,569 [WARN] PackLoader:240 - Cannot read IP mode file for STMicroelectronics.X-CUBE-ALS.1.0.2
2024-05-30 17:48:29,654 [WARN] PackLoader:240 - Cannot read IP mode file for STMicroelectronics.X-CUBE-MEMS1.10.0.0
2024-05-30 17:48:29,837 [WARN] PackLoader:240 - Cannot read IP mode file for STMicroelectronics.X-CUBE-FREERTOS.1.1.0
2024-05-30 17:48:29,867 [WARN] PackLoader:240 - Cannot read IP mode file for portGmbH.I-Cube-SoM-uGOAL.1.1.0
2024-05-30 17:48:29,891 [WARN] PackLoader:240 - Cannot read IP mode file for STMicroelectronics.X-CUBE-ALS.1.0.1
2024-05-30 17:48:29,935 [WARN] PackLoader:240 - Cannot read IP mode file for STMicroelectronics.X-CUBE-AZRTOS-H7RS.1.0.0
2024-05-30 17:48:29,959 [WARN] PackLoader:240 - Cannot read IP mode file for STMicroelectronics.FP-ATR-ASTRA1.2.0.0
2024-05-30 17:48:29,994 [WARN] PackLoader:240 - Cannot read IP mode file for STMicroelectronics.X-CUBE-TOF1.3.4.1
2024-05-30 17:48:30,056 [WARN] PackLoader:240 - Cannot read IP mode file for STMicroelectronics.X-CUBE-AZRTOS-H7.3.2.0
2024-05-30 17:48:30,060 [INFO] ThirdParty:978 - Integrity check success = true
2024-05-30 17:48:30,060 [INFO] IntegrityCheckThread:100 - exiting critical section [integrity check]
2024-05-30 17:48:30,060 [INFO] IntegrityCheckThread:103 - End integrity checks thread
2024-05-30 17:48:31,873 [INFO] WebApp:161 - Instantiating new browser for Auth
2024-05-30 17:48:32,551 [INFO] WebApp:779 - Register for checkConnection events
2024-05-30 17:48:32,551 [INFO] WebApp:414 - Apply proxy settings
2024-05-30 17:48:32,551 [INFO] WebApp:499 - Chromium requires no authentication
2024-05-30 17:48:32,558 [INFO] WebApp:442 - Direct internet connection detected
2024-05-30 17:48:32,707 [INFO] WebApp:192 - Starting web application
2024-05-30 17:48:32,707 [INFO] WebApp:544 - Web application path used C:\ST\STM32CubeIDE_1.14.1\STM32CubeIDE\plugins\com.st.stm32cube.common.mx_6.11.1.202404110753\db\plugins\mcufinder\reactClient1\index.html
2024-05-30 23:49:13,794 [ERROR] LogOutputStream:75 - [STDERR_REDIRECT] 
