2024-07-03 19:21:31,344 [INFO] Activator:176 - 


2024-07-03 19:21:31,348 [INFO] Activator:177 - !SESSION log4j initialized
2024-07-03 19:21:38,471 [INFO] LogOutputStream:77 - [STDOUT_REDIRECT] 
2024-07-03 19:21:41,670 [INFO] ApplicationProperties:184 - Using Application install path: C:\ST\STM32CubeIDE_1.14.1\STM32CubeIDE\plugins\com.st.stm32cube.common.mx_6.11.1.202404110753
2024-07-03 19:21:41,686 [INFO] DbMcusXml:78 - Set database path to: C:\ST\STM32CubeIDE_1.14.1\STM32CubeIDE\plugins\com.st.stm32cube.common.mx_6.11.1.202404110753\\db\/mcu/
2024-07-03 19:21:41,686 [INFO] ApiDb:274 - Set plugin database path to: C:\ST\STM32CubeIDE_1.14.1\STM32CubeIDE\plugins\com.st.stm32cube.common.mx_6.11.1.202404110753\\db\/plugins/boardmanager/
2024-07-03 19:21:41,686 [WARN] ApiDb:259 - Overriding images path with different value:  => C:\ST\STM32CubeIDE_1.14.1\STM32CubeIDE\plugins\com.st.stm32cube.common.mx_6.11.1.202404110753\\db\/plugins/mcufinder/images/
2024-07-03 19:21:41,694 [INFO] ApiDb:250 - Set database path to: C:\Users\anton\.stmcufinder\plugins\mcufinder//mcu/
2024-07-03 19:21:41,695 [INFO] DbMcusAds:125 - Set database path to: C:\Users\anton\.stmcufinder\plugins\mcufinder//mcu/
2024-07-03 19:21:41,696 [INFO] CrossReferenceDbSqlite:203 - Set database path to: C:\Users\anton\.stmcufinder\plugins\mcufinder//mcu/cs/
2024-07-03 19:21:41,798 [INFO] RulesReader:64 - Compatibility file has been processed (297 Rules)
2024-07-03 19:21:41,870 [INFO] DbMcusXml:78 - Set database path to: C:\ST\STM32CubeIDE_1.14.1\STM32CubeIDE\plugins\com.st.stm32cube.common.mx_6.11.1.202404110753\\db\/mcu/
2024-07-03 19:21:41,870 [INFO] ApiDb:274 - Set plugin database path to: C:\ST\STM32CubeIDE_1.14.1\STM32CubeIDE\plugins\com.st.stm32cube.common.mx_6.11.1.202404110753\\db\/plugins/boardmanager/
2024-07-03 19:21:41,870 [INFO] ApiDb:261 - Set plugin images path to: C:\ST\STM32CubeIDE_1.14.1\STM32CubeIDE\plugins\com.st.stm32cube.common.mx_6.11.1.202404110753\\db\/plugins/mcufinder/images/
2024-07-03 19:21:41,870 [WARN] DbFile:41 - Overriding database path with different value: C:\Users\anton\.stmcufinder\plugins\mcufinder/ => C:\Users\anton\.stmcufinder\plugins\mcufinder
2024-07-03 19:21:41,870 [INFO] ApiDb:250 - Set database path to: C:\Users\anton\.stmcufinder\plugins\mcufinder//mcu/
2024-07-03 19:21:41,870 [WARN] DbFile:41 - Overriding database path with different value: C:\Users\anton\.stmcufinder\plugins\mcufinder/ => C:\Users\anton\.stmcufinder\plugins\mcufinder
2024-07-03 19:21:41,871 [INFO] DbMcusAds:125 - Set database path to: C:\Users\anton\.stmcufinder\plugins\mcufinder//mcu/
2024-07-03 19:21:41,871 [WARN] DbFile:41 - Overriding database path with different value: C:\Users\anton\.stmcufinder\plugins\mcufinder/ => C:\Users\anton\.stmcufinder\plugins\mcufinder
2024-07-03 19:21:41,871 [WARN] DbFile:41 - Overriding database path with different value: C:\Users\anton\.stmcufinder\plugins\mcufinder/ => C:\Users\anton\.stmcufinder\plugins\mcufinder
2024-07-03 19:21:41,871 [INFO] CrossReferenceDbSqlite:203 - Set database path to: C:\Users\anton\.stmcufinder\plugins\mcufinder//mcu/cs/
2024-07-03 19:21:41,947 [INFO] MainPanel:264 - HeapMemory: 268435456
2024-07-03 19:21:42,021 [INFO] DbMcusXml:78 - Set database path to: C:\ST\STM32CubeIDE_1.14.1\STM32CubeIDE\plugins\com.st.stm32cube.common.mx_6.11.1.202404110753\\db\/mcu/
2024-07-03 19:21:42,021 [INFO] ApiDb:274 - Set plugin database path to: C:\ST\STM32CubeIDE_1.14.1\STM32CubeIDE\plugins\com.st.stm32cube.common.mx_6.11.1.202404110753\\db\/plugins/boardmanager/
2024-07-03 19:21:42,021 [INFO] ApiDb:261 - Set plugin images path to: C:\ST\STM32CubeIDE_1.14.1\STM32CubeIDE\plugins\com.st.stm32cube.common.mx_6.11.1.202404110753\\db\/plugins/mcufinder/images/
2024-07-03 19:21:42,021 [WARN] DbFile:41 - Overriding database path with different value: C:\Users\anton\.stmcufinder\plugins\mcufinder/ => C:\Users\anton\.stmcufinder\plugins\mcufinder
2024-07-03 19:21:42,021 [INFO] ApiDb:250 - Set database path to: C:\Users\anton\.stmcufinder\plugins\mcufinder//mcu/
2024-07-03 19:21:42,021 [WARN] DbFile:41 - Overriding database path with different value: C:\Users\anton\.stmcufinder\plugins\mcufinder/ => C:\Users\anton\.stmcufinder\plugins\mcufinder
2024-07-03 19:21:42,021 [INFO] DbMcusAds:125 - Set database path to: C:\Users\anton\.stmcufinder\plugins\mcufinder//mcu/
2024-07-03 19:21:42,021 [WARN] DbFile:41 - Overriding database path with different value: C:\Users\anton\.stmcufinder\plugins\mcufinder/ => C:\Users\anton\.stmcufinder\plugins\mcufinder
2024-07-03 19:21:42,021 [WARN] DbFile:41 - Overriding database path with different value: C:\Users\anton\.stmcufinder\plugins\mcufinder/ => C:\Users\anton\.stmcufinder\plugins\mcufinder
2024-07-03 19:21:42,022 [INFO] CrossReferenceDbSqlite:203 - Set database path to: C:\Users\anton\.stmcufinder\plugins\mcufinder//mcu/cs/
2024-07-03 19:21:42,037 [INFO] ApplicationProperties:184 - Using Application install path: C:\ST\STM32CubeIDE_1.14.1\STM32CubeIDE\plugins\com.st.stm32cube.common.mx_6.11.1.202404110753
2024-07-03 19:21:42,040 [INFO] PluginManage:196 - Search for loadable plugins [exclusion list=, ]
2024-07-03 19:21:42,041 [INFO] PluginManage:310 - Check plugin analytics
2024-07-03 19:21:42,251 [INFO] AnalyticsPlugin:253 - Accepted Software Licenses: 
2024-07-03 19:21:42,251 [INFO] AnalyticsPlugin:255 - Accepted CMSIS Pack Licenses: 
2024-07-03 19:21:42,251 [INFO] AnalyticsPlugin:257 - Accepted Firmware Licenses: FW.F4.1.28.0
2024-07-03 19:21:42,256 [INFO] PluginManage:359 - Loaded plugin analytics (category:tool,tabindex:-1)
2024-07-03 19:21:42,256 [INFO] PluginManage:310 - Check plugin cadmodel
2024-07-03 19:21:42,273 [INFO] CADModel:105 - Init CAD model plugin
2024-07-03 19:21:42,273 [INFO] PluginManage:359 - Loaded plugin cadmodel (category:power,tabindex:5)
2024-07-03 19:21:42,273 [INFO] PluginManage:310 - Check plugin clock
2024-07-03 19:21:42,293 [INFO] PluginManage:359 - Loaded plugin clock (category:base,tabindex:2)
2024-07-03 19:21:42,293 [INFO] PluginManage:310 - Check plugin ddr
2024-07-03 19:21:42,296 [INFO] PluginManage:359 - Loaded plugin ddr (category:tool,tabindex:6)
2024-07-03 19:21:42,296 [INFO] PluginManage:310 - Check plugin filemanager
2024-07-03 19:21:42,428 [INFO] PluginManage:359 - Loaded plugin filemanager (category:base,tabindex:10)
2024-07-03 19:21:42,428 [INFO] PluginManage:310 - Check plugin ipmanager
2024-07-03 19:21:42,436 [INFO] PluginManage:359 - Loaded plugin ipmanager (category:base,tabindex:5)
2024-07-03 19:21:42,436 [INFO] PluginManage:310 - Check plugin lpbam
2024-07-03 19:21:42,450 [INFO] PluginManage:359 - Loaded plugin lpbam (category:base,tabindex:0)
2024-07-03 19:21:42,450 [INFO] PluginManage:310 - Check plugin memorymap
2024-07-03 19:21:42,465 [INFO] PluginManage:359 - Loaded plugin memorymap (category:base,tabindex:4)
2024-07-03 19:21:42,465 [INFO] PluginManage:310 - Check plugin pinoutandconfiguration
2024-07-03 19:21:42,476 [INFO] PluginManage:359 - Loaded plugin pinoutandconfiguration (category:base,tabindex:1)
2024-07-03 19:21:42,476 [INFO] PluginManage:310 - Check plugin pinoutconfig
2024-07-03 19:21:42,551 [WARN] SupportedApi:132 - Cannot load RTOS API schema: s4s-elt-must-match.1: The content of 'definitions' must match (annotation?, (simpleType | complexType)?, (unique | key | keyref)*)). A problem was found starting at: attribute.
2024-07-03 19:21:42,692 [INFO] PluginManage:359 - Loaded plugin pinoutconfig (category:base,tabindex:0)
2024-07-03 19:21:42,692 [INFO] PluginManage:310 - Check plugin power
2024-07-03 19:21:42,708 [INFO] PluginManage:359 - Loaded plugin power (category:power,tabindex:4)
2024-07-03 19:21:42,708 [INFO] PluginManage:310 - Check plugin projectmanager
2024-07-03 19:21:42,723 [INFO] PluginManage:359 - Loaded plugin projectmanager (category:projectmanager,tabindex:3)
2024-07-03 19:21:42,723 [INFO] PluginManage:310 - Check plugin thirdparty
2024-07-03 19:21:42,957 [INFO] PluginManage:359 - Loaded plugin thirdparty (category:base,tabindex:-1)
2024-07-03 19:21:42,957 [WARN] IntegrityCheckThread:84 - waiting for thirdparty lock release [integrity check]
2024-07-03 19:21:42,958 [INFO] PluginManage:310 - Check plugin tools
2024-07-03 19:21:42,958 [INFO] IntegrityCheckThread:86 - entering critical section [integrity check]
2024-07-03 19:21:42,959 [INFO] ThirdPartyUpdaterWithRetryManager:70 - Updater plugin not ready yet. [1/15]
2024-07-03 19:21:42,985 [INFO] PluginManage:359 - Loaded plugin tools (category:base,tabindex:7)
2024-07-03 19:21:42,985 [INFO] PluginManage:310 - Check plugin tutovideos
2024-07-03 19:21:43,152 [INFO] PluginManage:359 - Loaded plugin tutovideos (category:base,tabindex:-1)
2024-07-03 19:21:43,152 [INFO] PluginManage:310 - Check plugin updater
2024-07-03 19:21:43,164 [INFO] PluginManage:359 - Loaded plugin updater (category:base,tabindex:12)
2024-07-03 19:21:43,165 [INFO] PluginManage:310 - Check plugin userauth
2024-07-03 19:21:43,171 [INFO] UserAuth:114 - Init User Auth plugin
2024-07-03 19:21:43,171 [INFO] PluginManage:359 - Loaded plugin userauth (category:base,tabindex:14)
2024-07-03 19:21:43,171 [INFO] PluginManage:283 - PluginManage : Loaded plugins [17]
2024-07-03 19:21:43,403 [INFO] PinOutPanel:1561 - setPackage(No Configuration,No Configuration)
2024-07-03 19:21:43,488 [INFO] CADModel:165 - CPN selected for project level
2024-07-03 19:21:43,488 [INFO] CADModel:114 - Register for checkConnection events
2024-07-03 19:21:43,512 [INFO] IPUIPlugin:80 - create IPUIPlugin
2024-07-03 19:21:43,512 [INFO] PluginManager:220 - loadIPPluginJar : add adc
2024-07-03 19:21:43,535 [INFO] IPUIPlugin:80 - create IPUIPlugin
2024-07-03 19:21:43,536 [INFO] PluginManager:220 - loadIPPluginJar : add aes
2024-07-03 19:21:43,563 [INFO] IPUIPlugin:80 - create IPUIPlugin
2024-07-03 19:21:43,564 [INFO] PluginManager:220 - loadIPPluginJar : add can
2024-07-03 19:21:43,578 [INFO] IPUIPlugin:80 - create IPUIPlugin
2024-07-03 19:21:43,578 [INFO] PluginManager:220 - loadIPPluginJar : add comp
2024-07-03 19:21:43,601 [INFO] IPUIPlugin:80 - create IPUIPlugin
2024-07-03 19:21:43,601 [INFO] PluginManager:220 - loadIPPluginJar : add cryp
2024-07-03 19:21:43,624 [INFO] IPUIPlugin:80 - create IPUIPlugin
2024-07-03 19:21:43,624 [INFO] PluginManager:220 - loadIPPluginJar : add dfsdm
2024-07-03 19:21:43,634 [INFO] IPUIPlugin:80 - create IPUIPlugin
2024-07-03 19:21:43,634 [INFO] PluginManager:220 - loadIPPluginJar : add dma
2024-07-03 19:21:43,661 [INFO] IPUIPlugin:80 - create IPUIPlugin
2024-07-03 19:21:43,661 [INFO] PluginManager:220 - loadIPPluginJar : add dma3
2024-07-03 19:21:43,690 [INFO] IPUIPlugin:80 - create IPUIPlugin
2024-07-03 19:21:43,690 [INFO] PluginManager:220 - loadIPPluginJar : add extmemmanager
2024-07-03 19:21:43,704 [INFO] IPUIPlugin:80 - create IPUIPlugin
2024-07-03 19:21:43,704 [INFO] PluginManager:220 - loadIPPluginJar : add fatfs
2024-07-03 19:21:43,734 [INFO] IPUIPlugin:80 - create IPUIPlugin
2024-07-03 19:21:43,734 [INFO] PluginManager:220 - loadIPPluginJar : add fmc
2024-07-03 19:21:43,744 [INFO] IPUIPlugin:80 - create IPUIPlugin
2024-07-03 19:21:43,745 [INFO] PluginManager:220 - loadIPPluginJar : add freertos
2024-07-03 19:21:43,760 [INFO] IPUIPlugin:80 - create IPUIPlugin
2024-07-03 19:21:43,761 [INFO] PluginManager:220 - loadIPPluginJar : add genericplugin
2024-07-03 19:21:43,827 [INFO] IPUIPlugin:80 - create IPUIPlugin
2024-07-03 19:21:43,827 [INFO] PluginManager:220 - loadIPPluginJar : add gfxmmu
2024-07-03 19:21:43,908 [INFO] IPUIPlugin:80 - create IPUIPlugin
2024-07-03 19:21:43,908 [INFO] PluginManager:220 - loadIPPluginJar : add gic
2024-07-03 19:21:43,917 [INFO] IPUIPlugin:80 - create IPUIPlugin
2024-07-03 19:21:43,917 [INFO] PluginManager:220 - loadIPPluginJar : add gpio
2024-07-03 19:21:43,973 [INFO] IPUIPlugin:80 - create IPUIPlugin
2024-07-03 19:21:43,973 [INFO] PluginManager:220 - loadIPPluginJar : add gtzc
2024-07-03 19:21:43,994 [INFO] IPUIPlugin:80 - create IPUIPlugin
2024-07-03 19:21:43,994 [INFO] PluginManager:220 - loadIPPluginJar : add hash
2024-07-03 19:21:44,027 [INFO] IPUIPlugin:80 - create IPUIPlugin
2024-07-03 19:21:44,027 [INFO] PluginManager:220 - loadIPPluginJar : add i2c
2024-07-03 19:21:44,054 [INFO] IPUIPlugin:80 - create IPUIPlugin
2024-07-03 19:21:44,054 [INFO] PluginManager:220 - loadIPPluginJar : add i2s
2024-07-03 19:21:44,080 [INFO] IPUIPlugin:80 - create IPUIPlugin
2024-07-03 19:21:44,080 [INFO] PluginManager:220 - loadIPPluginJar : add i3c
2024-07-03 19:21:44,148 [INFO] IPUIPlugin:80 - create IPUIPlugin
2024-07-03 19:21:44,148 [INFO] PluginManager:220 - loadIPPluginJar : add ipddr
2024-07-03 19:21:44,207 [INFO] IPUIPlugin:80 - create IPUIPlugin
2024-07-03 19:21:44,207 [INFO] PluginManager:220 - loadIPPluginJar : add linkedlist
2024-07-03 19:21:44,231 [INFO] IPUIPlugin:80 - create IPUIPlugin
2024-07-03 19:21:44,231 [INFO] PluginManager:220 - loadIPPluginJar : add lorawan
2024-07-03 19:21:44,254 [INFO] IPUIPlugin:80 - create IPUIPlugin
2024-07-03 19:21:44,255 [INFO] PluginManager:220 - loadIPPluginJar : add ltdc
2024-07-03 19:21:44,267 [INFO] IPUIPlugin:80 - create IPUIPlugin
2024-07-03 19:21:44,267 [INFO] PluginManager:220 - loadIPPluginJar : add mdma
2024-07-03 19:21:44,275 [INFO] IPUIPlugin:80 - create IPUIPlugin
2024-07-03 19:21:44,275 [INFO] PluginManager:220 - loadIPPluginJar : add nvic
2024-07-03 19:21:44,301 [INFO] IPUIPlugin:80 - create IPUIPlugin
2024-07-03 19:21:44,301 [INFO] PluginManager:220 - loadIPPluginJar : add opamp
2024-07-03 19:21:44,344 [INFO] IPUIPlugin:80 - create IPUIPlugin
2024-07-03 19:21:44,344 [INFO] PluginManager:220 - loadIPPluginJar : add openamp
2024-07-03 19:21:44,372 [INFO] IPUIPlugin:80 - create IPUIPlugin
2024-07-03 19:21:44,372 [INFO] PluginManager:220 - loadIPPluginJar : add pdm2pcm
2024-07-03 19:21:44,382 [INFO] IPUIPlugin:80 - create IPUIPlugin
2024-07-03 19:21:44,385 [INFO] PluginManager:220 - loadIPPluginJar : add plateformsettings
2024-07-03 19:21:44,399 [INFO] IPUIPlugin:80 - create IPUIPlugin
2024-07-03 19:21:44,400 [INFO] PluginManager:220 - loadIPPluginJar : add quadspi
2024-07-03 19:21:44,407 [INFO] IPUIPlugin:80 - create IPUIPlugin
2024-07-03 19:21:44,407 [INFO] PluginManager:220 - loadIPPluginJar : add resmgrutility
2024-07-03 19:21:44,437 [INFO] IPUIPlugin:80 - create IPUIPlugin
2024-07-03 19:21:44,437 [INFO] PluginManager:220 - loadIPPluginJar : add sai
2024-07-03 19:21:44,460 [INFO] IPUIPlugin:80 - create IPUIPlugin
2024-07-03 19:21:44,460 [INFO] PluginManager:220 - loadIPPluginJar : add spi
2024-07-03 19:21:44,505 [INFO] IPUIPlugin:80 - create IPUIPlugin
2024-07-03 19:21:44,505 [INFO] PluginManager:220 - loadIPPluginJar : add stm32_wpan
2024-07-03 19:21:44,520 [INFO] IPUIPlugin:80 - create IPUIPlugin
2024-07-03 19:21:44,520 [INFO] PluginManager:220 - loadIPPluginJar : add tim
2024-07-03 19:21:44,558 [INFO] IPUIPlugin:80 - create IPUIPlugin
2024-07-03 19:21:44,558 [INFO] PluginManager:220 - loadIPPluginJar : add touchsensing
2024-07-03 19:21:44,573 [INFO] IPUIPlugin:80 - create IPUIPlugin
2024-07-03 19:21:44,573 [INFO] PluginManager:220 - loadIPPluginJar : add tracer_emb
2024-07-03 19:21:44,591 [INFO] IPUIPlugin:80 - create IPUIPlugin
2024-07-03 19:21:44,591 [INFO] PluginManager:220 - loadIPPluginJar : add ts
2024-07-03 19:21:44,607 [INFO] IPUIPlugin:80 - create IPUIPlugin
2024-07-03 19:21:44,607 [INFO] PluginManager:220 - loadIPPluginJar : add tsc
2024-07-03 19:21:44,623 [INFO] IPUIPlugin:80 - create IPUIPlugin
2024-07-03 19:21:44,623 [INFO] PluginManager:220 - loadIPPluginJar : add ucpd
2024-07-03 19:21:44,650 [INFO] IPUIPlugin:80 - create IPUIPlugin
2024-07-03 19:21:44,651 [INFO] PluginManager:220 - loadIPPluginJar : add usart
2024-07-03 19:21:44,677 [INFO] IPUIPlugin:80 - create IPUIPlugin
2024-07-03 19:21:44,677 [INFO] PluginManager:220 - loadIPPluginJar : add usbx
2024-07-03 19:21:44,805 [INFO] CADModel:165 - CPN selected for project level
2024-07-03 19:21:44,806 [INFO] CADModel:114 - Register for checkConnection events
2024-07-03 19:21:44,807 [FATAL] Updater:308 - Updater called before beeing initialized
2024-07-03 19:21:44,807 [ERROR] CADModel:125 - Updater not yet initialized, retry later 
2024-07-03 19:21:44,941 [INFO] CADModel:165 - CPN selected for project level
2024-07-03 19:21:44,941 [INFO] CADModel:114 - Register for checkConnection events
2024-07-03 19:21:44,941 [FATAL] Updater:308 - Updater called before beeing initialized
2024-07-03 19:21:44,942 [ERROR] CADModel:125 - Updater not yet initialized, retry later 
2024-07-03 19:21:44,945 [FATAL] Updater:308 - Updater called before beeing initialized
2024-07-03 19:21:45,070 [FATAL] Updater:308 - Updater called before beeing initialized
2024-07-03 19:21:45,077 [INFO] DbMcusAds:53 - JSON generation date=Thu May 16 11:22:00 CEST 2024 (1715851320852)
2024-07-03 19:21:45,077 [FATAL] Updater:308 - Updater called before beeing initialized
2024-07-03 19:21:45,138 [WARN] DetailPanel:346 - Failed to get advertising image, set to default
2024-07-03 19:21:45,202 [FATAL] Updater:308 - Updater called before beeing initialized
2024-07-03 19:21:45,204 [FATAL] Updater:308 - Updater called before beeing initialized
2024-07-03 19:21:45,204 [FATAL] Updater:308 - Updater called before beeing initialized
2024-07-03 19:21:45,204 [WARN] DetailPanel:346 - Failed to get advertising image, set to default
2024-07-03 19:21:45,205 [FATAL] Updater:308 - Updater called before beeing initialized
2024-07-03 19:21:45,253 [ERROR] Updater:1120 - MainUpdater not yet initialized. External WinMGr cannot be set.
2024-07-03 19:21:45,261 [INFO] Updater:1056 - Updater Version found : 6.11.1
2024-07-03 19:21:45,278 [INFO] ApplicationProperties:184 - Using Application install path: C:\ST\STM32CubeIDE_1.14.1\STM32CubeIDE\plugins\com.st.stm32cube.common.mx_6.11.1.202404110753
2024-07-03 19:21:45,960 [INFO] ThirdPartyUpdaterWithRetryManager:70 - Updater plugin not ready yet. [2/15]
2024-07-03 19:21:46,885 [ERROR] LogOutputStream:75 - [STDERR_REDIRECT] Jul 03, 2024 7:21:46 PM java.util.prefs.WindowsPreferences <init>
2024-07-03 19:21:46,887 [ERROR] LogOutputStream:75 - [STDERR_REDIRECT] WARNING: Could not open/create prefs root node Software\JavaSoft\Prefs at root 0xffffffff80000002. Windows RegCreateKeyEx(...) returned error code 5.
2024-07-03 19:21:46,887 [ERROR] LogOutputStream:75 - [STDERR_REDIRECT] 
2024-07-03 19:21:47,583 [INFO] MainUpdater:2873 - connection check result : 10
2024-07-03 19:21:47,584 [INFO] MainUpdater:3567 - Updater definition file requires update
2024-07-03 19:21:47,584 [INFO] MainUpdater:290 - Updater Check For Update Now.
2024-07-03 19:21:47,584 [INFO] MicroXplorer:498 - Change Database Version : DB.6.0.111
2024-07-03 19:21:47,608 [INFO] McuFinderGlobals:63 - Set McuFinder mode to 2 (CubeIDE integrated)
2024-07-03 19:21:47,617 [INFO] UserAuth:415 - Internet connection configuration mode: 1
2024-07-03 19:21:47,644 [INFO] JxBrowserEngine:152 - Initiate JxBrowser Engine with user profile folder
2024-07-03 19:21:47,879 [INFO] ServerAccessManage:473 - Download File updaters.zip
2024-07-03 19:21:48,204 [INFO] FileExtend:240 - Unzip File : updaters.zip
2024-07-03 19:21:48,204 [INFO] FileExtend:255 - Standard Zip Deflate
2024-07-03 19:21:48,772 [INFO] ServerAccessManage:473 - Download File PacksControlFlags.xml
2024-07-03 19:21:48,944 [INFO] ServerAccessManage:473 - Download File cubemx.pidx
2024-07-03 19:21:48,961 [WARN] MainUpdater:1194 - Updater busy. Cannot search thirdparties
2024-07-03 19:21:48,961 [INFO] ThirdPartyUpdaterWithRetryManager:96 - Updater plugin is busy. [1/15]
2024-07-03 19:21:50,241 [INFO] ServerAccessManage:473 - Download File STMicroelectronics.X-CUBE-DPOWER.pdsc
2024-07-03 19:21:50,753 [ERROR] ServerAccessManage:1089 - Problem, file not found on Server
2024-07-03 19:21:51,135 [ERROR] ServerAccessManage:1089 - Problem, file not found on Server
2024-07-03 19:21:51,453 [ERROR] ServerAccessManage:1089 - Problem, file not found on Server
2024-07-03 19:21:51,856 [ERROR] ServerAccessManage:1089 - Problem, file not found on Server
2024-07-03 19:21:51,962 [WARN] MainUpdater:1194 - Updater busy. Cannot search thirdparties
2024-07-03 19:21:51,962 [INFO] ThirdPartyUpdaterWithRetryManager:96 - Updater plugin is busy. [2/15]
2024-07-03 19:21:52,053 [ERROR] ServerAccessManage:1089 - Problem, file not found on Server
2024-07-03 19:21:52,352 [ERROR] ServerAccessManage:1089 - Problem, file not found on Server
2024-07-03 19:21:52,628 [ERROR] ServerAccessManage:1089 - Problem, file not found on Server
2024-07-03 19:21:52,844 [ERROR] ServerAccessManage:1089 - Problem, file not found on Server
2024-07-03 19:21:53,114 [ERROR] ServerAccessManage:1089 - Problem, file not found on Server
2024-07-03 19:21:53,544 [ERROR] ServerAccessManage:1089 - Problem, file not found on Server
2024-07-03 19:21:53,858 [INFO] WebApp:161 - Instantiating new browser for Auth
2024-07-03 19:21:53,964 [ERROR] ServerAccessManage:1089 - Problem, file not found on Server
2024-07-03 19:21:54,962 [WARN] MainUpdater:1194 - Updater busy. Cannot search thirdparties
2024-07-03 19:21:54,962 [INFO] ThirdPartyUpdaterWithRetryManager:96 - Updater plugin is busy. [3/15]
2024-07-03 19:21:55,264 [INFO] ServerAccessManage:473 - Download File STMicroelectronics.X-CUBE-TOUCHGFX.pdsc
2024-07-03 19:21:56,064 [INFO] WebApp:779 - Register for checkConnection events
2024-07-03 19:21:56,065 [INFO] WebApp:414 - Apply proxy settings
2024-07-03 19:21:56,065 [INFO] WebApp:499 - Chromium requires no authentication
2024-07-03 19:21:56,081 [INFO] WebApp:442 - Direct internet connection detected
2024-07-03 19:21:56,435 [INFO] WebApp:192 - Starting web application
2024-07-03 19:21:56,436 [INFO] WebApp:544 - Web application path used C:\ST\STM32CubeIDE_1.14.1\STM32CubeIDE\plugins\com.st.stm32cube.common.mx_6.11.1.202404110753\db\plugins\mcufinder\reactClient1\index.html
2024-07-03 19:21:57,971 [WARN] MainUpdater:1194 - Updater busy. Cannot search thirdparties
2024-07-03 19:21:57,971 [INFO] ThirdPartyUpdaterWithRetryManager:96 - Updater plugin is busy. [4/15]
2024-07-03 19:22:00,984 [WARN] MainUpdater:1194 - Updater busy. Cannot search thirdparties
2024-07-03 19:22:00,984 [INFO] ThirdPartyUpdaterWithRetryManager:96 - Updater plugin is busy. [5/15]
2024-07-03 19:22:01,226 [WARN] PackLoader:240 - Cannot read IP mode file for STMicroelectronics.X-CUBE-DPower.1.2.0
2024-07-03 19:22:01,246 [WARN] PackLoader:240 - Cannot read IP mode file for STMicroelectronics.X-CUBE-TOUCHGFX.4.24.0
2024-07-03 19:22:01,248 [INFO] PopulateThirdPartyThread:66 - Ending populate Thread
2024-07-03 19:22:01,251 [INFO] ThirdParty:1030 - CMSIS Pack Vendor :STMicroelectronics X-CUBE-TOUCHGFX 4.24.0
2024-07-03 19:22:01,253 [INFO] ThirdParty:1030 - CMSIS Pack Vendor :STMicroelectronics X-CUBE-DPower 1.2.0
2024-07-03 19:22:01,253 [INFO] LoadServerUpdatesThread:375 - End of LoadServerUpdate Thread
2024-07-03 19:22:01,690 [INFO] CheckServerUpdateThread:120 - End of CheckServer Thread
2024-07-03 19:22:04,338 [WARN] PackLoader:240 - Cannot read IP mode file for STMicroelectronics.FP-SNS-MOTENVWB1.1.4.0
2024-07-03 19:22:04,354 [WARN] PackLoader:240 - Cannot read IP mode file for STMicroelectronics.X-CUBE-SMBUS.2.1.0
2024-07-03 19:22:04,376 [WARN] PackLoader:240 - Cannot read IP mode file for STMicroelectronics.X-CUBE-TOUCHGFX.4.23.1
2024-07-03 19:22:04,390 [WARN] PackLoader:240 - Cannot read IP mode file for STMicroelectronics.X-CUBE-TOUCHGFX.4.23.0
2024-07-03 19:22:04,402 [WARN] PackLoader:240 - Cannot read IP mode file for STMicroelectronics.X-CUBE-TOUCHGFX.4.23.2
2024-07-03 19:22:04,456 [WARN] PackLoader:240 - Cannot read IP mode file for STMicroelectronics.X-CUBE-AZRTOS-F7.1.1.0
2024-07-03 19:22:04,482 [WARN] PackLoader:240 - Cannot read IP mode file for STMicroelectronics.FP-SNS-MOTENV1.4.3.2
2024-07-03 19:22:04,504 [WARN] PackLoader:240 - Cannot read IP mode file for STMicroelectronics.FP-SNS-FLIGHT1.5.0.2
2024-07-03 19:22:04,542 [WARN] PackLoader:240 - Cannot read IP mode file for STMicroelectronics.X-CUBE-DISPLAY.3.0.0
2024-07-03 19:22:04,577 [WARN] PackLoader:240 - Cannot read IP mode file for STMicroelectronics.X-CUBE-BLE1.7.0.0
2024-07-03 19:22:04,617 [WARN] PackLoader:240 - Cannot read IP mode file for emotas.I-CUBE-CANOPEN.1.3.0
2024-07-03 19:22:04,642 [WARN] PackLoader:240 - Cannot read IP mode file for STMicroelectronics.X-CUBE-BLEMGR.3.1.0
2024-07-03 19:22:04,669 [WARN] PackLoader:240 - Cannot read IP mode file for STMicroelectronics.FP-SNS-SMARTAG2.1.2.0
2024-07-03 19:22:04,705 [INFO] LogOutputStream:77 - [STDOUT_REDIRECT] 1 : Invalid condition id : UX_CORESTACK_Condition cause : null
2024-07-03 19:22:04,706 [INFO] LogOutputStream:77 - [STDOUT_REDIRECT] 1 : Invalid condition id : UX_CORESTACK_Condition cause : null
2024-07-03 19:22:04,708 [INFO] LogOutputStream:77 - [STDOUT_REDIRECT] 1 : Invalid condition id : UX_CORESTACK_Condition cause : null
2024-07-03 19:22:04,709 [INFO] LogOutputStream:77 - [STDOUT_REDIRECT] 1 : Invalid condition id : UX_CORESTACK_Condition cause : null
2024-07-03 19:22:04,711 [INFO] LogOutputStream:77 - [STDOUT_REDIRECT] 1 : Invalid condition id : UX_CORESTACK_Condition cause : null
2024-07-03 19:22:04,719 [WARN] PackLoader:240 - Cannot read IP mode file for STMicroelectronics.X-CUBE-AZRTOS-WL.2.0.0
2024-07-03 19:22:04,734 [WARN] PackLoader:240 - Cannot read IP mode file for STMicroelectronics.FP-SNS-MOTENV1.5.0.0
2024-07-03 19:22:04,743 [WARN] PackLoader:240 - Cannot read IP mode file for wolfSSL.I-CUBE-wolfMQTT.1.19.0
2024-07-03 19:22:04,764 [WARN] PackLoader:240 - Cannot read IP mode file for WES.I-CUBE-Cesium.1.3.0
2024-07-03 19:22:04,788 [WARN] PackLoader:240 - Cannot read IP mode file for STMicroelectronics.X-CUBE-BLE2.3.3.0
2024-07-03 19:22:04,812 [WARN] PackLoader:240 - Cannot read IP mode file for STMicroelectronics.X-CUBE-TCPP.4.1.0
2024-07-03 19:22:04,834 [WARN] PackLoader:240 - Cannot read IP mode file for STMicroelectronics.X-CUBE-ALGOBUILD.1.3.0
2024-07-03 19:22:04,873 [WARN] PackLoader:240 - Cannot read IP mode file for STMicroelectronics.X-CUBE-AZRTOS-G0.1.1.0
2024-07-03 19:22:04,902 [WARN] PackLoader:240 - Cannot read IP mode file for STMicroelectronics.X-CUBE-SAFEA1.1.2.2
2024-07-03 19:22:04,919 [WARN] PackLoader:240 - Cannot read IP mode file for STMicroelectronics.X-CUBE-NFC4.3.0.0
2024-07-03 19:22:04,929 [WARN] PackLoader:240 - Cannot read IP mode file for STMicroelectronics.FP-ATR-SIGFOX1.3.2.0
2024-07-03 19:22:04,957 [WARN] PackLoader:240 - Cannot read IP mode file for STMicroelectronics.X-CUBE-EEPRMA1.5.1.0
2024-07-03 19:22:05,026 [WARN] PackLoader:240 - Cannot read IP mode file for SEGGER.I-CUBE-embOS.1.3.1
2024-07-03 19:22:05,148 [WARN] PackLoader:240 - Cannot read IP mode file for STMicroelectronics.X-CUBE-ALGOBUILD.1.4.0
2024-07-03 19:22:05,172 [WARN] PackLoader:240 - Cannot read IP mode file for STMicroelectronics.X-CUBE-GNSS1.6.0.0
2024-07-03 19:22:05,227 [WARN] PackLoader:240 - Cannot read IP mode file for STMicroelectronics.X-CUBE-AZRTOS-F4.1.1.0
2024-07-03 19:22:05,265 [WARN] PackLoader:240 - Cannot read IP mode file for STMicroelectronics.X-CUBE-FREERTOS.1.2.0
2024-07-03 19:22:05,289 [WARN] PackLoader:240 - Cannot read IP mode file for wolfSSL.I-CUBE-wolfSSL.5.6.6
2024-07-03 19:22:05,373 [WARN] PackLoader:240 - Cannot read IP mode file for STMicroelectronics.X-CUBE-AZRTOS-L5.2.0.0
2024-07-03 19:22:05,441 [WARN] PackLoader:240 - Cannot read IP mode file for STMicroelectronics.X-CUBE-NFC6.3.1.0
2024-07-03 19:22:05,480 [WARN] PackLoader:240 - Cannot read IP mode file for ITTIA_DB.I-CUBE-ITTIADB.8.8.0
2024-07-03 19:22:05,496 [WARN] PackLoader:240 - Cannot read IP mode file for STMicroelectronics.X-CUBE-DPower.1.2.0
2024-07-03 19:22:05,515 [WARN] PackLoader:240 - Cannot read IP mode file for STMicroelectronics.X-CUBE-AI.9.0.0
2024-07-03 19:22:05,549 [WARN] PackLoader:240 - Cannot read IP mode file for STMicroelectronics.X-CUBE-NFC7.1.0.1
2024-07-03 19:22:05,573 [WARN] PackLoader:240 - Cannot read IP mode file for STMicroelectronics.X-CUBE-NFC6.3.0.0
2024-07-03 19:22:05,595 [WARN] PackLoader:240 - Cannot read IP mode file for STMicroelectronics.X-CUBE-AI.8.1.0
2024-07-03 19:22:05,643 [WARN] ConditionMgr:438 - getConditionDescription Invalid condition id : LAN8742 Phy interface Condition cause : null
2024-07-03 19:22:05,644 [WARN] PackLoader:240 - Cannot read IP mode file for STMicroelectronics.X-CUBE-AZRTOS-L4.2.0.0
2024-07-03 19:22:05,647 [WARN] ConditionMgr:1039 - genDependencies : Invalid condition id : LAN8742 Phy interface Condition cause : null
2024-07-03 19:22:05,647 [WARN] ConditionMgr:1039 - genDependencies : Invalid condition id : LAN8742 Phy interface Condition cause : null
2024-07-03 19:22:05,649 [WARN] ConditionMgr:1039 - genDependencies : Invalid condition id : LAN8742 Phy interface Condition cause : null
2024-07-03 19:22:05,673 [WARN] PackLoader:240 - Cannot read IP mode file for STMicroelectronics.X-CUBE-SFXS2LP1.4.0.0
2024-07-03 19:22:05,729 [WARN] ConditionMgr:438 - getConditionDescription Invalid condition id : UX DEVICE CLASS RTOS Condition cause : null
2024-07-03 19:22:05,730 [WARN] ConditionMgr:438 - getConditionDescription Invalid condition id : UX DEVICE CLASS RTOS Condition cause : null
2024-07-03 19:22:05,734 [WARN] PackLoader:240 - Cannot read IP mode file for STMicroelectronics.X-CUBE-AZRTOS-WB.2.0.0
2024-07-03 19:22:05,735 [WARN] ConditionMgr:1039 - genDependencies : Invalid condition id : UX DEVICE CLASS RTOS Condition cause : null
2024-07-03 19:22:05,736 [WARN] ConditionMgr:1039 - genDependencies : Invalid condition id : UX DEVICE CLASS RTOS Condition cause : null
2024-07-03 19:22:05,737 [WARN] ConditionMgr:1039 - genDependencies : Invalid condition id : UX DEVICE CLASS RTOS Condition cause : null
2024-07-03 19:22:05,738 [WARN] ConditionMgr:1039 - genDependencies : Invalid condition id : UX DEVICE CLASS RTOS Condition cause : null
2024-07-03 19:22:05,739 [WARN] ConditionMgr:1039 - genDependencies : Invalid condition id : UX DEVICE CLASS RTOS Condition cause : null
2024-07-03 19:22:05,792 [WARN] PackLoader:240 - Cannot read IP mode file for STMicroelectronics.X-CUBE-SUBG2.5.0.0
2024-07-03 19:22:06,201 [WARN] PackLoader:240 - Cannot read IP mode file for STMicroelectronics.X-CUBE-AZRTOS-G4.2.0.0
2024-07-03 19:22:06,292 [WARN] PackLoader:240 - Cannot read IP mode file for Infineon.AIROC-Wi-Fi-Bluetooth-STM32.1.5.1
2024-07-03 19:22:06,316 [WARN] PackLoader:240 - Cannot read IP mode file for STMicroelectronics.FP-SNS-MOTENVWB1.1.3.1
2024-07-03 19:22:06,340 [WARN] PackLoader:240 - Cannot read IP mode file for STMicroelectronics.X-CUBE-ISPU.2.0.0
2024-07-03 19:22:06,390 [WARN] PackLoader:240 - Cannot read IP mode file for STMicroelectronics.X-CUBE-ALS.1.0.2
2024-07-03 19:22:06,845 [WARN] PackLoader:240 - Cannot read IP mode file for STMicroelectronics.X-CUBE-MEMS1.10.0.0
2024-07-03 19:22:07,309 [WARN] PackLoader:240 - Cannot read IP mode file for STMicroelectronics.X-CUBE-FREERTOS.1.1.0
2024-07-03 19:22:07,315 [WARN] PackLoader:240 - Cannot read IP mode file for STMicroelectronics.X-CUBE-TOUCHGFX.4.24.0
2024-07-03 19:22:07,473 [WARN] PackLoader:240 - Cannot read IP mode file for portGmbH.I-Cube-SoM-uGOAL.1.1.0
2024-07-03 19:22:07,498 [WARN] PackLoader:240 - Cannot read IP mode file for STMicroelectronics.X-CUBE-ALS.1.0.1
2024-07-03 19:22:07,547 [WARN] PackLoader:240 - Cannot read IP mode file for STMicroelectronics.X-CUBE-AZRTOS-H7RS.1.0.0
2024-07-03 19:22:07,675 [WARN] PackLoader:240 - Cannot read IP mode file for STMicroelectronics.FP-ATR-ASTRA1.2.0.0
2024-07-03 19:22:07,722 [WARN] PackLoader:240 - Cannot read IP mode file for STMicroelectronics.X-CUBE-TOF1.3.4.1
2024-07-03 19:22:07,971 [WARN] PackLoader:240 - Cannot read IP mode file for STMicroelectronics.X-CUBE-AZRTOS-H7.3.2.0
2024-07-03 19:22:07,977 [INFO] ThirdParty:978 - Integrity check success = true
2024-07-03 19:22:07,978 [INFO] IntegrityCheckThread:100 - exiting critical section [integrity check]
2024-07-03 19:22:07,978 [INFO] IntegrityCheckThread:103 - End integrity checks thread
